87196024    0.1803782    0.1771817
34209168    0.1613672    0.1685253
37419068    0.1121111    0.0824100
92165478    0.3181673    0.3264315
4327501    0.2126635    0.1764432
6319528    0.3046428    0.2528714
56893071    0.1657909    0.1076759
89231046    0.0701274    0.1252837
24501987    0.1447957    0.2019828
2941375    0.1039866    0.1680599
5196087    0.4362904    0.3089774
9467830    -0.0446479    0.0902190
6278590    0.0292114    0.0453012
8653417    0.1287219    0.1489692
62941037    0.3422488    0.3569093
5146839    0.5332805    0.5181313
2081546    0.4467185    0.3997972
49670328    0.1332543    0.2037910
74920568    0.0942004    0.1278178
3092751    0.0439309    -0.0404262
5123968    0.5559287    0.6295608
7521463    0.3398980    0.3772764
9501276    0.0174545    -0.0149985
50836291    0.1281155    0.0764399
9321840    0.4420901    0.4296132
1056832    0.1398216    0.1037587
98526013    0.1456753    0.1201009
6982735    0.1570534    0.1584234
25986740    0.1667644    0.2023539
80163975    -0.0812560    0.0400635
1790246    0.2481418    0.2208545
9607438    0.1222324    0.0974345
8496023    0.1516259    0.0831721
46752830    0.5220824    0.4448675
2078916    0.2681468    0.2925697
71248596    0.0827905    0.0685819
1059674    0.2535736    0.3549359
81693024    0.1615259    0.1260954
56124780    0.1965039    0.1835715
3061874    0.2808881    0.2517379
83197206    0.2185750    0.1733498
61487350    0.1231352    0.1351880
5187042    0.1334780    0.1136338
95240316    0.1675703    0.1557576
2845369    0.2818527    0.2317260
97408251    0.0528856    0.0974315
91052873    0.1417432    0.0818341
2869347    0.3789614    0.3851618
58029641    0.1638877    0.1465326
6283704    0.0842864    0.1370410
1365094    0.2127880    0.2444231
2096537    0.5723276    0.5345056
17042638    0.1411405    0.1280813
8397402    -0.0295911    -0.0641549
16943087    0.1024783    0.1015193
4750928    0.4639964    0.4871914
61784935    0.0502294    0.0240532
6135948    0.4934883    0.4285035
65349018    0.3772913    0.2441212
4123795    -0.0081841    0.0444252
69578014    0.2654074    0.3289893
4693502    0.1955602    0.1317011
2819470    0.3080540    0.2293354
26408915    0.1213319    0.1720459
9518642    0.5007111    0.3985965
71465098    0.3067145    0.2331338
3149850    0.0295857    0.1270877
94185602    0.0684437    0.0682334
5372069    0.3426059    0.3976425
82609473    -0.0309462    -0.0088249
62945318    0.1630607    0.0986452
3645207    0.1910296    0.1980455
6138297    0.0625853    0.1349890
8643509    0.4373056    0.5011017
52634817    0.2849960    0.2388191
25976038    0.2738430    0.2706720
1895642    0.3019776    0.2753491
18967543    0.2637843    0.2602592
5469827    0.0416673    0.1119937
1804532    0.1433767    0.1141951
2541903    0.3190446    0.4029211
37068241    0.4272806    0.4156200
32156478    0.0373923    0.0129368
6930741    0.1099527    0.1373859
83265941    0.1260843    0.1279306
43972106    0.3626580    0.3371754
6271834    0.0263550    0.0747451
5197243    0.5915708    0.4832295
4987650    0.2964038    0.2966868
79324150    0.1327389    0.0755363
46879352    0.1105719    0.0143885
54879302    0.2807025    0.3008888
34189275    0.0542352    0.0713528
5178439    0.3721354    0.3943829
7126859    0.0000346    0.1081817
62897034    0.1620364    0.1652867
95063127    0.3365001    0.3344401
21064358    0.1029364    0.0802381
69538402    0.4654601    0.5118868
9182473    0.1916796    0.2079276
7190582    0.5212715    0.5883914
67198240    0.4920497    0.4261398
3280951    0.0553783    0.0510595
14387690    0.2061633    0.2254525
97183264    0.3591365    0.3913294
93270846    0.3896023    0.4411711
93507642    0.2040192    0.0917418
68293104    0.0358413    0.0393733
6175483    0.4677562    0.4573494
85397462    0.1461277    0.1807136
85320746    0.3344432    0.4358869
45726190    0.1449229    0.0574889
13658924    0.0792403    0.1520765
35842190    0.0440798    0.0490265
4165230    0.0664882    0.1107286
9380175    0.2946367    0.2835029
27159836    0.0332070    0.0422336
12064358    0.1449998    0.1320816
16504783    0.2812308    0.2963002
32468591    0.2064951    0.2076427
76415208    0.0900140    0.1179060
59481307    0.1335299    0.1366786
7348562    0.3256060    0.2711438
59806341    0.3732070    0.3044436
9328467    0.5027560    0.5021237
72015384    0.5095192    0.4108308
4867502    0.3658697    0.2803091
24035867    0.2180151    0.2203829
19436725    0.1565862    0.1371348
82769514    0.1071274    0.1393634
70843926    0.2776558    0.3537390
9381746    0.2999753    0.2907143
2943061    0.1322802    0.1580258
35280617    -0.0191183    0.0565913
1932047    0.1806909    0.1163838
8927605    0.1242698    0.1590927
18952376    0.0941340    0.1346411
94130527    0.1603314    0.1688295
65483790    0.0322079    0.0746262
6594182    0.0526440    0.1180026
9425807    0.3096627    0.2193092
3582067    0.3364838    0.2977677
9765234    0.3451286    0.2813389
51763480    0.4308012    0.3487915
84135296    0.0717320    0.1955840
60897513    0.1301192    0.1934157
10857693    0.2848121    0.2460025
98016472    0.1913138    0.1927551
82139740    0.3176008    0.2730557
31254760    0.4422659    0.3912119
30694825    0.0365880    0.0510784
12904576    0.3852948    0.4249103
84036972    0.2046254    0.1707279
79648230    0.2436525    0.1928685
2465970    0.2177032    0.1666476
1735482    0.1225054    0.0805031
63175049    0.2735692    0.2705123
96138204    0.1449491    0.1617662
9317254    0.3729283    0.2620535
6895471    0.5201627    0.5023685
89604375    0.5544792    0.6442400
60573841    0.0080028    0.1194900
6039182    0.2504354    0.2568628
8410523    0.3938945    0.4909643
82354971    0.0228063    0.1002394
9618250    0.1745989    0.1301274
67409258    0.3510112    0.3854799
47812905    0.1007904    0.1213698
6971305    0.4535946    0.4048557
3056417    0.3964929    0.3340655
5294037    0.3698771    0.4743416
32714856    0.3173793    0.2760610
79631548    0.1812138    0.2351296
3041965    0.4253836    0.3896507
12374650    0.1772530    0.1162925
12086359    0.0064457    -0.0129289
3254689    0.3482216    0.5373187
5762910    0.2062399    0.1888441
70264158    0.1874085    0.2319723
4127693    0.3656554    0.3635588
3296450    0.5973707    0.6341286
68427591    0.0416545    0.0329413
2384019    0.2573606    0.2559362
7243896    0.3525857    0.2621433
93481752    0.2718664    0.3201973
10693257    0.3052177    0.3188553
4203176    0.0868008    0.0972354
67905128    0.1698469    0.1862650
75684932    0.2416156    0.2729679
1260374    0.0731026    0.1107696
32875906    0.3579376    0.3553227
40236598    0.1331878    0.0888892
8054917    0.3262745    0.3350308
63975401    -0.0284755    0.0376046
43780952    0.3129933    0.2022687
50129364    0.3502489    0.3225352
67851930    0.1565579    0.1578472
4267580    0.4071005    0.4716707
20819547    0.4023762    0.4333490
8290476    0.2635870    0.1893544
50619347    0.3196470    0.3063572
87563140    0.2003200    0.1852449
5140362    0.3208159    0.3303967
13480652    0.2119081    0.1671814
16958274    0.0291058    0.0100684
1069425    0.5509495    0.5318148
58346072    0.3937567    0.3221517
19743065    0.0593324    0.1042012
94528706    0.1321287    0.1335711
78691503    0.3143425    0.3653907
18325407    0.3715184    0.3698915
9084235    0.2844537    0.2465157
40568932    0.1124073    0.0694200
32450971    0.1140205    0.1611528
6752138    0.1926357    0.2035606
7804269    0.1723401    0.1479049
3015264    0.2364364    0.1625871
6083594    0.4033448    0.3692937
15860437    0.1634063    0.2220369
9605831    0.1809202    0.2432036
3250478    0.0873304    0.0526066
8463201    0.3381932    0.3178186
1320567    0.2311754    0.2125023
15780629    0.4336775    0.4932751
4063285    0.2597609    0.3107975
9603748    0.2451397    0.2401632
52948361    0.0420176    0.0928000
3215784    0.0695981    0.0879795
40326571    0.2393876    0.3254545
9084715    0.0584843    0.0235631
9706385    0.3472344    0.3816274
7063891    0.3753386    0.3834704
92057831    0.1228388    0.1215041
2043178    0.4086680    0.4688306
50648317    0.3646901    0.3481252
56489170    0.3309727    0.3070105
86192507    0.0664135    0.0649182
2158347    0.3815083    0.3361873
27156309    0.1905536    0.1568101
7254913    0.0828423    0.1422476
43790281    0.0475672    0.0287923
3740286    0.4547719    0.4766401
6543129    0.4651338    0.5238829
2453071    0.2434675    0.2728482
42936180    0.4175026    0.3851627
5738926    0.3573479    0.3253734
12458390    0.1245855    0.1654798
1923504    0.4565430    0.4363797
2645180    0.2137118    0.2290348
61932785    0.2703631    0.1821176
48270965    -0.0273596    0.0983670
8597263    0.1450746    0.1775867
9840216    0.0807284    0.0821036
65374182    0.0248284    0.0538632
4165972    0.2014961    0.1666501
4857263    0.3738794    0.4235370
4932856    0.2126629    0.3373610
3264017    0.1892763    0.1903718
34681702    0.2408399    0.2686953
43860715    0.0869390    0.1323221
64213980    0.0801635    0.0713946
3204167    0.3540025    0.3083741
7985463    0.1468814    0.1388302
31286905    0.1618569    0.0796415
2487590    0.1245996    0.1643624
3627410    0.1778646    0.1917281
8317509    0.1872364    0.1708515
8605217    0.2345106    0.2109388
35897402    0.4143970    0.2903166
34012568    0.4028562    0.4016797
5267094    0.2599849    0.3398079
4807153    0.1503095    0.2325556
81439706    0.1262791    0.1254624
1340285    0.1161054    0.2019621
2643098    0.2184954    0.2003657
1743698    0.3903206    0.3572274
50942871    0.0802008    0.1267514
5891230    0.2276907    0.2645052
75149062    0.1247694    0.0640481
7918026    0.0989480    0.1541891
