65374182    0.0248284    0.0967563
10857693    0.2848121    0.2953899
86192507    0.0664135    0.0193934
18952376    0.0941340    0.1409167
58029641    0.1638877    0.2187917
9317528    0.2727551    0.4943284
8643509    0.4373056    0.3845290
12064358    0.1449998    0.1709009
9731406    0.1191694    0.1825667
72015384    0.5095192    0.5218350
3092751    0.0439309    0.1298703
71305486    0.5131515    0.3937377
67381945    0.1065278    0.1220016
5732806    0.2107367    0.2315476
85709634    0.1365534    0.0876844
97428650    0.1566038    0.1577657
1705239    0.2730497    0.2196673
50619347    0.3196470    0.3046120
5683192    0.4733342    0.4357191
9546732    0.3262210    0.4174460
9267581    0.1851758    0.2475218
23750186    0.1395542    0.0956302
1365094    0.2127880    0.2015308
2836405    0.2381882    0.2238126
59387142    0.2924146    0.2526086
8290476    0.2635870    0.2045102
5619803    0.1762386    0.1729765
9321840    0.4420901    0.3703473
9157643    0.4749572    0.4915924
5902371    0.2322153    0.2053077
45726190    0.1449229    0.1262528
23045176    0.3178396    0.2797458
2081546    0.4467185    0.3222729
84036972    0.2046254    0.1671032
5891230    0.2276907    0.2132385
4327501    0.2126635    0.2394103
2760143    0.3529654    0.2799975
7905641    0.2707025    0.3091603
6530821    0.3380645    0.2707955
2643098    0.2184954    0.2129823
61792438    0.2751650    0.2826934
60573841    0.0080028    0.1208134
4637091    0.4661794    0.4581515
24501987    0.1447957    0.1691898
5718692    0.1730530    0.2301302
3469512    0.2516770    0.2298015
59230168    0.1671241    0.1657767
35280617    -0.0191183    0.0719683
43206985    0.1951650    0.1093394
89231046    0.0701274    0.2004809
97408251    0.0528856    0.1138992
3786905    0.2339949    0.2010144
18325407    0.3715184    0.3871594
4127693    0.3656554    0.5502751
82769514    0.1071274    0.1451585
5714096    0.3797141    0.3262885
5831672    0.2538592    0.2721269
14387690    0.2061633    0.1416109
3061874    0.2808881    0.3083942
2018563    0.3960066    0.4569823
67905128    0.1698469    0.2190951
84135296    0.0717320    0.2115023
38702645    0.1698794    0.1942537
2819470    0.3080540    0.3239453
68427591    0.0416545    0.1261445
3250478    0.0873304    0.1200695
93608745    0.2518492    0.2554767
4165972    0.2014961    0.2392597
23074169    0.4747303    0.4443831
37419068    0.1121111    0.1577173
64213980    0.0801635    0.1207024
6319528    0.3046428    0.2268361
47098521    0.1130693    0.1366587
93270846    0.3896023    0.4606885
43065218    0.2726136    0.2612553
4867502    0.3658697    0.3865694
7369148    0.4514948    0.4439559
94715302    0.3625983    0.3596804
5749680    0.1812531    0.2012034
30975426    0.2825031    0.3442442
19483527    0.1787383    0.1911244
67851930    0.1565579    0.2014629
82354971    0.0228063    0.0570197
36509124    0.1029860    0.0761385
9605831    0.1809202    0.2478961
96138204    0.1449491    0.1399659
50648317    0.3646901    0.3408899
7160483    0.4047953    0.3527350
72153046    0.0292038    0.1399499
57129046    0.0741950    0.0410435
7804269    0.1723401    0.2294872
5267094    0.2599849    0.2615243
41253670    0.2920886    0.3351237
35897402    0.4143970    0.3182835
83265941    0.1260843    0.1582442
5648371    0.2782824    0.2487202
19743065    0.0593324    0.1426092
95308671    0.2649733    0.2301026
4265083    0.3106906    0.3273574
5123968    0.5559287    0.5410999
5183609    0.5404390    0.4952488
3740286    0.4547719    0.5196680
61487350    0.1231352    0.1537689
1694783    0.0640252    0.1701739
8317509    0.1872364    0.1576847
67198240    0.4920497    0.5843546
5187042    0.1334780    0.1418465
2487590    0.1245996    0.2127587
75149062    0.1247694    0.1160009
91052873    0.1417432    0.1174792
6283704    0.0842864    0.1749652
8315042    0.3440053    0.3497022
16943087    0.1024783    0.1711894
79648230    0.2436525    0.3228215
2739650    0.1539570    0.2050769
17596823    0.0303843    0.0783052
8927605    0.1242698    0.1475438
6342708    0.0867694    0.1270100
9840216    0.0807284    0.1517770
45628709    0.1130647    0.1427539
1743698    0.3903206    0.2819686
4267580    0.4071005    0.4095287
3215784    0.0695981    0.1351123
81439706    0.1262791    0.1271758
12374650    0.1772530    0.1746990
2453071    0.2434675    0.2128940
8597263    0.1450746    0.2089884
56893071    0.1657909    0.1471207
61927503    0.0583740    0.1551435
2043178    0.4086680    0.4278732
61932785    0.2703631    0.2516292
2514308    0.3364096    0.3051068
8521307    0.3988584    0.3702029
7483150    0.3565000    0.3585275
1098653    0.2683512    0.2536502
71465098    0.3067145    0.2306282
2096537    0.5723276    0.5341865
7063891    0.3753386    0.5030159
16094873    0.0280620    0.0576962
40326571    0.2393876    0.2430369
26408915    0.1213319    0.1379734
6902314    0.1831756    0.2046397
25976038    0.2738430    0.2469539
4693502    0.1955602    0.1733667
43790281    0.0475672    0.1264097
13480652    0.2119081    0.3007381
27845619    0.2513606    0.3396509
40596718    0.1890510    0.2404230
7130825    0.2484626    0.2106768
50987241    0.2942135    0.2368088
46879352    0.1105719    0.1184889
25986740    0.1667644    0.1888712
39720486    0.2953125    0.3389496
9084235    0.2844537    0.3023919
2645180    0.2137118    0.3239055
56140738    0.3249323    0.2620025
5197243    0.5915708    0.6508995
18967543    0.2637843    0.2443369
5814072    0.1933573    0.1344640
2384019    0.2573606    0.2148832
2931756    0.2538077    0.3067126
8605217    0.2345106    0.2333431
56124780    0.1965039    0.3170859
2943061    0.1322802    0.1512908
39062841    0.0944830    0.1333553
96302148    0.2372141    0.1380812
69578014    0.2654074    0.1679704
95240316    0.1675703    0.2300878
50942871    0.0802008    0.1489742
4768210    0.6686979    0.5347109
60897513    0.1301192    0.1098988
64021875    0.1019267    0.0866869
12086359    0.0064457    0.0769093
16958274    0.0291058    0.0921011
65349018    0.3772913    0.4118570
51763480    0.4308012    0.3712108
81294637    0.2323228    0.1213280
67409258    0.3510112    0.3606824
78351290    0.2346316    0.2131529
79631548    0.1812138    0.1669441
19436725    0.1565862    0.2005698
21064358    0.1029364    0.0884493
85320746    0.3344432    0.3741949
2198367    0.0754390    0.1894949
58346072    0.3937567    0.3254284
37068241    0.4272806    0.4005710
74920568    0.0942004    0.0963013
43972106    0.3626580    0.4216586
1056832    0.1398216    0.1347551
2045968    0.1103608    0.1460040
9257083    0.5751210    0.5286590
89604375    0.5544792    0.5758008
6091584    0.0551016    0.1341104
97183264    0.3591365    0.4016879
4352098    0.3358923    0.3733581
5160827    0.1363529    0.1997375
2465970    0.2177032    0.1689147
5146839    0.5332805    0.5393971
4328571    0.3664831    0.3335543
12904576    0.3852948    0.5518330
2317805    0.4805482    0.3691766
4932856    0.2126629    0.2974219
2694380    0.2196963    0.1876385
32468591    0.2064951    0.2375715
4807153    0.1503095    0.1214879
5170386    0.0831770    0.1774947
7548206    0.3996251    0.4947539
31879054    0.3563824    0.3240571
8410523    0.3938945    0.5277347
9461730    0.1967047    0.1810232
9380175    0.2946367    0.2099571
5372069    0.3426059    0.2455265
43860715    0.0869390    0.0677318
54879302    0.2807025    0.4456281
37049621    0.1162308    0.1554364
40568932    0.1124073    0.1239565
9182473    0.1916796    0.2024479
83197206    0.2185750    0.2541366
87932541    0.1275321    0.1257764
1320567    0.2311754    0.2506576
6423907    0.2354790    0.2002818
32156478    0.0373923    0.0493882
31254760    0.4422659    0.4351740
4309715    0.1303742    0.1392392
76415208    0.0900140    0.1692906
3015264    0.2364364    0.2415867
7819360    0.3202660    0.3873297
3821574    0.3310490    0.3300381
2498173    0.3937241    0.4089094
23705914    0.1015233    0.1158177
10392748    0.1246251    0.1423299
48270965    -0.0273596    0.0573962
4960875    0.1032987    0.1100165
7985463    0.1468814    0.1578557
4935860    0.2500624    0.2925538
62945318    0.1630607    0.1620814
78691503    0.3143425    0.1980992
6748193    0.2073776    0.1896247
8653417    0.1287219    0.1592882
65790324    0.0046216    0.1050241
71403958    0.3880658    0.3579059
75684932    0.2416156    0.1870112
1895642    0.3019776    0.3822270
2869347    0.3789614    0.3528698
9518642    0.5007111    0.5696523
79324150    0.1327389    0.1467217
6491783    0.2638982    0.2764627
3582067    0.3364838    0.3989949
95267031    0.1225485    0.1648021
2941375    0.1039866    0.1865443
2541903    0.3190446    0.2405232
20519736    0.2078745    0.2665933
81437256    0.3754057    0.5056602
32450971    0.1140205    0.1550679
20456318    0.0361747    0.0084392
58642793    0.1629138    0.1222637
70843926    0.2776558    0.3187736
3056417    0.3964929    0.3796805
9381746    0.2999753    0.2894878
71204863    0.2342260    0.1972034
1069425    0.5509495    0.5454367
98526013    0.1456753    0.1282080
9583261    0.3440669    0.4089513
1059674    0.2535736    0.2817695
70264158    0.1874085    0.1303431
32875906    0.3579376    0.3880957
24035867    0.2180151    0.3035149
5196087    0.4362904    0.4061384
2078916    0.2681468    0.2907593
9518437    0.1673752    0.2396986
87563140    0.2003200    0.2056618
12458390    0.1245855    0.1614274
4306815    0.5216363    0.3846724
72150386    -0.0355079    0.0399289
74920653    0.4227876    0.5157605
34982675    0.0478840    0.0832505
59481307    0.1335299    0.0996278
7243896    0.3525857    0.4541500
5308146    0.4128936    0.5507387
3612974    0.1838014    0.2150699
