25986740    0.1667644    0.1405120
75684932    0.2416156    0.1426750
74920568    0.0942004    0.1405120
37419068    0.1121111    0.0905488
40596718    0.1890510    0.3685408
12904576    0.3852948    0.2891895
85902746    0.2217552    0.1953198
71403958    0.3880658    0.3059784
71305486    0.5131515    0.5335029
97428650    0.1566038    0.1405120
64213980    0.0801635    0.0937421
26408915    0.1213319    0.1844958
41253670    0.2920886    0.2800729
72015384    0.5095192    0.5628792
10857693    0.2848121    0.2299838
31286905    0.1618569    0.1536967
68293104    0.0358413    0.0927861
50648317    0.3646901    0.2630678
67381945    0.1065278    0.1590954
43790281    0.0475672    0.1405120
32450971    0.1140205    0.1405120
86192507    0.0664135    0.1405120
83429561    0.2568101    0.2305395
34982675    0.0478840    0.0759589
67905128    0.1698469    0.1405120
34072651    0.0493279    0.1405120
13480652    0.2119081    0.1281993
65790324    0.0046216    0.1405120
72150386    -0.0355079    0.0737440
32714856    0.3173793    0.2860378
35280617    -0.0191183    0.1405120
18952376    0.0941340    0.1405120
93608745    0.2518492    0.1722041
81439706    0.1262791    0.0773878
67409258    0.3510112    0.2891124
20819547    0.4023762    0.5054349
78351290    0.2346316    0.1405120
72803641    0.0189457    0.1405120
52948361    0.0420176    0.2718918
42368795    0.4455477    0.3845453
24501987    0.1447957    0.0903957
19436725    0.1565862    0.1405120
47812905    0.1007904    0.1405120
61932785    0.2703631    0.2653161
59387142    0.2924146    0.2412675
40236598    0.1331878    0.1197384
48270965    -0.0273596    0.0913754
67435291    0.3115513    0.6318637
37068241    0.4272806    0.3867106
79648230    0.2436525    0.1405120
63975401    -0.0284755    0.0917487
23750186    0.1395542    0.1083881
82354971    0.0228063    0.0759311
17596823    0.0303843    0.0722440
78691503    0.3143425    0.1192035
70264158    0.1874085    0.1426870
36509124    0.1029860    0.1405120
56893071    0.1657909    0.1541365
45068793    0.0582267    0.0814308
40326571    0.2393876    0.2348266
58319420    0.0758413    0.0724874
60897513    0.1301192    0.2310655
83265941    0.1260843    0.1781120
76415208    0.0900140    0.1405120
82609473    -0.0309462    0.1150358
94130527    0.1603314    0.1471095
12304586    0.2230351    0.2957165
56920873    0.2995450    0.1687773
81294637    0.2323228    0.1152497
34189275    0.0542352    0.1405120
41085739    0.2158497    0.1975538
67239801    0.1973108    0.2744949
58642793    0.1629138    0.2995450
61784935    0.0502294    0.1405120
19483527    0.1787383    0.1760935
17042638    0.1411405    0.1429650
43206985    0.1951650    0.0819715
16375284    0.2126535    0.1769144
75149062    0.1247694    0.1643421
92057831    0.1228388    0.1405120
71453068    0.0661260    0.1405120
43780952    0.3129933    0.2062901
20519736    0.2078745    0.2183338
67851930    0.1565579    0.1503431
61487350    0.1231352    0.1405120
46752830    0.5220824    0.4728487
35897402    0.4143970    0.2473148
10392748    0.1246251    0.0732555
79324150    0.1327389    0.0973565
24035867    0.2180151    0.2412265
87196024    0.1803782    0.1405120
97183264    0.3591365    0.3528323
38702645    0.1698794    0.1456453
93481752    0.2718664    0.1405120
12374650    0.1772530    0.0988349
78510264    0.0811135    0.1011923
38960417    0.0926794    0.1405189
91052873    0.1417432    0.1405120
27845619    0.2513606    0.2378579
72153046    0.0292038    0.1405120
50942871    0.0802008    0.0835001
96138204    0.1449491    0.1405120
82139740    0.3176008    0.2694367
74920653    0.4227876    0.3615443
41267093    0.0940958    0.1405120
12064358    0.1449998    0.1137127
20456318    0.0361747    0.0852337
32156478    0.0373923    0.1405120
27156309    0.1905536    0.1405120
21064358    0.1029364    0.0967053
94528706    0.1321287    0.1405120
94715302    0.3625983    0.2690652
16943087    0.1024783    0.1405120
43065218    0.2726136    0.0963495
23705914    0.1015233    0.1517014
71465098    0.3067145    0.1544379
95240316    0.1675703    0.2530307
51398260    0.1249023    0.1405120
89231046    0.0701274    0.1405120
93270846    0.3896023    0.3262916
58029641    0.1638877    0.1405120
10378294    0.3021635    0.2731511
10693257    0.3052177    0.2804645
93507642    0.2040192    0.1880076
46879352    0.1105719    0.1405120
50987241    0.2942135    0.3480675
83197206    0.2185750    0.1906368
69538402    0.4654601    0.2570629
15780629    0.4336775    0.2996746
92165478    0.3181673    0.4735893
62157849    0.1091794    0.0870522
62945318    0.1630607    0.1874044
68427591    0.0416545    0.1522456
67198240    0.4920497    0.3700410
61927503    0.0583740    0.2572357
39186520    0.1250224    0.2013116
16958274    0.0291058    0.1405120
27159836    0.0332070    0.1008996
56489170    0.3309727    0.3354585
18967543    0.2637843    0.1405120
