65790324    0.0046216    0.1329866
18325407    0.3715184    0.3794547
62945318    0.1630607    0.0776010
71248596    0.0827905    0.1335515
61784935    0.0502294    0.1038668
34072651    0.0493279    0.1335787
50836291    0.1281155    0.1491959
23750186    0.1395542    0.1520957
32508179    0.0563334    0.1333137
87932541    0.1275321    0.1209545
83764925    0.1711960    0.1109949
39186520    0.1250224    0.1386528
47098521    0.1130693    0.1754085
35842190    0.0440798    0.1364571
54789260    0.0388761    0.1298783
13480652    0.2119081    0.1550031
58029641    0.1638877    0.2384773
56140738    0.3249323    0.2964756
59230168    0.1671241    0.1814901
39062841    0.0944830    0.1189559
71465098    0.3067145    0.2891442
92057831    0.1228388    0.1247182
46752830    0.5220824    0.3868728
79631548    0.1812138    0.1565734
49670328    0.1332543    0.1589753
25986740    0.1667644    0.1415419
58346072    0.3937567    0.3824407
10693257    0.3052177    0.4812737
50942871    0.0802008    0.1252750
76402381    0.0634703    0.0734841
71204863    0.2342260    0.1646168
74920568    0.0942004    0.1544378
12064358    0.1449998    0.1952384
18952376    0.0941340    0.1377283
67381945    0.1065278    0.1294420
81693024    0.1615259    0.2202443
97428650    0.1566038    0.1394734
60897513    0.1301192    0.1530429
79324150    0.1327389    0.0716144
87563140    0.2003200    0.1404531
16958274    0.0291058    0.1361540
24035867    0.2180151    0.1847860
35897402    0.4143970    0.3784206
78510264    0.0811135    0.1369671
94130527    0.1603314    0.1533802
59387142    0.2924146    0.2505454
85709634    0.1365534    0.1315229
67198240    0.4920497    0.2128156
95240316    0.1675703    0.1073041
80163975    -0.0812560    0.1249540
42936180    0.4175026    0.3359958
96302148    0.2372141    0.1302864
40236598    0.1331878    0.1657163
12086359    0.0064457    0.0329236
83197206    0.2185750    0.2033371
71403958    0.3880658    0.4799592
97408251    0.0528856    0.1425492
62941037    0.3422488    0.4399664
56920873    0.2995450    0.3424799
65349018    0.3772913    0.3004434
37419068    0.1121111    0.1489477
61927503    0.0583740    0.0120537
15780629    0.4336775    0.4884732
13085762    0.3273837    0.4130299
12304586    0.2230351    0.3034644
67435291    0.3115513    0.4771044
16375284    0.2126535    0.1657163
47812905    0.1007904    0.1338522
16094873    0.0280620    0.1370456
20456318    0.0361747    0.1340370
95267031    0.1225485    0.1215321
10857693    0.2848121    0.2912059
84135296    0.0717320    0.1316273
45726190    0.1449229    0.0659416
95063127    0.3365001    0.2695665
12458390    0.1245855    0.1523193
89604375    0.5544792    0.3963391
16943087    0.1024783    0.1657163
38702645    0.1698794    0.1657163
81439706    0.1262791    0.1657163
23045176    0.3178396    0.3045961
67239801    0.1973108    0.2957649
59806341    0.3732070    0.3766640
43860715    0.0869390    0.2064801
83265941    0.1260843    0.1275504
43208516    0.2005489    0.1486493
94715302    0.3625983    0.3422955
20694735    0.0069220    0.1244156
94185602    0.0684437    0.0342657
43790281    0.0475672    0.1042307
78351290    0.2346316    0.2575709
67851930    0.1565579    0.1545737
68293104    0.0358413    0.1404863
20519736    0.2078745    0.1657163
97183264    0.3591365    0.4765494
85902746    0.2217552    0.1657163
79648230    0.2436525    0.1289532
10378294    0.3021635    0.3060226
94528706    0.1321287    0.1313570
23705914    0.1015233    0.1657163
72153046    0.0292038    0.1657163
16504783    0.2812308    0.2969114
43780952    0.3129933    0.2299574
34189275    0.0542352    0.1281462
32450971    0.1140205    0.1198161
61932785    0.2703631    0.2650997
31879054    0.3563824    0.4215521
56893071    0.1657909    0.1462740
58319420    0.0758413    0.1018156
19743065    0.0593324    0.0811844
92165478    0.3181673    0.3640215
43065218    0.2726136    0.3436326
74920653    0.4227876    0.3218138
50648317    0.3646901    0.4435989
50987241    0.2942135    0.4281829
71453068    0.0661260    0.1134049
30975426    0.2825031    0.4090371
75684932    0.2416156    0.3319121
31286905    0.1618569    0.1657163
26408915    0.1213319    0.1467066
50619347    0.3196470    0.4463646
32875906    0.3579376    0.3534719
62897034    0.1620364    0.1288500
84036972    0.2046254    0.2425573
32468591    0.2064951    0.1719903
30694825    0.0365880    0.0926973
81437256    0.3754057    0.4053484
24501987    0.1447957    0.1657163
41253670    0.2920886    0.2303565
27159836    0.0332070    0.1156664
56489170    0.3309727    0.3508135
82354971    0.0228063    0.1061996
91052873    0.1417432    0.1802662
40326571    0.2393876    0.2326767
82139740    0.3176008    0.4323108
57129046    0.0741950    0.1657163
78691503    0.3143425    0.2599707
15860437    0.1634063    0.1657163
17042638    0.1411405    0.1657163
34105672    0.1870527    0.1657163
