3250478    0.0873304    0.1324458
6530821    0.3380645    0.2962192
7126859    0.0000346    0.0664447
3891520    0.3327236    0.3435177
2836405    0.2381882    0.2493289
4327501    0.2126635    0.2607712
5146839    0.5332805    0.3954590
6319528    0.3046428    0.2826665
7932580    0.4682114    0.6095835
4165230    0.0664882    0.1614507
6039182    0.2504354    0.2894154
4265083    0.3106906    0.2669014
2819470    0.3080540    0.2762986
4693502    0.1955602    0.3450419
4857263    0.3738794    0.2904750
6091584    0.0551016    -0.0082130
2760143    0.3529654    0.2950086
4127693    0.3656554    0.3136129
3015264    0.2364364    0.2139950
9138254    0.2920520    0.2560410
4692830    0.5977371    0.4521626
1056832    0.1398216    0.1918339
9257083    0.5751210    0.5792307
2541903    0.3190446    0.3210627
1069425    0.5509495    0.4240988
2465970    0.2177032    0.1872558
2931756    0.2538077    0.2209023
2018563    0.3960066    0.4529709
4267580    0.4071005    0.2903160
4123795    -0.0081841    -0.0080324
6594182    0.0526440    0.1161655
7819360    0.3202660    0.3841520
6930741    0.1099527    0.1573090
9603748    0.2451397    0.2919431
2081546    0.4467185    0.2730836
5714096    0.3797141    0.4216628
6491783    0.2638982    0.2769630
1279568    -0.0397060    0.0975760
2498173    0.3937241    0.4324805
2514308    0.3364096    0.2892632
8315042    0.3440053    0.4180699
5718692    0.1730530    0.2448762
8410523    0.3938945    0.3114507
7369148    0.4514948    0.3681356
5197243    0.5915708    0.5801928
3149850    0.0295857    0.0880076
2384019    0.2573606    0.2134820
1098653    0.2683512    0.3060512
6748193    0.2073776    0.2022311
2043178    0.4086680    0.4421761
1790246    0.2481418    0.3016948
2845369    0.2818527    0.2585995
2643098    0.2184954    0.1984638
6543129    0.4651338    0.4052175
3627410    0.1778646    0.1990956
9354761    0.1451593    0.1743312
1694783    0.0640252    0.1868987
7130825    0.2484626    0.2075927
9321840    0.4420901    0.3284408
8653417    0.1287219    0.1088945
9461730    0.1967047    0.1945337
3296450    0.5973707    0.6088014
6971305    0.4535946    0.4891073
2943061    0.1322802    0.1511992
9182473    0.1916796    0.2241971
6752138    0.1926357    0.1252588
4203176    0.0868008    0.1915847
6807539    0.3188515    0.2954157
5469827    0.0416673    0.2071480
5267094    0.2599849    0.2397923
1340285    0.1161054    0.1210403
9425807    0.3096627    0.3236911
4807153    0.1503095    0.1870174
2078916    0.2681468    0.2297382
3014689    0.2795749    0.2698531
8290476    0.2635870    0.2211863
4932856    0.2126629    0.2329758
1487932    0.4101857    0.3684565
3612974    0.1838014    0.2021366
3645207    0.1910296    0.2238490
3041965    0.4253836    0.3286986
2869347    0.3789614    0.4631010
4352098    0.3358923    0.3456190
5308146    0.4128936    0.3068792
5749680    0.1812531    0.2307375
7521463    0.3398980    0.3318266
9380175    0.2946367    0.3154876
6895471    0.5201627    0.4658470
7254913    0.0828423    0.1268754
4935860    0.2500624    0.2791064
3092751    0.0439309    0.1247957
1804532    0.1433767    0.1429156
3280951    0.0553783    0.0169569
9576032    0.5069458    0.4287406
5891230    0.2276907    0.2486379
9328467    0.5027560    0.4338288
8054917    0.3262745    0.2934101
2317805    0.4805482    0.3793572
5902371    0.2322153    0.3037642
5160827    0.1363529    0.1753355
4960875    0.1032987    0.1553129
3892147    0.0673109    0.1136265
8496023    0.1516259    0.1277061
2045968    0.1103608    0.0996790
3582067    0.3364838    0.3529400
3056417    0.3964929    0.4069306
5762910    0.2062399    0.2808162
9518437    0.1673752    0.1488318
7190582    0.5212715    0.4466937
5123968    0.5559287    0.4402263
7243896    0.3525857    0.3677322
6315928    0.2469237    0.2504905
4306815    0.5216363    0.3801548
4063285    0.2597609    0.2810782
4528069    0.1329296    0.1699332
6025847    0.3156327    0.4143732
2568307    0.2370991    0.2481036
9381746    0.2999753    0.2686517
9840216    0.0807284    0.1121324
5814072    0.1933573    0.1298154
7985463    0.1468814    0.1695508
7348562    0.3256060    0.3637559
3469512    0.2516770    0.2109563
1923504    0.4565430    0.4813139
3786905    0.2339949    0.2193036
2487590    0.1245996    0.1639404
2941375    0.1039866    0.1330896
2673845    0.5641396    0.6562545
5732806    0.2107367    0.1714745
6271834    0.0263550    -0.0303728
7804269    0.1723401    0.1498022
6135948    0.4934883    0.3858804
3578406    0.1215780    0.1328365
5693807    0.1703150    0.2433265
5831672    0.2538592    0.2250714
9765234    0.3451286    0.4441940
5619803    0.1762386    0.1719182
4867502    0.3658697    0.3063465
4750928    0.4639964    0.5083093
2198367    0.0754390    0.1306865
