8410523    0.3938945    0.3137466
2941375    0.1039866    0.1481525
1743698    0.3903206    0.2430684
7985463    0.1468814    0.0676134
6319528    0.3046428    0.2255763
1056832    0.1398216    0.0573120
6971305    0.4535946    0.3932403
1069425    0.5509495    0.4728311
1320567    0.2311754    0.3198089
3741296    0.0530962    0.0309981
9180765    0.1868605    0.2017415
4328571    0.3664831    0.3055553
8521307    0.3988584    0.3332478
9381746    0.2999753    0.3211122
2869347    0.3789614    0.4394636
8463201    0.3381932    0.3063538
9257083    0.5751210    0.4690929
2836405    0.2381882    0.1432381
9157643    0.4749572    0.4799388
5294037    0.3698771    0.3795831
4987650    0.2964038    0.2577129
6491783    0.2638982    0.2606312
9706385    0.3472344    0.4864835
5372069    0.3426059    0.1002320
4750928    0.4639964    0.3824697
9840216    0.0807284    0.0623342
4267580    0.4071005    0.4434599
2514308    0.3364096    0.2990431
6594182    0.0526440    0.1880449
7126859    0.0000346    0.0733437
5197243    0.5915708    0.5723863
8512390    0.3917661    0.4652354
4528069    0.1329296    0.0165531
9267581    0.1851758    0.1774101
3645207    0.1910296    0.2152848
4127693    0.3656554    0.3737219
5146839    0.5332805    0.4425397
6895471    0.5201627    0.4699275
8643509    0.4373056    0.3944532
4165230    0.0664882    0.0707242
7369148    0.4514948    0.3300233
9731406    0.1191694    0.1053134
6703951    0.2923357    0.2889759
6342708    0.0867694    0.0358546
1279568    -0.0397060    0.0519729
5738926    0.3573479    0.3535402
6930741    0.1099527    0.1280716
6091584    0.0551016    0.0180409
9328467    0.5027560    0.4105706
6175483    0.4677562    0.3700135
1790246    0.2481418    0.2817644
4637091    0.4661794    0.3896472
7160483    0.4047953    0.4019877
3204167    0.3540025    0.3653267
9518642    0.5007111    0.3826600
7483150    0.3565000    0.3049529
1932047    0.1806909    0.1525272
2043178    0.4086680    0.4006062
7548206    0.3996251    0.4377845
3254689    0.3482216    0.3640304
2198367    0.0754390    0.0490870
5648371    0.2782824    0.3223971
8653417    0.1287219    0.1421731
7803256    0.3907403    0.3832759
3250478    0.0873304    0.1333808
9354761    0.1451593    0.0786556
8315042    0.3440053    0.2694900
7819360    0.3202660    0.3277478
9084235    0.2844537    0.2390551
4768210    0.6686979    0.4834268
2158347    0.3815083    0.2964883
3056417    0.3964929    0.1793701
9425807    0.3096627    0.2300471
3014689    0.2795749    0.2125209
4306815    0.5216363    0.3635214
1340285    0.1161054    0.0973366
8597263    0.1450746    0.1986510
3215784    0.0695981    0.0527093
4857263    0.3738794    0.3325154
3627410    0.1778646    0.1757703
2541903    0.3190446    0.4377534
3469512    0.2516770    0.2309222
5718692    0.1730530    0.1770197
4063285    0.2597609    0.2421921
4265083    0.3106906    0.3514257
6423907    0.2354790    0.1130112
4692830    0.5977371    0.6803702
7063891    0.3753386    0.4948435
9245670    0.3915895    0.2896246
3582067    0.3364838    0.2974229
8397402    -0.0295911    -0.0170290
9607438    0.1222324    0.1160606
7243896    0.3525857    0.2303804
7932580    0.4682114    0.3079805
2096537    0.5723276    0.6651788
5714096    0.3797141    0.3574920
5749680    0.1812531    0.1091304
6083594    0.4033448    0.3761929
6982735    0.1570534    0.1355874
9765234    0.3451286    0.3412160
9720165    0.4198961    0.2821537
5831672    0.2538592    0.2628857
9321840    0.4420901    0.3909902
5123968    0.5559287    0.4139642
8605217    0.2345106    0.2222914
6025847    0.3156327    0.3134219
8496023    0.1516259    0.0093839
5308146    0.4128936    0.2738715
8317509    0.1872364    0.0510384
2643098    0.2184954    0.3395016
5196087    0.4362904    0.3570829
1735482    0.1225054    0.0156871
5619803    0.1762386    0.1305048
3061874    0.2808881    0.2551605
1302765    0.3472123    0.3145663
2384019    0.2573606    0.1780754
6902314    0.1831756    0.1239551
3892147    0.0673109    0.1043334
7190582    0.5212715    0.4245165
2361549    0.1515017    0.1969042
4693502    0.1955602    0.1291798
5894621    0.2282716    0.2086255
3149850    0.0295857    0.1114435
2673845    0.5641396    0.5417144
6530821    0.3380645    0.2198663
5732806    0.2107367    0.1829917
9576032    0.5069458    0.4766040
1059674    0.2535736    0.2218961
4123795    -0.0081841    0.0857349
4935860    0.2500624    0.3144857
7905641    0.2707025    0.1875609
8927605    0.1242698    0.0852540
4327501    0.2126635    0.2752588
2498173    0.3937241    0.3965316
2943061    0.1322802    0.2041307
2081546    0.4467185    0.4656732
2931756    0.2538077    0.2157967
4309715    0.1303742    0.1505510
7130825    0.2484626    0.1141346
6851203    0.2527070    0.2379818
