16943087    0.1024783    0.1156580
18967543    0.2637843    0.1831791
1059674    0.2535736    0.2916242
7804269    0.1723401    0.1973909
3204167    0.3540025    0.2942534
35280617    -0.0191183    0.1644847
34681702    0.2408399    0.3734892
2568307    0.2370991    0.2336111
5308146    0.4128936    0.3930359
32714856    0.3173793    0.3446026
45726190    0.1449229    0.0539483
9603748    0.2451397    0.2624640
95240316    0.1675703    0.1299685
2869347    0.3789614    0.3578535
15780629    0.4336775    0.3308314
58642793    0.1629138    0.0583230
34189275    0.0542352    0.1197986
71403958    0.3880658    0.3039082
6091584    0.0551016    0.2465426
6930741    0.1099527    0.1198830
5267094    0.2599849    0.3517925
64213980    0.0801635    0.0639811
23045176    0.3178396    0.2569473
67851930    0.1565579    0.1476023
1790246    0.2481418    0.3490005
1694783    0.0640252    0.1495824
7254913    0.0828423    0.1294165
7548206    0.3996251    0.3648872
16504783    0.2812308    0.3589101
2018563    0.3960066    0.4169902
97408251    0.0528856    0.0324794
1743698    0.3903206    0.2440069
93608745    0.2518492    0.2086087
9576032    0.5069458    0.4360254
7932580    0.4682114    0.4736526
6902314    0.1831756    0.2198675
6138297    0.0625853    0.0598292
43860715    0.0869390    0.1464361
92057831    0.1228388    0.1167035
4932856    0.2126629    0.1729024
20694735    0.0069220    0.0186431
54879302    0.2807025    0.2657428
62157849    0.1091794    0.1168584
9461730    0.1967047    0.1360445
79631548    0.1812138    0.1964750
2931756    0.2538077    0.2012272
4976231    0.4576726    0.4510853
64021875    0.1019267    0.0700469
6315928    0.2469237    0.2222965
6748193    0.2073776    0.1659260
68427591    0.0416545    0.0860588
6982735    0.1570534    0.1505427
18325407    0.3715184    0.2996783
3645207    0.1910296    0.2437274
83764925    0.1711960    0.1172511
50942871    0.0802008    0.0820796
43972106    0.3626580    0.3269532
51763480    0.4308012    0.4801892
35842190    0.0440798    -0.0103060
71453068    0.0661260    0.0961262
7369148    0.4514948    0.5181413
95267031    0.1225485    0.1122870
7819360    0.3202660    0.3636398
38960417    0.0926794    0.2143106
8463201    0.3381932    0.2789179
72015384    0.5095192    0.4359269
2384019    0.2573606    0.2073647
32508179    0.0563334    0.1148617
17042638    0.1411405    0.1694923
48270965    -0.0273596    0.0563832
5140362    0.3208159    0.2996121
21064358    0.1029364    0.1293441
61792438    0.2751650    0.1744869
9450781    0.3211172    0.2999011
81437256    0.3754057    0.2780827
6895471    0.5201627    0.4461347
3280951    0.0553783    0.0832461
71248596    0.0827905    0.0819203
49670328    0.1332543    0.2281739
6271834    0.0263550    0.0312936
2645180    0.2137118    0.2082386
3578406    0.1215780    0.0870455
12904576    0.3852948    0.4008840
97428650    0.1566038    0.0801174
37419068    0.1121111    0.0990520
5902371    0.2322153    0.1726071
6594182    0.0526440    0.1518838
43790281    0.0475672    0.1563802
6039182    0.2504354    0.2318915
32450971    0.1140205    0.0836025
24501987    0.1447957    0.1523051
12458390    0.1245855    0.1172165
87932541    0.1275321    0.1144843
3821574    0.3310490    0.3055253
5732806    0.2107367    0.1469571
9321840    0.4420901    0.4633490
45068793    0.0582267    0.0129788
1098653    0.2683512    0.3051058
3786905    0.2339949    0.1728959
1056832    0.1398216    0.1059954
3296450    0.5973707    0.6294918
41267093    0.0940958    0.1241114
52948361    0.0420176    0.1308771
43206985    0.1951650    0.1286312
93481752    0.2718664    0.1639637
5123968    0.5559287    0.4097530
65483790    0.0322079    0.0923269
5619803    0.1762386    0.2791722
1735482    0.1225054    0.1945634
5718692    0.1730530    0.1376828
71465098    0.3067145    0.2876327
59387142    0.2924146    0.2651808
18952376    0.0941340    0.1962306
34072651    0.0493279    0.0459222
4867502    0.3658697    0.3878663
32875906    0.3579376    0.4246883
31879054    0.3563824    0.3713686
5469827    0.0416673    0.1521341
3582067    0.3364838    0.2960485
8653417    0.1287219    0.1314450
6752138    0.1926357    0.2434459
5294037    0.3698771    0.3130316
4807153    0.1503095    0.1711920
13480652    0.2119081    0.2351216
78691503    0.3143425    0.2541203
4267580    0.4071005    0.2912481
9084715    0.0584843    0.1372513
75149062    0.1247694    0.1654950
7190582    0.5212715    0.5157875
40236598    0.1331878    0.1241605
9381746    0.2999753    0.3054613
32156478    0.0373923    0.0869640
2158347    0.3815083    0.2422229
2045968    0.1103608    0.1400893
74920653    0.4227876    0.3230662
37049621    0.1162308    0.1511272
43208516    0.2005489    0.1377367
87563140    0.2003200    0.2242502
2845369    0.2818527    0.2257104
12086359    0.0064457    0.0481411
3740286    0.4547719    0.3244070
62945318    0.1630607    0.1694812
8410523    0.3938945    0.3766328
26408915    0.1213319    0.1432921
2317805    0.4805482    0.4542229
4750928    0.4639964    0.7026075
13085762    0.3273837    0.2589368
8605217    0.2345106    0.2267447
58319420    0.0758413    0.1155171
30694825    0.0365880    0.1338730
1279568    -0.0397060    0.1142997
27156309    0.1905536    0.1598995
5749680    0.1812531    0.1785221
9380175    0.2946367    0.2893339
47098521    0.1130693    0.1030797
92165478    0.3181673    0.2094341
70251698    0.3058280    0.2884578
3215784    0.0695981    0.1314180
8643509    0.4373056    0.4707916
9180765    0.1868605    0.2327579
85397462    0.1461277    0.2048070
36509124    0.1029860    0.1205545
50648317    0.3646901    0.3381024
4528069    0.1329296    0.1398208
31286905    0.1618569    0.1445992
34982675    0.0478840    0.0821784
72803641    0.0189457    0.1140676
6851203    0.2527070    0.2895441
1705239    0.2730497    0.2750849
9267581    0.1851758    0.1658615
59481307    0.1335299    0.0956715
17596823    0.0303843    0.0946087
50836291    0.1281155    0.0608321
1895642    0.3019776    0.2754761
34209168    0.1613672    0.1161817
83429561    0.2568101    0.2562748
7130825    0.2484626    0.2474694
9157643    0.4749572    0.4229338
56124780    0.1965039    0.2331121
25976038    0.2738430    0.2008401
3092751    0.0439309    0.1168980
6025847    0.3156327    0.2345299
42936180    0.4175026    0.3491718
84036972    0.2046254    0.1846700
3612974    0.1838014    0.1765455
9245670    0.3915895    0.4157635
32468591    0.2064951    0.1917366
6971305    0.4535946    0.4937236
3041965    0.4253836    0.3187467
9706385    0.3472344    0.3012694
6807539    0.3188515    0.3368763
5762910    0.2062399    0.3148981
58346072    0.3937567    0.3898006
5738926    0.3573479    0.3855909
34105672    0.1870527    0.1860794
7063891    0.3753386    0.3525677
7803256    0.3907403    0.3741160
30975426    0.2825031    0.2968495
20519736    0.2078745    0.2236236
4352098    0.3358923    0.4038313
2819470    0.3080540    0.2867453
9720165    0.4198961    0.3731908
84135296    0.0717320    0.1457999
61487350    0.1231352    0.1081169
9605831    0.1809202    0.1464904
74920568    0.0942004    0.0915624
61784935    0.0502294    0.1084833
54789260    0.0388761    0.1213354
40568932    0.1124073    0.1143734
98016472    0.1913138    0.1357237
15860437    0.1634063    0.1744076
4063285    0.2597609    0.2664141
1923504    0.4565430    0.4327219
68293104    0.0358413    0.0971686
2694380    0.2196963    0.1587979
2081546    0.4467185    0.4015191
5062718    0.3932812    0.3093850
85320746    0.3344432    0.3015594
61932785    0.2703631    0.2348671
23705914    0.1015233    0.0864042
6135948    0.4934883    0.4278029
6543129    0.4651338    0.4567515
9840216    0.0807284    0.0602463
4265083    0.3106906    0.2405417
3891520    0.3327236    0.2249645
5894621    0.2282716    0.1793087
3469512    0.2516770    0.1851982
35897402    0.4143970    0.3260738
43780952    0.3129933    0.1649301
16094873    0.0280620    0.1027323
34012568    0.4028562    0.3183382
65349018    0.3772913    0.3322883
37068241    0.4272806    0.4862064
5683192    0.4733342    0.4819270
65374182    0.0248284    0.1116306
9138254    0.2920520    0.3046293
79648230    0.2436525    0.2284887
87904612    0.1259729    0.1390021
2096537    0.5723276    0.5771592
13658924    0.0792403    0.0768461
7348562    0.3256060    0.4111534
3250478    0.0873304    0.0833913
4165972    0.2014961    0.2401718
6342708    0.0867694    0.0997834
8597263    0.1450746    0.1402486
3892147    0.0673109    0.0823362
5183609    0.5404390    0.4427422
2643098    0.2184954    0.3278044
9546732    0.3262210    0.3306438
2673845    0.5641396    0.4991105
31254760    0.4422659    0.4043683
39186520    0.1250224    0.1764341
94130527    0.1603314    0.1454547
3061874    0.2808881    0.4119137
42368795    0.4455477    0.4415159
39062841    0.0944830    0.1249898
5814072    0.1933573    0.1360535
2043178    0.4086680    0.4216282
4857263    0.3738794    0.3351670
5831672    0.2538592    0.2521008
6278590    0.0292114    0.1297531
7160483    0.4047953    0.3241677
91052873    0.1417432    0.2041933
9518437    0.1673752    0.2218784
8054917    0.3262745    0.3195837
12304586    0.2230351    0.2624400
95063127    0.3365001    0.2408206
6423907    0.2354790    0.2470704
9618250    0.1745989    0.1337164
2465970    0.2177032    0.1896219
24035867    0.2180151    0.2337242
4165230    0.0664882    0.1498295
5372069    0.3426059    0.3209730
6175483    0.4677562    0.4288828
71204863    0.2342260    0.1978465
9182473    0.1916796    0.2053007
2498173    0.3937241    0.4088093
62897034    0.1620364    0.1070954
2514308    0.3364096    0.3268846
5693807    0.1703150    0.2172880
