5308146    0.4128936    0.4212306
3740286    0.4547719    0.4440704
1340285    0.1161054    0.1966393
9605831    0.1809202    0.2144452
9317528    0.2727551    0.3069282
7918026    0.0989480    0.1524685
9084235    0.2844537    0.2275298
7548206    0.3996251    0.3574341
1705239    0.2730497    0.2457954
9720165    0.4198961    0.3575696
7254913    0.0828423    0.0686056
4867502    0.3658697    0.3059144
9607438    0.1222324    0.0999027
3014689    0.2795749    0.2665440
2760143    0.3529654    0.3227872
5372069    0.3426059    0.3149573
4935860    0.2500624    0.2477824
4987650    0.2964038    0.2894317
2673845    0.5641396    0.5022351
5738926    0.3573479    0.3869825
8643509    0.4373056    0.4758644
6807539    0.3188515    0.2714493
3015264    0.2364364    0.1723899
6283704    0.0842864    0.1670463
3204167    0.3540025    0.4098890
5146839    0.5332805    0.3546309
6902314    0.1831756    0.2114149
9576032    0.5069458    0.3936991
4328571    0.3664831    0.3942876
9467830    -0.0446479    -0.0104994
7985463    0.1468814    0.1023322
1260374    0.0731026    0.0956704
1790246    0.2481418    0.3075694
4692830    0.5977371    0.4995642
6091584    0.0551016    0.1189698
3821574    0.3310490    0.3519143
6319528    0.3046428    0.3451251
5294037    0.3698771    0.2642867
8605217    0.2345106    0.1788338
3582067    0.3364838    0.3410430
1743698    0.3903206    0.3673286
3741296    0.0530962    0.0767805
2739650    0.1539570    0.1756953
5160827    0.1363529    0.1833313
4203176    0.0868008    0.0706214
4960875    0.1032987    0.0973930
9603748    0.2451397    0.2717327
8290476    0.2635870    0.3417694
8397402    -0.0295911    -0.1370241
7932580    0.4682114    0.4220932
4807153    0.1503095    0.1637156
2643098    0.2184954    0.1973242
4265083    0.3106906    0.2772390
2943061    0.1322802    0.1259426
7160483    0.4047953    0.3828574
9381746    0.2999753    0.1933852
6491783    0.2638982    0.2345800
9084715    0.0584843    0.1359394
7130825    0.2484626    0.1958767
2836405    0.2381882    0.2665332
1932047    0.1806909    0.1925768
2541903    0.3190446    0.4292830
4976231    0.4576726    0.4317194
6930741    0.1099527    0.0978120
2043178    0.4086680    0.4104796
6025847    0.3156327    0.3272033
1320567    0.2311754    0.2811524
2453071    0.2434675    0.2182155
2081546    0.4467185    0.5941390
3296450    0.5973707    0.5046203
2465970    0.2177032    0.1516321
6271834    0.0263550    0.0278044
5183609    0.5404390    0.5033398
8315042    0.3440053    0.2389860
2694380    0.2196963    0.2934847
2158347    0.3815083    0.3085136
4327501    0.2126635    0.2189125
6895471    0.5201627    0.5045604
2568307    0.2370991    0.1816252
7126859    0.0000346    0.0562014
3514269    0.2860579    0.2240002
4932856    0.2126629    0.1892667
6135948    0.4934883    0.4192880
1279568    -0.0397060    -0.1861257
7521463    0.3398980    0.4173989
3250478    0.0873304    0.1014926
1487932    0.4101857    0.4264843
1735482    0.1225054    0.1034173
4309715    0.1303742    0.2238400
1059674    0.2535736    0.2052649
2096537    0.5723276    0.5916218
9321840    0.4420901    0.4971045
6083594    0.4033448    0.4431655
1895642    0.3019776    0.2984222
5749680    0.1812531    0.2163996
5714096    0.3797141    0.4092786
5170386    0.0831770    0.1976650
2045968    0.1103608    0.0721394
7243896    0.3525857    0.3589194
6342708    0.0867694    0.0454456
9518642    0.5007111    0.4983453
5831672    0.2538592    0.2237887
3264017    0.1892763    0.2492506
9450781    0.3211172    0.3738644
9245670    0.3915895    0.4028297
7483150    0.3565000    0.3542744
6703951    0.2923357    0.2659192
7369148    0.4514948    0.4044956
2078916    0.2681468    0.2495571
6543129    0.4651338    0.5017695
5619803    0.1762386    0.1716307
7063891    0.3753386    0.3367260
3645207    0.1910296    0.2106243
9257083    0.5751210    0.6040156
3612974    0.1838014    0.1931717
8653417    0.1287219    0.0949443
5693807    0.1703150    0.2458037
6982735    0.1570534    0.1751012
9425807    0.3096627    0.2784809
4306815    0.5216363    0.3832703
2514308    0.3364096    0.3260044
3892147    0.0673109    0.1477846
9380175    0.2946367    0.2839527
4750928    0.4639964    0.3878745
5894621    0.2282716    0.2092382
8512390    0.3917661    0.4401083
9157643    0.4749572    0.4321086
2498173    0.3937241    0.4446476
6423907    0.2354790    0.2168695
2645180    0.2137118    0.1964930
2487590    0.1245996    0.1731441
6278590    0.0292114    -0.0053560
2361549    0.1515017    0.2276421
3041965    0.4253836    0.4410197
1694783    0.0640252    0.1210048
5196087    0.4362904    0.4749369
4123795    -0.0081841    -0.0722291
9618250    0.1745989    0.1820282
4127693    0.3656554    0.3431975
6315928    0.2469237    0.3334820
