9084715    0.0584843    -0.0470881
8397402    -0.0295911    0.0803244
6594182    0.0526440    0.1725937
7063891    0.3753386    0.3293526
4692830    0.5977371    0.5842656
6851203    0.2527070    0.2104012
9720165    0.4198961    0.4502132
2819470    0.3080540    0.3067924
7819360    0.3202660    0.3724461
2465970    0.2177032    0.1991123
4857263    0.3738794    0.4605601
7985463    0.1468814    0.1725937
3092751    0.0439309    -0.0377578
8054917    0.3262745    0.2495522
9518437    0.1673752    0.2173992
8317509    0.1872364    0.1725937
2643098    0.2184954    0.2196844
3061874    0.2808881    0.2740405
5749680    0.1812531    0.2118869
9607438    0.1222324    0.0884159
2384019    0.2573606    0.2310781
9354761    0.1451593    0.1660559
1365094    0.2127880    0.1823208
3786905    0.2339949    0.1785324
2081546    0.4467185    0.6200489
5308146    0.4128936    0.4536567
4267580    0.4071005    0.4078856
3582067    0.3364838    0.3576313
1059674    0.2535736    0.2563273
6895471    0.5201627    0.4884135
1804532    0.1433767    0.1148316
7369148    0.4514948    0.5319015
2514308    0.3364096    0.3657636
8521307    0.3988584    0.2674237
4165972    0.2014961    0.2111076
2694380    0.2196963    0.1435336
9245670    0.3915895    0.4167892
3821574    0.3310490    0.3132179
1279568    -0.0397060    0.1081581
5693807    0.1703150    0.1564293
5714096    0.3797141    0.3777133
6752138    0.1926357    0.1749111
4306815    0.5216363    0.4902398
3741296    0.0530962    0.0199295
4309715    0.1303742    0.1444812
9603748    0.2451397    0.2389713
8643509    0.4373056    0.5677717
5197243    0.5915708    0.6499028
5196087    0.4362904    0.3680664
5170386    0.0831770    0.1264692
7190582    0.5212715    0.5595697
1895642    0.3019776    0.2640336
1069425    0.5509495    0.5043153
5123968    0.5559287    0.5600831
4976231    0.4576726    0.3898662
9180765    0.1868605    0.1609201
6175483    0.4677562    0.5503640
4867502    0.3658697    0.4226845
9321840    0.4420901    0.4163759
6543129    0.4651338    0.4339028
6278590    0.0292114    0.0403145
2487590    0.1245996    0.1685705
7126859    0.0000346    0.0389109
9618250    0.1745989    0.1876762
9706385    0.3472344    0.3469337
4750928    0.4639964    0.5806346
7804269    0.1723401    0.1888348
5267094    0.2599849    0.3253386
4807153    0.1503095    0.1471162
1932047    0.1806909    0.1923479
9317528    0.2727551    0.2093883
5372069    0.3426059    0.2683170
6138297    0.0625853    0.1725937
7254913    0.0828423    0.1079780
1694783    0.0640252    0.1599755
3041965    0.4253836    0.4686176
1302765    0.3472123    0.3593717
2760143    0.3529654    0.4658877
1743698    0.3903206    0.3010920
7932580    0.4682114    0.4667462
8653417    0.1287219    0.1188432
9840216    0.0807284    0.0656679
9257083    0.5751210    0.4708381
5146839    0.5332805    0.4147635
1705239    0.2730497    0.2953304
3149850    0.0295857    0.0734280
6135948    0.4934883    0.4167956
3578406    0.1215780    0.1725877
3740286    0.4547719    0.3805563
6982735    0.1570534    0.1162324
6271834    0.0263550    0.0676919
7243896    0.3525857    0.4070131
4203176    0.0868008    0.1564648
3254689    0.3482216    0.4117549
7548206    0.3996251    0.3547698
9381746    0.2999753    0.4818059
1735482    0.1225054    -0.0138276
2836405    0.2381882    0.2531421
8605217    0.2345106    0.1873052
4123795    -0.0081841    0.0666316
3891520    0.3327236    0.4382504
5062718    0.3932812    0.4019680
2158347    0.3815083    0.3942227
2568307    0.2370991    0.2008537
3264017    0.1892763    0.2285157
6748193    0.2073776    0.1725937
9467830    -0.0446479    0.1462400
2739650    0.1539570    0.1681880
9317254    0.3729283    0.2561786
7483150    0.3565000    0.3643299
4265083    0.3106906    0.3481165
6703951    0.2923357    0.3394848
1340285    0.1161054    0.1040566
4768210    0.6686979    0.7234302
2018563    0.3960066    0.3601450
6423907    0.2354790    0.2080740
9461730    0.1967047    0.1626907
2943061    0.1322802    0.0839292
7803256    0.3907403    0.3777159
9501276    0.0174545    0.0546121
2453071    0.2434675    0.2026819
9576032    0.5069458    0.4212515
9157643    0.4749572    0.4827582
2361549    0.1515017    0.1324043
5294037    0.3698771    0.3959062
9182473    0.1916796    0.1774767
5902371    0.2322153    0.2068568
4063285    0.2597609    0.3221197
6025847    0.3156327    0.3316895
1487932    0.4101857    0.4667584
2045968    0.1103608    0.1477607
5187042    0.1334780    0.1340056
3056417    0.3964929    0.3489116
4528069    0.1329296    0.1118802
7348562    0.3256060    0.3197058
6491783    0.2638982    0.3218223
3015264    0.2364364    0.1768269
4960875    0.1032987    0.1672034
7160483    0.4047953    0.3274208
6091584    0.0551016    0.0223975
