4693502    0.1955602    0.1373634
3250478    0.0873304    0.1084022
71465098    0.3067145    0.3435736
74920653    0.4227876    0.3692029
54879302    0.2807025    0.3728590
67239801    0.1973108    0.2528925
54789260    0.0388761    0.1351020
8496023    0.1516259    0.0831651
3627410    0.1778646    0.0574708
1279568    -0.0397060    0.1176580
9267581    0.1851758    0.1576034
37049621    0.1162308    0.1069022
4976231    0.4576726    0.4783283
2465970    0.2177032    0.2123672
43972106    0.3626580    0.3296517
12374650    0.1772530    0.1247548
10693257    0.3052177    0.3107165
61927503    0.0583740    0.1044181
12086359    0.0064457    0.1017180
3092751    0.0439309    0.1322201
5140362    0.3208159    0.2494747
16958274    0.0291058    0.0643662
82354971    0.0228063    0.1117905
6083594    0.4033448    0.3776176
9546732    0.3262210    0.3460013
3264017    0.1892763    0.2540492
81437256    0.3754057    0.2955346
9157643    0.4749572    0.3756370
6319528    0.3046428    0.2312671
5814072    0.1933573    0.2201453
9245670    0.3915895    0.3539258
46879352    0.1105719    0.0144650
2694380    0.2196963    0.2049991
3254689    0.3482216    0.3089855
5183609    0.5404390    0.5510254
58319420    0.0758413    0.0893401
41267093    0.0940958    0.1635389
68427591    0.0416545    0.0527780
1923504    0.4565430    0.4475369
61932785    0.2703631    0.3503920
4935860    0.2500624    0.3371187
5693807    0.1703150    0.1775060
9182473    0.1916796    0.2504920
2845369    0.2818527    0.2582406
32468591    0.2064951    0.2675602
49670328    0.1332543    0.1589641
70264158    0.1874085    0.2260879
94185602    0.0684437    0.1460132
32450971    0.1140205    0.0991355
5683192    0.4733342    0.3330877
6138297    0.0625853    0.0359187
25986740    0.1667644    0.0929553
93270846    0.3896023    0.3536626
5178439    0.3721354    0.5038861
68293104    0.0358413    -0.1799653
27845619    0.2513606    0.2688028
83265941    0.1260843    0.1771221
2045968    0.1103608    0.1641499
93481752    0.2718664    0.2871302
12064358    0.1449998    0.0871806
71305486    0.5131515    0.3708753
5062718    0.3932812    0.3787199
24035867    0.2180151    0.2592708
2568307    0.2370991    0.3246402
64213980    0.0801635    0.0021993
15860437    0.1634063    0.1715649
5762910    0.2062399    0.1585120
50619347    0.3196470    0.3696094
9618250    0.1745989    0.2167829
95308671    0.2649733    0.2875846
2673845    0.5641396    0.4521041
64021875    0.1019267    0.1365122
61784935    0.0502294    0.1676283
4265083    0.3106906    0.2757848
16375284    0.2126535    0.1844949
32714856    0.3173793    0.3027562
2081546    0.4467185    0.3610478
96138204    0.1449491    0.0835506
9605831    0.1809202    0.2009302
6039182    0.2504354    0.2485899
23750186    0.1395542    0.0313776
7130825    0.2484626    0.3244377
95240316    0.1675703    0.0738690
6971305    0.4535946    0.4391748
31254760    0.4422659    0.4118299
67198240    0.4920497    0.3769916
9576032    0.5069458    0.4083148
7243896    0.3525857    0.2967358
20456318    0.0361747    0.1442057
96302148    0.2372141    0.3104336
15780629    0.4336775    0.3704666
4165230    0.0664882    0.1544358
97408251    0.0528856    0.0137184
4309715    0.1303742    0.1146881
91052873    0.1417432    0.1546919
4267580    0.4071005    0.3789348
8317509    0.1872364    0.2160144
67435291    0.3115513    0.3721999
98526013    0.1456753    0.1092343
71248596    0.0827905    0.1999665
3215784    0.0695981    0.0796773
6342708    0.0867694    0.1566601
12458390    0.1245855    0.1171552
5123968    0.5559287    0.4465629
5732806    0.2107367    0.1604653
1302765    0.3472123    0.4237609
6278590    0.0292114    0.1602357
59806341    0.3732070    0.4661815
7063891    0.3753386    0.2837583
6703951    0.2923357    0.3316804
39062841    0.0944830    0.0908221
9328467    0.5027560    0.4868414
76402381    0.0634703    0.1429618
3041965    0.4253836    0.3989204
65349018    0.3772913    0.3700317
4960875    0.1032987    0.1295514
9180765    0.1868605    0.1521240
5160827    0.1363529    0.2207111
72803641    0.0189457    0.0887898
51763480    0.4308012    0.4578514
37419068    0.1121111    0.0532998
57043269    0.2307362    0.2629972
50942871    0.0802008    0.0660114
4127693    0.3656554    0.3510751
10378294    0.3021635    0.3491005
1320567    0.2311754    0.2180533
6851203    0.2527070    0.3725822
56920873    0.2995450    0.2831941
57129046    0.0741950    0.0291868
38702645    0.1698794    0.2274176
85397462    0.1461277    0.2105921
3578406    0.1215780    0.0669109
40236598    0.1331878    0.0815707
9084235    0.2844537    0.3013777
56140738    0.3249323    0.3123033
2643098    0.2184954    0.1754948
39186520    0.1250224    0.1309258
9354761    0.1451593    0.1789028
4807153    0.1503095    0.1423164
8613947    0.2891041    0.3066975
12904576    0.3852948    0.3718506
21064358    0.1029364    0.0877739
95267031    0.1225485    0.1517926
23045176    0.3178396    0.4161514
69538402    0.4654601    0.3644920
18967543    0.2637843    0.2515297
41253670    0.2920886    0.2456702
97428650    0.1566038    0.1786993
26408915    0.1213319    0.1529143
84036972    0.2046254    0.1681912
87904612    0.1259729    0.1472353
87932541    0.1275321    0.1541909
65374182    0.0248284    0.0922970
43780952    0.3129933    0.2953419
42936180    0.4175026    0.3877671
2941375    0.1039866    0.1660839
30694825    0.0365880    -0.0151815
67851930    0.1565579    0.1683676
65790324    0.0046216    0.1383519
4750928    0.4639964    0.4739946
1260374    0.0731026    0.1282454
47812905    0.1007904    0.1287950
45628709    0.1130647    0.1073200
9603748    0.2451397    0.2636225
6530821    0.3380645    0.3173866
34105672    0.1870527    0.1768405
5619803    0.1762386    0.2295393
84135296    0.0717320    0.0659375
2931756    0.2538077    0.4052503
9765234    0.3451286    0.3751453
74920568    0.0942004    0.0786238
3612974    0.1838014    0.1776874
83764925    0.1711960    0.1782666
3014689    0.2795749    0.2949525
67905128    0.1698469    0.1277638
52948361    0.0420176    -0.0485958
92057831    0.1228388    0.0710419
7804269    0.1723401    0.0760657
75149062    0.1247694    0.0970793
3469512    0.2516770    0.2698943
3740286    0.4547719    0.4380335
3296450    0.5973707    0.6023471
58346072    0.3937567    0.3798106
14387690    0.2061633    0.2683103
86192507    0.0664135    0.1102267
4306815    0.5216363    0.4902402
6423907    0.2354790    0.1832527
8597263    0.1450746    0.1249394
3514269    0.2860579    0.3247091
5891230    0.2276907    0.1827529
72015384    0.5095192    0.4333449
4637091    0.4661794    0.4783905
4203176    0.0868008    0.1251889
1069425    0.5509495    0.4589764
59387142    0.2924146    0.3282609
9840216    0.0807284    0.1222179
8397402    -0.0295911    0.0597655
20519736    0.2078745    0.2069409
13658924    0.0792403    0.2145512
71204863    0.2342260    0.1927071
2043178    0.4086680    0.4737551
7803256    0.3907403    0.5747639
5749680    0.1812531    0.2242474
1932047    0.1806909    0.1461690
6315928    0.2469237    0.3404581
36509124    0.1029860    0.1363154
40596718    0.1890510    0.2578065
31879054    0.3563824    0.4024898
6594182    0.0526440    0.1571577
12507849    0.1052662    0.1409130
1705239    0.2730497    0.2623478
46752830    0.5220824    0.4393174
81439706    0.1262791    0.1610269
2487590    0.1245996    0.1316278
5894621    0.2282716    0.2484252
63975401    -0.0284755    0.0606483
8315042    0.3440053    0.2853137
79631548    0.1812138    0.1769468
9501276    0.0174545    0.1364969
4063285    0.2597609    0.2039494
81294637    0.2323228    0.2081414
85709634    0.1365534    0.0476523
9731406    0.1191694    0.1302580
48270965    -0.0273596    0.0927654
35280617    -0.0191183    0.1339224
40568932    0.1124073    0.1330961
20419573    0.2637484    0.2643209
9257083    0.5751210    0.4368919
87563140    0.2003200    0.2027557
2869347    0.3789614    0.3106006
6283704    0.0842864    0.1094160
5294037    0.3698771    0.4578001
5902371    0.2322153    0.1876964
94130527    0.1603314    0.1630250
82139740    0.3176008    0.2819946
9720165    0.4198961    0.4421457
2018563    0.3960066    0.4623466
3645207    0.1910296    0.2691985
7348562    0.3256060    0.4347293
72150386    -0.0355079    0.0071387
80163975    -0.0812560    0.0336521
3015264    0.2364364    0.1987997
6091584    0.0551016    0.1707534
9317254    0.3729283    0.3339163
9467830    -0.0446479    0.1114304
2361549    0.1515017    0.0764866
9380175    0.2946367    0.3074903
10857693    0.2848121    0.2005156
9518437    0.1673752    0.2155502
8653417    0.1287219    0.1923987
5146839    0.5332805    0.5542389
59230168    0.1671241    0.0851669
82609473    -0.0309462    0.1052809
18952376    0.0941340    0.0943362
19743065    0.0593324    0.1078520
78510264    0.0811135    0.1004368
3786905    0.2339949    0.1384272
93507642    0.2040192    0.1378419
4768210    0.6686979    0.6062080
82769514    0.1071274    0.0238330
56893071    0.1657909    0.1448287
6982735    0.1570534    0.1020541
6025847    0.3156327    0.2411902
2158347    0.3815083    0.2912760
56124780    0.1965039    0.2396729
34209168    0.1613672    0.1726008
1804532    0.1433767    0.1358588
85320746    0.3344432    0.3586717
34681702    0.2408399    0.3255479
17596823    0.0303843    0.1303084
71403958    0.3880658    0.4466838
2198367    0.0754390    0.1157825
6902314    0.1831756    0.2466514
1056832    0.1398216    0.1238520
35842190    0.0440798    0.0421242
9138254    0.2920520    0.3920459
10392748    0.1246251    0.1729829
93608745    0.2518492    0.1783183
50129364    0.3502489    0.2879913
2819470    0.3080540    0.3307452
