41085739    0.2158497    0.1792870
94715302    0.3625983    0.2952787
71403958    0.3880658    0.3760880
64021875    0.1019267    0.1239601
4309715    0.1303742    0.1508821
3578406    0.1215780    0.1381554
94185602    0.0684437    0.1464560
3149850    0.0295857    0.0954002
97428650    0.1566038    0.1298459
9518437    0.1673752    0.1543068
2096537    0.5723276    0.5838500
27845619    0.2513606    0.2853841
36509124    0.1029860    0.0895881
6283704    0.0842864    0.1111344
4692830    0.5977371    0.5187165
16375284    0.2126535    0.2332471
9321840    0.4420901    0.4159652
50836291    0.1281155    0.1066579
3061874    0.2808881    0.2621173
4637091    0.4661794    0.3593283
37068241    0.4272806    0.4899644
81693024    0.1615259    0.1650300
5160827    0.1363529    0.1719609
1735482    0.1225054    0.0588150
8512390    0.3917661    0.5265647
34072651    0.0493279    0.1157086
2465970    0.2177032    0.1957263
3612974    0.1838014    0.1373102
8496023    0.1516259    0.1170459
39062841    0.0944830    0.1566872
3254689    0.3482216    0.3806235
40568932    0.1124073    0.1044732
27156309    0.1905536    0.1862835
9605831    0.1809202    0.2593142
2943061    0.1322802    0.0895865
9138254    0.2920520    0.2313898
9328467    0.5027560    0.4745871
5178439    0.3721354    0.3799156
43208516    0.2005489    0.2355197
40236598    0.1331878    0.1448161
32875906    0.3579376    0.3359835
6930741    0.1099527    0.1289576
2931756    0.2538077    0.1872657
7063891    0.3753386    0.3433877
3892147    0.0673109    0.1086870
6982735    0.1570534    0.1514169
3740286    0.4547719    0.4316961
83429561    0.2568101    0.2180287
5469827    0.0416673    0.0405493
6971305    0.4535946    0.4359808
61784935    0.0502294    0.0948432
15860437    0.1634063    0.1282964
32508179    0.0563334    0.0094939
63975401    -0.0284755    0.1219167
60573841    0.0080028    0.0486675
9084235    0.2844537    0.4183506
13480652    0.2119081    0.1817087
95308671    0.2649733    0.2990002
4693502    0.1955602    0.1390094
89231046    0.0701274    0.1101526
79631548    0.1812138    0.1204253
50129364    0.3502489    0.3775625
6902314    0.1831756    0.2055045
3056417    0.3964929    0.3820018
95240316    0.1675703    0.1425448
6039182    0.2504354    0.1517106
82769514    0.1071274    0.1147885
76415208    0.0900140    0.0986544
17596823    0.0303843    0.0511799
1069425    0.5509495    0.4217438
4327501    0.2126635    0.2052109
15780629    0.4336775    0.2647479
96138204    0.1449491    0.1637680
5196087    0.4362904    0.4075179
3891520    0.3327236    0.3651390
84036972    0.2046254    0.1131797
7369148    0.4514948    0.5431314
75684932    0.2416156    0.3182573
7804269    0.1723401    0.1129195
51763480    0.4308012    0.4351365
54789260    0.0388761    0.0733779
1895642    0.3019776    0.3555785
9720165    0.4198961    0.2983311
42936180    0.4175026    0.2789572
1487932    0.4101857    0.4151816
63175049    0.2735692    0.1986008
9425807    0.3096627    0.2649979
43206985    0.1951650    0.1531915
85320746    0.3344432    0.3803283
7190582    0.5212715    0.4544632
3786905    0.2339949    0.1966776
4987650    0.2964038    0.3851423
25986740    0.1667644    0.1586246
9731406    0.1191694    0.2253679
94528706    0.1321287    0.1311436
6138297    0.0625853    0.1538581
2568307    0.2370991    0.2418835
93608745    0.2518492    0.2705972
8653417    0.1287219    0.0612386
24501987    0.1447957    0.2353703
21064358    0.1029364    0.0826434
6807539    0.3188515    0.3512459
72803641    0.0189457    0.0869880
9467830    -0.0446479    -0.0403910
34982675    0.0478840    0.0817351
50942871    0.0802008    0.1037591
56489170    0.3309727    0.3645470
39186520    0.1250224    0.1444101
85709634    0.1365534    0.0970520
7348562    0.3256060    0.2878956
71453068    0.0661260    0.0618368
32714856    0.3173793    0.2098324
5619803    0.1762386    0.2085945
8597263    0.1450746    0.1472256
85902746    0.2217552    0.2356554
6342708    0.0867694    0.1579406
32450971    0.1140205    0.1392220
6703951    0.2923357    0.4165571
16504783    0.2812308    0.2921466
4328571    0.3664831    0.3436622
1302765    0.3472123    0.3232394
71248596    0.0827905    0.0939066
87904612    0.1259729    0.1637680
5714096    0.3797141    0.3583445
58319420    0.0758413    0.0422677
87196024    0.1803782    0.1736809
38702645    0.1698794    0.1949065
5683192    0.4733342    0.5593650
3264017    0.1892763    0.2237205
5749680    0.1812531    0.1333248
20419573    0.2637484    0.3005777
6315928    0.2469237    0.3680929
9317254    0.3729283    0.5018749
96302148    0.2372141    0.1479180
34012568    0.4028562    0.4450138
12904576    0.3852948    0.4545755
65374182    0.0248284    0.0747367
6135948    0.4934883    0.3974861
48270965    -0.0273596    0.0360602
81294637    0.2323228    0.1446884
95267031    0.1225485    0.1272401
6491783    0.2638982    0.3257482
47098521    0.1130693    0.1172008
43860715    0.0869390    0.0958694
4807153    0.1503095    0.1385306
58642793    0.1629138    0.1637680
5891230    0.2276907    0.1934969
57129046    0.0741950    0.0811886
18325407    0.3715184    0.3613795
1056832    0.1398216    0.0669873
5183609    0.5404390    0.5865943
19483527    0.1787383    0.1881226
9501276    0.0174545    0.1538357
60897513    0.1301192    0.1091470
3582067    0.3364838    0.3238396
3215784    0.0695981    0.0193283
9245670    0.3915895    0.2932427
83197206    0.2185750    0.2905549
20819547    0.4023762    0.3815728
16094873    0.0280620    0.1150857
2158347    0.3815083    0.3158658
45068793    0.0582267    0.1310633
6083594    0.4033448    0.4234860
5187042    0.1334780    0.1319221
27159836    0.0332070    0.0521373
87563140    0.2003200    0.1627740
85397462    0.1461277    0.1613384
5308146    0.4128936    0.4605992
2514308    0.3364096    0.2716357
7803256    0.3907403    0.3494987
45726190    0.1449229    0.1468974
51398260    0.1249023    0.1222849
95063127    0.3365001    0.2641858
41267093    0.0940958    0.1616985
65349018    0.3772913    0.4286789
35897402    0.4143970    0.3331073
13085762    0.3273837    0.3408934
98016472    0.1913138    0.2341406
64213980    0.0801635    0.0786571
5170386    0.0831770    0.1504433
12304586    0.2230351    0.1904727
2845369    0.2818527    0.3234650
4063285    0.2597609    0.3174657
65483790    0.0322079    0.1044265
71465098    0.3067145    0.2832726
9381746    0.2999753    0.3318345
2361549    0.1515017    0.0146515
3250478    0.0873304    0.1480356
61487350    0.1231352    0.1197501
12064358    0.1449998    0.1648394
4123795    -0.0081841    0.1040550
6752138    0.1926357    0.1564479
9607438    0.1222324    0.1494692
8290476    0.2635870    0.2398113
71305486    0.5131515    0.3959271
50648317    0.3646901    0.2717118
3015264    0.2364364    0.1489900
23074169    0.4747303    0.4711337
5738926    0.3573479    0.3835199
6091584    0.0551016    0.1208804
5372069    0.3426059    0.3142524
9450781    0.3211172    0.3423313
12458390    0.1245855    0.2639075
2869347    0.3789614    0.4185570
1705239    0.2730497    0.3454589
1320567    0.2311754    0.2020300
5197243    0.5915708    0.5112484
8521307    0.3988584    0.3917885
84135296    0.0717320    0.1409571
62157849    0.1091794    0.1637680
5123968    0.5559287    0.4466130
7819360    0.3202660    0.3900455
35280617    -0.0191183    -0.0057876
17042638    0.1411405    0.1637680
70251698    0.3058280    0.2436642
9518642    0.5007111    0.4319471
2673845    0.5641396    0.5272775
26408915    0.1213319    0.1454404
20456318    0.0361747    0.0400983
2045968    0.1103608    0.1213253
4265083    0.3106906    0.3299217
75149062    0.1247694    0.0749575
7254913    0.0828423    0.1429247
9583261    0.3440669    0.3138222
10857693    0.2848121    0.2228614
70264158    0.1874085    0.1845448
4352098    0.3358923    0.3155449
2198367    0.0754390    0.0819826
92057831    0.1228388    0.0786045
4127693    0.3656554    0.4199020
1932047    0.1806909    0.1787630
43790281    0.0475672    0.1429372
8463201    0.3381932    0.2767146
57043269    0.2307362    0.1373409
3041965    0.4253836    0.4154131
1279568    -0.0397060    -0.0168864
6319528    0.3046428    0.3316311
20694735    0.0069220    0.1249108
7932580    0.4682114    0.3722945
2078916    0.2681468    0.3202118
9267581    0.1851758    0.2259712
4857263    0.3738794    0.2084601
78510264    0.0811135    0.1456744
6594182    0.0526440    0.1546116
1804532    0.1433767    0.1027568
56893071    0.1657909    0.2000568
10693257    0.3052177    0.3053254
74920568    0.0942004    0.1300767
6851203    0.2527070    0.2584208
4932856    0.2126629    0.2474294
45628709    0.1130647    0.1150669
9182473    0.1916796    0.2258559
89604375    0.5544792    0.4635578
67435291    0.3115513    0.3436844
67905128    0.1698469    0.2498745
69578014    0.2654074    0.0937726
9576032    0.5069458    0.2887689
97408251    0.0528856    0.1176368
67239801    0.1973108    0.2432488
1790246    0.2481418    0.3654582
4935860    0.2500624    0.3519433
9317528    0.2727551    0.1601056
7126859    0.0000346    0.1450841
5762910    0.2062399    0.2893589
47812905    0.1007904    0.1338029
19743065    0.0593324    0.1086407
2384019    0.2573606    0.3280576
72153046    0.0292038    0.1066093
18967543    0.2637843    0.1912049
74920653    0.4227876    0.4677238
42368795    0.4455477    0.4181626
19436725    0.1565862    0.1393317
5814072    0.1933573    0.1289190
5902371    0.2322153    0.1689081
3469512    0.2516770    0.4066047
5267094    0.2599849    0.3018883
83764925    0.1711960    0.1846889
72015384    0.5095192    0.3911792
9618250    0.1745989    0.1982623
49670328    0.1332543    0.1185826
