15780629    0.4336775    0.3134786
17042638    0.1411405    0.2350147
9084715    0.0584843    0.1320985
3578406    0.1215780    0.1654801
30975426    0.2825031    0.2892526
4203176    0.0868008    0.1273288
76402381    0.0634703    0.0850655
9720165    0.4198961    0.3809799
95308671    0.2649733    0.1712355
31254760    0.4422659    0.4024269
8597263    0.1450746    0.1375374
40596718    0.1890510    0.2838501
9354761    0.1451593    0.1396646
1895642    0.3019776    0.3870254
16943087    0.1024783    0.1501384
47812905    0.1007904    0.0159249
35897402    0.4143970    0.3654482
6342708    0.0867694    0.1328869
5267094    0.2599849    0.3559323
87196024    0.1803782    0.1971995
91052873    0.1417432    0.1127048
59481307    0.1335299    0.0833935
58642793    0.1629138    0.1711345
8512390    0.3917661    0.3460254
16504783    0.2812308    0.3772931
7483150    0.3565000    0.3704949
16094873    0.0280620    0.0821936
56140738    0.3249323    0.2838267
43780952    0.3129933    0.3286610
4528069    0.1329296    0.1528509
8317509    0.1872364    0.2145848
9317254    0.3729283    0.3826203
32875906    0.3579376    0.3414338
39720486    0.2953125    0.4046960
5308146    0.4128936    0.4660790
62157849    0.1091794    0.0733555
56124780    0.1965039    0.2529575
87932541    0.1275321    0.1446398
8496023    0.1516259    0.2249813
7521463    0.3398980    0.3940304
6319528    0.3046428    0.2062416
63975401    -0.0284755    0.0858603
72015384    0.5095192    0.4468772
43065218    0.2726136    0.1577288
36509124    0.1029860    0.1431810
87904612    0.1259729    0.1006011
5831672    0.2538592    0.2031964
34012568    0.4028562    0.4268047
2498173    0.3937241    0.3435410
61932785    0.2703631    0.2396110
1487932    0.4101857    0.4329832
34982675    0.0478840    0.1009930
1260374    0.0731026    0.0920209
72153046    0.0292038    0.1177156
3892147    0.0673109    0.1999725
6091584    0.0551016    0.1092671
7369148    0.4514948    0.5582697
6594182    0.0526440    0.1150291
35280617    -0.0191183    0.1027166
38960417    0.0926794    0.1272843
81294637    0.2323228    0.1361143
5140362    0.3208159    0.3503987
81439706    0.1262791    0.0795247
5718692    0.1730530    0.1837842
58346072    0.3937567    0.4355074
8397402    -0.0295911    0.1186333
1069425    0.5509495    0.6194851
20419573    0.2637484    0.1328344
6083594    0.4033448    0.4675913
50619347    0.3196470    0.2836199
5714096    0.3797141    0.4074848
85902746    0.2217552    0.2309279
82609473    -0.0309462    0.0314618
3740286    0.4547719    0.5160908
71204863    0.2342260    0.2735280
5187042    0.1334780    0.0634230
43972106    0.3626580    0.4265243
3092751    0.0439309    0.1683579
23045176    0.3178396    0.3472891
98526013    0.1456753    0.1341311
6315928    0.2469237    0.2435631
8463201    0.3381932    0.3335411
5183609    0.5404390    0.5293347
6902314    0.1831756    0.2576112
5469827    0.0416673    0.1578420
12304586    0.2230351    0.2530806
3014689    0.2795749    0.2901712
4328571    0.3664831    0.2954997
56893071    0.1657909    0.1594094
9840216    0.0807284    0.1100420
32156478    0.0373923    0.0668400
38549061    0.3059458    0.2865705
52634817    0.2849960    0.1950793
3280951    0.0553783    0.0947175
9461730    0.1967047    0.3104518
41253670    0.2920886    0.3137603
23074169    0.4747303    0.5469520
3645207    0.1910296    0.2687345
83265941    0.1260843    0.1431928
10378294    0.3021635    0.2847849
50129364    0.3502489    0.2786302
9546732    0.3262210    0.3213493
32508179    0.0563334    0.1136787
1056832    0.1398216    0.1214810
27159836    0.0332070    0.1155152
5891230    0.2276907    0.2510342
80163975    -0.0812560    0.0550555
67381945    0.1065278    0.0588914
3254689    0.3482216    0.4700470
9245670    0.3915895    0.4959010
4267580    0.4071005    0.4513059
1804532    0.1433767    0.1582567
43860715    0.0869390    0.0912825
64213980    0.0801635    0.1044297
62897034    0.1620364    0.1790012
95063127    0.3365001    0.2501016
67905128    0.1698469    0.2131569
81693024    0.1615259    0.2509850
60573841    0.0080028    0.1205070
10392748    0.1246251    0.1639791
61792438    0.2751650    0.1654321
50987241    0.2942135    0.3329853
20519736    0.2078745    0.2345001
34189275    0.0542352    0.0940332
7803256    0.3907403    0.4414043
89231046    0.0701274    0.1828996
56920873    0.2995450    0.2225162
96138204    0.1449491    0.2031999
23750186    0.1395542    0.0998954
1705239    0.2730497    0.2902116
83197206    0.2185750    0.2466238
38702645    0.1698794    0.2026977
83429561    0.2568101    0.1586978
5683192    0.4733342    0.4666645
2018563    0.3960066    0.3289629
9257083    0.5751210    0.5524973
10857693    0.2848121    0.2656698
45726190    0.1449229    0.0931621
7985463    0.1468814    0.1456395
3149850    0.0295857    0.1555879
5372069    0.3426059    0.3329259
17596823    0.0303843    0.1297893
2465970    0.2177032    0.1659691
12458390    0.1245855    0.1649735
34209168    0.1613672    0.1835957
4063285    0.2597609    0.2652488
2487590    0.1245996    0.2384038
7918026    0.0989480    0.2133939
4750928    0.4639964    0.5608991
34105672    0.1870527    0.2042434
42936180    0.4175026    0.2955028
4976231    0.4576726    0.4639356
5160827    0.1363529    0.1693021
56489170    0.3309727    0.2491686
65483790    0.0322079    0.0756671
6807539    0.3188515    0.3241934
78351290    0.2346316    0.3325344
93608745    0.2518492    0.2580593
2568307    0.2370991    0.2611724
2096537    0.5723276    0.6009173
13480652    0.2119081    0.1542460
4960875    0.1032987    0.0749392
2845369    0.2818527    0.2077585
3041965    0.4253836    0.4205873
42368795    0.4455477    0.4710318
30694825    0.0365880    0.1090535
25986740    0.1667644    0.1996841
3612974    0.1838014    0.2322257
6271834    0.0263550    0.0337234
9603748    0.2451397    0.2543833
93507642    0.2040192    0.2166599
8605217    0.2345106    0.3776909
60897513    0.1301192    0.1954674
4867502    0.3658697    0.3498485
4127693    0.3656554    0.3532023
1279568    -0.0397060    -0.0790507
84036972    0.2046254    0.1925941
4935860    0.2500624    0.3390750
71305486    0.5131515    0.5343275
41085739    0.2158497    0.1874437
6491783    0.2638982    0.1828336
5732806    0.2107367    0.2024858
9706385    0.3472344    0.4815192
6752138    0.1926357    0.2489554
4857263    0.3738794    0.3755906
65790324    0.0046216    0.0886061
3296450    0.5973707    0.4990818
70843926    0.2776558    0.3042155
2836405    0.2381882    0.2461754
24035867    0.2180151    0.2624357
21064358    0.1029364    0.1499152
79324150    0.1327389    0.1531169
50942871    0.0802008    0.0867096
32450971    0.1140205    0.1250933
3891520    0.3327236    0.3386154
2943061    0.1322802    0.2309032
61927503    0.0583740    0.0757153
75684932    0.2416156    0.2139726
5062718    0.3932812    0.5009441
6423907    0.2354790    0.2418709
9605831    0.1809202    0.2745168
45628709    0.1130647    0.0768746
40568932    0.1124073    0.1180947
1302765    0.3472123    0.3628988
82139740    0.3176008    0.2938422
95240316    0.1675703    0.2024400
43206985    0.1951650    0.1556632
46879352    0.1105719    0.0957730
2384019    0.2573606    0.2083292
5294037    0.3698771    0.4084535
85320746    0.3344432    0.3046347
9084235    0.2844537    0.3220592
8613947    0.2891041    0.2632207
51398260    0.1249023    0.1813128
12507849    0.1052662    0.0930354
9518437    0.1673752    0.1956972
4123795    -0.0081841    0.1275349
9450781    0.3211172    0.3162614
1059674    0.2535736    0.3512973
79631548    0.1812138    0.2250046
31879054    0.3563824    0.2731881
9583261    0.3440669    0.4345965
67239801    0.1973108    0.2660821
6851203    0.2527070    0.2488605
16958274    0.0291058    0.1195327
94130527    0.1603314    0.1642664
69578014    0.2654074    0.1337939
78510264    0.0811135    0.0906113
70251698    0.3058280    0.1999543
54789260    0.0388761    0.1135218
2078916    0.2681468    0.2229178
57129046    0.0741950    0.0438204
50648317    0.3646901    0.3941327
82354971    0.0228063    0.0606802
6930741    0.1099527    0.1138215
68293104    0.0358413    0.0489112
67198240    0.4920497    0.3687236
6135948    0.4934883    0.6037794
76415208    0.0900140    0.1420985
65374182    0.0248284    0.0636086
26408915    0.1213319    0.1268982
4165972    0.2014961    0.3249900
58029641    0.1638877    0.2198266
35842190    0.0440798    0.0487047
2043178    0.4086680    0.3265859
8927605    0.1242698    0.1081934
47098521    0.1130693    0.2118739
52948361    0.0420176    0.1075806
96302148    0.2372141    0.1520127
5648371    0.2782824    0.2706550
97183264    0.3591365    0.4640472
74920653    0.4227876    0.3218005
1743698    0.3903206    0.2401565
5814072    0.1933573    0.2201498
7190582    0.5212715    0.4459897
43208516    0.2005489    0.3127401
5693807    0.1703150    0.2582785
9138254    0.2920520    0.2783353
13085762    0.3273837    0.3630096
37049621    0.1162308    0.1693429
46752830    0.5220824    0.3610656
5619803    0.1762386    0.2236175
8643509    0.4373056    0.3648416
14387690    0.2061633    0.1344936
2694380    0.2196963    0.1949639
7063891    0.3753386    0.4449741
71453068    0.0661260    0.0560288
82769514    0.1071274    0.1778056
39186520    0.1250224    0.2159228
20819547    0.4023762    0.3810695
6748193    0.2073776    0.1831702
6982735    0.1570534    0.1997415
5749680    0.1812531    0.2056961
45068793    0.0582267    0.1100245
9518642    0.5007111    0.5036466
27845619    0.2513606    0.3415452
4768210    0.6686979    0.8128878
20456318    0.0361747    0.0645511
25976038    0.2738430    0.2815618
7254913    0.0828423    0.1647215
