5196087    0.4362904    0.4287384
8605217    0.2345106    0.1299668
9317528    0.2727551    0.2057158
3821574    0.3310490    0.3623604
9576032    0.5069458    0.4559226
5714096    0.3797141    0.3535133
2096537    0.5723276    0.5143070
1098653    0.2683512    0.2242218
1705239    0.2730497    0.2859086
3627410    0.1778646    0.1669091
5187042    0.1334780    0.1006702
4328571    0.3664831    0.2830186
6703951    0.2923357    0.3346102
5062718    0.3932812    0.3361303
5732806    0.2107367    0.2251332
7160483    0.4047953    0.3933061
6491783    0.2638982    0.1806459
4528069    0.1329296    0.0866823
6895471    0.5201627    0.3507427
5170386    0.0831770    0.1994168
6902314    0.1831756    0.1910827
2645180    0.2137118    0.2753268
1059674    0.2535736    0.3643853
1056832    0.1398216    0.0971602
5469827    0.0416673    0.0428566
9180765    0.1868605    0.2107426
4309715    0.1303742    0.2172135
3296450    0.5973707    0.4556230
5814072    0.1933573    0.2005384
2673845    0.5641396    0.5826505
3892147    0.0673109    0.0164744
9461730    0.1967047    0.2078920
9583261    0.3440669    0.3347732
3041965    0.4253836    0.3015260
3215784    0.0695981    0.0698700
9138254    0.2920520    0.2656652
8512390    0.3917661    0.3575363
8054917    0.3262745    0.2281216
4987650    0.2964038    0.1604578
5183609    0.5404390    0.5938597
4932856    0.2126629    0.1466639
8397402    -0.0295911    0.0227722
1790246    0.2481418    0.3027383
8643509    0.4373056    0.4040332
3149850    0.0295857    0.0108933
2317805    0.4805482    0.4242882
7804269    0.1723401    0.1232213
1694783    0.0640252    0.0944452
1302765    0.3472123    0.2747116
9518437    0.1673752    0.2082753
2045968    0.1103608    0.1025475
3061874    0.2808881    0.3173568
7521463    0.3398980    0.3979419
3056417    0.3964929    0.1560150
4857263    0.3738794    0.2474470
6748193    0.2073776    0.1614254
4063285    0.2597609    0.3057995
1923504    0.4565430    0.4899053
2739650    0.1539570    0.1340528
7819360    0.3202660    0.3283495
5718692    0.1730530    0.2488101
6283704    0.0842864    0.0523522
9765234    0.3451286    0.3310645
4976231    0.4576726    0.3209679
7243896    0.3525857    0.2591476
8597263    0.1450746    0.2016837
4867502    0.3658697    0.2793680
6851203    0.2527070    0.2174859
5267094    0.2599849    0.2508173
9157643    0.4749572    0.4130810
2760143    0.3529654    0.2823719
5902371    0.2322153    0.2548802
9501276    0.0174545    -0.1723590
2081546    0.4467185    0.3337877
4768210    0.6686979    0.5746878
5140362    0.3208159    0.3186558
4123795    -0.0081841    -0.2203814
7369148    0.4514948    0.4362135
2836405    0.2381882    0.1777716
6594182    0.0526440    0.1314898
6982735    0.1570534    0.2309055
5648371    0.2782824    0.3314305
3891520    0.3327236    0.2467217
3645207    0.1910296    0.2204798
5123968    0.5559287    0.4810133
2158347    0.3815083    0.1475117
9706385    0.3472344    0.3913419
7918026    0.0989480    0.0423102
1487932    0.4101857    0.3861412
3740286    0.4547719    0.4160970
5146839    0.5332805    0.5264344
7548206    0.3996251    0.3510629
6807539    0.3188515    0.2905214
9257083    0.5751210    0.4325139
2078916    0.2681468    0.3514376
9328467    0.5027560    0.5529748
5178439    0.3721354    0.4036099
4807153    0.1503095    0.1136576
9381746    0.2999753    0.3084247
4637091    0.4661794    0.5841927
6083594    0.4033448    0.4697607
9084235    0.2844537    0.2324468
4750928    0.4639964    0.4316898
7130825    0.2484626    0.1250181
2361549    0.1515017    0.1861469
4935860    0.2500624    0.2755612
2018563    0.3960066    0.4522492
4165230    0.0664882    0.1436330
3264017    0.1892763    0.0758992
3015264    0.2364364    0.1660183
9084715    0.0584843    0.0298800
2869347    0.3789614    0.3228336
5160827    0.1363529    0.2150386
2465970    0.2177032    0.1805727
2941375    0.1039866    0.0920115
8496023    0.1516259    0.1281877
5308146    0.4128936    0.3439515
3786905    0.2339949    0.2363582
4265083    0.3106906    0.2635686
9607438    0.1222324    0.2192423
1340285    0.1161054    0.1095591
1260374    0.0731026    0.1391583
9518642    0.5007111    0.4626118
1804532    0.1433767    0.0491230
5619803    0.1762386    0.2591082
3280951    0.0553783    0.0439885
2498173    0.3937241    0.3123996
6175483    0.4677562    0.4850813
7126859    0.0000346    0.0583639
9546732    0.3262210    0.2653928
2384019    0.2573606    0.1597921
8463201    0.3381932    0.3345408
5762910    0.2062399    0.2408566
3250478    0.0873304    0.1484784
6025847    0.3156327    0.2993761
7483150    0.3565000    0.3707173
2931756    0.2538077    0.2040946
7348562    0.3256060    0.2786141
7803256    0.3907403    0.3417233
1932047    0.1806909    0.2248518
