6083594    0.4033448    0.3269007
76415208    0.0900140    0.1605885
78691503    0.3143425    0.3062088
23750186    0.1395542    0.1589889
5160827    0.1363529    0.1891894
42936180    0.4175026    0.3696700
5894621    0.2282716    0.2724738
2643098    0.2184954    0.2605736
87932541    0.1275321    0.0863122
9381746    0.2999753    0.3212859
93507642    0.2040192    0.2363555
9467830    -0.0446479    0.0844787
35897402    0.4143970    0.4939283
36509124    0.1029860    0.0764844
7819360    0.3202660    0.3817105
9084715    0.0584843    0.0766988
17596823    0.0303843    0.0746598
18967543    0.2637843    0.2685423
16958274    0.0291058    0.0692096
95240316    0.1675703    0.2638260
20819547    0.4023762    0.3712223
61927503    0.0583740    0.0609359
8315042    0.3440053    0.3583633
47812905    0.1007904    0.1883077
50836291    0.1281155    0.1402995
34072651    0.0493279    0.0075494
16375284    0.2126535    0.2285737
6423907    0.2354790    0.1967232
3469512    0.2516770    0.1698017
6530821    0.3380645    0.2937306
61792438    0.2751650    0.2203052
3280951    0.0553783    0.0917235
34982675    0.0478840    0.0706995
6703951    0.2923357    0.3153053
62941037    0.3422488    0.3817088
89231046    0.0701274    0.1160308
4807153    0.1503095    0.1797099
3582067    0.3364838    0.3491412
6748193    0.2073776    0.2702765
75684932    0.2416156    0.2450814
4867502    0.3658697    0.3654608
2760143    0.3529654    0.4007419
8054917    0.3262745    0.3981157
83429561    0.2568101    0.3231770
8496023    0.1516259    0.1041163
7130825    0.2484626    0.2679697
6175483    0.4677562    0.3874122
9328467    0.5027560    0.5033454
1056832    0.1398216    0.0787465
5308146    0.4128936    0.3558261
3061874    0.2808881    0.3088733
1743698    0.3903206    0.3150040
78351290    0.2346316    0.3235771
6982735    0.1570534    0.1648400
6930741    0.1099527    0.1292153
9354761    0.1451593    0.0766362
32450971    0.1140205    0.1253335
82769514    0.1071274    0.1865242
60897513    0.1301192    0.0564772
3056417    0.3964929    0.2732955
2043178    0.4086680    0.4477668
34681702    0.2408399    0.2511928
71453068    0.0661260    0.1094236
9583261    0.3440669    0.3730997
56124780    0.1965039    0.2717904
84135296    0.0717320    0.1882993
3092751    0.0439309    0.0928664
4693502    0.1955602    0.1239870
2018563    0.3960066    0.4315482
82354971    0.0228063    0.0993720
38549061    0.3059458    0.3008724
74920653    0.4227876    0.4748225
6319528    0.3046428    0.2772129
96138204    0.1449491    0.1036425
67905128    0.1698469    0.2133946
67409258    0.3510112    0.2347812
1694783    0.0640252    0.0508098
52634817    0.2849960    0.1711687
2465970    0.2177032    0.2107897
4932856    0.2126629    0.1997633
34105672    0.1870527    0.1713382
4267580    0.4071005    0.3804561
31286905    0.1618569    0.1275533
39720486    0.2953125    0.2517911
16094873    0.0280620    0.1001088
57043269    0.2307362    0.0729560
57129046    0.0741950    0.0544347
32875906    0.3579376    0.3250987
15780629    0.4336775    0.3223134
12507849    0.1052662    0.0704873
93481752    0.2718664    0.2060685
5469827    0.0416673    0.1509205
3514269    0.2860579    0.3394868
9501276    0.0174545    0.0784548
58319420    0.0758413    0.0907701
43206985    0.1951650    0.1560902
5196087    0.4362904    0.5021899
8512390    0.3917661    0.5842678
4768210    0.6686979    0.8725835
7803256    0.3907403    0.4250477
43860715    0.0869390    0.0809477
7918026    0.0989480    0.1814831
1059674    0.2535736    0.3653923
4306815    0.5216363    0.5832114
87904612    0.1259729    0.1408255
4987650    0.2964038    0.4117797
8290476    0.2635870    0.3158924
9731406    0.1191694    0.1548852
89604375    0.5544792    0.5259974
10693257    0.3052177    0.3030461
56893071    0.1657909    0.1957532
9576032    0.5069458    0.4177594
83265941    0.1260843    0.1608979
61487350    0.1231352    0.1470432
71465098    0.3067145    0.2319175
27845619    0.2513606    0.2789414
3254689    0.3482216    0.3815089
16504783    0.2812308    0.3944266
6902314    0.1831756    0.2462350
81439706    0.1262791    0.1018714
3014689    0.2795749    0.2710399
72150386    -0.0355079    0.0822580
58346072    0.3937567    0.2960459
86192507    0.0664135    0.0946113
1260374    0.0731026    0.0323073
30975426    0.2825031    0.2816359
13480652    0.2119081    0.2311248
69538402    0.4654601    0.4096624
6594182    0.0526440    0.1259996
7548206    0.3996251    0.4348212
71403958    0.3880658    0.2709904
75149062    0.1247694    0.1681607
5178439    0.3721354    0.4181456
7521463    0.3398980    0.3584749
9450781    0.3211172    0.2850996
62897034    0.1620364    0.1781954
7243896    0.3525857    0.4244158
6807539    0.3188515    0.3428168
9157643    0.4749572    0.3938441
4960875    0.1032987    0.1328207
5738926    0.3573479    0.3410278
95267031    0.1225485    0.0736759
2361549    0.1515017    0.1970471
1365094    0.2127880    0.2363925
5267094    0.2599849    0.2432900
4309715    0.1303742    0.1753349
1069425    0.5509495    0.5477496
38960417    0.0926794    0.1771132
97428650    0.1566038    0.1752155
3250478    0.0873304    0.0783021
5762910    0.2062399    0.2956471
67851930    0.1565579    0.1895282
2541903    0.3190446    0.2453581
2384019    0.2573606    0.3306236
8597263    0.1450746    0.2488378
62157849    0.1091794    0.1705533
32714856    0.3173793    0.3649622
37068241    0.4272806    0.4381703
2845369    0.2818527    0.2463850
79648230    0.2436525    0.3313447
50648317    0.3646901    0.3857127
6138297    0.0625853    0.1362655
40568932    0.1124073    0.0447422
3041965    0.4253836    0.3805870
85709634    0.1365534    0.1237071
16943087    0.1024783    0.1397821
7804269    0.1723401    0.2557625
10378294    0.3021635    0.3459390
1735482    0.1225054    0.1607831
42368795    0.4455477    0.5142485
3578406    0.1215780    0.1016874
6271834    0.0263550    0.0868199
2673845    0.5641396    0.6170012
4692830    0.5977371    0.4525953
61784935    0.0502294    0.0915696
59806341    0.3732070    0.4537560
68427591    0.0416545    0.0464324
37419068    0.1121111    0.1321154
81437256    0.3754057    0.3644122
35842190    0.0440798    0.0717412
8521307    0.3988584    0.4389446
64021875    0.1019267    0.0687337
5693807    0.1703150    0.1766826
5170386    0.0831770    0.1536539
3627410    0.1778646    0.1696970
65349018    0.3772913    0.2665363
2869347    0.3789614    0.4552767
46879352    0.1105719    0.0858592
85902746    0.2217552    0.2707294
5619803    0.1762386    0.1845548
48270965    -0.0273596    0.0506698
45068793    0.0582267    0.0827610
9461730    0.1967047    0.1649922
12904576    0.3852948    0.3880579
9084235    0.2844537    0.2220367
1705239    0.2730497    0.3495255
71248596    0.0827905    0.0978511
9317528    0.2727551    0.2622149
5140362    0.3208159    0.3070503
19436725    0.1565862    0.1581117
9518642    0.5007111    0.5568323
2317805    0.4805482    0.4570559
9425807    0.3096627    0.3575783
58029641    0.1638877    0.2172548
4857263    0.3738794    0.3799563
9138254    0.2920520    0.3394171
93270846    0.3896023    0.3293027
8605217    0.2345106    0.2376359
41085739    0.2158497    0.1678996
34012568    0.4028562    0.3995382
72153046    0.0292038    0.0827737
56489170    0.3309727    0.3683017
9706385    0.3472344    0.3666884
78510264    0.0811135    0.1907597
9518437    0.1673752    0.2007704
7985463    0.1468814    0.2028885
94185602    0.0684437    0.0625164
6039182    0.2504354    0.3026469
50129364    0.3502489    0.3691979
1923504    0.4565430    0.5363219
7254913    0.0828423    0.1675897
67435291    0.3115513    0.4426685
21064358    0.1029364    0.1086290
8927605    0.1242698    0.1163180
2694380    0.2196963    0.2065426
79324150    0.1327389    0.2008107
59387142    0.2924146    0.2429640
5718692    0.1730530    0.1043505
4935860    0.2500624    0.2434366
83764925    0.1711960    0.1371342
19483527    0.1787383    0.1987361
35280617    -0.0191183    0.0730307
30694825    0.0365880    0.0840847
76402381    0.0634703    0.0858344
2645180    0.2137118    0.2130777
25976038    0.2738430    0.2908956
62945318    0.1630607    0.1445978
23074169    0.4747303    0.4850851
6851203    0.2527070    0.2497475
24501987    0.1447957    0.1631033
40236598    0.1331878    0.1511586
98016472    0.1913138    0.1958667
20519736    0.2078745    0.2298595
9720165    0.4198961    0.3792590
10392748    0.1246251    0.1830431
41253670    0.2920886    0.2678252
71305486    0.5131515    0.6437004
41267093    0.0940958    0.1636958
20419573    0.2637484    0.2316866
4327501    0.2126635    0.2645679
6278590    0.0292114    0.0651139
4352098    0.3358923    0.4618169
5294037    0.3698771    0.4104720
39062841    0.0944830    0.1277982
3741296    0.0530962    0.0617976
1098653    0.2683512    0.3177785
8397402    -0.0295911    0.0231129
5814072    0.1933573    0.2220062
65374182    0.0248284    0.0809744
4637091    0.4661794    0.5288814
9603748    0.2451397    0.2321597
3015264    0.2364364    0.2578506
9245670    0.3915895    0.3427492
92165478    0.3181673    0.3245659
70264158    0.1874085    0.2017301
1487932    0.4101857    0.4751945
9321840    0.4420901    0.3973057
1279568    -0.0397060    -0.0240778
9317254    0.3729283    0.3813630
24035867    0.2180151    0.3556362
50942871    0.0802008    0.0713798
87563140    0.2003200    0.2654997
96302148    0.2372141    0.2525519
85320746    0.3344432    0.3879074
32508179    0.0563334    0.1382114
9840216    0.0807284    0.1490846
32156478    0.0373923    0.1263350
70843926    0.2776558    0.2762396
4750928    0.4639964    0.4913654
5683192    0.4733342    0.4176061
