85902746    0.2217552    0.2399057
56124780    0.1965039    0.0942814
2514308    0.3364096    0.2181933
1694783    0.0640252    0.1757891
6491783    0.2638982    0.1757891
74920653    0.4227876    0.4910684
71465098    0.3067145    0.2804140
93608745    0.2518492    0.1831567
62157849    0.1091794    0.1757891
8410523    0.3938945    0.2651523
97428650    0.1566038    0.1540732
91052873    0.1417432    0.1757891
3469512    0.2516770    0.1626756
6851203    0.2527070    0.2521639
5372069    0.3426059    0.2897904
59230168    0.1671241    0.1757891
56893071    0.1657909    0.1470960
6807539    0.3188515    0.2380394
9720165    0.4198961    0.4112739
92165478    0.3181673    0.2763133
8317509    0.1872364    0.1757891
5762910    0.2062399    0.2448238
8463201    0.3381932    0.2544156
4976231    0.4576726    0.2805230
1365094    0.2127880    0.2527541
50987241    0.2942135    0.3234979
1804532    0.1433767    0.1251209
3645207    0.1910296    0.1992564
41267093    0.0940958    0.1280641
71453068    0.0661260    0.1523037
9138254    0.2920520    0.3448295
2198367    0.0754390    0.2098102
2760143    0.3529654    0.2197006
5902371    0.2322153    0.1666056
5160827    0.1363529    0.1616471
75684932    0.2416156    0.1517300
9354761    0.1451593    0.1154645
67905128    0.1698469    0.1851776
4063285    0.2597609    0.3391262
15860437    0.1634063    0.1659501
12064358    0.1449998    0.1889329
6271834    0.0263550    0.1757891
9381746    0.2999753    0.3402971
52634817    0.2849960    0.1757891
9084715    0.0584843    0.1757891
32875906    0.3579376    0.2751505
94130527    0.1603314    0.2129810
5814072    0.1933573    0.1757891
58642793    0.1629138    0.1757891
38702645    0.1698794    0.1477797
32156478    0.0373923    0.1375294
2465970    0.2177032    0.1632440
39186520    0.1250224    0.1669840
71248596    0.0827905    0.2191806
2045968    0.1103608    0.1757891
40326571    0.2393876    0.1634347
3740286    0.4547719    0.4023520
84135296    0.0717320    0.1229247
95308671    0.2649733    0.1850153
79648230    0.2436525    0.2467077
5714096    0.3797141    0.3590443
72150386    -0.0355079    0.1584150
4768210    0.6686979    0.5580909
5140362    0.3208159    0.2993149
9461730    0.1967047    0.2342557
42936180    0.4175026    0.3299553
87563140    0.2003200    0.1757891
52948361    0.0420176    0.1757891
6319528    0.3046428    0.1759080
69578014    0.2654074    0.1757891
3254689    0.3482216    0.3322817
9546732    0.3262210    0.2700149
78351290    0.2346316    0.1757891
7126859    0.0000346    0.3624770
81439706    0.1262791    0.1757891
2498173    0.3937241    0.3228220
9731406    0.1191694    0.1757891
71305486    0.5131515    0.2957749
65790324    0.0046216    0.1700458
8653417    0.1287219    0.2373993
43065218    0.2726136    0.1435370
2081546    0.4467185    0.3785754
5308146    0.4128936    0.3033500
94528706    0.1321287    0.2054321
7905641    0.2707025    0.2456340
6982735    0.1570534    0.1625514
3296450    0.5973707    0.2870015
34012568    0.4028562    0.3584276
13085762    0.3273837    0.3130038
26408915    0.1213319    0.1602762
1340285    0.1161054    0.1757891
81294637    0.2323228    0.1525860
71403958    0.3880658    0.2491514
3061874    0.2808881    0.3109703
7243896    0.3525857    0.2595807
18325407    0.3715184    0.2698261
4265083    0.3106906    0.2868068
4127693    0.3656554    0.1757891
43780952    0.3129933    0.0988583
2845369    0.2818527    0.2137595
2931756    0.2538077    0.1492736
67851930    0.1565579    0.1757891
4935860    0.2500624    0.3594510
7932580    0.4682114    0.2791956
7521463    0.3398980    0.3235133
43208516    0.2005489    0.1650075
36509124    0.1029860    0.1757891
69538402    0.4654601    0.3106248
3092751    0.0439309    0.1294132
7985463    0.1468814    0.1757891
78691503    0.3143425    0.1757891
87904612    0.1259729    0.1366319
8290476    0.2635870    0.2156224
20419573    0.2637484    0.1555700
40568932    0.1124073    0.1631657
8597263    0.1450746    0.1739616
9317528    0.2727551    0.2167639
1059674    0.2535736    0.3638511
2096537    0.5723276    0.5340236
8315042    0.3440053    0.2145593
59481307    0.1335299    0.1578846
6083594    0.4033448    0.3342441
9180765    0.1868605    0.3069525
5718692    0.1730530    0.2430829
3215784    0.0695981    0.0904266
80163975    -0.0812560    0.1757891
92057831    0.1228388    0.1010401
15780629    0.4336775    0.2646162
98526013    0.1456753    0.1206856
3014689    0.2795749    0.1757891
97183264    0.3591365    0.3080256
62941037    0.3422488    0.3157029
6039182    0.2504354    0.3525312
6971305    0.4535946    0.4074171
9157643    0.4749572    0.4282455
86192507    0.0664135    0.1940863
3578406    0.1215780    0.1542499
2568307    0.2370991    0.1757891
64213980    0.0801635    0.1552773
64021875    0.1019267    0.1757891
6315928    0.2469237    0.1943870
23074169    0.4747303    0.3068925
82609473    -0.0309462    0.1474303
1279568    -0.0397060    0.1504716
8512390    0.3917661    0.3851681
4165972    0.2014961    0.3605770
3015264    0.2364364    0.1644364
4528069    0.1329296    0.0883040
9583261    0.3440669    0.4059363
9328467    0.5027560    0.4011701
32714856    0.3173793    0.1757891
5732806    0.2107367    0.1773524
4692830    0.5977371    0.3822976
51763480    0.4308012    0.5369914
83265941    0.1260843    0.1530938
4165230    0.0664882    0.1826942
1487932    0.4101857    0.5750173
62897034    0.1620364    0.1757891
78510264    0.0811135    0.1521409
7063891    0.3753386    0.3405476
21064358    0.1029364    0.1757891
25986740    0.1667644    0.1757891
37419068    0.1121111    0.1757891
5749680    0.1812531    0.1513674
54789260    0.0388761    0.1757891
24035867    0.2180151    0.2351134
2018563    0.3960066    0.3323389
2869347    0.3789614    0.2856506
17042638    0.1411405    0.1796739
68293104    0.0358413    0.1404849
31254760    0.4422659    0.2559921
19743065    0.0593324    0.1470821
85397462    0.1461277    0.1583702
2643098    0.2184954    0.3528611
8521307    0.3988584    0.2712647
4987650    0.2964038    0.2744052
76402381    0.0634703    0.1496124
16094873    0.0280620    0.1757891
6423907    0.2354790    0.1757891
3582067    0.3364838    0.3945063
2836405    0.2381882    0.1757891
5062718    0.3932812    0.1932268
94185602    0.0684437    0.1000469
16943087    0.1024783    0.1082991
34209168    0.1613672    0.1757891
7548206    0.3996251    0.3458247
2941375    0.1039866    0.1757891
4309715    0.1303742    0.1651741
67409258    0.3510112    0.3064182
41085739    0.2158497    0.1628069
81437256    0.3754057    0.3180574
19436725    0.1565862    0.1414020
50942871    0.0802008    0.0638831
56920873    0.2995450    0.2304630
31286905    0.1618569    0.1785169
75149062    0.1247694    0.1757891
60573841    0.0080028    0.2098926
85320746    0.3344432    0.2334633
10392748    0.1246251    0.1263176
12458390    0.1245855    0.1553289
1790246    0.2481418    0.3108344
81693024    0.1615259    0.1757891
9084235    0.2844537    0.2576689
3280951    0.0553783    0.1757891
93270846    0.3896023    0.2346443
56140738    0.3249323    0.1757891
5891230    0.2276907    0.1540362
61784935    0.0502294    0.1757891
4327501    0.2126635    0.1819620
30694825    0.0365880    0.1757891
37068241    0.4272806    0.4312747
6543129    0.4651338    0.2488008
20694735    0.0069220    0.1257647
13658924    0.0792403    0.1757891
95063127    0.3365001    0.1863007
4328571    0.3664831    0.3033972
1069425    0.5509495    0.2224285
89231046    0.0701274    0.1644923
12507849    0.1052662    0.1757891
14387690    0.2061633    0.1545739
3627410    0.1778646    0.1757891
6025847    0.3156327    0.2654123
45726190    0.1449229    0.1757891
3821574    0.3310490    0.3008486
58029641    0.1638877    0.2031832
67239801    0.1973108    0.2007046
2487590    0.1245996    0.1539018
9267581    0.1851758    0.2325990
41253670    0.2920886    0.2201738
7348562    0.3256060    0.4032559
83197206    0.2185750    0.1757891
67381945    0.1065278    0.1526325
45628709    0.1130647    0.1265494
4932856    0.2126629    0.1757891
5693807    0.1703150    0.2292213
6902314    0.1831756    0.2270171
4637091    0.4661794    0.2173933
95267031    0.1225485    0.1202386
9603748    0.2451397    0.3075376
18952376    0.0941340    0.1757891
7190582    0.5212715    0.3095450
7804269    0.1723401    0.1559092
35897402    0.4143970    0.2464308
10378294    0.3021635    0.2714964
37049621    0.1162308    0.1682282
98016472    0.1913138    0.1543038
7483150    0.3565000    0.4188719
6283704    0.0842864    0.1381078
23705914    0.1015233    0.1830562
59387142    0.2924146    0.2687049
27159836    0.0332070    0.1711539
5294037    0.3698771    0.2281815
12304586    0.2230351    0.1757891
61932785    0.2703631    0.0967157
9518437    0.1673752    0.2423094
3149850    0.0295857    0.1652511
58346072    0.3937567    0.3519925
6138297    0.0625853    0.1557172
1302765    0.3472123    0.2148914
9706385    0.3472344    0.2873801
27156309    0.1905536    0.1504491
2819470    0.3080540    0.2257617
7160483    0.4047953    0.3123325
89604375    0.5544792    0.3838559
72015384    0.5095192    0.3621627
2078916    0.2681468    0.3600383
9607438    0.1222324    0.1757891
3892147    0.0673109    0.1833861
7130825    0.2484626    0.1590668
87932541    0.1275321    0.1573240
56489170    0.3309727    0.3250398
4857263    0.3738794    0.2789814
6278590    0.0292114    0.1332807
9380175    0.2946367    0.2467862
94715302    0.3625983    0.3049544
7819360    0.3202660    0.3336441
62945318    0.1630607    0.1757891
70264158    0.1874085    0.1757891
87196024    0.1803782    0.1309940
6342708    0.0867694    0.1524561
