30694825    0.0365880    0.0621040
43206985    0.1951650    0.1205280
43972106    0.3626580    0.3926770
63975401    -0.0284755    0.0484130
85709634    0.1365534    0.1065108
96138204    0.1449491    0.1389212
50619347    0.3196470    0.4392914
71305486    0.5131515    0.4681460
71465098    0.3067145    0.2659616
10857693    0.2848121    0.3769707
87904612    0.1259729    0.0946664
32508179    0.0563334    0.1103700
13658924    0.0792403    0.0998648
10392748    0.1246251    0.0963888
81294637    0.2323228    0.1476304
36509124    0.1029860    0.1537764
48270965    -0.0273596    0.0606149
40236598    0.1331878    0.1541991
41085739    0.2158497    0.2867188
57043269    0.2307362    0.2417874
94185602    0.0684437    0.1231800
34072651    0.0493279    -0.0067580
18325407    0.3715184    0.2856433
98526013    0.1456753    0.2581387
43860715    0.0869390    0.0227729
87196024    0.1803782    0.1597838
68293104    0.0358413    0.0403253
89604375    0.5544792    0.4846687
23750186    0.1395542    0.1051886
82139740    0.3176008    0.2588891
62157849    0.1091794    0.1540975
89231046    0.0701274    0.0977817
60897513    0.1301192    0.1034613
19436725    0.1565862    0.1000322
16375284    0.2126535    0.2007739
13085762    0.3273837    0.2896219
58029641    0.1638877    0.1741086
83197206    0.2185750    0.1883765
34681702    0.2408399    0.2436018
81439706    0.1262791    0.0732909
59481307    0.1335299    0.1168913
83429561    0.2568101    0.3499164
67905128    0.1698469    0.1690360
27845619    0.2513606    0.1775242
16943087    0.1024783    0.1504585
46879352    0.1105719    0.0830277
67239801    0.1973108    0.2144536
43790281    0.0475672    0.1361397
94130527    0.1603314    0.1212337
76415208    0.0900140    0.1693453
25976038    0.2738430    0.2885307
58642793    0.1629138    0.2021899
71453068    0.0661260    0.1127649
84135296    0.0717320    0.1451873
78510264    0.0811135    0.1006000
42936180    0.4175026    0.3013351
46752830    0.5220824    0.2632855
47098521    0.1130693    0.1433852
38702645    0.1698794    0.1462833
19483527    0.1787383    0.1900982
20819547    0.4023762    0.4955690
75684932    0.2416156    0.2201766
14387690    0.2061633    0.1187618
58319420    0.0758413    0.0620696
95240316    0.1675703    0.1671520
17596823    0.0303843    0.1023205
32875906    0.3579376    0.5208939
84036972    0.2046254    0.1808328
20456318    0.0361747    0.0935821
35842190    0.0440798    0.0618065
27156309    0.1905536    0.1486129
70264158    0.1874085    0.2519074
79324150    0.1327389    0.1146643
71403958    0.3880658    0.3245919
19743065    0.0593324    0.0960847
82769514    0.1071274    0.1301262
56124780    0.1965039    0.1618706
15860437    0.1634063    0.2038514
81693024    0.1615259    0.1581598
63175049    0.2735692    0.1964123
34209168    0.1613672    0.1435192
59230168    0.1671241    0.1035553
50129364    0.3502489    0.2856019
61487350    0.1231352    0.1656248
37419068    0.1121111    0.0818827
86192507    0.0664135    0.1098906
95267031    0.1225485    0.1090233
52634817    0.2849960    0.2153339
10693257    0.3052177    0.2905825
96302148    0.2372141    0.1815961
74920568    0.0942004    0.0983770
39062841    0.0944830    0.0997312
93507642    0.2040192    0.1778008
93608745    0.2518492    0.2432847
31879054    0.3563824    0.3414169
69578014    0.2654074    0.2563880
32714856    0.3173793    0.3422133
15780629    0.4336775    0.4399596
32156478    0.0373923    0.1005053
34105672    0.1870527    0.1392917
34982675    0.0478840    0.0977229
67381945    0.1065278    0.1001185
65374182    0.0248284    0.1181165
83265941    0.1260843    0.1248275
69538402    0.4654601    0.2781669
49670328    0.1332543    0.1650639
72153046    0.0292038    0.1171574
35280617    -0.0191183    0.1490922
67435291    0.3115513    0.3797428
57129046    0.0741950    0.1404847
74920653    0.4227876    0.4100582
67198240    0.4920497    0.3143579
16094873    0.0280620    0.0857958
54789260    0.0388761    0.1432513
97408251    0.0528856    0.0913631
71248596    0.0827905    0.0959743
72150386    -0.0355079    0.0590265
34012568    0.4028562    0.5307930
71204863    0.2342260    0.2278897
38960417    0.0926794    0.0919050
93270846    0.3896023    0.4548123
39186520    0.1250224    0.1946415
32450971    0.1140205    0.1257833
37068241    0.4272806    0.3511512
87932541    0.1275321    0.1084118
97183264    0.3591365    0.3511435
56489170    0.3309727    0.3453823
12904576    0.3852948    0.5083382
34189275    0.0542352    0.1048173
20419573    0.2637484    0.2171581
94528706    0.1321287    0.1506712
50836291    0.1281155    0.1414685
52948361    0.0420176    0.0469513
12507849    0.1052662    0.1681161
21064358    0.1029364    0.0469401
41267093    0.0940958    0.1663283
40326571    0.2393876    0.1948225
70843926    0.2776558    0.3018346
85902746    0.2217552    0.1969393
56920873    0.2995450    0.3821981
