5196087    0.4362904    0.2879659
3627410    0.1778646    0.1385862
9084235    0.2844537    0.2740336
4328571    0.3664831    0.2724960
6752138    0.1926357    0.1864776
3296450    0.5973707    0.5082248
1340285    0.1161054    0.1864776
8496023    0.1516259    0.1536570
5749680    0.1812531    0.1659787
2198367    0.0754390    0.1200269
7521463    0.3398980    0.2822411
9720165    0.4198961    0.3298787
2498173    0.3937241    0.3607824
5732806    0.2107367    0.1736781
7254913    0.0828423    0.1864776
5894621    0.2282716    0.2425957
9518437    0.1673752    0.1941499
7483150    0.3565000    0.4110436
4165230    0.0664882    0.2179951
9706385    0.3472344    0.2750000
6083594    0.4033448    0.3943473
2018563    0.3960066    0.3189491
1694783    0.0640252    0.1864776
9518642    0.5007111    0.2340242
3786905    0.2339949    0.1319426
5831672    0.2538592    0.2531936
5160827    0.1363529    0.1429010
8605217    0.2345106    0.1961435
6319528    0.3046428    0.2563179
5714096    0.3797141    0.3234643
7126859    0.0000346    -0.0243488
3645207    0.1910296    0.1536989
9257083    0.5751210    0.3018899
2487590    0.1245996    0.1864776
1069425    0.5509495    0.5158169
5062718    0.3932812    0.2884092
8512390    0.3917661    0.4164567
9138254    0.2920520    0.2316017
3041965    0.4253836    0.3189006
7804269    0.1723401    0.1864776
3821574    0.3310490    0.2071352
2568307    0.2370991    0.1735416
7819360    0.3202660    0.3457685
2836405    0.2381882    0.1871561
5648371    0.2782824    0.2573534
9546732    0.3262210    0.2313072
9425807    0.3096627    0.1864776
6971305    0.4535946    0.4810123
2158347    0.3815083    0.3558402
6895471    0.5201627    0.2170064
6138297    0.0625853    0.1864776
5146839    0.5332805    0.3605440
4267580    0.4071005    0.2792382
9840216    0.0807284    0.1353971
9607438    0.1222324    0.1864776
3204167    0.3540025    0.2517030
2760143    0.3529654    0.3285043
1056832    0.1398216    0.0890930
9321840    0.4420901    0.2779112
6135948    0.4934883    0.4784949
3741296    0.0530962    0.1249798
9731406    0.1191694    0.1242981
8927605    0.1242698    0.1864776
9182473    0.1916796    0.1795277
7548206    0.3996251    0.3691006
6851203    0.2527070    0.2010809
2045968    0.1103608    0.1864776
5170386    0.0831770    0.1864776
6283704    0.0842864    0.1864776
8054917    0.3262745    0.2987050
9354761    0.1451593    0.1864776
4750928    0.4639964    0.3502486
6039182    0.2504354    0.2338753
6902314    0.1831756    0.1864776
7803256    0.3907403    0.3059235
5140362    0.3208159    0.3712200
9603748    0.2451397    0.2195574
2819470    0.3080540    0.3078298
2931756    0.2538077    0.2656770
8643509    0.4373056    0.4854288
6491783    0.2638982    0.2626548
6175483    0.4677562    0.2370082
4960875    0.1032987    0.1470766
4123795    -0.0081841    0.1864776
3092751    0.0439309    0.1589496
8315042    0.3440053    0.2703910
1735482    0.1225054    0.1864776
8410523    0.3938945    0.3453200
9450781    0.3211172    0.2958659
1932047    0.1806909    0.1864776
8397402    -0.0295911    0.1864776
3469512    0.2516770    0.1716381
4692830    0.5977371    0.6007547
3891520    0.3327236    0.3452020
4306815    0.5216363    0.4628034
2943061    0.1322802    0.1867753
4987650    0.2964038    0.2740311
4935860    0.2500624    0.1864776
2739650    0.1539570    0.1679801
4528069    0.1329296    0.1923983
5183609    0.5404390    0.5694484
2514308    0.3364096    0.3549582
4768210    0.6686979    0.4732580
6807539    0.3188515    0.3205671
3578406    0.1215780    0.1864776
1804532    0.1433767    0.1210378
4352098    0.3358923    0.2995062
3149850    0.0295857    0.1548383
9180765    0.1868605    0.1864776
9618250    0.1745989    0.1864776
6342708    0.0867694    0.1864776
4165972    0.2014961    0.2194730
4807153    0.1503095    0.1864776
9381746    0.2999753    0.2877616
6748193    0.2073776    0.2402865
8290476    0.2635870    0.2518539
5619803    0.1762386    0.1864776
5372069    0.3426059    0.3124318
9317254    0.3729283    0.3099412
2361549    0.1515017    0.1907084
4327501    0.2126635    0.2039475
4265083    0.3106906    0.3162583
4063285    0.2597609    0.2761729
6543129    0.4651338    0.4490474
3582067    0.3364838    0.2655995
7932580    0.4682114    0.4596984
9084715    0.0584843    0.1864776
3215784    0.0695981    0.1864776
4203176    0.0868008    0.1358894
5891230    0.2276907    0.1743247
5902371    0.2322153    0.1864776
1365094    0.2127880    0.2435174
6091584    0.0551016    0.0755338
3014689    0.2795749    0.2926351
5197243    0.5915708    0.6880801
5814072    0.1933573    0.1515834
2673845    0.5641396    0.2774417
8597263    0.1450746    0.1407309
6315928    0.2469237    0.2551207
3740286    0.4547719    0.3118505
