6807539    0.3188515    0.2936539
5187042    0.1334780    0.1202445
2739650    0.1539570    0.1355782
9425807    0.3096627    0.2906273
2096537    0.5723276    0.5303197
2694380    0.2196963    0.1923362
2081546    0.4467185    0.4516841
5718692    0.1730530    0.2068583
9706385    0.3472344    0.3827843
2498173    0.3937241    0.3502727
1260374    0.0731026    0.0194530
6271834    0.0263550    0.0072631
4265083    0.3106906    0.2756287
4127693    0.3656554    0.3182215
8597263    0.1450746    0.2243853
3582067    0.3364838    0.3969490
4750928    0.4639964    0.5224679
8605217    0.2345106    0.2250582
4528069    0.1329296    0.1425784
1279568    -0.0397060    0.0989526
3015264    0.2364364    0.1245715
4309715    0.1303742    0.1400876
9603748    0.2451397    0.2194117
4935860    0.2500624    0.3528657
9765234    0.3451286    0.3673843
2931756    0.2538077    0.3281748
3092751    0.0439309    0.1182807
4768210    0.6686979    0.5277018
3821574    0.3310490    0.2391064
3514269    0.2860579    0.2787417
9084235    0.2844537    0.2798160
6594182    0.0526440    0.0902069
9182473    0.1916796    0.1912489
8653417    0.1287219    0.1760111
1895642    0.3019776    0.2599106
4857263    0.3738794    0.3847546
2568307    0.2370991    0.2124170
5814072    0.1933573    0.2213473
9354761    0.1451593    0.1859749
9607438    0.1222324    0.1233756
7483150    0.3565000    0.3406077
6135948    0.4934883    0.3779666
3014689    0.2795749    0.2601351
5469827    0.0416673    0.2079894
3612974    0.1838014    0.1708438
1059674    0.2535736    0.2872976
3250478    0.0873304    0.0858535
5267094    0.2599849    0.2777129
7905641    0.2707025    0.2052304
5197243    0.5915708    0.5844890
4867502    0.3658697    0.4088236
7932580    0.4682114    0.5057881
6703951    0.2923357    0.3299487
7803256    0.3907403    0.3926668
5140362    0.3208159    0.2716941
9618250    0.1745989    0.1108718
5732806    0.2107367    0.1879188
9317528    0.2727551    0.2129721
2836405    0.2381882    0.2372900
5196087    0.4362904    0.3732401
4328571    0.3664831    0.3939919
2941375    0.1039866    0.1637052
7348562    0.3256060    0.3125814
7918026    0.0989480    0.1366667
6342708    0.0867694    0.0845217
9450781    0.3211172    0.3160585
1056832    0.1398216    0.1212602
1098653    0.2683512    0.2696671
4165972    0.2014961    0.2198778
1705239    0.2730497    0.2748358
1320567    0.2311754    0.1338881
6278590    0.0292114    0.0365155
3645207    0.1910296    0.1918796
2760143    0.3529654    0.3805720
6851203    0.2527070    0.2313248
2198367    0.0754390    0.0401107
8317509    0.1872364    0.2105078
4165230    0.0664882    0.1256584
6025847    0.3156327    0.2637831
1923504    0.4565430    0.3475002
7521463    0.3398980    0.3159743
5683192    0.4733342    0.4021631
1932047    0.1806909    0.1785489
2465970    0.2177032    0.2106746
8054917    0.3262745    0.3513625
2869347    0.3789614    0.3321117
8613947    0.2891041    0.2341712
4352098    0.3358923    0.3949314
9518437    0.1673752    0.1245623
4976231    0.4576726    0.3986402
3204167    0.3540025    0.3718044
5160827    0.1363529    0.1857169
3296450    0.5973707    0.6302243
9157643    0.4749572    0.5011604
1340285    0.1161054    0.1721984
3061874    0.2808881    0.3090802
5902371    0.2322153    0.2529821
5183609    0.5404390    0.4794434
4267580    0.4071005    0.3639717
3469512    0.2516770    0.2780548
4807153    0.1503095    0.1395684
8463201    0.3381932    0.3646056
5062718    0.3932812    0.4793008
2819470    0.3080540    0.3231935
7243896    0.3525857    0.4007386
2514308    0.3364096    0.3145427
9583261    0.3440669    0.5040463
7063891    0.3753386    0.4350784
8315042    0.3440053    0.2392528
3149850    0.0295857    0.0462747
7254913    0.0828423    0.0488239
5619803    0.1762386    0.1952747
1365094    0.2127880    0.1788827
3041965    0.4253836    0.4537358
6902314    0.1831756    0.1753118
5308146    0.4128936    0.3759573
7160483    0.4047953    0.3721770
3280951    0.0553783    -0.0996387
8643509    0.4373056    0.3602422
9257083    0.5751210    0.5758359
9380175    0.2946367    0.2794003
7985463    0.1468814    0.1698627
6315928    0.2469237    0.2385802
2384019    0.2573606    0.2103810
1069425    0.5509495    0.4559470
6423907    0.2354790    0.1687915
6982735    0.1570534    0.1758087
7804269    0.1723401    0.1102357
9381746    0.2999753    0.2859643
9731406    0.1191694    0.1607631
9328467    0.5027560    0.5323334
9720165    0.4198961    0.3162102
5749680    0.1812531    0.1910102
6895471    0.5201627    0.4143772
2643098    0.2184954    0.2530580
4123795    -0.0081841    0.0762368
9267581    0.1851758    0.1742616
2645180    0.2137118    0.2422681
9605831    0.1809202    0.2265235
1804532    0.1433767    0.0414314
