2317805    0.4805482    0.4438299
4528069    0.1329296    0.0552689
9180765    0.1868605    0.2074857
3041965    0.4253836    0.3822179
4750928    0.4639964    0.3665869
4267580    0.4071005    0.4406832
8410523    0.3938945    0.3059304
2760143    0.3529654    0.2912494
5648371    0.2782824    0.3413879
5891230    0.2276907    0.1986628
9182473    0.1916796    0.1704390
3578406    0.1215780    0.1851463
1279568    -0.0397060    0.0608795
3582067    0.3364838    0.3608432
9257083    0.5751210    0.3586476
9518437    0.1673752    0.1578887
9706385    0.3472344    0.3387451
9731406    0.1191694    0.1431535
6039182    0.2504354    0.1997710
2845369    0.2818527    0.2785112
9720165    0.4198961    0.3103856
6283704    0.0842864    0.1309825
8054917    0.3262745    0.3288838
7819360    0.3202660    0.3290926
3891520    0.3327236    0.3411402
2078916    0.2681468    0.2527333
6703951    0.2923357    0.3286651
2568307    0.2370991    0.2303884
5732806    0.2107367    0.1798651
4932856    0.2126629    0.1559970
5469827    0.0416673    0.1475011
5683192    0.4733342    0.4005093
9084235    0.2844537    0.2494933
2673845    0.5641396    0.7220498
9157643    0.4749572    0.3637793
8643509    0.4373056    0.5546224
6342708    0.0867694    0.0954664
9317254    0.3729283    0.2753068
6175483    0.4677562    0.5007007
3741296    0.0530962    -0.0631107
2645180    0.2137118    0.2371164
5738926    0.3573479    0.3175968
1923504    0.4565430    0.4157307
2081546    0.4467185    0.3505936
4352098    0.3358923    0.3282567
5308146    0.4128936    0.3311817
2739650    0.1539570    0.1455059
1069425    0.5509495    0.4108313
1098653    0.2683512    0.3179315
6315928    0.2469237    0.2861022
7918026    0.0989480    0.1171957
5762910    0.2062399    0.2176142
9605831    0.1809202    0.1634575
5183609    0.5404390    0.2982105
1487932    0.4101857    0.5853317
8653417    0.1287219    0.0818214
9576032    0.5069458    0.5185353
8290476    0.2635870    0.3200077
2498173    0.3937241    0.3782989
9501276    0.0174545    0.0052822
4165230    0.0664882    0.1208196
5187042    0.1334780    0.1924747
1735482    0.1225054    0.1769581
7548206    0.3996251    0.2659185
6851203    0.2527070    0.1897115
5062718    0.3932812    0.3399638
8496023    0.1516259    0.0086024
7254913    0.0828423    0.0756753
4693502    0.1955602    0.1905411
9607438    0.1222324    0.0401709
9354761    0.1451593    0.0652661
9245670    0.3915895    0.3819101
7804269    0.1723401    0.1924747
6135948    0.4934883    0.2702234
2541903    0.3190446    0.3266285
8397402    -0.0295911    0.1070795
9267581    0.1851758    0.1940360
5749680    0.1812531    0.1593143
4857263    0.3738794    0.3308248
6902314    0.1831756    0.1718074
6807539    0.3188515    0.3380677
4123795    -0.0081841    0.1349848
2096537    0.5723276    0.4552352
2384019    0.2573606    0.1713884
4935860    0.2500624    0.1523882
3204167    0.3540025    0.3968492
2941375    0.1039866    0.1662690
3612974    0.1838014    0.1556300
2045968    0.1103608    0.1058456
9328467    0.5027560    0.4580296
3015264    0.2364364    0.1958367
2943061    0.1322802    0.0771598
5902371    0.2322153    0.1427579
3149850    0.0295857    0.1924747
5693807    0.1703150    0.3060335
9084715    0.0584843    0.0809424
1705239    0.2730497    0.3015270
6530821    0.3380645    0.3663353
1694783    0.0640252    0.1924747
4327501    0.2126635    0.2997417
4265083    0.3106906    0.2745818
4063285    0.2597609    0.2927160
9840216    0.0807284    0.0885580
9461730    0.1967047    0.2131013
2198367    0.0754390    0.1742700
2465970    0.2177032    0.1740618
1056832    0.1398216    0.1552506
4309715    0.1303742    0.1388536
5294037    0.3698771    0.4393404
2453071    0.2434675    0.2032333
8521307    0.3988584    0.3558686
7130825    0.2484626    0.2827335
1932047    0.1806909    0.1908883
6319528    0.3046428    0.2833638
2158347    0.3815083    0.4399667
5123968    0.5559287    0.4825596
8927605    0.1242698    0.1122941
3264017    0.1892763    0.2306982
2836405    0.2381882    0.2178980
6083594    0.4033448    0.5501322
6271834    0.0263550    0.0126753
6982735    0.1570534    0.2044299
1804532    0.1433767    0.1677988
2361549    0.1515017    0.1027041
5831672    0.2538592    0.3013617
7932580    0.4682114    0.5261364
4960875    0.1032987    0.1668933
5894621    0.2282716    0.1369451
5146839    0.5332805    0.4369563
4637091    0.4661794    0.4888074
9450781    0.3211172    0.3202818
7160483    0.4047953    0.2930898
6594182    0.0526440    0.1132299
5372069    0.3426059    0.3666327
6971305    0.4535946    0.3767413
6138297    0.0625853    0.1611309
1059674    0.2535736    0.2332883
3892147    0.0673109    0.1817779
4306815    0.5216363    0.3800565
7348562    0.3256060    0.3044483
