6083594    0.4033448    0.5415595
6930741    0.1099527    0.1948440
9583261    0.3440669    0.3509823
8410523    0.3938945    0.3849627
4692830    0.5977371    0.5199391
2643098    0.2184954    0.2102888
6138297    0.0625853    0.1979896
5693807    0.1703150    0.2232362
2739650    0.1539570    0.1688348
4165972    0.2014961    0.2135471
3296450    0.5973707    0.5588911
8512390    0.3917661    0.3188090
3514269    0.2860579    0.3735930
3645207    0.1910296    0.1898921
7804269    0.1723401    0.2957906
1895642    0.3019776    0.3069407
3627410    0.1778646    0.1802898
9381746    0.2999753    0.2802546
4165230    0.0664882    0.1047020
9084715    0.0584843    0.0632268
3204167    0.3540025    0.3985698
5714096    0.3797141    0.4227391
5140362    0.3208159    0.3826067
6423907    0.2354790    0.2009658
9706385    0.3472344    0.3802387
4960875    0.1032987    0.1373629
3786905    0.2339949    0.2056035
6039182    0.2504354    0.2992138
7819360    0.3202660    0.3387926
6135948    0.4934883    0.5646976
9576032    0.5069458    0.3793699
7548206    0.3996251    0.3653269
8927605    0.1242698    0.1336124
9157643    0.4749572    0.5093411
8605217    0.2345106    0.1607021
3061874    0.2808881    0.3759508
7521463    0.3398980    0.3295582
6091584    0.0551016    0.1735702
3280951    0.0553783    0.0524075
1487932    0.4101857    0.4323192
2514308    0.3364096    0.3690745
6025847    0.3156327    0.3583834
5196087    0.4362904    0.4268607
6543129    0.4651338    0.4536210
5294037    0.3698771    0.3794764
4935860    0.2500624    0.3700249
2384019    0.2573606    0.2034527
1790246    0.2481418    0.2174262
1694783    0.0640252    0.0924203
3041965    0.4253836    0.4404937
3250478    0.0873304    0.0136533
4352098    0.3358923    0.2976628
5831672    0.2538592    0.3222866
4528069    0.1329296    0.0509912
6748193    0.2073776    0.2166528
5648371    0.2782824    0.3149281
5372069    0.3426059    0.3001310
8597263    0.1450746    0.1844117
2673845    0.5641396    0.6591711
8463201    0.3381932    0.3001791
4976231    0.4576726    0.4815451
9467830    -0.0446479    -0.0252603
8317509    0.1872364    0.1946000
2941375    0.1039866    0.1436796
7932580    0.4682114    0.5974588
7063891    0.3753386    0.4642528
4309715    0.1303742    0.1557738
2819470    0.3080540    0.2799133
4306815    0.5216363    0.5076036
5197243    0.5915708    0.4685473
1804532    0.1433767    0.1961677
9354761    0.1451593    0.1264392
4867502    0.3658697    0.3387320
9317254    0.3729283    0.4486447
7243896    0.3525857    0.3881437
1059674    0.2535736    0.3147937
9317528    0.2727551    0.2290864
6319528    0.3046428    0.2765831
2081546    0.4467185    0.3998792
1340285    0.1161054    0.1437875
5308146    0.4128936    0.3505195
4750928    0.4639964    0.5640122
5178439    0.3721354    0.2844997
6491783    0.2638982    0.2894457
5749680    0.1812531    0.1856745
9182473    0.1916796    0.2004379
8315042    0.3440053    0.2626737
6752138    0.1926357    0.1758889
1932047    0.1806909    0.1559508
3254689    0.3482216    0.3793762
8653417    0.1287219    0.0994734
1279568    -0.0397060    0.0078756
6895471    0.5201627    0.3659236
6271834    0.0263550    0.0905510
2018563    0.3960066    0.4072730
9765234    0.3451286    0.3105298
5732806    0.2107367    0.2013518
9180765    0.1868605    0.1870850
9328467    0.5027560    0.4364321
4857263    0.3738794    0.3423551
5170386    0.0831770    0.0315956
5267094    0.2599849    0.3025851
9720165    0.4198961    0.3095065
6342708    0.0867694    0.0835669
6851203    0.2527070    0.2155789
8054917    0.3262745    0.3549752
5123968    0.5559287    0.5106753
4327501    0.2126635    0.2596977
4267580    0.4071005    0.3156506
7126859    0.0000346    -0.0581098
4768210    0.6686979    0.6746776
9840216    0.0807284    0.1536188
8521307    0.3988584    0.3402143
9605831    0.1809202    0.1478654
7905641    0.2707025    0.2737787
2096537    0.5723276    0.7237064
3015264    0.2364364    0.1682675
7918026    0.0989480    0.1567057
3612974    0.1838014    0.2369193
3578406    0.1215780    0.0062267
2645180    0.2137118    0.2342317
7254913    0.0828423    0.0819268
3149850    0.0295857    0.1495413
6594182    0.0526440    0.1725200
4637091    0.4661794    0.3604259
2198367    0.0754390    0.0944186
2836405    0.2381882    0.3320945
4123795    -0.0081841    0.0358229
5160827    0.1363529    0.1734101
3740286    0.4547719    0.3978075
3014689    0.2795749    0.2491503
2158347    0.3815083    0.2970625
7160483    0.4047953    0.3384872
2487590    0.1245996    0.1833739
9321840    0.4420901    0.4122559
7130825    0.2484626    0.3111176
9425807    0.3096627    0.2342413
2541903    0.3190446    0.3387867
2760143    0.3529654    0.2994560
2045968    0.1103608    -0.0178400
