75149062    0.1247694    0.1327059
39186520    0.1250224    0.1548890
20419573    0.2637484    0.2676066
83265941    0.1260843    0.0999314
23705914    0.1015233    0.1361537
95240316    0.1675703    0.1361537
38960417    0.0926794    0.1100013
71305486    0.5131515    0.5147899
50836291    0.1281155    0.1215731
96138204    0.1449491    0.1309165
30975426    0.2825031    0.2388323
67435291    0.3115513    0.2895322
30694825    0.0365880    0.1031182
50987241    0.2942135    0.2809356
70843926    0.2776558    0.2746362
10392748    0.1246251    0.1114078
31254760    0.4422659    0.3564828
97183264    0.3591365    0.3107135
89604375    0.5544792    0.5041662
75684932    0.2416156    0.2791702
36509124    0.1029860    0.1351613
50648317    0.3646901    0.4613778
16958274    0.0291058    0.1112371
50942871    0.0802008    0.0977573
32875906    0.3579376    0.3701975
60897513    0.1301192    0.1361537
12904576    0.3852948    0.4144066
93270846    0.3896023    0.3690040
19436725    0.1565862    0.1833325
59481307    0.1335299    0.0789537
79631548    0.1812138    0.1131234
84135296    0.0717320    0.1361537
23045176    0.3178396    0.3143956
94130527    0.1603314    0.1361537
43065218    0.2726136    0.2084368
51763480    0.4308012    0.3331080
15860437    0.1634063    0.1789281
23750186    0.1395542    0.0469545
57129046    0.0741950    0.0823204
40596718    0.1890510    0.1336009
34982675    0.0478840    0.0729524
35897402    0.4143970    0.4441515
10857693    0.2848121    0.2806309
94528706    0.1321287    0.1361537
98526013    0.1456753    0.1192188
72803641    0.0189457    0.0999091
27156309    0.1905536    0.1757098
76402381    0.0634703    0.1341372
43972106    0.3626580    0.2723196
57043269    0.2307362    0.2919776
10378294    0.3021635    0.3469406
72153046    0.0292038    0.0724994
43206985    0.1951650    0.2309464
19483527    0.1787383    0.1361537
85709634    0.1365534    0.0934513
32508179    0.0563334    0.1138651
38549061    0.3059458    0.2767543
45726190    0.1449229    0.1361537
81294637    0.2323228    0.1828504
92057831    0.1228388    0.1676289
71248596    0.0827905    0.1283839
65483790    0.0322079    0.1361537
89231046    0.0701274    0.1109656
34105672    0.1870527    0.1267822
72015384    0.5095192    0.3657424
56140738    0.3249323    0.2749477
61932785    0.2703631    0.2619185
43780952    0.3129933    0.2204043
42936180    0.4175026    0.3347896
97408251    0.0528856    0.1153146
60573841    0.0080028    0.1589534
67198240    0.4920497    0.3497390
38702645    0.1698794    0.1154144
62897034    0.1620364    0.1311236
12507849    0.1052662    0.1361537
86192507    0.0664135    0.1299555
84036972    0.2046254    0.1520955
43208516    0.2005489    0.1595239
65790324    0.0046216    0.0811054
34681702    0.2408399    0.2206293
93481752    0.2718664    0.2474475
50129364    0.3502489    0.3579204
82769514    0.1071274    0.1285428
81693024    0.1615259    0.1270840
94185602    0.0684437    0.0857788
80163975    -0.0812560    0.0122837
54879302    0.2807025    0.3116338
62941037    0.3422488    0.4188136
95267031    0.1225485    0.1204575
13658924    0.0792403    0.1361537
67905128    0.1698469    0.1349607
70264158    0.1874085    0.1387170
79648230    0.2436525    0.3178495
93507642    0.2040192    0.2415058
16375284    0.2126535    0.3042803
69578014    0.2654074    0.1633931
43790281    0.0475672    0.0975247
45068793    0.0582267    0.0558439
25976038    0.2738430    0.2459181
17596823    0.0303843    0.0998856
13085762    0.3273837    0.4963586
98016472    0.1913138    0.1416789
61784935    0.0502294    0.1323816
21064358    0.1029364    0.1054697
31286905    0.1618569    0.1879369
96302148    0.2372141    0.2349390
93608745    0.2518492    0.2604774
37068241    0.4272806    0.2990323
31879054    0.3563824    0.4620844
54789260    0.0388761    0.1019382
56124780    0.1965039    0.2010302
20694735    0.0069220    0.1015235
12064358    0.1449998    0.1115823
51398260    0.1249023    0.1361537
52948361    0.0420176    0.1037469
14387690    0.2061633    0.2417477
52634817    0.2849960    0.1641545
78691503    0.3143425    0.2427405
81439706    0.1262791    0.1076906
45628709    0.1130647    0.1361537
81437256    0.3754057    0.2860849
95308671    0.2649733    0.2158442
49670328    0.1332543    0.1921172
34072651    0.0493279    0.1155775
91052873    0.1417432    0.1361537
67239801    0.1973108    0.1729654
47098521    0.1130693    0.1158812
34189275    0.0542352    0.1022602
35280617    -0.0191183    0.0773061
16943087    0.1024783    0.1209498
71403958    0.3880658    0.3986377
79324150    0.1327389    0.1259932
13480652    0.2119081    0.2528574
18325407    0.3715184    0.3177366
71453068    0.0661260    0.1178822
41267093    0.0940958    0.1319755
32156478    0.0373923    0.1121167
10693257    0.3052177    0.3629923
32468591    0.2064951    0.2377630
20819547    0.4023762    0.4808058
