74920568    0.0942004    0.1199860
19436725    0.1565862    0.1656045
18952376    0.0941340    0.1232534
69578014    0.2654074    0.2770484
70264158    0.1874085    0.0965241
70251698    0.3058280    0.2245396
26408915    0.1213319    0.1232534
67435291    0.3115513    0.2643355
36509124    0.1029860    0.1486086
56893071    0.1657909    0.1459607
25986740    0.1667644    0.1414029
63175049    0.2735692    0.2937670
69538402    0.4654601    0.3791187
68427591    0.0416545    0.0938927
71305486    0.5131515    0.3902044
97408251    0.0528856    0.1232534
35897402    0.4143970    0.3407928
24501987    0.1447957    0.1726240
34209168    0.1613672    0.3013577
25976038    0.2738430    0.3391287
76415208    0.0900140    0.1232534
92165478    0.3181673    0.2191719
34189275    0.0542352    0.1042138
97183264    0.3591365    0.2429066
78510264    0.0811135    0.1485504
61932785    0.2703631    0.1823277
16958274    0.0291058    0.0326843
14387690    0.2061633    0.1291984
10693257    0.3052177    0.2449940
23750186    0.1395542    0.1232534
38960417    0.0926794    0.1303753
35842190    0.0440798    0.0510347
12458390    0.1245855    0.0848731
95308671    0.2649733    0.3518911
97428650    0.1566038    0.1100718
71453068    0.0661260    0.1232534
51398260    0.1249023    0.1232534
89231046    0.0701274    0.1173273
71248596    0.0827905    0.0967515
85709634    0.1365534    0.0764726
40326571    0.2393876    0.1924593
41267093    0.0940958    0.1232534
34982675    0.0478840    0.0200238
20519736    0.2078745    0.2590581
89604375    0.5544792    0.2332399
84036972    0.2046254    0.2286473
79324150    0.1327389    0.1232534
32156478    0.0373923    0.0859221
67381945    0.1065278    0.0528751
45068793    0.0582267    0.0859079
43780952    0.3129933    0.2269671
93270846    0.3896023    0.3929072
61487350    0.1231352    0.1232534
83764925    0.1711960    0.1232534
34105672    0.1870527    0.1662434
56489170    0.3309727    0.3006504
80163975    -0.0812560    0.1232534
38702645    0.1698794    0.1324703
58029641    0.1638877    0.1232534
83265941    0.1260843    0.1733064
58319420    0.0758413    0.0701237
52948361    0.0420176    0.1232534
20456318    0.0361747    0.0498634
50619347    0.3196470    0.2421032
62157849    0.1091794    0.0851801
67409258    0.3510112    0.3318618
40596718    0.1890510    0.1645055
70843926    0.2776558    0.2124768
13085762    0.3273837    0.2936000
64213980    0.0801635    0.0504699
71204863    0.2342260    0.2037928
94715302    0.3625983    0.3422877
12374650    0.1772530    0.1232534
13480652    0.2119081    0.1851733
78351290    0.2346316    0.1860372
19743065    0.0593324    0.1232534
94528706    0.1321287    0.1609214
31286905    0.1618569    0.1232534
71403958    0.3880658    0.3899242
79631548    0.1812138    0.1416976
91052873    0.1417432    0.1317912
42368795    0.4455477    0.3598340
59481307    0.1335299    0.1232534
62941037    0.3422488    0.2656758
31879054    0.3563824    0.4245232
63975401    -0.0284755    0.1232534
76402381    0.0634703    0.1232534
78691503    0.3143425    0.3122255
30694825    0.0365880    0.1232534
50987241    0.2942135    0.1622759
71465098    0.3067145    0.3065706
82354971    0.0228063    0.1232534
61927503    0.0583740    0.1232534
56140738    0.3249323    0.3260207
72803641    0.0189457    0.0966064
87904612    0.1259729    0.1264765
15860437    0.1634063    0.1368674
58642793    0.1629138    0.1207040
61792438    0.2751650    0.2004665
43206985    0.1951650    0.2438190
37049621    0.1162308    0.0634425
10392748    0.1246251    0.0324186
12304586    0.2230351    0.1771290
37419068    0.1121111    0.0902617
18967543    0.2637843    0.2124139
57129046    0.0741950    0.1232534
96138204    0.1449491    0.1232534
59806341    0.3732070    0.3306533
94130527    0.1603314    0.1232534
61784935    0.0502294    0.1232534
12064358    0.1449998    0.1232534
18325407    0.3715184    0.4243800
85320746    0.3344432    0.3660567
74920653    0.4227876    0.3494798
41085739    0.2158497    0.1050695
50836291    0.1281155    0.1802484
81693024    0.1615259    0.2637378
64021875    0.1019267    0.1100704
52634817    0.2849960    0.2145204
43208516    0.2005489    0.3085532
95267031    0.1225485    0.1047301
68293104    0.0358413    0.1232534
47098521    0.1130693    0.1265997
20694735    0.0069220    0.1143966
32508179    0.0563334    0.1232534
16094873    0.0280620    0.1232534
51763480    0.4308012    0.4245560
32714856    0.3173793    0.2649657
45726190    0.1449229    0.1232534
87196024    0.1803782    0.1289751
47812905    0.1007904    0.0699542
13658924    0.0792403    0.1232534
83429561    0.2568101    0.2556437
34072651    0.0493279    0.0676128
98016472    0.1913138    0.1613704
83197206    0.2185750    0.2628023
67905128    0.1698469    0.2608861
40568932    0.1124073    0.0936260
27159836    0.0332070    0.1407927
62897034    0.1620364    0.2026555
