97428650    0.1566038    0.1591361
46752830    0.5220824    0.4225015
67381945    0.1065278    0.0904838
42368795    0.4455477    0.4201049
72150386    -0.0355079    0.0324284
67239801    0.1973108    0.1674515
38549061    0.3059458    0.3049004
85709634    0.1365534    0.1268782
45068793    0.0582267    -0.0980274
35280617    -0.0191183    0.1259111
43065218    0.2726136    0.3133487
92057831    0.1228388    0.1072408
60897513    0.1301192    0.1021878
32508179    0.0563334    0.0480845
94715302    0.3625983    0.2958659
81437256    0.3754057    0.4256674
93507642    0.2040192    0.2167164
37419068    0.1121111    0.1259111
50619347    0.3196470    0.2814153
87904612    0.1259729    0.1493684
87196024    0.1803782    0.1294767
38702645    0.1698794    0.1432776
27156309    0.1905536    0.1970969
84135296    0.0717320    0.2965430
50836291    0.1281155    0.1156766
43860715    0.0869390    0.1166494
46879352    0.1105719    0.0929834
34012568    0.4028562    0.3750213
25986740    0.1667644    0.1259111
23074169    0.4747303    0.5236834
70264158    0.1874085    0.1474154
38960417    0.0926794    0.1259111
21064358    0.1029364    0.0901019
96138204    0.1449491    0.1259111
41267093    0.0940958    0.1855293
93608745    0.2518492    0.2405174
87563140    0.2003200    0.1729951
32156478    0.0373923    0.0143392
47098521    0.1130693    0.1356300
67198240    0.4920497    0.3630753
43780952    0.3129933    0.2346579
61792438    0.2751650    0.3204713
23750186    0.1395542    0.1277538
79324150    0.1327389    0.1039949
47812905    0.1007904    0.1038118
30975426    0.2825031    0.2491082
20519736    0.2078745    0.2427084
84036972    0.2046254    0.2046105
76415208    0.0900140    0.1003445
12507849    0.1052662    0.1259111
96302148    0.2372141    0.1370389
83429561    0.2568101    0.3954584
85397462    0.1461277    0.1764660
12086359    0.0064457    0.0228998
26408915    0.1213319    0.1259111
45726190    0.1449229    0.1124554
36509124    0.1029860    0.1135261
40568932    0.1124073    0.1623865
43206985    0.1951650    0.1429985
48270965    -0.0273596    0.0629493
89231046    0.0701274    0.1259111
85320746    0.3344432    0.2804734
32468591    0.2064951    0.2023939
71248596    0.0827905    0.1006664
91052873    0.1417432    0.1259111
31254760    0.4422659    0.3181694
45628709    0.1130647    0.1259111
70251698    0.3058280    0.2869401
58346072    0.3937567    0.2806317
34681702    0.2408399    0.2044187
58642793    0.1629138    0.1591768
32714856    0.3173793    0.2702537
58319420    0.0758413    0.1259111
43972106    0.3626580    0.3179778
94185602    0.0684437    0.1037040
68427591    0.0416545    0.1409993
19743065    0.0593324    0.0884323
79631548    0.1812138    0.1469262
16943087    0.1024783    0.1319463
62157849    0.1091794    0.1072500
10857693    0.2848121    0.2945921
20419573    0.2637484    0.2262894
23045176    0.3178396    0.2554248
71204863    0.2342260    0.1743989
65790324    0.0046216    0.1154671
25976038    0.2738430    0.2494467
49670328    0.1332543    0.1484582
39720486    0.2953125    0.3173360
34189275    0.0542352    0.1259111
51763480    0.4308012    0.4084848
34209168    0.1613672    0.1417610
31286905    0.1618569    0.1259111
56920873    0.2995450    0.2606455
94130527    0.1603314    0.1259111
98526013    0.1456753    0.1678803
98016472    0.1913138    0.1658755
12904576    0.3852948    0.4000292
68293104    0.0358413    0.0536543
18967543    0.2637843    0.1954698
65374182    0.0248284    0.0034814
40236598    0.1331878    0.1259111
16094873    0.0280620    0.1259111
20819547    0.4023762    0.3625481
59806341    0.3732070    0.3182853
70843926    0.2776558    0.2497118
12064358    0.1449998    0.1284372
59481307    0.1335299    0.1195950
12304586    0.2230351    0.1759603
78351290    0.2346316    0.2530429
13658924    0.0792403    0.0335286
15860437    0.1634063    0.1391839
57129046    0.0741950    0.0055939
61927503    0.0583740    0.0474046
10693257    0.3052177    0.3301852
61932785    0.2703631    0.1915242
20694735    0.0069220    0.1259111
39186520    0.1250224    0.2177856
67851930    0.1565579    0.1635684
52948361    0.0420176    0.1259111
56140738    0.3249323    0.3200371
32450971    0.1140205    0.1259111
56489170    0.3309727    0.2552394
27159836    0.0332070    0.0449072
10378294    0.3021635    0.3225740
75149062    0.1247694    0.1513191
95308671    0.2649733    0.3357985
85902746    0.2217552    0.2074465
50648317    0.3646901    0.3121617
95267031    0.1225485    0.1152002
95063127    0.3365001    0.3231893
14387690    0.2061633    0.2350590
41253670    0.2920886    0.2770017
81693024    0.1615259    0.1598992
65483790    0.0322079    0.0949807
62941037    0.3422488    0.2250828
56893071    0.1657909    0.1681504
51398260    0.1249023    0.1323154
74920568    0.0942004    0.1214743
16958274    0.0291058    0.0877638
62945318    0.1630607    0.1763035
