6930741    0.1099527    0.0905599
9546732    0.3262210    0.2569787
6752138    0.1926357    0.1941104
5732806    0.2107367    0.2017316
2845369    0.2818527    0.2687054
9467830    -0.0446479    -0.0319018
8410523    0.3938945    0.4826176
8317509    0.1872364    0.2222456
7548206    0.3996251    0.4422112
7254913    0.0828423    0.0717264
3645207    0.1910296    0.2012835
2361549    0.1515017    0.2276628
4692830    0.5977371    0.4371743
9501276    0.0174545    -0.0275625
5469827    0.0416673    0.1510902
5831672    0.2538592    0.2412945
6025847    0.3156327    0.3834215
8463201    0.3381932    0.2761631
6342708    0.0867694    0.1846968
3582067    0.3364838    0.3406864
3149850    0.0295857    0.1551049
6491783    0.2638982    0.2535131
5372069    0.3426059    0.2650976
2498173    0.3937241    0.4141265
9317254    0.3729283    0.4639964
2541903    0.3190446    0.3044135
2096537    0.5723276    0.6229304
9605831    0.1809202    0.2122904
4867502    0.3658697    0.4060807
6083594    0.4033448    0.4755343
6748193    0.2073776    0.2287623
1059674    0.2535736    0.3035254
5170386    0.0831770    0.1531768
4932856    0.2126629    0.2123421
4203176    0.0868008    0.1789278
2018563    0.3960066    0.3674913
8613947    0.2891041    0.2155715
1302765    0.3472123    0.3734914
4328571    0.3664831    0.5356857
4750928    0.4639964    0.4433537
5894621    0.2282716    0.2269467
6530821    0.3380645    0.3196836
9321840    0.4420901    0.5368515
3891520    0.3327236    0.4132277
1932047    0.1806909    0.2187373
1365094    0.2127880    0.2880344
2645180    0.2137118    0.3131888
5294037    0.3698771    0.4373905
1056832    0.1398216    0.1429459
4306815    0.5216363    0.5544806
4123795    -0.0081841    -0.1519954
1923504    0.4565430    0.4239057
3740286    0.4547719    0.4272493
5891230    0.2276907    0.1840288
6091584    0.0551016    0.0069958
9354761    0.1451593    0.0913943
7483150    0.3565000    0.3356546
6271834    0.0263550    0.0103481
4267580    0.4071005    0.4046454
3056417    0.3964929    0.2883839
5762910    0.2062399    0.3025670
1320567    0.2311754    0.3145772
5714096    0.3797141    0.3770142
5718692    0.1730530    0.2092106
3014689    0.2795749    0.3174287
4935860    0.2500624    0.3085373
2043178    0.4086680    0.4256346
6543129    0.4651338    0.4948730
3821574    0.3310490    0.2925647
6319528    0.3046428    0.2630440
2317805    0.4805482    0.4086036
2198367    0.0754390    0.0434204
3578406    0.1215780    0.1518255
2836405    0.2381882    0.2355521
5693807    0.1703150    0.2199522
8512390    0.3917661    0.2688161
9583261    0.3440669    0.3848190
3215784    0.0695981    0.0371453
5197243    0.5915708    0.6368576
9257083    0.5751210    0.5945064
1735482    0.1225054    0.2040048
7804269    0.1723401    0.1305688
9425807    0.3096627    0.2540957
7348562    0.3256060    0.2723612
9317528    0.2727551    0.2671788
9518437    0.1673752    0.1181917
6982735    0.1570534    0.1608981
5267094    0.2599849    0.2381799
5749680    0.1812531    0.2339370
2869347    0.3789614    0.4083045
3612974    0.1838014    0.3037989
6138297    0.0625853    0.1775684
8521307    0.3988584    0.3290992
1790246    0.2481418    0.2843232
4165230    0.0664882    0.0946558
5187042    0.1334780    0.1973976
6039182    0.2504354    0.2274266
9084235    0.2844537    0.3715777
8605217    0.2345106    0.2295541
1694783    0.0640252    0.0770243
5308146    0.4128936    0.4232902
1487932    0.4101857    0.3991814
9603748    0.2451397    0.2736587
4857263    0.3738794    0.4195419
1804532    0.1433767    0.2115016
9267581    0.1851758    0.1811028
4637091    0.4661794    0.4205052
6971305    0.4535946    0.5195502
8054917    0.3262745    0.2564281
6423907    0.2354790    0.2252384
5140362    0.3208159    0.2948007
2078916    0.2681468    0.2606117
4976231    0.4576726    0.4399202
5146839    0.5332805    0.5696859
2081546    0.4467185    0.4615854
6175483    0.4677562    0.5399418
2739650    0.1539570    0.1949687
7819360    0.3202660    0.3218732
1279568    -0.0397060    0.0717309
3015264    0.2364364    0.1623056
4127693    0.3656554    0.2922179
6902314    0.1831756    0.2005152
1743698    0.3903206    0.2803794
5683192    0.4733342    0.5456112
6135948    0.4934883    0.4285170
1895642    0.3019776    0.3783863
7369148    0.4514948    0.4196073
5183609    0.5404390    0.5492666
2943061    0.1322802    0.0109089
2568307    0.2370991    0.2477090
9461730    0.1967047    0.2269146
4693502    0.1955602    0.1883824
3892147    0.0673109    0.0554882
5619803    0.1762386    0.3183578
7160483    0.4047953    0.4278478
8496023    0.1516259    0.1464739
4768210    0.6686979    0.5530164
5178439    0.3721354    0.4048597
2694380    0.2196963    0.2247333
8927605    0.1242698    0.1876307
