2694380    0.2196963    0.1670350
5372069    0.3426059    0.3454151
3014689    0.2795749    0.2219546
2081546    0.4467185    0.3578403
1279568    -0.0397060    0.0216098
1260374    0.0731026    0.0717092
6423907    0.2354790    0.1385981
1320567    0.2311754    0.2322977
5140362    0.3208159    0.3632333
4857263    0.3738794    0.3824846
9138254    0.2920520    0.2166581
5814072    0.1933573    0.1635015
6342708    0.0867694    0.0533227
2453071    0.2434675    0.2362079
3204167    0.3540025    0.3934859
6902314    0.1831756    0.2047862
1487932    0.4101857    0.4108039
2643098    0.2184954    0.1286729
9354761    0.1451593    0.1118384
2384019    0.2573606    0.2918622
5648371    0.2782824    0.2752669
2078916    0.2681468    0.3093045
5308146    0.4128936    0.3013936
2836405    0.2381882    0.2590314
5902371    0.2322153    0.3501001
5183609    0.5404390    0.5191442
6895471    0.5201627    0.5357248
9157643    0.4749572    0.5827661
2931756    0.2538077    0.1567508
3149850    0.0295857    0.1243227
6083594    0.4033448    0.4015063
2568307    0.2370991    0.1633221
4692830    0.5977371    0.4904920
7063891    0.3753386    0.3938313
7932580    0.4682114    0.4962783
3250478    0.0873304    0.1014539
3891520    0.3327236    0.2519630
4932856    0.2126629    0.1430299
9518642    0.5007111    0.4437118
6930741    0.1099527    0.0272155
4327501    0.2126635    0.1960379
7548206    0.3996251    0.3387026
4165230    0.0664882    0.0904684
6278590    0.0292114    0.0984192
1302765    0.3472123    0.3836930
9180765    0.1868605    0.2041437
4352098    0.3358923    0.2771103
8397402    -0.0295911    -0.0369048
5738926    0.3573479    0.3285468
9583261    0.3440669    0.4674895
9605831    0.1809202    0.2440029
6748193    0.2073776    0.1382653
9765234    0.3451286    0.4063361
8290476    0.2635870    0.2947881
4768210    0.6686979    0.5366669
5294037    0.3698771    0.3805226
3786905    0.2339949    0.1201040
8315042    0.3440053    0.2553550
5749680    0.1812531    0.2211580
3578406    0.1215780    0.0744549
4123795    -0.0081841    0.1335040
5196087    0.4362904    0.3668669
3254689    0.3482216    0.3883176
2361549    0.1515017    0.1628188
2645180    0.2137118    0.2337470
4309715    0.1303742    0.1955068
4976231    0.4576726    0.4177763
9084715    0.0584843    0.1292899
5146839    0.5332805    0.6301985
6039182    0.2504354    0.3126129
5619803    0.1762386    0.2217613
9461730    0.1967047    0.1652015
4063285    0.2597609    0.3097917
8317509    0.1872364    0.1721773
1694783    0.0640252    0.0587572
2018563    0.3960066    0.3750243
9450781    0.3211172    0.3223042
2158347    0.3815083    0.2793801
6319528    0.3046428    0.3294468
7918026    0.0989480    0.1555686
6530821    0.3380645    0.2523099
8643509    0.4373056    0.5478784
6752138    0.1926357    0.2070137
2096537    0.5723276    0.6269706
9840216    0.0807284    0.0556593
5123968    0.5559287    0.4548237
9603748    0.2451397    0.2622947
7130825    0.2484626    0.2906887
2739650    0.1539570    0.1946827
1098653    0.2683512    0.3186231
2845369    0.2818527    0.3219393
2487590    0.1245996    0.1253591
3627410    0.1778646    0.1828710
8605217    0.2345106    0.1688105
7254913    0.0828423    0.0240747
9467830    -0.0446479    -0.0317037
6271834    0.0263550    0.0892083
1705239    0.2730497    0.2721198
9267581    0.1851758    0.2283688
7819360    0.3202660    0.2921570
9706385    0.3472344    0.3087739
2198367    0.0754390    0.0670476
8927605    0.1242698    0.1196999
4265083    0.3106906    0.2299677
3296450    0.5973707    0.5842369
6851203    0.2527070    0.1868350
9317254    0.3729283    0.2971847
9245670    0.3915895    0.4474855
1743698    0.3903206    0.2571300
3821574    0.3310490    0.2673221
9546732    0.3262210    0.1580156
7369148    0.4514948    0.3621680
2317805    0.4805482    0.5029751
9381746    0.2999753    0.2508096
2943061    0.1322802    0.2619767
9607438    0.1222324    0.1399246
5693807    0.1703150    0.2627510
8597263    0.1450746    0.2589213
9380175    0.2946367    0.2927206
9182473    0.1916796    0.2064031
3582067    0.3364838    0.3129227
4165972    0.2014961    0.2091112
5762910    0.2062399    0.3558434
6543129    0.4651338    0.4202118
6315928    0.2469237    0.3349375
5732806    0.2107367    0.2607369
5187042    0.1334780    0.0458126
4807153    0.1503095    0.0690341
5170386    0.0831770    0.2215205
4306815    0.5216363    0.4466262
5160827    0.1363529    0.2062406
1923504    0.4565430    0.4430348
5831672    0.2538592    0.2788651
1804532    0.1433767    0.1558757
5718692    0.1730530    0.1755761
9317528    0.2727551    0.3288423
1340285    0.1161054    0.1028412
3041965    0.4253836    0.3451661
5197243    0.5915708    0.5030038
3056417    0.3964929    0.4415704
