6271834    0.0263550    0.0569912
91052873    0.1417432    0.0402959
61927503    0.0583740    0.0503590
5762910    0.2062399    0.2679973
60897513    0.1301192    0.0988400
2760143    0.3529654    0.4134508
16375284    0.2126535    0.2675239
93507642    0.2040192    0.2512760
3821574    0.3310490    0.3168083
6902314    0.1831756    0.2237224
5187042    0.1334780    0.0899436
25976038    0.2738430    0.2305514
94185602    0.0684437    0.0633997
27156309    0.1905536    0.1952419
4987650    0.2964038    0.3693567
3469512    0.2516770    0.3151097
62157849    0.1091794    0.1340874
5894621    0.2282716    0.1086013
81693024    0.1615259    0.2859397
54789260    0.0388761    0.1132849
62945318    0.1630607    0.1992295
1790246    0.2481418    0.2633702
50129364    0.3502489    0.2714392
9245670    0.3915895    0.4401876
9267581    0.1851758    0.2050746
79324150    0.1327389    0.1560447
6175483    0.4677562    0.4433419
34209168    0.1613672    0.1365178
20519736    0.2078745    0.1515505
3612974    0.1838014    0.2639256
15780629    0.4336775    0.3720206
31879054    0.3563824    0.4018393
4203176    0.0868008    0.0094204
3061874    0.2808881    0.2854874
4935860    0.2500624    0.2784655
48270965    -0.0273596    0.0470588
9603748    0.2451397    0.2670999
4309715    0.1303742    0.1601272
6982735    0.1570534    0.2148581
5123968    0.5559287    0.5197204
2819470    0.3080540    0.2843893
12507849    0.1052662    0.1275389
7190582    0.5212715    0.3599946
3254689    0.3482216    0.4000824
5683192    0.4733342    0.3732233
71305486    0.5131515    0.4013042
16094873    0.0280620    0.0784676
1260374    0.0731026    0.1062329
9084235    0.2844537    0.1889662
7803256    0.3907403    0.3399185
42936180    0.4175026    0.4149918
8397402    -0.0295911    0.0700570
2541903    0.3190446    0.3070801
6135948    0.4934883    0.5469500
2739650    0.1539570    0.1628480
6895471    0.5201627    0.5409732
3149850    0.0295857    0.0561004
1059674    0.2535736    0.2274185
3891520    0.3327236    0.3272905
67409258    0.3510112    0.2833348
6423907    0.2354790    0.2158555
23705914    0.1015233    0.1514924
14387690    0.2061633    0.1409328
68427591    0.0416545    0.0632424
13480652    0.2119081    0.1589763
18967543    0.2637843    0.2906733
5831672    0.2538592    0.2059201
3786905    0.2339949    0.1887356
5714096    0.3797141    0.4492564
1923504    0.4565430    0.3839533
8496023    0.1516259    0.1468122
6025847    0.3156327    0.2758926
8613947    0.2891041    0.1636241
7160483    0.4047953    0.3927898
43208516    0.2005489    0.1504112
51763480    0.4308012    0.4610879
47098521    0.1130693    0.0866982
21064358    0.1029364    0.1068569
3280951    0.0553783    0.0524234
5294037    0.3698771    0.3095936
5140362    0.3208159    0.3577065
6930741    0.1099527    0.1405549
50987241    0.2942135    0.3910497
7985463    0.1468814    0.1286962
5146839    0.5332805    0.3964976
87563140    0.2003200    0.1984283
61784935    0.0502294    0.1265877
50836291    0.1281155    0.1489178
5619803    0.1762386    0.2617788
6851203    0.2527070    0.2490203
59230168    0.1671241    0.1591007
2078916    0.2681468    0.3223304
4127693    0.3656554    0.2732799
16504783    0.2812308    0.2868232
32156478    0.0373923    0.1449398
5738926    0.3573479    0.3998907
7819360    0.3202660    0.3556090
8410523    0.3938945    0.4031726
4857263    0.3738794    0.3536519
3015264    0.2364364    0.2400005
35897402    0.4143970    0.2627169
87196024    0.1803782    0.1511980
45068793    0.0582267    0.0593604
85320746    0.3344432    0.4060468
4693502    0.1955602    0.1112760
9317254    0.3729283    0.3805637
71403958    0.3880658    0.3713813
9607438    0.1222324    0.1165485
5197243    0.5915708    0.5382246
6807539    0.3188515    0.2924075
4265083    0.3106906    0.3514745
7905641    0.2707025    0.3017127
24501987    0.1447957    0.1260653
4637091    0.4661794    0.4551888
15860437    0.1634063    0.2013698
9840216    0.0807284    0.1037225
9546732    0.3262210    0.2993756
20456318    0.0361747    0.0690942
5308146    0.4128936    0.3600788
6594182    0.0526440    0.1694662
18325407    0.3715184    0.3519246
2361549    0.1515017    0.1954112
82139740    0.3176008    0.3141549
98016472    0.1913138    0.1862317
34012568    0.4028562    0.4766229
95063127    0.3365001    0.2479167
4932856    0.2126629    0.2734263
32508179    0.0563334    0.0851853
9461730    0.1967047    0.1263253
1098653    0.2683512    0.2966461
84135296    0.0717320    0.1248711
50648317    0.3646901    0.3461921
5732806    0.2107367    0.2480706
2673845    0.5641396    0.4071200
39720486    0.2953125    0.3108720
2845369    0.2818527    0.2838608
2869347    0.3789614    0.4383709
97428650    0.1566038    0.1220078
4165972    0.2014961    0.2362310
2096537    0.5723276    0.5412081
43780952    0.3129933    0.1532010
59387142    0.2924146    0.2838898
12086359    0.0064457    0.0440829
97183264    0.3591365    0.3245684
36509124    0.1029860    0.0853408
61487350    0.1231352    0.0856401
17596823    0.0303843    0.1054152
96302148    0.2372141    0.1440536
4327501    0.2126635    0.1556691
5267094    0.2599849    0.3381154
56124780    0.1965039    0.2249537
1804532    0.1433767    0.0791797
43972106    0.3626580    0.4543139
83764925    0.1711960    0.1041356
13085762    0.3273837    0.4302306
74920653    0.4227876    0.6049380
74920568    0.0942004    0.0688229
1320567    0.2311754    0.2657900
75684932    0.2416156    0.1985151
6278590    0.0292114    0.0797238
9328467    0.5027560    0.4956760
20419573    0.2637484    0.2877492
20694735    0.0069220    0.0855811
1487932    0.4101857    0.2989253
67905128    0.1698469    0.1406150
3204167    0.3540025    0.3614751
1069425    0.5509495    0.5230036
2931756    0.2538077    0.1780830
94130527    0.1603314    0.2419042
80163975    -0.0812560    0.0741254
2645180    0.2137118    0.1966658
9138254    0.2920520    0.3777925
93481752    0.2718664    0.1827678
67198240    0.4920497    0.4244571
16958274    0.0291058    0.0674028
5372069    0.3426059    0.3417767
34681702    0.2408399    0.3345649
72015384    0.5095192    0.4181222
95240316    0.1675703    0.1763911
27845619    0.2513606    0.3469268
93608745    0.2518492    0.2260851
72150386    -0.0355079    -0.0413223
4165230    0.0664882    0.0971652
8643509    0.4373056    0.5191647
6319528    0.3046428    0.2286696
87932541    0.1275321    0.1133144
64213980    0.0801635    0.0866370
72803641    0.0189457    0.1379373
2043178    0.4086680    0.4539525
12064358    0.1449998    0.1532903
83429561    0.2568101    0.2703631
7254913    0.0828423    0.0669564
4267580    0.4071005    0.3377727
5749680    0.1812531    0.2195036
2568307    0.2370991    0.2251184
46879352    0.1105719    0.0018928
58642793    0.1629138    0.1089018
57129046    0.0741950    0.0661492
3296450    0.5973707    0.5510076
19436725    0.1565862    0.2299650
8521307    0.3988584    0.1887744
4352098    0.3358923    0.3820863
7126859    0.0000346    0.0821144
5183609    0.5404390    0.4355873
49670328    0.1332543    0.1423972
76415208    0.0900140    0.1186712
6748193    0.2073776    0.1069415
97408251    0.0528856    0.0664734
8317509    0.1872364    0.1264511
8597263    0.1450746    0.1343158
61792438    0.2751650    0.2235088
2198367    0.0754390    0.1272185
37049621    0.1162308    0.0644409
93270846    0.3896023    0.3651264
34105672    0.1870527    0.1610768
5196087    0.4362904    0.5123413
3092751    0.0439309    0.0021055
30975426    0.2825031    0.3346013
5891230    0.2276907    0.2063464
4063285    0.2597609    0.2502269
5718692    0.1730530    0.1819610
9381746    0.2999753    0.3264420
9180765    0.1868605    0.1983073
9321840    0.4420901    0.4949039
2487590    0.1245996    0.1833420
4807153    0.1503095    0.1843500
58029641    0.1638877    0.1407703
46752830    0.5220824    0.6947417
3514269    0.2860579    0.2404997
37419068    0.1121111    0.0956063
8927605    0.1242698    0.1002907
12904576    0.3852948    0.5260327
89604375    0.5544792    0.5491529
19483527    0.1787383    0.2411003
32714856    0.3173793    0.3444596
94715302    0.3625983    0.4156093
8653417    0.1287219    0.1063536
10857693    0.2848121    0.3313484
96138204    0.1449491    0.1343069
12374650    0.1772530    0.2185469
71204863    0.2342260    0.2595099
3056417    0.3964929    0.2665813
6703951    0.2923357    0.3120630
3250478    0.0873304    0.1142668
12458390    0.1245855    0.1564569
50942871    0.0802008    0.0581137
35280617    -0.0191183    0.0779581
69538402    0.4654601    0.4042217
60573841    0.0080028    0.1548781
71453068    0.0661260    0.0311968
56140738    0.3249323    0.2154734
7521463    0.3398980    0.3344588
9731406    0.1191694    0.1348214
1302765    0.3472123    0.3007139
78691503    0.3143425    0.3382331
62897034    0.1620364    0.1716380
61932785    0.2703631    0.2560337
85902746    0.2217552    0.2407531
3892147    0.0673109    0.0502044
5469827    0.0416673    0.1150960
52948361    0.0420176    0.1000828
6039182    0.2504354    0.2340318
2514308    0.3364096    0.3316691
63975401    -0.0284755    -0.1008801
41085739    0.2158497    0.2044251
6091584    0.0551016    0.1102848
69578014    0.2654074    0.2768883
63175049    0.2735692    0.2999994
65374182    0.0248284    0.0695822
3645207    0.1910296    0.1899414
10378294    0.3021635    0.3809453
5648371    0.2782824    0.2862405
2465970    0.2177032    0.2245956
2694380    0.2196963    0.1395543
30694825    0.0365880    0.1110353
65483790    0.0322079    0.0644683
59481307    0.1335299    0.0871924
43065218    0.2726136    0.2411324
42368795    0.4455477    0.4917148
70843926    0.2776558    0.2087599
