41253670    0.2920886    0.2382109
52948361    0.0420176    0.1082555
3215784    0.0695981    0.1231762
9138254    0.2920520    0.2598615
5267094    0.2599849    0.2659463
40236598    0.1331878    0.1064710
40596718    0.1890510    0.2503598
76415208    0.0900140    0.0770913
9157643    0.4749572    0.4427186
4867502    0.3658697    0.3210246
8653417    0.1287219    0.1571169
84135296    0.0717320    0.1061035
58029641    0.1638877    0.2135738
39062841    0.0944830    0.1197350
5683192    0.4733342    0.3870543
15860437    0.1634063    0.1928547
9328467    0.5027560    0.4075505
36509124    0.1029860    0.0749048
82354971    0.0228063    0.0542031
2845369    0.2818527    0.2803842
3204167    0.3540025    0.2731465
24035867    0.2180151    0.2549540
3821574    0.3310490    0.3862334
49670328    0.1332543    0.2334645
70264158    0.1874085    0.1243935
17042638    0.1411405    0.2363330
51398260    0.1249023    0.1282826
3786905    0.2339949    0.2918004
85709634    0.1365534    0.1743818
6807539    0.3188515    0.3154640
4807153    0.1503095    0.1877251
7063891    0.3753386    0.2957422
3645207    0.1910296    0.2021993
2643098    0.2184954    0.2409306
45628709    0.1130647    0.1049137
25976038    0.2738430    0.2058887
50836291    0.1281155    0.1709447
46752830    0.5220824    0.4677379
32450971    0.1140205    0.0714897
4637091    0.4661794    0.3992642
56893071    0.1657909    0.1974026
40568932    0.1124073    0.1394511
6315928    0.2469237    0.2786063
82769514    0.1071274    0.0938490
4165972    0.2014961    0.2341541
23750186    0.1395542    0.1304926
8463201    0.3381932    0.2728261
6278590    0.0292114    0.1036403
3582067    0.3364838    0.2430680
3061874    0.2808881    0.2840159
93507642    0.2040192    0.1422748
5183609    0.5404390    0.4133453
32468591    0.2064951    0.2349089
3469512    0.2516770    0.2362452
59230168    0.1671241    0.1612921
98016472    0.1913138    0.1850505
81294637    0.2323228    0.1695410
4328571    0.3664831    0.3371662
85902746    0.2217552    0.1841480
19743065    0.0593324    0.0129721
42936180    0.4175026    0.3467845
5714096    0.3797141    0.3593791
32714856    0.3173793    0.2723895
7254913    0.0828423    0.1757178
34072651    0.0493279    0.1219391
61487350    0.1231352    0.1215130
9450781    0.3211172    0.3350520
7190582    0.5212715    0.5437265
8521307    0.3988584    0.2036871
41267093    0.0940958    0.1140006
71305486    0.5131515    0.6127030
65790324    0.0046216    0.1185036
72153046    0.0292038    -0.0011773
18967543    0.2637843    0.1840616
4203176    0.0868008    0.0823813
34982675    0.0478840    0.0708888
1098653    0.2683512    0.3292821
2943061    0.1322802    0.2137255
7521463    0.3398980    0.3121940
38960417    0.0926794    0.1590624
7369148    0.4514948    0.4800153
95267031    0.1225485    0.1449459
37419068    0.1121111    0.1749947
67381945    0.1065278    0.0680806
8290476    0.2635870    0.2196361
16943087    0.1024783    0.1519667
35842190    0.0440798    0.0953487
6138297    0.0625853    0.0651045
20819547    0.4023762    0.2728969
94185602    0.0684437    0.0285495
94715302    0.3625983    0.2701800
30694825    0.0365880    0.1594008
2096537    0.5723276    0.4173046
39720486    0.2953125    0.2582491
6135948    0.4934883    0.3151043
97428650    0.1566038    0.1966033
38549061    0.3059458    0.2961768
63175049    0.2735692    0.2159567
50942871    0.0802008    0.1259144
82609473    -0.0309462    -0.0220668
9518642    0.5007111    0.5587537
20419573    0.2637484    0.2135419
3280951    0.0553783    0.1087747
4976231    0.4576726    0.3677756
5738926    0.3573479    0.4240186
8605217    0.2345106    0.1599258
67851930    0.1565579    0.0989369
81437256    0.3754057    0.2668327
47098521    0.1130693    0.1599977
5831672    0.2538592    0.2375371
9245670    0.3915895    0.3389846
8927605    0.1242698    0.1229270
87932541    0.1275321    0.0814887
43065218    0.2726136    0.1446442
97183264    0.3591365    0.3585248
9354761    0.1451593    0.0882401
9501276    0.0174545    -0.1110166
5469827    0.0416673    0.0966989
7160483    0.4047953    0.3560601
27156309    0.1905536    0.1951563
37049621    0.1162308    0.1036744
60897513    0.1301192    0.1505426
67198240    0.4920497    0.5233311
7918026    0.0989480    0.1787327
5891230    0.2276907    0.2497409
6748193    0.2073776    0.1229784
5146839    0.5332805    0.3423178
34681702    0.2408399    0.2619920
2541903    0.3190446    0.3836426
6703951    0.2923357    0.3621985
79648230    0.2436525    0.2105048
5170386    0.0831770    0.1983175
1056832    0.1398216    0.0617227
4857263    0.3738794    0.2431529
68293104    0.0358413    -0.0065286
70843926    0.2776558    0.2909828
93481752    0.2718664    0.2030314
6491783    0.2638982    0.2029964
87196024    0.1803782    0.1758495
67905128    0.1698469    0.2250727
5123968    0.5559287    0.4330818
97408251    0.0528856    0.1143524
4932856    0.2126629    0.2245047
2487590    0.1245996    0.1894508
32508179    0.0563334    0.0917436
93270846    0.3896023    0.3803786
59387142    0.2924146    0.2203441
61792438    0.2751650    0.2629852
12904576    0.3852948    0.3316592
5762910    0.2062399    0.2904325
3627410    0.1778646    0.1696721
43972106    0.3626580    0.3932407
72803641    0.0189457    0.0924621
2568307    0.2370991    0.2337616
41085739    0.2158497    0.2330166
5619803    0.1762386    0.1190432
58319420    0.0758413    0.0541905
95063127    0.3365001    0.2170456
50648317    0.3646901    0.3384245
3254689    0.3482216    0.3751806
50619347    0.3196470    0.3175086
4306815    0.5216363    0.4543976
56140738    0.3249323    0.2144069
80163975    -0.0812560    0.0613350
3741296    0.0530962    0.0176954
34012568    0.4028562    0.3523541
89231046    0.0701274    0.1838942
14387690    0.2061633    0.2081589
4352098    0.3358923    0.2877151
56489170    0.3309727    0.2921700
76402381    0.0634703    0.1111247
62157849    0.1091794    0.0836748
83764925    0.1711960    0.1488394
1895642    0.3019776    0.2673848
34209168    0.1613672    0.1610270
47812905    0.1007904    0.1331528
5749680    0.1812531    0.2695483
2645180    0.2137118    0.2178883
7483150    0.3565000    0.3765223
82139740    0.3176008    0.2582790
32875906    0.3579376    0.3714442
40326571    0.2393876    0.2422323
12507849    0.1052662    0.0572449
78691503    0.3143425    0.2595039
17596823    0.0303843    0.0223816
7803256    0.3907403    0.4204721
2018563    0.3960066    0.3491856
32156478    0.0373923    0.0446591
9321840    0.4420901    0.3671045
6982735    0.1570534    0.1921406
93608745    0.2518492    0.2276649
31286905    0.1618569    0.1566292
1340285    0.1161054    0.1569355
74920568    0.0942004    0.1516550
9706385    0.3472344    0.4272342
1735482    0.1225054    0.1932989
7126859    0.0000346    0.0544419
67409258    0.3510112    0.2702338
8317509    0.1872364    0.2095060
4987650    0.2964038    0.2472996
5732806    0.2107367    0.1993769
45068793    0.0582267    0.0387537
15780629    0.4336775    0.4497097
9546732    0.3262210    0.3742155
89604375    0.5544792    0.4279429
8597263    0.1450746    0.2167137
4123795    -0.0081841    0.1271105
19483527    0.1787383    0.1786109
84036972    0.2046254    0.1400150
8315042    0.3440053    0.2832755
6594182    0.0526440    0.1023767
9467830    -0.0446479    0.0344296
1302765    0.3472123    0.3565395
35280617    -0.0191183    0.0697774
13658924    0.0792403    0.1216102
6039182    0.2504354    0.2084587
34189275    0.0542352    0.0667897
2384019    0.2573606    0.1944856
63975401    -0.0284755    0.0554474
94528706    0.1321287    0.1319008
70251698    0.3058280    0.2540326
65349018    0.3772913    0.3186187
9180765    0.1868605    0.2361155
10857693    0.2848121    0.2825618
16504783    0.2812308    0.2619504
75149062    0.1247694    0.1369555
95240316    0.1675703    0.1925985
79631548    0.1812138    0.1246769
5062718    0.3932812    0.3058745
16375284    0.2126535    0.2309294
56124780    0.1965039    0.2871807
30975426    0.2825031    0.3364365
50129364    0.3502489    0.4576436
4165230    0.0664882    0.1784671
85320746    0.3344432    0.2885782
16958274    0.0291058    0.1151781
61784935    0.0502294    0.1197389
9605831    0.1809202    0.1876527
83429561    0.2568101    0.2323298
2819470    0.3080540    0.3336632
6319528    0.3046428    0.2240305
42368795    0.4455477    0.4603350
7985463    0.1468814    0.1385651
57129046    0.0741950    0.0399826
2836405    0.2381882    0.2201798
72150386    -0.0355079    0.0406788
6175483    0.4677562    0.3799086
71403958    0.3880658    0.3058994
2498173    0.3937241    0.3461021
83265941    0.1260843    0.1611082
1487932    0.4101857    0.3195257
9267581    0.1851758    0.1893034
6423907    0.2354790    0.1134024
2317805    0.4805482    0.3969798
31254760    0.4422659    0.3924324
96138204    0.1449491    0.1308338
4267580    0.4071005    0.3943124
58346072    0.3937567    0.2645361
3514269    0.2860579    0.3122246
43206985    0.1951650    0.1315288
9731406    0.1191694    0.1224744
9461730    0.1967047    0.2115181
43208516    0.2005489    0.2144015
7243896    0.3525857    0.2876286
52634817    0.2849960    0.1355366
68427591    0.0416545    0.0033954
2869347    0.3789614    0.4457800
18952376    0.0941340    0.1671662
4750928    0.4639964    0.3430013
7130825    0.2484626    0.2018245
4528069    0.1329296    0.0045903
61927503    0.0583740    0.1054564
48270965    -0.0273596    0.0818257
71248596    0.0827905    0.1839451
8512390    0.3917661    0.3519270
87563140    0.2003200    0.1687165
2198367    0.0754390    0.1124410
43790281    0.0475672    -0.0458716
3092751    0.0439309    0.0569165
43860715    0.0869390    -0.0204731
