23750186    0.1395542    0.0684849
34681702    0.2408399    0.2824430
58346072    0.3937567    0.2715503
45068793    0.0582267    0.1043465
71465098    0.3067145    0.2070155
93270846    0.3896023    0.4031007
27159836    0.0332070    0.1278051
61927503    0.0583740    0.1112098
40236598    0.1331878    0.1134905
56140738    0.3249323    0.4076642
32714856    0.3173793    0.4625367
37419068    0.1121111    0.0865202
43780952    0.3129933    0.2764301
12458390    0.1245855    0.1189745
50836291    0.1281155    0.1190706
49670328    0.1332543    0.1592696
59387142    0.2924146    0.3061771
96138204    0.1449491    0.1228131
61932785    0.2703631    0.1988552
85320746    0.3344432    0.3713018
43790281    0.0475672    0.0752855
50619347    0.3196470    0.2948843
93608745    0.2518492    0.1721866
81439706    0.1262791    0.0557832
14387690    0.2061633    0.1855239
97408251    0.0528856    0.0980134
58029641    0.1638877    0.1208052
40568932    0.1124073    0.1166858
15860437    0.1634063    0.1990855
39720486    0.2953125    0.2905521
52634817    0.2849960    0.1746565
38549061    0.3059458    0.2759432
69578014    0.2654074    0.2826019
60573841    0.0080028    0.0610498
34105672    0.1870527    0.2163921
63175049    0.2735692    0.3165916
24035867    0.2180151    0.2121146
51763480    0.4308012    0.2865217
12507849    0.1052662    0.1278051
13480652    0.2119081    0.2112540
46752830    0.5220824    0.4097282
89231046    0.0701274    0.1192756
70264158    0.1874085    0.2037762
80163975    -0.0812560    -0.0198618
67851930    0.1565579    0.1239100
19436725    0.1565862    0.1171739
65374182    0.0248284    0.0869725
50648317    0.3646901    0.3982458
64021875    0.1019267    0.1278051
95267031    0.1225485    0.1278051
37049621    0.1162308    0.1278051
13658924    0.0792403    0.0747717
81693024    0.1615259    0.1345994
12304586    0.2230351    0.1995099
48270965    -0.0273596    0.0554234
83265941    0.1260843    0.1242749
97183264    0.3591365    0.3258253
25976038    0.2738430    0.2690178
59481307    0.1335299    0.0847342
94185602    0.0684437    0.1278051
12374650    0.1772530    0.1519319
82354971    0.0228063    0.1278051
89604375    0.5544792    0.3879395
17042638    0.1411405    0.1363905
87563140    0.2003200    0.1810190
65349018    0.3772913    0.2760116
70251698    0.3058280    0.2747572
95063127    0.3365001    0.2268455
18325407    0.3715184    0.4898567
65483790    0.0322079    0.0774369
76402381    0.0634703    0.1054036
15780629    0.4336775    0.5253034
38702645    0.1698794    0.2233420
83429561    0.2568101    0.2757663
19483527    0.1787383    0.2418476
38960417    0.0926794    0.1278051
40596718    0.1890510    0.2200817
42936180    0.4175026    0.5671042
95308671    0.2649733    0.2971858
10392748    0.1246251    0.1392652
71453068    0.0661260    0.1177945
75684932    0.2416156    0.2802494
23045176    0.3178396    0.4299991
37068241    0.4272806    0.4640045
87904612    0.1259729    0.1185001
31254760    0.4422659    0.4361529
71204863    0.2342260    0.2515330
25986740    0.1667644    0.1954938
82139740    0.3176008    0.2835740
16943087    0.1024783    0.1473423
18967543    0.2637843    0.1932023
54879302    0.2807025    0.2454307
67381945    0.1065278    0.0509584
40326571    0.2393876    0.2918658
26408915    0.1213319    0.1066525
12064358    0.1449998    0.1388601
93481752    0.2718664    0.1863903
27845619    0.2513606    0.2143782
74920568    0.0942004    0.1278051
79324150    0.1327389    0.1149979
17596823    0.0303843    0.0302176
50129364    0.3502489    0.3126287
72150386    -0.0355079    0.0872724
59230168    0.1671241    0.1213747
79631548    0.1812138    0.1103818
35842190    0.0440798    0.1056691
78510264    0.0811135    0.1289600
43065218    0.2726136    0.3353054
86192507    0.0664135    0.1278051
52948361    0.0420176    0.1278051
10857693    0.2848121    0.2650894
85902746    0.2217552    0.3154718
65790324    0.0046216    0.0977040
58319420    0.0758413    0.0940217
56893071    0.1657909    0.1807645
97428650    0.1566038    0.1327823
85397462    0.1461277    0.1405967
30975426    0.2825031    0.2795588
31879054    0.3563824    0.4817911
12904576    0.3852948    0.3360991
32156478    0.0373923    0.1077273
71403958    0.3880658    0.5084900
87196024    0.1803782    0.2797906
24501987    0.1447957    0.1532291
10693257    0.3052177    0.3095509
56920873    0.2995450    0.2572263
87932541    0.1275321    0.0941086
67198240    0.4920497    0.4702440
82769514    0.1071274    0.1136559
20694735    0.0069220    0.1278051
81294637    0.2323228    0.2914737
62941037    0.3422488    0.2362967
32508179    0.0563334    0.1215573
20419573    0.2637484    0.2296012
20519736    0.2078745    0.1603858
81437256    0.3754057    0.2643867
61792438    0.2751650    0.2919980
69538402    0.4654601    0.4755998
84036972    0.2046254    0.2806655
41267093    0.0940958    0.1164070
