3061874    0.2808881    0.2568458
2096537    0.5723276    0.4253513
6895471    0.5201627    0.3330639
2941375    0.1039866    0.1063751
5140362    0.3208159    0.3110157
6543129    0.4651338    0.3620099
9380175    0.2946367    0.2276360
7126859    0.0000346    -0.0212280
4637091    0.4661794    0.3283198
2453071    0.2434675    0.1639934
6807539    0.3188515    0.2874377
3469512    0.2516770    0.2047312
5372069    0.3426059    0.2853671
7063891    0.3753386    0.2862951
3092751    0.0439309    0.1780872
8512390    0.3917661    0.3078685
9501276    0.0174545    0.1036423
3296450    0.5973707    0.4855968
5683192    0.4733342    0.3592054
3627410    0.1778646    0.1707360
8605217    0.2345106    0.1391524
4265083    0.3106906    0.3145292
9157643    0.4749572    0.4478079
2931756    0.2538077    0.1378005
9461730    0.1967047    0.1708467
9546732    0.3262210    0.3104864
2198367    0.0754390    0.1780872
2317805    0.4805482    0.3199261
6342708    0.0867694    0.1780872
5183609    0.5404390    0.3660485
6982735    0.1570534    0.2799574
2465970    0.2177032    0.1780872
4327501    0.2126635    0.1872538
2568307    0.2370991    0.2793055
9605831    0.1809202    0.1820367
5894621    0.2282716    0.2167844
2760143    0.3529654    0.2842963
6703951    0.2923357    0.3184142
9518437    0.1673752    0.2084425
6930741    0.1099527    0.1780872
4768210    0.6686979    0.4795310
8613947    0.2891041    0.2471555
6530821    0.3380645    0.2781210
3041965    0.4253836    0.2758468
4063285    0.2597609    0.2425988
8927605    0.1242698    0.1119741
7254913    0.0828423    0.1780872
2541903    0.3190446    0.3115941
3645207    0.1910296    0.1503986
9084715    0.0584843    0.1780872
5693807    0.1703150    0.1854047
1705239    0.2730497    0.2044671
1059674    0.2535736    0.2876735
5160827    0.1363529    0.1329428
5294037    0.3698771    0.2921614
3612974    0.1838014    0.1863512
8597263    0.1450746    0.1545662
5197243    0.5915708    0.3710708
8643509    0.4373056    0.4090851
5648371    0.2782824    0.2085885
9138254    0.2920520    0.2748331
6594182    0.0526440    0.1780872
3215784    0.0695981    0.0112623
2845369    0.2818527    0.2385537
4306815    0.5216363    0.4630306
8463201    0.3381932    0.3279024
2487590    0.1245996    0.1635202
9840216    0.0807284    0.0637349
1365094    0.2127880    0.3225117
7985463    0.1468814    0.0983588
9583261    0.3440669    0.3411942
3280951    0.0553783    0.1219143
9354761    0.1451593    0.1203921
9317528    0.2727551    0.2402713
7483150    0.3565000    0.2853604
1743698    0.3903206    0.3352270
9607438    0.1222324    0.1383964
2694380    0.2196963    0.1856612
1932047    0.1806909    0.1405160
8317509    0.1872364    0.1326353
2514308    0.3364096    0.2707744
5619803    0.1762386    0.0886119
3015264    0.2364364    0.1964308
2045968    0.1103608    0.1518025
5308146    0.4128936    0.3592877
5762910    0.2062399    0.2271201
1302765    0.3472123    0.2939608
5738926    0.3573479    0.2953318
2498173    0.3937241    0.2962075
4987650    0.2964038    0.2546762
2645180    0.2137118    0.1914500
6902314    0.1831756    0.1516322
6091584    0.0551016    0.0967814
7804269    0.1723401    0.1627799
3821574    0.3310490    0.2666229
2836405    0.2381882    0.1794997
9180765    0.1868605    0.1932555
5267094    0.2599849    0.3701635
5123968    0.5559287    0.2818042
6039182    0.2504354    0.1864217
1340285    0.1161054    0.1428993
9328467    0.5027560    0.5020162
3204167    0.3540025    0.3090395
3891520    0.3327236    0.2634358
1694783    0.0640252    0.1601983
4960875    0.1032987    0.0832116
6752138    0.1926357    0.1502278
1260374    0.0731026    0.1639535
9765234    0.3451286    0.3822007
7243896    0.3525857    0.4078976
1069425    0.5509495    0.4578281
9257083    0.5751210    0.4758223
6423907    0.2354790    0.2096753
7548206    0.3996251    0.3381368
9182473    0.1916796    0.2102408
2943061    0.1322802    0.1780872
3786905    0.2339949    0.1847877
3741296    0.0530962    0.0287073
5902371    0.2322153    0.2379062
7521463    0.3398980    0.2658170
4867502    0.3658697    0.3675691
3740286    0.4547719    0.4203591
4127693    0.3656554    0.2799490
4976231    0.4576726    0.3666382
9381746    0.2999753    0.3188351
2078916    0.2681468    0.3065295
9731406    0.1191694    0.1780872
9706385    0.3472344    0.2938802
8315042    0.3440053    0.2717698
6135948    0.4934883    0.5731723
3264017    0.1892763    0.2138482
7918026    0.0989480    0.1185076
3514269    0.2860579    0.2432314
4857263    0.3738794    0.4224556
9084235    0.2844537    0.3026884
8521307    0.3988584    0.3725972
7160483    0.4047953    0.3073879
4935860    0.2500624    0.2387156
6971305    0.4535946    0.4078230
7932580    0.4682114    0.5384225
