4327501    0.2126635    0.2324898
57129046    0.0741950    0.0604785
3645207    0.1910296    0.1421742
7348562    0.3256060    0.3131682
46879352    0.1105719    0.1194516
8605217    0.2345106    0.3020623
16958274    0.0291058    0.1564949
9084715    0.0584843    0.0365257
68293104    0.0358413    0.1245813
3092751    0.0439309    0.1356499
60573841    0.0080028    0.1409630
93481752    0.2718664    0.1680938
71204863    0.2342260    0.2487756
7548206    0.3996251    0.3444458
84135296    0.0717320    0.1171931
2317805    0.4805482    0.3862073
3578406    0.1215780    0.0892623
6895471    0.5201627    0.4846781
59230168    0.1671241    0.1199848
6971305    0.4535946    0.3416952
1069425    0.5509495    0.4967037
78510264    0.0811135    0.1744863
35842190    0.0440798    0.1375351
4935860    0.2500624    0.2653040
1895642    0.3019776    0.4741163
49670328    0.1332543    0.1846990
92057831    0.1228388    0.0996496
34012568    0.4028562    0.4043898
14387690    0.2061633    0.1539656
98016472    0.1913138    0.1810444
61932785    0.2703631    0.1859421
71453068    0.0661260    0.1429330
6083594    0.4033448    0.4026831
5140362    0.3208159    0.3669648
79324150    0.1327389    0.1006008
64213980    0.0801635    0.1371296
85902746    0.2217552    0.2087126
9706385    0.3472344    0.3318858
4692830    0.5977371    0.3020875
67905128    0.1698469    0.1826556
9501276    0.0174545    0.0983354
40596718    0.1890510    0.2032556
43860715    0.0869390    0.1006986
72803641    0.0189457    0.0536902
6530821    0.3380645    0.2616552
71403958    0.3880658    0.3946214
9720165    0.4198961    0.3237331
7130825    0.2484626    0.1919983
8613947    0.2891041    0.3439783
2465970    0.2177032    0.2292807
72153046    0.0292038    -0.0139286
4165972    0.2014961    0.1890068
68427591    0.0416545    0.0819149
81439706    0.1262791    0.0586827
2361549    0.1515017    0.0982631
9603748    0.2451397    0.3181396
19743065    0.0593324    0.1861706
35280617    -0.0191183    0.1117012
4528069    0.1329296    0.1891069
20456318    0.0361747    0.1384743
16504783    0.2812308    0.2988103
32156478    0.0373923    0.0859184
5196087    0.4362904    0.4235904
96138204    0.1449491    0.1001135
8463201    0.3381932    0.3047624
5469827    0.0416673    0.1147356
65374182    0.0248284    0.0685874
4123795    -0.0081841    0.1277390
10392748    0.1246251    0.1066720
6748193    0.2073776    0.2276557
85397462    0.1461277    0.1421983
7932580    0.4682114    0.3447070
40568932    0.1124073    0.1341395
45628709    0.1130647    0.0003857
43208516    0.2005489    0.1811143
7819360    0.3202660    0.2796848
38549061    0.3059458    0.2964974
9518437    0.1673752    0.1782980
21064358    0.1029364    0.1094289
69538402    0.4654601    0.3799752
4165230    0.0664882    0.1399009
41253670    0.2920886    0.2350007
6091584    0.0551016    0.1240183
23045176    0.3178396    0.2256753
92165478    0.3181673    0.2132984
13480652    0.2119081    0.2326040
2645180    0.2137118    0.2698806
36509124    0.1029860    0.1403106
7905641    0.2707025    0.3466628
5183609    0.5404390    0.5939937
30694825    0.0365880    0.0936725
51763480    0.4308012    0.4226297
47812905    0.1007904    0.0442490
78351290    0.2346316    0.2199311
8512390    0.3917661    0.3801870
12064358    0.1449998    0.1349301
6752138    0.1926357    0.2418382
81693024    0.1615259    0.1623318
19483527    0.1787383    0.2203406
4265083    0.3106906    0.2980675
19436725    0.1565862    0.2312843
50836291    0.1281155    0.1668162
6315928    0.2469237    0.3166733
65790324    0.0046216    0.0753002
5123968    0.5559287    0.4971108
67198240    0.4920497    0.4785187
35897402    0.4143970    0.5197101
4976231    0.4576726    0.3970724
62157849    0.1091794    0.0952468
43790281    0.0475672    0.0556510
5178439    0.3721354    0.4078320
48270965    -0.0273596    0.1117956
20694735    0.0069220    0.0989290
24035867    0.2180151    0.2423633
39186520    0.1250224    0.1723673
9840216    0.0807284    0.0918327
34681702    0.2408399    0.1994083
45068793    0.0582267    0.0084191
70251698    0.3058280    0.2805431
1320567    0.2311754    0.2080446
3061874    0.2808881    0.2856774
9605831    0.1809202    0.2459618
5738926    0.3573479    0.3758748
8290476    0.2635870    0.2777022
70264158    0.1874085    0.1686119
83197206    0.2185750    0.1763093
84036972    0.2046254    0.2511097
1365094    0.2127880    0.2139761
37049621    0.1162308    0.1603553
1260374    0.0731026    0.1106090
61784935    0.0502294    0.1432815
5749680    0.1812531    0.1669531
17596823    0.0303843    0.0901403
6594182    0.0526440    0.0888901
52634817    0.2849960    0.1701174
95267031    0.1225485    0.1653016
2568307    0.2370991    0.2426989
3056417    0.3964929    0.3103271
76415208    0.0900140    0.1329951
18967543    0.2637843    0.2004271
3891520    0.3327236    0.3525319
6930741    0.1099527    0.1092216
25976038    0.2738430    0.2652133
62945318    0.1630607    0.1533701
9257083    0.5751210    0.5801857
62897034    0.1620364    0.1265989
5732806    0.2107367    0.1874180
6491783    0.2638982    0.2396577
96302148    0.2372141    0.2767993
81294637    0.2323228    0.1377824
5197243    0.5915708    0.4484802
9546732    0.3262210    0.2887150
7803256    0.3907403    0.3439793
7521463    0.3398980    0.3647984
2739650    0.1539570    0.2084267
3296450    0.5973707    0.4173853
5762910    0.2062399    0.2684053
69578014    0.2654074    0.1765360
94528706    0.1321287    0.1769127
20819547    0.4023762    0.2927541
41085739    0.2158497    0.1700523
98526013    0.1456753    0.1391794
9576032    0.5069458    0.4241554
3786905    0.2339949    0.1912870
32714856    0.3173793    0.3165115
5718692    0.1730530    0.1775121
62941037    0.3422488    0.3496171
9328467    0.5027560    0.4292449
4637091    0.4661794    0.3612531
89231046    0.0701274    0.1288936
39720486    0.2953125    0.3478336
34209168    0.1613672    0.1753900
2498173    0.3937241    0.3668387
31879054    0.3563824    0.2582793
6175483    0.4677562    0.3836581
3740286    0.4547719    0.3775350
2819470    0.3080540    0.2955495
9618250    0.1745989    0.1861706
91052873    0.1417432    0.1659114
50942871    0.0802008    0.1235755
32508179    0.0563334    0.1171953
1932047    0.1806909    0.1590148
3469512    0.2516770    0.1613235
9380175    0.2946367    0.3105600
15860437    0.1634063    0.1702883
67381945    0.1065278    0.1164560
78691503    0.3143425    0.3065920
12458390    0.1245855    0.1360048
94715302    0.3625983    0.4848161
1098653    0.2683512    0.2206553
97408251    0.0528856    0.0507035
4328571    0.3664831    0.2836440
8054917    0.3262745    0.3222944
76402381    0.0634703    0.1209590
50648317    0.3646901    0.2701276
71248596    0.0827905    0.1168290
3612974    0.1838014    0.1803717
1056832    0.1398216    0.1486213
52948361    0.0420176    0.0398533
2096537    0.5723276    0.3579959
31286905    0.1618569    0.0784648
6807539    0.3188515    0.3411951
3204167    0.3540025    0.3840025
2941375    0.1039866    0.1905438
4867502    0.3658697    0.2815691
58319420    0.0758413    0.1009525
9583261    0.3440669    0.3405068
6025847    0.3156327    0.3980458
5894621    0.2282716    0.1921544
5170386    0.0831770    0.1590839
3014689    0.2795749    0.2428123
4127693    0.3656554    0.3621328
1923504    0.4565430    0.4560369
2694380    0.2196963    0.1916174
13085762    0.3273837    0.4083911
32450971    0.1140205    0.1213193
2931756    0.2538077    0.2418821
47098521    0.1130693    0.1253160
6543129    0.4651338    0.4380148
87563140    0.2003200    0.1727452
2018563    0.3960066    0.3957371
3254689    0.3482216    0.4823466
67851930    0.1565579    0.1604154
45726190    0.1449229    0.0929703
1705239    0.2730497    0.2964951
58642793    0.1629138    0.1088777
93608745    0.2518492    0.2687977
20419573    0.2637484    0.2424418
67409258    0.3510112    0.3594548
3149850    0.0295857    0.1868568
5683192    0.4733342    0.3915694
61487350    0.1231352    0.0870777
83429561    0.2568101    0.2617610
75149062    0.1247694    0.1861706
7243896    0.3525857    0.2466684
9425807    0.3096627    0.2628388
18952376    0.0941340    0.1008998
85320746    0.3344432    0.2690033
86192507    0.0664135    0.1721942
9381746    0.2999753    0.3524295
37068241    0.4272806    0.3151386
95240316    0.1675703    0.1730039
82609473    -0.0309462    0.0249495
87932541    0.1275321    0.1243360
2673845    0.5641396    0.5920596
1059674    0.2535736    0.3447448
5831672    0.2538592    0.2996731
40236598    0.1331878    0.1676800
25986740    0.1667644    0.1132814
89604375    0.5544792    0.3060217
63175049    0.2735692    0.2388454
6135948    0.4934883    0.3749782
34982675    0.0478840    0.0810124
7254913    0.0828423    0.0885305
4750928    0.4639964    0.4160699
74920568    0.0942004    0.1365624
85709634    0.1365534    0.1469784
26408915    0.1213319    0.1724831
30975426    0.2825031    0.2180384
12304586    0.2230351    0.2337801
18325407    0.3715184    0.3279190
8410523    0.3938945    0.2968805
50619347    0.3196470    0.3686011
9317528    0.2727551    0.2547959
2453071    0.2434675    0.2143387
5814072    0.1933573    0.1918729
56140738    0.3249323    0.2679356
4203176    0.0868008    0.1207977
6319528    0.3046428    0.2888112
6851203    0.2527070    0.3325948
50129364    0.3502489    0.3537002
64021875    0.1019267    0.0480672
40326571    0.2393876    0.2420866
23705914    0.1015233    0.1467672
5902371    0.2322153    0.3293990
32875906    0.3579376    0.3529477
8521307    0.3988584    0.3636484
42368795    0.4455477    0.4285204
60897513    0.1301192    0.0519062
31254760    0.4422659    0.4215360
