10392748    0.1246251    0.0542660
51398260    0.1249023    0.1447511
47812905    0.1007904    0.0688218
16943087    0.1024783    0.1119125
21064358    0.1029364    0.1417322
20819547    0.4023762    0.3572132
19743065    0.0593324    0.1579542
32156478    0.0373923    0.1362421
52634817    0.2849960    0.2311248
16504783    0.2812308    0.2622064
72150386    -0.0355079    0.1099112
19436725    0.1565862    0.0986018
34209168    0.1613672    0.1738975
37049621    0.1162308    0.0394853
65790324    0.0046216    0.0969081
35842190    0.0440798    0.0208542
49670328    0.1332543    0.1697087
58346072    0.3937567    0.3530160
62157849    0.1091794    0.1079712
39186520    0.1250224    0.1657528
17596823    0.0303843    0.0209440
61487350    0.1231352    0.1259593
50648317    0.3646901    0.2742141
34189275    0.0542352    0.0798340
62945318    0.1630607    0.1376727
61784935    0.0502294    0.0889754
63975401    -0.0284755    0.0326574
40236598    0.1331878    0.1210045
23045176    0.3178396    0.2528737
95063127    0.3365001    0.3096598
45726190    0.1449229    0.0775471
56893071    0.1657909    0.1699186
84135296    0.0717320    0.0870686
82769514    0.1071274    0.1132722
51763480    0.4308012    0.3570090
87563140    0.2003200    0.2039704
56140738    0.3249323    0.2510304
71403958    0.3880658    0.3794385
25976038    0.2738430    0.2443102
32875906    0.3579376    0.3486258
54879302    0.2807025    0.2110478
12374650    0.1772530    0.1167240
81439706    0.1262791    0.0920734
12064358    0.1449998    0.0898267
81294637    0.2323228    0.1536911
13085762    0.3273837    0.2224784
23750186    0.1395542    0.0441648
68293104    0.0358413    0.0236994
59481307    0.1335299    0.0923207
69538402    0.4654601    0.3708271
32508179    0.0563334    0.0421607
94715302    0.3625983    0.2968451
97428650    0.1566038    0.1606899
83429561    0.2568101    0.2221757
50619347    0.3196470    0.3636736
72803641    0.0189457    0.0565156
80163975    -0.0812560    -0.0166175
12458390    0.1245855    0.0864731
89604375    0.5544792    0.4153783
83265941    0.1260843    0.1185779
46752830    0.5220824    0.3257751
62941037    0.3422488    0.3100411
87196024    0.1803782    0.1394664
20419573    0.2637484    0.2772545
85397462    0.1461277    0.1874208
43780952    0.3129933    0.2462901
43972106    0.3626580    0.3379856
70843926    0.2776558    0.2666143
31286905    0.1618569    0.1246688
46879352    0.1105719    0.1033705
36509124    0.1029860    0.1481429
12304586    0.2230351    0.1941343
23705914    0.1015233    0.1081354
43790281    0.0475672    0.0561913
94130527    0.1603314    0.1347887
34681702    0.2408399    0.2734369
65349018    0.3772913    0.3309321
64021875    0.1019267    0.1276381
37068241    0.4272806    0.3792415
16958274    0.0291058    0.0876609
96302148    0.2372141    0.1540087
16094873    0.0280620    0.0264372
71453068    0.0661260    0.0795687
67435291    0.3115513    0.3366252
85709634    0.1365534    0.0759021
54789260    0.0388761    0.1060148
98526013    0.1456753    0.1528884
10857693    0.2848121    0.2428290
67905128    0.1698469    0.2215059
12507849    0.1052662    0.1385178
92165478    0.3181673    0.3206941
85320746    0.3344432    0.3514331
32450971    0.1140205    0.1376588
92057831    0.1228388    0.1159593
31254760    0.4422659    0.2859991
74920568    0.0942004    0.1340890
32714856    0.3173793    0.3195738
75149062    0.1247694    0.1252958
93608745    0.2518492    0.2278182
79648230    0.2436525    0.1538459
31879054    0.3563824    0.3274825
39062841    0.0944830    0.0886881
50129364    0.3502489    0.3209349
20694735    0.0069220    0.0739685
38549061    0.3059458    0.3098241
15780629    0.4336775    0.3592877
25986740    0.1667644    0.1719494
27159836    0.0332070    0.0649373
70251698    0.3058280    0.2313399
64213980    0.0801635    0.1275103
26408915    0.1213319    0.1532065
79324150    0.1327389    0.0999248
20456318    0.0361747    0.0284598
67239801    0.1973108    0.1701137
13658924    0.0792403    0.1236632
97183264    0.3591365    0.3768505
16375284    0.2126535    0.2074901
50942871    0.0802008    0.0893767
43208516    0.2005489    0.1398937
40596718    0.1890510    0.2077398
79631548    0.1812138    0.1424052
27845619    0.2513606    0.2580885
67381945    0.1065278    0.1214588
43860715    0.0869390    0.0907830
39720486    0.2953125    0.2965416
35897402    0.4143970    0.2977077
87932541    0.1275321    0.0777142
18967543    0.2637843    0.2467809
67198240    0.4920497    0.5352771
57129046    0.0741950    0.0123341
40568932    0.1124073    0.0619698
58319420    0.0758413    0.0591039
76415208    0.0900140    0.1410327
17042638    0.1411405    0.2906209
56489170    0.3309727    0.2554303
71248596    0.0827905    0.1359444
18952376    0.0941340    0.1031805
95267031    0.1225485    0.1188375
96138204    0.1449491    0.1242142
18325407    0.3715184    0.3281310
