7190582    0.5212715    0.5051304
50836291    0.1281155    0.1147023
1098653    0.2683512    0.2565539
8410523    0.3938945    0.2627885
72153046    0.0292038    0.1834694
3741296    0.0530962    0.1834694
4857263    0.3738794    0.2783883
2384019    0.2573606    0.4439495
94185602    0.0684437    0.0466267
54879302    0.2807025    0.2970118
27156309    0.1905536    0.2192970
20456318    0.0361747    0.1160287
3250478    0.0873304    0.1349626
78510264    0.0811135    0.1252383
8317509    0.1872364    0.2734989
52634817    0.2849960    0.1895147
83265941    0.1260843    0.0669993
3821574    0.3310490    0.3148934
42936180    0.4175026    0.3521209
9450781    0.3211172    0.3568383
2096537    0.5723276    0.6285813
56893071    0.1657909    0.1396805
67435291    0.3115513    0.3991970
5738926    0.3573479    0.3279165
87932541    0.1275321    0.1136272
83764925    0.1711960    0.2851449
25986740    0.1667644    0.0838120
13658924    0.0792403    0.0870147
2078916    0.2681468    0.3630814
93270846    0.3896023    0.3129087
7369148    0.4514948    0.5779766
9518642    0.5007111    0.3959030
61932785    0.2703631    0.1622733
67409258    0.3510112    0.3527437
62157849    0.1091794    0.0602041
45068793    0.0582267    0.0570818
79324150    0.1327389    0.0568151
97408251    0.0528856    0.0617078
7243896    0.3525857    0.2692937
9328467    0.5027560    0.6290457
6594182    0.0526440    0.1404384
10392748    0.1246251    0.0895567
16504783    0.2812308    0.2818393
5267094    0.2599849    0.2824475
9618250    0.1745989    0.1423429
59481307    0.1335299    0.1216180
9084235    0.2844537    0.2681768
37049621    0.1162308    0.1848458
38960417    0.0926794    0.1420278
1790246    0.2481418    0.2904085
2941375    0.1039866    0.1834694
59230168    0.1671241    0.1834694
34681702    0.2408399    0.3315485
8597263    0.1450746    0.0942316
64213980    0.0801635    0.0887179
18952376    0.0941340    0.0785127
3014689    0.2795749    0.2314565
32468591    0.2064951    0.1865669
93507642    0.2040192    0.1450783
59806341    0.3732070    0.3640148
2361549    0.1515017    0.1152273
5902371    0.2322153    0.2007772
9182473    0.1916796    0.2027583
1487932    0.4101857    0.4182460
67851930    0.1565579    0.1834694
6083594    0.4033448    0.2516100
7819360    0.3202660    0.2771433
12507849    0.1052662    0.1834694
2673845    0.5641396    0.6235124
12086359    0.0064457    0.0873758
2317805    0.4805482    0.8698270
96302148    0.2372141    0.3263389
1340285    0.1161054    0.1834694
1895642    0.3019776    0.3828187
3582067    0.3364838    0.2469647
5831672    0.2538592    0.1990618
3296450    0.5973707    0.5508840
5196087    0.4362904    0.4856266
4935860    0.2500624    0.1834694
54789260    0.0388761    0.1352771
1365094    0.2127880    0.2678159
24501987    0.1447957    0.0849532
4960875    0.1032987    0.1561767
8496023    0.1516259    0.1834694
75684932    0.2416156    0.2366499
4637091    0.4661794    0.5599777
3514269    0.2860579    0.2996649
58319420    0.0758413    0.0156092
8054917    0.3262745    0.3130552
4987650    0.2964038    0.3189122
74920653    0.4227876    0.5191991
2043178    0.4086680    0.3627466
17596823    0.0303843    0.1127498
58346072    0.3937567    0.4831398
5469827    0.0416673    0.1327641
23074169    0.4747303    0.3297103
9157643    0.4749572    0.3011867
4327501    0.2126635    0.2515324
5160827    0.1363529    0.1834694
82609473    -0.0309462    0.1294140
9461730    0.1967047    0.1730846
61487350    0.1231352    0.1827186
4768210    0.6686979    0.4963815
70264158    0.1874085    0.2768602
83429561    0.2568101    0.3499668
8643509    0.4373056    0.3450869
94528706    0.1321287    0.0744395
5718692    0.1730530    0.1651352
84135296    0.0717320    0.1834694
20694735    0.0069220    0.1507255
43065218    0.2726136    0.2170642
3254689    0.3482216    0.1834694
9546732    0.3262210    0.3756778
8315042    0.3440053    0.2702572
32450971    0.1140205    0.0845355
38702645    0.1698794    0.1430493
9425807    0.3096627    0.2219031
2465970    0.2177032    0.1918844
6930741    0.1099527    0.1834694
32875906    0.3579376    0.3481846
5294037    0.3698771    0.3443814
7483150    0.3565000    0.3263285
43860715    0.0869390    0.1249021
13085762    0.3273837    0.3741111
1320567    0.2311754    0.2656870
35280617    -0.0191183    0.0560871
31254760    0.4422659    0.5484742
9180765    0.1868605    0.1637047
4309715    0.1303742    0.0503413
4265083    0.3106906    0.2728536
1923504    0.4565430    0.4192874
1694783    0.0640252    0.1212600
18325407    0.3715184    0.2122462
20419573    0.2637484    0.2250953
4165230    0.0664882    0.1834694
6703951    0.2923357    0.3077511
71204863    0.2342260    0.1960452
7804269    0.1723401    0.1158567
65349018    0.3772913    0.4379271
65374182    0.0248284    0.1258671
9138254    0.2920520    0.3103121
56124780    0.1965039    0.1947637
5140362    0.3208159    0.2894492
3892147    0.0673109    0.1472744
32714856    0.3173793    0.2605397
3264017    0.1892763    0.2659794
23045176    0.3178396    0.3260671
5187042    0.1334780    0.1834694
1932047    0.1806909    0.2049487
20819547    0.4023762    0.3825238
86192507    0.0664135    0.0038682
12374650    0.1772530    0.0543361
2498173    0.3937241    0.4765349
71453068    0.0661260    0.1262453
8653417    0.1287219    0.1311264
2694380    0.2196963    0.2472547
93481752    0.2718664    0.2369621
6530821    0.3380645    0.3866102
23705914    0.1015233    0.1928952
3015264    0.2364364    0.1748200
50129364    0.3502489    0.2457904
89231046    0.0701274    0.1374170
2845369    0.2818527    0.2620909
8463201    0.3381932    0.2364037
35897402    0.4143970    0.3354055
50987241    0.2942135    0.2173135
2045968    0.1103608    0.1834694
48270965    -0.0273596    0.1834694
40596718    0.1890510    0.2708844
5170386    0.0831770    0.1000755
9321840    0.4420901    0.3546221
9380175    0.2946367    0.3581309
3041965    0.4253836    0.5013060
6971305    0.4535946    0.3564028
3645207    0.1910296    0.1834694
27159836    0.0332070    0.0113702
3612974    0.1838014    0.3266037
4352098    0.3358923    0.3825830
5693807    0.1703150    0.2193061
92057831    0.1228388    0.2580252
81294637    0.2323228    0.2837857
85397462    0.1461277    0.1526046
16094873    0.0280620    0.1703977
5891230    0.2276907    0.2238778
70843926    0.2776558    0.2723376
43972106    0.3626580    0.4031469
8397402    -0.0295911    0.1440891
3786905    0.2339949    0.2538079
5062718    0.3932812    0.2587860
60897513    0.1301192    0.1071783
74920568    0.0942004    0.0756297
16943087    0.1024783    0.1107243
6423907    0.2354790    0.2113379
9576032    0.5069458    0.3441084
70251698    0.3058280    0.2381895
25976038    0.2738430    0.2684318
43790281    0.0475672    0.1231476
34982675    0.0478840    0.1834694
20519736    0.2078745    0.2014253
65790324    0.0046216    0.1303235
34012568    0.4028562    0.4691710
3280951    0.0553783    0.1834694
57043269    0.2307362    0.1635393
40568932    0.1124073    0.1917354
42368795    0.4455477    0.3770607
2760143    0.3529654    0.2198070
12458390    0.1245855    0.1332925
58642793    0.1629138    0.1910593
1804532    0.1433767    0.1378630
7160483    0.4047953    0.2718699
72015384    0.5095192    0.3703288
9706385    0.3472344    0.4085569
5732806    0.2107367    0.2622508
87196024    0.1803782    0.2417955
5146839    0.5332805    0.5507853
36509124    0.1029860    0.1192407
16375284    0.2126535    0.1842071
47098521    0.1130693    0.0824208
9765234    0.3451286    0.3045422
4306815    0.5216363    0.2842680
95063127    0.3365001    0.4817507
52948361    0.0420176    0.1856385
43780952    0.3129933    0.2145308
61784935    0.0502294    0.1450805
8512390    0.3917661    0.3770139
6342708    0.0867694    0.1228889
24035867    0.2180151    0.2599902
45726190    0.1449229    0.1834694
6748193    0.2073776    0.1095039
61792438    0.2751650    0.2502735
4867502    0.3658697    0.3092926
64021875    0.1019267    0.1340990
8605217    0.2345106    0.2294519
6271834    0.0263550    0.1834694
2541903    0.3190446    0.3731233
94715302    0.3625983    0.2215433
3578406    0.1215780    0.1705559
50942871    0.0802008    0.1337847
27845619    0.2513606    0.3795384
18967543    0.2637843    0.2631379
4328571    0.3664831    0.3007430
71248596    0.0827905    0.1241364
2739650    0.1539570    0.1760298
9607438    0.1222324    0.1295209
9605831    0.1809202    0.1834694
8613947    0.2891041    0.2964059
80163975    -0.0812560    0.0379276
9840216    0.0807284    0.0671330
15780629    0.4336775    0.2970536
5714096    0.3797141    0.2806509
95308671    0.2649733    0.3544700
67198240    0.4920497    0.3962269
92165478    0.3181673    0.2828693
5183609    0.5404390    0.5409553
1302765    0.3472123    0.2229396
81439706    0.1262791    0.1357057
15860437    0.1634063    0.1306183
5178439    0.3721354    0.2866685
68293104    0.0358413    0.1131221
6025847    0.3156327    0.3259239
12064358    0.1449998    0.1290795
41253670    0.2920886    0.3213676
67905128    0.1698469    0.1834694
50648317    0.3646901    0.3383768
68427591    0.0416545    0.1079215
34072651    0.0493279    0.1834694
9084715    0.0584843    0.1400025
6807539    0.3188515    0.5203019
4123795    -0.0081841    0.1247607
6851203    0.2527070    0.3147496
50619347    0.3196470    0.2916610
6752138    0.1926357    0.1400505
82139740    0.3176008    0.4470184
81693024    0.1615259    0.1783548
31286905    0.1618569    0.1080815
39186520    0.1250224    0.1253890
2158347    0.3815083    0.2624752
95267031    0.1225485    0.1256753
93608745    0.2518492    0.2651922
85902746    0.2217552    0.1834694
