70264158    0.1874085    0.2846465
85320746    0.3344432    0.4094968
30694825    0.0365880    0.0692208
96302148    0.2372141    0.1544593
59230168    0.1671241    0.0663359
20819547    0.4023762    0.4959583
62945318    0.1630607    0.2315182
97408251    0.0528856    0.0658521
14387690    0.2061633    0.1870847
65349018    0.3772913    0.2457580
58319420    0.0758413    0.0877079
60897513    0.1301192    0.1286582
74920568    0.0942004    0.0983782
48270965    -0.0273596    0.0529943
82769514    0.1071274    0.0749310
92165478    0.3181673    0.3618350
13085762    0.3273837    0.2811258
30975426    0.2825031    0.3559312
82609473    -0.0309462    -0.0584738
37049621    0.1162308    0.0968110
34209168    0.1613672    0.2002050
19436725    0.1565862    0.1291939
37068241    0.4272806    0.3454992
68427591    0.0416545    0.1409751
51763480    0.4308012    0.3117840
80163975    -0.0812560    0.0804830
10857693    0.2848121    0.2566479
65790324    0.0046216    0.0711945
34681702    0.2408399    0.3031003
18325407    0.3715184    0.3632372
67905128    0.1698469    0.1577590
39186520    0.1250224    0.1480744
32714856    0.3173793    0.1537340
12904576    0.3852948    0.3893679
79648230    0.2436525    0.2398535
43208516    0.2005489    0.2826231
51398260    0.1249023    0.0808347
93481752    0.2718664    0.1581883
81439706    0.1262791    0.0573258
23705914    0.1015233    0.2025570
12304586    0.2230351    0.2412409
50648317    0.3646901    0.2933537
50129364    0.3502489    0.3159892
84036972    0.2046254    0.1425342
19743065    0.0593324    0.0655559
93270846    0.3896023    0.4261839
65483790    0.0322079    0.0550945
26408915    0.1213319    0.1742950
23750186    0.1395542    0.0603459
16375284    0.2126535    0.1812367
87196024    0.1803782    0.1299900
16958274    0.0291058    0.0577974
18967543    0.2637843    0.1856343
98016472    0.1913138    0.1829580
76402381    0.0634703    0.0349321
57129046    0.0741950    0.0063962
16943087    0.1024783    0.1559868
81693024    0.1615259    0.2586527
10392748    0.1246251    0.1217969
56140738    0.3249323    0.3489152
52634817    0.2849960    0.2367477
15860437    0.1634063    0.1614581
56124780    0.1965039    0.2502837
43206985    0.1951650    0.0802966
71453068    0.0661260    0.0586792
75684932    0.2416156    0.1870500
40568932    0.1124073    0.1664637
41253670    0.2920886    0.1569358
65374182    0.0248284    0.0368576
89604375    0.5544792    0.4889692
63975401    -0.0284755    0.0389254
78691503    0.3143425    0.1280881
93608745    0.2518492    0.2289480
35897402    0.4143970    0.2946052
70251698    0.3058280    0.2596183
20419573    0.2637484    0.2166613
13480652    0.2119081    0.2438735
67851930    0.1565579    0.1162539
31879054    0.3563824    0.3150494
81294637    0.2323228    0.0951010
40326571    0.2393876    0.2539416
20456318    0.0361747    0.0055819
83429561    0.2568101    0.2782021
13658924    0.0792403    0.0131304
38702645    0.1698794    0.2271558
56920873    0.2995450    0.4168914
71204863    0.2342260    0.2107972
95240316    0.1675703    0.2828034
12507849    0.1052662    0.0646729
57043269    0.2307362    0.2369495
20694735    0.0069220    0.0759022
54789260    0.0388761    0.1003059
17042638    0.1411405    0.1679090
67239801    0.1973108    0.2037355
83764925    0.1711960    0.1567647
25986740    0.1667644    0.0601458
69538402    0.4654601    0.2704151
47098521    0.1130693    0.1140345
59387142    0.2924146    0.1985591
46879352    0.1105719    0.0692521
10378294    0.3021635    0.2196202
47812905    0.1007904    0.1643567
31254760    0.4422659    0.3340918
60573841    0.0080028    0.0737548
79631548    0.1812138    0.1754585
31286905    0.1618569    0.2019888
78510264    0.0811135    0.1009797
17596823    0.0303843    0.1074753
82139740    0.3176008    0.2404070
70843926    0.2776558    0.2255280
42368795    0.4455477    0.4369385
95063127    0.3365001    0.2631733
61792438    0.2751650    0.2816229
81437256    0.3754057    0.2823493
45068793    0.0582267    0.1211717
74920653    0.4227876    0.3800350
32508179    0.0563334    0.1138805
62897034    0.1620364    0.1480788
67198240    0.4920497    0.4220465
43860715    0.0869390    0.1405497
68293104    0.0358413    0.0580587
23045176    0.3178396    0.3176194
61487350    0.1231352    0.0402068
12374650    0.1772530    0.1010506
79324150    0.1327389    0.0977510
41267093    0.0940958    0.0674720
71305486    0.5131515    0.3395735
98526013    0.1456753    0.1151749
82354971    0.0228063    0.0750512
45726190    0.1449229    0.0943632
27156309    0.1905536    0.1843360
54879302    0.2807025    0.2476048
72015384    0.5095192    0.3476966
38549061    0.3059458    0.2832688
83197206    0.2185750    0.2155226
21064358    0.1029364    0.0476902
16504783    0.2812308    0.3130179
41085739    0.2158497    0.1761878
40236598    0.1331878    0.0608770
89231046    0.0701274    0.1416881
