5267094    0.2599849    0.3990782
70251698    0.3058280    0.2422537
67851930    0.1565579    0.0695573
3578406    0.1215780    0.1873805
4123795    -0.0081841    0.0760721
9765234    0.3451286    0.3336348
23705914    0.1015233    0.1087401
2317805    0.4805482    0.4735295
6423907    0.2354790    0.2200996
5160827    0.1363529    0.1827510
50648317    0.3646901    0.4207205
85709634    0.1365534    0.0986618
3741296    0.0530962    0.0444908
9576032    0.5069458    0.5040923
4309715    0.1303742    0.1921720
27156309    0.1905536    0.1606586
7918026    0.0989480    0.1221678
95063127    0.3365001    0.3126011
30694825    0.0365880    0.0602546
34982675    0.0478840    0.0147800
18967543    0.2637843    0.2279851
23074169    0.4747303    0.4263649
89231046    0.0701274    0.0695382
10857693    0.2848121    0.3074679
16958274    0.0291058    0.1061748
61487350    0.1231352    0.1053827
56893071    0.1657909    0.1930718
1735482    0.1225054    0.1143913
6594182    0.0526440    0.1328760
7160483    0.4047953    0.4086720
7483150    0.3565000    0.2871943
9257083    0.5751210    0.4878079
82609473    -0.0309462    0.0953517
43790281    0.0475672    0.0988546
8653417    0.1287219    0.0530178
5178439    0.3721354    0.3728166
10693257    0.3052177    0.2776740
7521463    0.3398980    0.3911014
1487932    0.4101857    0.4839477
6902314    0.1831756    0.1857998
37049621    0.1162308    0.1925280
9607438    0.1222324    0.1316204
87904612    0.1259729    0.1406180
5902371    0.2322153    0.3353254
83429561    0.2568101    0.2320045
16375284    0.2126535    0.2076141
40568932    0.1124073    0.1217818
8521307    0.3988584    0.3374478
2941375    0.1039866    0.1154618
52948361    0.0420176    -0.0074877
2845369    0.2818527    0.3371733
10392748    0.1246251    0.1290806
3612974    0.1838014    0.1517262
6851203    0.2527070    0.1913547
2487590    0.1245996    0.1875055
79324150    0.1327389    0.1439877
67905128    0.1698469    0.1651117
25986740    0.1667644    0.1502355
7803256    0.3907403    0.4282845
6283704    0.0842864    0.0882749
67409258    0.3510112    0.3403903
42368795    0.4455477    0.3535953
8054917    0.3262745    0.3012067
31286905    0.1618569    0.1038372
4528069    0.1329296    0.0916288
3014689    0.2795749    0.2409804
8597263    0.1450746    0.1300406
3514269    0.2860579    0.3801493
9461730    0.1967047    0.1834559
58319420    0.0758413    0.0616562
6138297    0.0625853    0.0833395
56124780    0.1965039    0.2422664
9381746    0.2999753    0.2813423
5891230    0.2276907    0.2255282
3892147    0.0673109    0.1508810
35897402    0.4143970    0.3749955
59481307    0.1335299    0.1295644
60573841    0.0080028    0.0729346
67198240    0.4920497    0.4995184
72153046    0.0292038    0.1011371
71465098    0.3067145    0.2668182
60897513    0.1301192    0.0557553
3061874    0.2808881    0.2574750
6135948    0.4934883    0.3847882
92165478    0.3181673    0.2902795
5197243    0.5915708    0.4844388
46752830    0.5220824    0.3758528
56920873    0.2995450    0.3360375
98016472    0.1913138    0.2017896
17042638    0.1411405    0.1768005
51398260    0.1249023    0.1519390
3149850    0.0295857    0.0653675
81437256    0.3754057    0.3808734
1059674    0.2535736    0.3834010
32468591    0.2064951    0.2138162
7985463    0.1468814    0.1498113
46879352    0.1105719    0.0286208
40236598    0.1331878    0.0658300
6319528    0.3046428    0.3063176
43972106    0.3626580    0.4776923
8613947    0.2891041    0.1551969
9731406    0.1191694    0.1098794
3041965    0.4253836    0.4658266
26408915    0.1213319    0.1455368
2158347    0.3815083    0.3146288
35842190    0.0440798    0.0413767
24035867    0.2180151    0.2270622
62897034    0.1620364    0.1167263
5749680    0.1812531    0.2050122
71453068    0.0661260    0.0658271
4932856    0.2126629    0.1676465
83197206    0.2185750    0.2371161
65483790    0.0322079    0.0842393
61932785    0.2703631    0.1766295
9467830    -0.0446479    0.0352068
76402381    0.0634703    0.1042856
61784935    0.0502294    0.1154427
56489170    0.3309727    0.2973814
9321840    0.4420901    0.4197204
2673845    0.5641396    0.3754314
25976038    0.2738430    0.2280548
2498173    0.3937241    0.4222745
69578014    0.2654074    0.0961933
70264158    0.1874085    0.1534130
4750928    0.4639964    0.4099211
34105672    0.1870527    0.1598286
83265941    0.1260843    0.0855209
34189275    0.0542352    0.1050600
12458390    0.1245855    0.1324759
7126859    0.0000346    0.0286586
5894621    0.2282716    0.2678796
32450971    0.1140205    0.1138100
5372069    0.3426059    0.4179891
95308671    0.2649733    0.2272775
5196087    0.4362904    0.3968719
4063285    0.2597609    0.2989382
36509124    0.1029860    0.0806980
7063891    0.3753386    0.3650643
5294037    0.3698771    0.3673189
50836291    0.1281155    0.0999920
37068241    0.4272806    0.2929832
1932047    0.1806909    0.1803343
7254913    0.0828423    0.1100211
9317528    0.2727551    0.1986795
9501276    0.0174545    0.0837019
2645180    0.2137118    0.1798448
50987241    0.2942135    0.3054299
4328571    0.3664831    0.3010175
85397462    0.1461277    0.1743685
2836405    0.2381882    0.2861437
2045968    0.1103608    0.1208163
24501987    0.1447957    0.1676729
3250478    0.0873304    0.0963625
6895471    0.5201627    0.5398031
67435291    0.3115513    0.4425534
3204167    0.3540025    0.3463797
4165972    0.2014961    0.2679628
38960417    0.0926794    0.2176283
5738926    0.3573479    0.3742269
3469512    0.2516770    0.2505167
41267093    0.0940958    0.1662964
3627410    0.1778646    0.1845967
47098521    0.1130693    0.0856979
34012568    0.4028562    0.4451113
20519736    0.2078745    0.2185666
95240316    0.1675703    0.1841664
1069425    0.5509495    0.3022793
62941037    0.3422488    0.4108197
6025847    0.3156327    0.2826328
4976231    0.4576726    0.3464189
67381945    0.1065278    0.0500226
32508179    0.0563334    0.0605728
4165230    0.0664882    0.0943555
5308146    0.4128936    0.3665782
83764925    0.1711960    0.1376286
54879302    0.2807025    0.2753838
4857263    0.3738794    0.3686348
6083594    0.4033448    0.4744000
12064358    0.1449998    0.1859581
2943061    0.1322802    0.1517033
5683192    0.4733342    0.4166502
6491783    0.2638982    0.3248680
8496023    0.1516259    0.1057951
19436725    0.1565862    0.1506803
15780629    0.4336775    0.4940049
64021875    0.1019267    0.1384963
16943087    0.1024783    0.0973985
58029641    0.1638877    0.1836441
23045176    0.3178396    0.2477682
7243896    0.3525857    0.3855218
94528706    0.1321287    0.1101622
2931756    0.2538077    0.2898179
6342708    0.0867694    0.1048466
62157849    0.1091794    0.0734259
4867502    0.3658697    0.3458936
35280617    -0.0191183    0.1435460
31254760    0.4422659    0.4228964
68293104    0.0358413    0.0127120
9706385    0.3472344    0.3511527
2043178    0.4086680    0.3384435
15860437    0.1634063    0.0935790
75149062    0.1247694    0.1802361
79631548    0.1812138    0.1332172
8317509    0.1872364    0.1836260
20694735    0.0069220    0.1089647
4935860    0.2500624    0.2438492
9354761    0.1451593    0.1528146
78510264    0.0811135    0.1432772
9380175    0.2946367    0.3523187
61792438    0.2751650    0.2371382
1804532    0.1433767    0.1558381
72803641    0.0189457    0.1029846
4327501    0.2126635    0.2059930
65790324    0.0046216    0.0608180
64213980    0.0801635    0.0810278
71305486    0.5131515    0.4148041
6530821    0.3380645    0.3192880
14387690    0.2061633    0.1682138
94130527    0.1603314    0.1796679
1279568    -0.0397060    -0.0671140
10378294    0.3021635    0.2902767
9157643    0.4749572    0.4819221
96302148    0.2372141    0.1876029
43780952    0.3129933    0.1815550
9618250    0.1745989    0.1921787
70843926    0.2776558    0.2587218
93270846    0.3896023    0.3695058
7804269    0.1723401    0.2141067
8643509    0.4373056    0.4011247
30975426    0.2825031    0.3453583
4265083    0.3106906    0.2922989
3582067    0.3364838    0.3906018
2018563    0.3960066    0.4816113
6271834    0.0263550    0.0400487
63975401    -0.0284755    0.0266374
39720486    0.2953125    0.2956651
18325407    0.3715184    0.2923099
65374182    0.0248284    0.0979984
3092751    0.0439309    0.0246515
6175483    0.4677562    0.3656612
5693807    0.1703150    0.2201801
89604375    0.5544792    0.5696389
8605217    0.2345106    0.1444700
17596823    0.0303843    0.0778695
13085762    0.3273837    0.3139127
40596718    0.1890510    0.2126502
61927503    0.0583740    0.1537794
5183609    0.5404390    0.6077672
5619803    0.1762386    0.2358707
3296450    0.5973707    0.4443544
87932541    0.1275321    0.1609266
82139740    0.3176008    0.3992568
5714096    0.3797141    0.3714050
63175049    0.2735692    0.2218157
3215784    0.0695981    0.1796228
27159836    0.0332070    0.1013998
9180765    0.1868605    0.2893911
57129046    0.0741950    0.1051626
1790246    0.2481418    0.3105251
9603748    0.2451397    0.1646367
8410523    0.3938945    0.4577415
5648371    0.2782824    0.2449480
51763480    0.4308012    0.4421458
2541903    0.3190446    0.3514435
39062841    0.0944830    0.1060219
1923504    0.4565430    0.4188021
12904576    0.3852948    0.5521217
45068793    0.0582267    0.0416889
71403958    0.3880658    0.4052733
13480652    0.2119081    0.1459150
81693024    0.1615259    0.1739299
6091584    0.0551016    0.1046365
1340285    0.1161054    0.1000662
7190582    0.5212715    0.5541846
4267580    0.4071005    0.3546359
5187042    0.1334780    0.0924495
20419573    0.2637484    0.2800988
23750186    0.1395542    0.1478128
67239801    0.1973108    0.2347835
2819470    0.3080540    0.2963629
