87196024    0.1803782    0.0583106
76402381    0.0634703    0.1338556
37068241    0.4272806    0.3755493
56920873    0.2995450    0.2582709
58346072    0.3937567    0.2909012
83764925    0.1711960    0.1029391
78351290    0.2346316    0.1791840
57129046    0.0741950    0.0846972
16958274    0.0291058    0.0951620
12064358    0.1449998    0.1526634
23705914    0.1015233    0.1325152
10857693    0.2848121    0.2591749
72150386    -0.0355079    0.0183896
12507849    0.1052662    0.1963470
20419573    0.2637484    0.1126217
59230168    0.1671241    0.1350279
14387690    0.2061633    0.2043889
71403958    0.3880658    0.3886341
80163975    -0.0812560    -0.0867244
62157849    0.1091794    -0.0196859
65790324    0.0046216    0.0576370
41253670    0.2920886    0.2501359
67435291    0.3115513    0.3960870
84036972    0.2046254    0.1934606
65374182    0.0248284    0.0110956
40236598    0.1331878    0.1676449
67381945    0.1065278    0.0797595
39186520    0.1250224    0.1513566
63975401    -0.0284755    0.0341562
45726190    0.1449229    0.0453760
94185602    0.0684437    0.0458230
23074169    0.4747303    0.3576806
81437256    0.3754057    0.3597535
83265941    0.1260843    0.1485135
59806341    0.3732070    0.3887685
67851930    0.1565579    0.2341212
39720486    0.2953125    0.2530657
63175049    0.2735692    0.3064318
34072651    0.0493279    0.0387447
52634817    0.2849960    0.2264631
38702645    0.1698794    0.2623414
64021875    0.1019267    0.0616768
32875906    0.3579376    0.3057089
96302148    0.2372141    0.2184363
15780629    0.4336775    0.2116728
58029641    0.1638877    0.1322127
40596718    0.1890510    0.1671071
43860715    0.0869390    0.0426036
58642793    0.1629138    0.2666831
70251698    0.3058280    0.2616616
68427591    0.0416545    0.1336560
82769514    0.1071274    0.1024828
50619347    0.3196470    0.2804883
23750186    0.1395542    0.1011626
71248596    0.0827905    0.1069408
58319420    0.0758413    0.0898386
57043269    0.2307362    0.1774599
89231046    0.0701274    0.1660588
81294637    0.2323228    0.1475704
50129364    0.3502489    0.2708071
54789260    0.0388761    0.1267599
13480652    0.2119081    0.1466268
27845619    0.2513606    0.3231482
34189275    0.0542352    0.0829051
93507642    0.2040192    0.2021003
24501987    0.1447957    0.2194411
97183264    0.3591365    0.4006616
97428650    0.1566038    0.1496888
61487350    0.1231352    0.2301295
46752830    0.5220824    0.4847673
42936180    0.4175026    0.4223951
79648230    0.2436525    0.2520974
61784935    0.0502294    0.1367056
13085762    0.3273837    0.3802204
30975426    0.2825031    0.4290178
48270965    -0.0273596    0.0667065
87932541    0.1275321    0.0597141
31286905    0.1618569    0.1691554
62945318    0.1630607    0.1366655
18325407    0.3715184    0.3090731
95308671    0.2649733    0.1584377
85320746    0.3344432    0.2936735
56124780    0.1965039    0.2072606
78691503    0.3143425    0.2162904
32468591    0.2064951    0.2476511
76415208    0.0900140    0.0689042
72803641    0.0189457    0.0873582
82609473    -0.0309462    0.0312246
37419068    0.1121111    0.0739918
12086359    0.0064457    0.0454851
41267093    0.0940958    0.2106616
43206985    0.1951650    0.1534580
40568932    0.1124073    0.0619584
67905128    0.1698469    0.2329755
12304586    0.2230351    0.2910936
79324150    0.1327389    0.1163023
67409258    0.3510112    0.2822354
74920568    0.0942004    0.1158634
32508179    0.0563334    0.0614600
60573841    0.0080028    0.1115607
87563140    0.2003200    0.2261028
18952376    0.0941340    0.1464801
79631548    0.1812138    -0.0097688
67239801    0.1973108    0.1758278
83197206    0.2185750    0.3125241
26408915    0.1213319    0.1718577
78510264    0.0811135    0.1557222
12458390    0.1245855    0.1421493
34012568    0.4028562    0.2252443
20819547    0.4023762    0.3315828
85709634    0.1365534    0.0271155
85397462    0.1461277    0.2698692
12374650    0.1772530    0.0777515
43972106    0.3626580    0.3757127
16504783    0.2812308    0.2486296
34209168    0.1613672    0.1576041
45068793    0.0582267    0.0410428
19483527    0.1787383    0.1777668
72153046    0.0292038    0.0619563
82139740    0.3176008    0.3477001
96138204    0.1449491    0.1894345
24035867    0.2180151    0.2829838
35280617    -0.0191183    0.0371289
59387142    0.2924146    0.2449991
23045176    0.3178396    0.3287269
50836291    0.1281155    0.1206859
30694825    0.0365880    0.0340295
74920653    0.4227876    0.3768539
16943087    0.1024783    0.1458391
65349018    0.3772913    0.3064571
16375284    0.2126535    0.2243637
94130527    0.1603314    0.1353071
13658924    0.0792403    -0.0117909
83429561    0.2568101    0.2762615
51398260    0.1249023    0.1469193
91052873    0.1417432    0.0806739
62941037    0.3422488    0.3094496
71305486    0.5131515    0.4561065
95240316    0.1675703    0.1827260
69538402    0.4654601    0.3637822
