6971305    0.4535946    0.6736385
46879352    0.1105719    0.0759018
19483527    0.1787383    0.2224386
2487590    0.1245996    0.1588537
8463201    0.3381932    0.3609937
6283704    0.0842864    0.1565454
68293104    0.0358413    0.1149847
78691503    0.3143425    0.2145640
56920873    0.2995450    0.2949420
75149062    0.1247694    0.1273607
4857263    0.3738794    0.2817757
63975401    -0.0284755    0.1565454
71403958    0.3880658    0.3547523
13480652    0.2119081    0.2126111
59387142    0.2924146    0.3014625
9380175    0.2946367    0.2404390
1365094    0.2127880    0.2643332
3645207    0.1910296    0.1825433
78510264    0.0811135    0.0762150
58319420    0.0758413    0.0843136
87932541    0.1275321    0.1933331
3149850    0.0295857    0.1469964
84036972    0.2046254    0.1948669
35897402    0.4143970    0.4410200
65374182    0.0248284    0.1620888
69538402    0.4654601    0.4639914
83265941    0.1260843    0.2096829
5814072    0.1933573    0.2267230
8317509    0.1872364    0.1693761
5140362    0.3208159    0.3732918
18967543    0.2637843    0.3519382
45068793    0.0582267    0.0681274
8315042    0.3440053    0.2652456
61932785    0.2703631    0.2243070
23045176    0.3178396    0.2700651
12507849    0.1052662    0.1466736
9840216    0.0807284    0.0588461
95267031    0.1225485    0.1322358
5187042    0.1334780    0.1091690
40326571    0.2393876    0.2862588
65790324    0.0046216    0.1000681
50648317    0.3646901    0.3011925
76415208    0.0900140    0.1025292
1790246    0.2481418    0.3233565
4328571    0.3664831    0.2773521
2643098    0.2184954    0.1379685
2384019    0.2573606    0.2477848
82354971    0.0228063    0.1565454
5183609    0.5404390    0.4582893
85320746    0.3344432    0.3410693
61792438    0.2751650    0.2849388
85709634    0.1365534    0.1202854
2453071    0.2434675    0.2381580
1069425    0.5509495    0.6407629
32508179    0.0563334    0.0545421
4807153    0.1503095    0.1482215
69578014    0.2654074    0.2402309
3469512    0.2516770    0.2314027
12064358    0.1449998    0.1357781
60897513    0.1301192    0.0752901
71453068    0.0661260    0.1565454
96138204    0.1449491    0.1255713
70843926    0.2776558    0.2647730
7160483    0.4047953    0.3464572
89604375    0.5544792    0.4890558
3254689    0.3482216    0.2865354
9603748    0.2451397    0.3523055
3250478    0.0873304    0.1235330
8613947    0.2891041    0.2649589
3296450    0.5973707    0.4447955
41085739    0.2158497    0.1410109
3041965    0.4253836    0.3476192
83197206    0.2185750    0.2499886
80163975    -0.0812560    0.1343361
3627410    0.1778646    0.1118046
20456318    0.0361747    0.0798020
4750928    0.4639964    0.5275306
71248596    0.0827905    0.2364599
2819470    0.3080540    0.3224888
1302765    0.3472123    0.4477767
10378294    0.3021635    0.2212125
54879302    0.2807025    0.2422196
9618250    0.1745989    0.1565454
56140738    0.3249323    0.2413604
5902371    0.2322153    0.2680774
85902746    0.2217552    0.2121967
7130825    0.2484626    0.1929139
64213980    0.0801635    0.1223897
37049621    0.1162308    0.0807470
4306815    0.5216363    0.5137664
4165230    0.0664882    0.1233074
81294637    0.2323228    0.2311668
9546732    0.3262210    0.3698105
6342708    0.0867694    0.1158816
50836291    0.1281155    0.1446556
93608745    0.2518492    0.1973698
67435291    0.3115513    0.4801130
10693257    0.3052177    0.2309655
45726190    0.1449229    0.1918810
16094873    0.0280620    0.1086835
8397402    -0.0295911    0.0665312
35280617    -0.0191183    0.1004685
8597263    0.1450746    0.1880546
17596823    0.0303843    0.1173877
50987241    0.2942135    0.2671345
5267094    0.2599849    0.1604459
1735482    0.1225054    0.1229151
6982735    0.1570534    0.1510947
75684932    0.2416156    0.2421798
67851930    0.1565579    0.2179540
37068241    0.4272806    0.3402557
43206985    0.1951650    0.2119089
9607438    0.1222324    0.1393200
6594182    0.0526440    0.1087619
3578406    0.1215780    0.1198551
6491783    0.2638982    0.1957818
1932047    0.1806909    0.1252292
2568307    0.2370991    0.1993639
2158347    0.3815083    0.2643696
20819547    0.4023762    0.3430151
4352098    0.3358923    0.3162261
7348562    0.3256060    0.4309254
85397462    0.1461277    0.2200398
20419573    0.2637484    0.3395588
60573841    0.0080028    0.1122951
2078916    0.2681468    0.2417337
1320567    0.2311754    0.2418069
1340285    0.1161054    0.1180847
5196087    0.4362904    0.2971537
82139740    0.3176008    0.2853131
71305486    0.5131515    0.3574560
2943061    0.1322802    0.0447721
9605831    0.1809202    0.2110692
9731406    0.1191694    0.1029111
41253670    0.2920886    0.2371240
3015264    0.2364364    0.1382356
71465098    0.3067145    0.2535287
5738926    0.3573479    0.4381746
7369148    0.4514948    0.3249327
5170386    0.0831770    0.0658862
87904612    0.1259729    0.0149972
9576032    0.5069458    0.4373886
38960417    0.0926794    0.0886858
56893071    0.1657909    0.1400660
94715302    0.3625983    0.2250577
5372069    0.3426059    0.2956838
93507642    0.2040192    0.1656864
2836405    0.2381882    0.3279524
82769514    0.1071274    0.0914378
6138297    0.0625853    0.1515557
16958274    0.0291058    0.1473373
59481307    0.1335299    0.0366632
49670328    0.1332543    0.1288771
61487350    0.1231352    0.1044095
27845619    0.2513606    0.2928435
7126859    0.0000346    0.1377316
1056832    0.1398216    0.1317118
2541903    0.3190446    0.3608044
16375284    0.2126535    0.1465923
34012568    0.4028562    0.5028228
71204863    0.2342260    0.3562335
78351290    0.2346316    0.2777349
72150386    -0.0355079    0.0641266
24501987    0.1447957    0.1318611
6091584    0.0551016    0.1278777
31254760    0.4422659    0.4045562
6895471    0.5201627    0.3524149
2760143    0.3529654    0.2800025
27159836    0.0332070    0.0465709
39720486    0.2953125    0.3307666
9317254    0.3729283    0.2834237
6752138    0.1926357    0.1616953
9257083    0.5751210    0.7463907
67905128    0.1698469    0.1789901
95240316    0.1675703    0.1673633
65483790    0.0322079    0.0982085
9501276    0.0174545    0.1094967
74920653    0.4227876    0.5525646
4203176    0.0868008    0.1446813
92165478    0.3181673    0.2566167
37419068    0.1121111    0.0942976
7243896    0.3525857    0.4081871
43790281    0.0475672    0.1344759
1705239    0.2730497    0.2175660
16943087    0.1024783    0.1333721
2645180    0.2137118    0.2129340
7803256    0.3907403    0.4368101
12086359    0.0064457    0.1564224
6423907    0.2354790    0.2003291
4637091    0.4661794    0.5700607
4976231    0.4576726    0.3873351
3061874    0.2808881    0.1750969
4692830    0.5977371    0.5767862
72803641    0.0189457    0.0910877
39062841    0.0944830    0.1452415
63175049    0.2735692    0.2219596
2931756    0.2538077    0.2204856
13085762    0.3273837    0.2591473
1279568    -0.0397060    0.0758976
4960875    0.1032987    0.1209523
9157643    0.4749572    0.4342040
79324150    0.1327389    0.0925450
40236598    0.1331878    0.0950848
9084715    0.0584843    0.0698709
12904576    0.3852948    0.3921746
2845369    0.2818527    0.2638481
6039182    0.2504354    0.2346200
83764925    0.1711960    0.0633568
21064358    0.1029364    0.0929386
52634817    0.2849960    0.2518271
7918026    0.0989480    0.1397730
2465970    0.2177032    0.1644634
2869347    0.3789614    0.2808648
4309715    0.1303742    0.1993199
38549061    0.3059458    0.3380362
5160827    0.1363529    0.2231399
3821574    0.3310490    0.2705489
8521307    0.3988584    0.3369484
43972106    0.3626580    0.3611274
56124780    0.1965039    0.2305076
9720165    0.4198961    0.4149389
8927605    0.1242698    0.1071662
35842190    0.0440798    -0.0010509
9706385    0.3472344    0.3299844
89231046    0.0701274    0.1327113
2941375    0.1039866    0.1565454
9381746    0.2999753    0.2986113
16504783    0.2812308    0.2949604
5197243    0.5915708    0.5295140
2198367    0.0754390    0.1237761
93481752    0.2718664    0.2247384
4327501    0.2126635    0.1382600
97408251    0.0528856    0.0836323
95063127    0.3365001    0.2483996
5469827    0.0416673    0.1565454
7548206    0.3996251    0.3629215
42936180    0.4175026    0.3208179
6278590    0.0292114    0.0075883
62897034    0.1620364    0.1248523
61784935    0.0502294    0.0744938
5619803    0.1762386    0.1708630
43780952    0.3129933    0.3401647
25976038    0.2738430    0.1951622
9354761    0.1451593    0.1565454
3582067    0.3364838    0.2695429
17042638    0.1411405    0.1590455
3092751    0.0439309    0.1378959
2317805    0.4805482    0.3382202
7521463    0.3398980    0.4408807
76402381    0.0634703    0.1044874
3892147    0.0673109    0.1565454
9138254    0.2920520    0.1914665
23074169    0.4747303    0.2984389
92057831    0.1228388    0.1171498
34681702    0.2408399    0.2559492
6543129    0.4651338    0.5000515
86192507    0.0664135    0.1565454
5762910    0.2062399    0.2002984
93270846    0.3896023    0.4051956
4127693    0.3656554    0.2897125
23750186    0.1395542    0.0605598
31879054    0.3563824    0.3388355
41267093    0.0940958    0.1407699
3786905    0.2339949    0.2465253
67409258    0.3510112    0.2626959
81439706    0.1262791    0.0746069
5831672    0.2538592    0.3932916
4267580    0.4071005    0.3133835
4165972    0.2014961    0.1468693
18952376    0.0941340    0.1379604
5693807    0.1703150    0.2881360
1059674    0.2535736    0.2964028
46752830    0.5220824    0.4508966
2514308    0.3364096    0.2539879
2673845    0.5641396    0.6607499
9461730    0.1967047    0.1050754
6851203    0.2527070    0.1704157
20519736    0.2078745    0.1867475
26408915    0.1213319    0.2125395
8605217    0.2345106    0.2904295
