9257083    0.5751210    0.3744251
1320567    0.2311754    0.2438556
20694735    0.0069220    0.1841138
76402381    0.0634703    0.1159667
32508179    0.0563334    0.1248944
24035867    0.2180151    0.2362033
40236598    0.1331878    0.0965679
4165972    0.2014961    0.1957104
3514269    0.2860579    0.2736696
6491783    0.2638982    0.2623170
83764925    0.1711960    0.1193873
41253670    0.2920886    0.2407440
15860437    0.1634063    0.2074606
5160827    0.1363529    0.1917194
40596718    0.1890510    0.3081284
4637091    0.4661794    0.4604165
18325407    0.3715184    0.3256712
69578014    0.2654074    0.2005499
32156478    0.0373923    0.0679334
3892147    0.0673109    0.0750978
95240316    0.1675703    0.2686831
70251698    0.3058280    0.1972686
4306815    0.5216363    0.4354819
85320746    0.3344432    0.2790966
56140738    0.3249323    0.2140276
50129364    0.3502489    0.3006347
6342708    0.0867694    0.1144496
72803641    0.0189457    0.1229918
4976231    0.4576726    0.3000416
8512390    0.3917661    0.4474837
16375284    0.2126535    0.2177371
50942871    0.0802008    0.0430638
6748193    0.2073776    0.1839481
5140362    0.3208159    0.2651197
7932580    0.4682114    0.4698435
9603748    0.2451397    0.2210899
19483527    0.1787383    0.3159514
3204167    0.3540025    0.2953017
75149062    0.1247694    0.1451062
5902371    0.2322153    0.1517861
2465970    0.2177032    0.1256196
34072651    0.0493279    0.0097561
1694783    0.0640252    0.0175040
3627410    0.1778646    0.1114047
80163975    -0.0812560    0.1090640
4063285    0.2597609    0.2819186
35280617    -0.0191183    0.0249626
2453071    0.2434675    0.2085326
75684932    0.2416156    0.1937541
12064358    0.1449998    0.1034657
71204863    0.2342260    0.1623276
4750928    0.4639964    0.5052205
10693257    0.3052177    0.3359602
58029641    0.1638877    0.1424886
45628709    0.1130647    0.0692862
64213980    0.0801635    0.1149786
5197243    0.5915708    0.5641917
8054917    0.3262745    0.3263398
82139740    0.3176008    0.3124937
5693807    0.1703150    0.2104318
1790246    0.2481418    0.1799088
6703951    0.2923357    0.3076851
1340285    0.1161054    0.0911280
81437256    0.3754057    0.3458448
3891520    0.3327236    0.3273947
98526013    0.1456753    0.1300088
5891230    0.2276907    0.2041717
7918026    0.0989480    0.0882650
10378294    0.3021635    0.2759527
6543129    0.4651338    0.4311287
46752830    0.5220824    0.5867889
5814072    0.1933573    0.0866874
7804269    0.1723401    0.1537257
5123968    0.5559287    0.4863182
6283704    0.0842864    0.2145211
2198367    0.0754390    0.0095952
38549061    0.3059458    0.2549528
1705239    0.2730497    0.2708539
65790324    0.0046216    0.1072621
2487590    0.1245996    0.1854883
67381945    0.1065278    0.1812569
86192507    0.0664135    0.1312013
7483150    0.3565000    0.3024619
4960875    0.1032987    0.1414381
9328467    0.5027560    0.4417945
46879352    0.1105719    0.0849224
7243896    0.3525857    0.3057901
5267094    0.2599849    0.3186686
12507849    0.1052662    0.0927991
23045176    0.3178396    0.3282416
68427591    0.0416545    0.0605424
8643509    0.4373056    0.3505830
3740286    0.4547719    0.4531533
5683192    0.4733342    0.3222245
2317805    0.4805482    0.5289376
8397402    -0.0295911    0.0049575
9425807    0.3096627    0.2193778
7905641    0.2707025    0.1754888
50836291    0.1281155    0.1342833
9467830    -0.0446479    0.0440308
87563140    0.2003200    0.1839259
25976038    0.2738430    0.2117999
9317254    0.3729283    0.1888791
52634817    0.2849960    0.1313871
39186520    0.1250224    0.2118320
85397462    0.1461277    0.2098127
2045968    0.1103608    0.1396264
2673845    0.5641396    0.6162335
83429561    0.2568101    0.2450512
39720486    0.2953125    0.3242618
8315042    0.3440053    0.1816541
65349018    0.3772913    0.3781155
35897402    0.4143970    0.3819109
8496023    0.1516259    0.1476045
91052873    0.1417432    0.1671280
10392748    0.1246251    0.0894743
8613947    0.2891041    0.2337813
9450781    0.3211172    0.2229314
3250478    0.0873304    0.1422258
5762910    0.2062399    0.1971944
39062841    0.0944830    0.1179860
16504783    0.2812308    0.3053373
2869347    0.3789614    0.4423996
38960417    0.0926794    0.1736503
5749680    0.1812531    0.1389504
74920653    0.4227876    0.2992016
41267093    0.0940958    0.1319035
7548206    0.3996251    0.3753274
18952376    0.0941340    0.1697350
98016472    0.1913138    0.1805459
3469512    0.2516770    0.2386239
3582067    0.3364838    0.2631836
50619347    0.3196470    0.3117351
2836405    0.2381882    0.2670335
9501276    0.0174545    0.0443795
4528069    0.1329296    0.0974329
96138204    0.1449491    0.1383456
6423907    0.2354790    0.1850546
4352098    0.3358923    0.3008570
9583261    0.3440669    0.4260761
3061874    0.2808881    0.2631886
3014689    0.2795749    0.2299968
7254913    0.0828423    0.0150793
2043178    0.4086680    0.3184560
2568307    0.2370991    0.2219529
3264017    0.1892763    0.2082997
40568932    0.1124073    0.1871789
8653417    0.1287219    0.0706166
5619803    0.1762386    0.1478514
3821574    0.3310490    0.2478245
9576032    0.5069458    0.4206994
32450971    0.1140205    0.0873816
34982675    0.0478840    0.0165435
31879054    0.3563824    0.3345948
5146839    0.5332805    0.5671756
20819547    0.4023762    0.3727555
78351290    0.2346316    0.1767228
59230168    0.1671241    0.1045570
21064358    0.1029364    0.0263001
8597263    0.1450746    0.1493669
95267031    0.1225485    0.1712975
6315928    0.2469237    0.2659274
12904576    0.3852948    0.3904231
48270965    -0.0273596    0.0311282
62941037    0.3422488    0.1809634
9518437    0.1673752    0.1874060
9765234    0.3451286    0.3305144
43206985    0.1951650    0.1197121
6083594    0.4033448    0.2827581
4127693    0.3656554    0.2558126
7985463    0.1468814    0.0915418
6025847    0.3156327    0.3142779
51763480    0.4308012    0.4493345
9157643    0.4749572    0.3594952
93608745    0.2518492    0.2371416
9605831    0.1809202    0.1512743
5648371    0.2782824    0.2634386
59387142    0.2924146    0.2861792
43860715    0.0869390    0.1287115
62157849    0.1091794    0.0859438
2541903    0.3190446    0.2976707
50987241    0.2942135    0.2665721
67198240    0.4920497    0.4284432
89604375    0.5544792    0.3525841
78510264    0.0811135    0.0641259
61932785    0.2703631    0.2036614
32714856    0.3173793    0.3112011
27156309    0.1905536    0.1904403
85902746    0.2217552    0.1615558
37068241    0.4272806    0.3414907
4123795    -0.0081841    -0.0258336
67239801    0.1973108    0.2655652
26408915    0.1213319    0.1695241
45068793    0.0582267    0.0849762
60897513    0.1301192    0.0883473
9084235    0.2844537    0.2359601
4693502    0.1955602    0.1015290
69538402    0.4654601    0.4442698
67409258    0.3510112    0.3532621
34105672    0.1870527    0.1567098
5718692    0.1730530    0.1562749
6271834    0.0263550    0.1482351
12374650    0.1772530    0.1047453
2361549    0.1515017    0.1522020
2078916    0.2681468    0.2479253
4935860    0.2500624    0.2633511
74920568    0.0942004    0.1383034
54879302    0.2807025    0.2000414
20456318    0.0361747    0.0297822
2694380    0.2196963    0.1863213
45726190    0.1449229    0.1082810
7190582    0.5212715    0.4444901
4932856    0.2126629    0.2704851
6175483    0.4677562    0.4030234
71248596    0.0827905    0.0926871
67851930    0.1565579    0.1929767
35842190    0.0440798    0.0580202
58319420    0.0758413    0.1011820
57129046    0.0741950    0.1184565
15780629    0.4336775    0.2448497
6851203    0.2527070    0.1524318
6594182    0.0526440    0.1069700
97428650    0.1566038    0.1405224
3041965    0.4253836    0.3730037
27159836    0.0332070    0.1619801
19743065    0.0593324    0.0852851
25986740    0.1667644    0.1340370
3280951    0.0553783    0.0894739
6278590    0.0292114    0.1025253
5738926    0.3573479    0.3751214
18967543    0.2637843    0.1733634
92165478    0.3181673    0.2066094
94130527    0.1603314    0.2161858
5372069    0.3426059    0.2920712
67435291    0.3115513    0.4151533
94185602    0.0684437    0.0618294
6971305    0.4535946    0.4130425
85709634    0.1365534    0.1862482
68293104    0.0358413    0.0610120
9546732    0.3262210    0.2715381
5196087    0.4362904    0.3248012
34012568    0.4028562    0.4587684
56893071    0.1657909    0.1652934
93507642    0.2040192    0.1870653
13085762    0.3273837    0.3561478
59806341    0.3732070    0.3336583
54789260    0.0388761    0.0848086
2514308    0.3364096    0.2866132
4768210    0.6686979    0.5424133
9138254    0.2920520    0.3130606
4203176    0.0868008    0.0717396
71305486    0.5131515    0.4730531
12304586    0.2230351    0.2949690
79324150    0.1327389    0.1126630
56124780    0.1965039    0.3251146
97408251    0.0528856    0.0868489
3254689    0.3482216    0.3945067
49670328    0.1332543    0.1804380
1735482    0.1225054    0.0837894
8521307    0.3988584    0.2565970
20519736    0.2078745    0.1699070
9182473    0.1916796    0.1777988
9731406    0.1191694    0.1212206
9840216    0.0807284    0.1103903
71465098    0.3067145    0.2300199
4987650    0.2964038    0.2436181
4309715    0.1303742    0.1343299
56920873    0.2995450    0.2863791
50648317    0.3646901    0.3855483
93481752    0.2718664    0.2192213
1743698    0.3903206    0.2014800
42936180    0.4175026    0.3472653
3786905    0.2339949    0.2060477
94528706    0.1321287    0.0679272
2645180    0.2137118    0.2162808
4265083    0.3106906    0.2665507
9267581    0.1851758    0.1928439
87932541    0.1275321    0.0549949
2018563    0.3960066    0.5060113
16094873    0.0280620    0.0623973
