9461730    0.1967047    0.2147878
21064358    0.1029364    0.1276919
67198240    0.4920497    0.5172674
2643098    0.2184954    0.2536330
34105672    0.1870527    0.1758014
83429561    0.2568101    0.2607874
5196087    0.4362904    0.4403532
7803256    0.3907403    0.3535522
9518437    0.1673752    0.2505484
7348562    0.3256060    0.2690355
31286905    0.1618569    0.1452633
9583261    0.3440669    0.3548842
37068241    0.4272806    0.4251981
3578406    0.1215780    0.0819140
82139740    0.3176008    0.2656989
20694735    0.0069220    0.0781673
4857263    0.3738794    0.3099891
5469827    0.0416673    0.0850155
35280617    -0.0191183    0.1152565
34982675    0.0478840    0.0575425
34072651    0.0493279    -0.0180266
76415208    0.0900140    0.1712591
5718692    0.1730530    0.1727034
5894621    0.2282716    0.2030903
2096537    0.5723276    0.6148937
5187042    0.1334780    0.1165666
6091584    0.0551016    0.1284356
7918026    0.0989480    0.1425686
62945318    0.1630607    0.1102792
81437256    0.3754057    0.4600014
3645207    0.1910296    0.1677787
5749680    0.1812531    0.2331547
5178439    0.3721354    0.3591239
4265083    0.3106906    0.2638736
37049621    0.1162308    0.1504497
79648230    0.2436525    0.2069968
45068793    0.0582267    0.0645458
72015384    0.5095192    0.5131926
5123968    0.5559287    0.3905947
62157849    0.1091794    0.0941659
1487932    0.4101857    0.4107214
60573841    0.0080028    0.0600869
43065218    0.2726136    0.2651711
1743698    0.3903206    0.3708891
7905641    0.2707025    0.3653790
78691503    0.3143425    0.3243579
72153046    0.0292038    0.1059781
6039182    0.2504354    0.2377937
2819470    0.3080540    0.3372956
43780952    0.3129933    0.2353465
82609473    -0.0309462    0.1298216
61927503    0.0583740    0.0661423
3296450    0.5973707    0.4877101
8290476    0.2635870    0.2086150
5146839    0.5332805    0.3686479
6748193    0.2073776    0.2042972
31254760    0.4422659    0.4423172
40568932    0.1124073    0.1119820
63175049    0.2735692    0.2322076
10378294    0.3021635    0.3413989
30694825    0.0365880    0.0842698
56893071    0.1657909    0.1504038
78510264    0.0811135    0.1528464
1302765    0.3472123    0.3410098
5294037    0.3698771    0.3330160
3215784    0.0695981    0.1151854
9084235    0.2844537    0.2593127
1059674    0.2535736    0.2303093
8054917    0.3262745    0.3068259
1932047    0.1806909    0.1975576
81294637    0.2323228    0.2664190
39062841    0.0944830    0.1349079
6530821    0.3380645    0.3106694
45628709    0.1130647    0.0653068
43860715    0.0869390    0.1392356
4127693    0.3656554    0.2742259
9157643    0.4749572    0.4871030
7130825    0.2484626    0.1534523
32156478    0.0373923    0.0868179
10392748    0.1246251    0.1607380
15780629    0.4336775    0.3434817
38960417    0.0926794    0.1478060
1365094    0.2127880    0.1714592
50648317    0.3646901    0.3049282
59387142    0.2924146    0.2742958
3627410    0.1778646    0.1525274
79324150    0.1327389    0.1903470
5891230    0.2276907    0.1645002
5693807    0.1703150    0.2189560
87563140    0.2003200    0.1895609
9720165    0.4198961    0.4229016
6025847    0.3156327    0.4114891
16958274    0.0291058    0.1595958
61784935    0.0502294    0.0829975
12304586    0.2230351    0.2361039
38702645    0.1698794    0.1886570
43206985    0.1951650    0.1472184
32714856    0.3173793    0.3173929
6271834    0.0263550    0.0309022
46879352    0.1105719    0.1069243
6895471    0.5201627    0.4560386
87196024    0.1803782    0.1872156
8643509    0.4373056    0.3425354
2043178    0.4086680    0.4123265
83197206    0.2185750    0.1633650
93507642    0.2040192    0.2339962
2081546    0.4467185    0.3592476
86192507    0.0664135    0.1679628
9425807    0.3096627    0.2645270
12086359    0.0064457    0.1496038
39720486    0.2953125    0.3404778
4960875    0.1032987    0.1276442
2453071    0.2434675    0.2086576
6594182    0.0526440    0.0733193
3892147    0.0673109    0.0642418
7804269    0.1723401    0.1990044
9605831    0.1809202    0.1603772
2931756    0.2538077    0.3889300
67435291    0.3115513    0.3321640
50129364    0.3502489    0.3327718
41267093    0.0940958    0.1776824
2760143    0.3529654    0.3059830
74920653    0.4227876    0.4046569
6083594    0.4033448    0.4323784
12458390    0.1245855    0.1562754
91052873    0.1417432    0.1380673
40236598    0.1331878    0.1708643
4327501    0.2126635    0.2040155
71248596    0.0827905    0.2485982
39186520    0.1250224    0.1632606
2694380    0.2196963    0.1870347
4352098    0.3358923    0.3452764
2739650    0.1539570    0.1627518
27156309    0.1905536    0.1447156
19436725    0.1565862    0.2078100
5902371    0.2322153    0.2525987
9180765    0.1868605    0.2276147
3264017    0.1892763    0.1701521
8927605    0.1242698    0.1552107
61792438    0.2751650    0.3171684
54879302    0.2807025    0.2537628
2943061    0.1322802    0.1694739
84135296    0.0717320    0.2155602
7160483    0.4047953    0.3037114
4750928    0.4639964    0.4779044
9501276    0.0174545    0.1428552
7254913    0.0828423    0.1173451
27845619    0.2513606    0.2007525
57129046    0.0741950    0.0622721
2836405    0.2381882    0.2546212
97183264    0.3591365    0.3590448
93481752    0.2718664    0.1630806
1790246    0.2481418    0.3146331
78351290    0.2346316    0.2401830
7243896    0.3525857    0.2583962
8315042    0.3440053    0.3564047
67851930    0.1565579    0.1686515
3250478    0.0873304    0.0801934
34189275    0.0542352    0.1439786
1260374    0.0731026    0.0941224
1804532    0.1433767    0.1214572
83265941    0.1260843    0.1669615
70251698    0.3058280    0.1595660
43790281    0.0475672    0.1825003
6703951    0.2923357    0.3630207
52948361    0.0420176    0.1091968
95308671    0.2649733    0.2205127
1056832    0.1398216    0.1149130
34209168    0.1613672    0.1969596
7369148    0.4514948    0.4098025
17042638    0.1411405    0.1700168
36509124    0.1029860    0.1193946
42936180    0.4175026    0.3775449
2018563    0.3960066    0.4188004
23750186    0.1395542    0.1499489
25976038    0.2738430    0.2129369
6971305    0.4535946    0.4322913
9138254    0.2920520    0.3357412
9546732    0.3262210    0.3406630
8410523    0.3938945    0.3917008
2487590    0.1245996    0.1504584
23045176    0.3178396    0.2424322
2361549    0.1515017    0.1913502
2941375    0.1039866    0.1730348
46752830    0.5220824    0.6077965
9317254    0.3729283    0.3591331
26408915    0.1213319    0.1736001
58642793    0.1629138    0.1607619
6902314    0.1831756    0.2254797
32875906    0.3579376    0.3294391
24501987    0.1447957    0.2310569
5683192    0.4733342    0.4286508
41085739    0.2158497    0.1678069
3891520    0.3327236    0.2693806
5648371    0.2782824    0.2625209
8512390    0.3917661    0.3872896
72803641    0.0189457    0.0741393
50987241    0.2942135    0.3759609
58319420    0.0758413    0.1615683
70264158    0.1874085    0.1345714
83764925    0.1711960    0.1720646
8463201    0.3381932    0.2864996
7985463    0.1468814    0.1719093
3149850    0.0295857    0.0934795
8597263    0.1450746    0.1857287
8397402    -0.0295911    0.0501823
5062718    0.3932812    0.3127505
6491783    0.2638982    0.3058494
4309715    0.1303742    0.1132985
5814072    0.1933573    0.1268338
68293104    0.0358413    0.1112117
1340285    0.1161054    0.1888360
3204167    0.3540025    0.3244822
9257083    0.5751210    0.3805872
6851203    0.2527070    0.3006855
9731406    0.1191694    0.1209133
9467830    -0.0446479    0.0371578
9182473    0.1916796    0.1891971
9618250    0.1745989    0.2289808
59481307    0.1335299    0.1910293
7819360    0.3202660    0.4340329
9450781    0.3211172    0.3193456
5762910    0.2062399    0.2129465
69538402    0.4654601    0.3556218
81693024    0.1615259    0.2124472
82769514    0.1071274    0.1225396
4637091    0.4661794    0.4303535
9267581    0.1851758    0.2084622
5160827    0.1363529    0.1764016
50942871    0.0802008    0.0978399
6135948    0.4934883    0.4072305
89604375    0.5544792    0.4852068
3821574    0.3310490    0.3366126
12064358    0.1449998    0.1195401
32468591    0.2064951    0.2425071
61932785    0.2703631    0.2397823
6138297    0.0625853    0.0911777
4867502    0.3658697    0.3305949
20819547    0.4023762    0.3697686
3612974    0.1838014    0.1687797
5732806    0.2107367    0.1683410
67381945    0.1065278    0.0459305
81439706    0.1262791    0.1051218
4987650    0.2964038    0.2703567
87932541    0.1275321    0.1231707
37419068    0.1121111    0.1153600
4165230    0.0664882    0.1322764
4935860    0.2500624    0.2566424
59806341    0.3732070    0.3304157
7521463    0.3398980    0.3852380
9381746    0.2999753    0.2781501
70843926    0.2776558    0.2915649
3741296    0.0530962    0.0817226
60897513    0.1301192    0.1192827
65349018    0.3772913    0.3441298
2498173    0.3937241    0.3561356
87904612    0.1259729    0.1144352
1705239    0.2730497    0.3030478
30975426    0.2825031    0.2966609
24035867    0.2180151    0.2370666
43208516    0.2005489    0.2008155
4693502    0.1955602    0.1679804
2645180    0.2137118    0.2166584
49670328    0.1332543    0.1486877
5738926    0.3573479    0.4110110
64213980    0.0801635    0.1117766
2198367    0.0754390    0.1397677
9576032    0.5069458    0.3564193
5140362    0.3208159    0.3204765
1069425    0.5509495    0.4473844
1098653    0.2683512    0.2149526
58029641    0.1638877    0.1264495
47098521    0.1130693    0.1525027
8496023    0.1516259    0.1149529
25986740    0.1667644    0.1933592
2317805    0.4805482    0.5204757
13085762    0.3273837    0.3806093
93608745    0.2518492    0.2349782
5308146    0.4128936    0.4011123
38549061    0.3059458    0.3322601
