1895642    0.3019776    0.2677605
9257083    0.5751210    0.2390411
5732806    0.2107367    0.1577897
1098653    0.2683512    0.2073976
4857263    0.3738794    0.3233340
5372069    0.3426059    0.3239425
3741296    0.0530962    0.1577897
3740286    0.4547719    0.4706015
2317805    0.4805482    0.3124121
1694783    0.0640252    0.1577897
8605217    0.2345106    0.1577897
3892147    0.0673109    0.1594548
9605831    0.1809202    0.1577897
1302765    0.3472123    0.3395069
3786905    0.2339949    0.1577897
3149850    0.0295857    0.1577897
4328571    0.3664831    0.3589540
4637091    0.4661794    0.2834122
8927605    0.1242698    0.1577897
2643098    0.2184954    0.1947143
5196087    0.4362904    0.2698027
7130825    0.2484626    0.1577897
3254689    0.3482216    0.2712334
2361549    0.1515017    0.1577897
6807539    0.3188515    0.2130940
1279568    -0.0397060    0.1577897
4976231    0.4576726    0.2677877
7243896    0.3525857    0.3150329
7483150    0.3565000    0.3439853
6703951    0.2923357    0.2292881
5160827    0.1363529    0.1577897
4327501    0.2126635    0.1577897
6543129    0.4651338    0.2301828
9576032    0.5069458    0.3185170
9317254    0.3729283    0.3115133
5062718    0.3932812    0.3423630
7803256    0.3907403    0.3435522
1320567    0.2311754    0.1748078
6530821    0.3380645    0.3462488
2096537    0.5723276    0.3730905
9084715    0.0584843    0.1577897
6039182    0.2504354    0.2260938
1069425    0.5509495    0.3396087
8315042    0.3440053    0.2651927
9138254    0.2920520    0.2766175
1790246    0.2481418    0.2852037
3014689    0.2795749    0.2665236
6594182    0.0526440    0.1577897
5894621    0.2282716    0.1588752
4267580    0.4071005    0.3789954
5183609    0.5404390    0.6066475
5749680    0.1812531    0.1821439
3612974    0.1838014    0.1577897
3280951    0.0553783    0.1577897
4203176    0.0868008    0.1577897
6971305    0.4535946    0.3584819
9380175    0.2946367    0.3725884
1487932    0.4101857    0.3936941
5693807    0.1703150    0.2915925
5648371    0.2782824    0.2765399
8463201    0.3381932    0.2577407
3215784    0.0695981    0.1577897
8410523    0.3938945    0.4019940
4352098    0.3358923    0.2674072
4127693    0.3656554    0.3508539
6138297    0.0625853    0.1579211
6748193    0.2073776    0.1577897
2018563    0.3960066    0.3470142
5891230    0.2276907    0.1588165
8613947    0.2891041    0.2491255
2045968    0.1103608    0.1577897
6930741    0.1099527    0.1577897
7819360    0.3202660    0.3027826
2498173    0.3937241    0.2733016
2943061    0.1322802    0.1577897
2845369    0.2818527    0.3295040
9267581    0.1851758    0.1577897
9450781    0.3211172    0.2835991
7126859    0.0000346    0.1577897
9425807    0.3096627    0.2737127
3296450    0.5973707    0.3619016
5714096    0.3797141    0.2657683
3578406    0.1215780    0.1577897
9182473    0.1916796    0.1577897
4692830    0.5977371    0.4228081
5738926    0.3573479    0.2995340
7369148    0.4514948    0.4683431
9603748    0.2451397    0.2274585
5187042    0.1334780    0.1577897
6271834    0.0263550    0.1577897
6319528    0.3046428    0.2910032
2568307    0.2370991    0.1577897
6025847    0.3156327    0.3454657
9317528    0.2727551    0.2812909
2453071    0.2434675    0.1798537
2514308    0.3364096    0.3344201
4807153    0.1503095    0.1577897
4960875    0.1032987    0.1577897
6342708    0.0867694    0.1577897
2645180    0.2137118    0.1577897
9245670    0.3915895    0.2654743
4528069    0.1329296    0.1577897
1735482    0.1225054    0.1577897
6982735    0.1570534    0.1577897
8597263    0.1450746    0.2593432
9840216    0.0807284    0.1577897
2465970    0.2177032    0.1577897
1932047    0.1806909    0.1577897
2384019    0.2573606    0.1832284
9706385    0.3472344    0.3081439
5902371    0.2322153    0.2343836
3627410    0.1778646    0.1577897
3582067    0.3364838    0.3084233
3645207    0.1910296    0.1577897
9607438    0.1222324    0.1577897
2043178    0.4086680    0.2630053
8653417    0.1287219    0.1577897
2931756    0.2538077    0.2145109
2819470    0.3080540    0.2497982
3204167    0.3540025    0.2178470
9501276    0.0174545    0.1577897
2739650    0.1539570    0.1577897
3061874    0.2808881    0.1577897
6283704    0.0842864    0.1577897
4935860    0.2500624    0.2228742
5140362    0.3208159    0.2664408
9180765    0.1868605    0.2429838
2869347    0.3789614    0.3038135
3469512    0.2516770    0.2289737
2081546    0.4467185    0.3295263
3821574    0.3310490    0.2680050
4265083    0.3106906    0.2470884
6175483    0.4677562    0.4583670
9084235    0.2844537    0.2276488
9618250    0.1745989    0.1577897
1260374    0.0731026    0.1577897
9720165    0.4198961    0.2471132
1365094    0.2127880    0.1623806
5308146    0.4128936    0.3013547
9321840    0.4420901    0.3553715
