82354971    0.0228063    0.0999012
61792438    0.2751650    0.2142218
96302148    0.2372141    0.2197039
59230168    0.1671241    0.1539254
32714856    0.3173793    0.2279325
81439706    0.1262791    0.0520065
43780952    0.3129933    0.2534831
15780629    0.4336775    0.3510486
45628709    0.1130647    0.1539254
43206985    0.1951650    0.1569848
63975401    -0.0284755    0.1010778
18325407    0.3715184    0.2563555
93507642    0.2040192    0.1742046
40326571    0.2393876    0.2277528
46879352    0.1105719    0.1456756
84135296    0.0717320    0.1539254
62945318    0.1630607    0.1009582
57043269    0.2307362    0.2537549
45068793    0.0582267    0.0941182
72150386    -0.0355079    0.1412217
64021875    0.1019267    0.0819896
40568932    0.1124073    0.0868761
30975426    0.2825031    0.2630740
95063127    0.3365001    0.3515604
40236598    0.1331878    0.1539254
87904612    0.1259729    0.1539254
45726190    0.1449229    0.0972387
85320746    0.3344432    0.2509432
78510264    0.0811135    0.1442354
16958274    0.0291058    0.0713728
62157849    0.1091794    0.1086605
80163975    -0.0812560    -0.0516408
34072651    0.0493279    0.1272295
34681702    0.2408399    0.2712311
56489170    0.3309727    0.3010691
17042638    0.1411405    0.1587296
92165478    0.3181673    0.2326449
10857693    0.2848121    0.2368920
67381945    0.1065278    0.0441381
95240316    0.1675703    0.1850534
71403958    0.3880658    0.2778660
12458390    0.1245855    0.1474425
32468591    0.2064951    0.1914392
70843926    0.2776558    0.2659736
91052873    0.1417432    0.0706689
12304586    0.2230351    0.2316886
72803641    0.0189457    0.0394578
93608745    0.2518492    0.2931933
39186520    0.1250224    0.1379482
27156309    0.1905536    0.2856736
79324150    0.1327389    0.1262067
87196024    0.1803782    0.1539254
57129046    0.0741950    0.0650757
71204863    0.2342260    0.2564779
39062841    0.0944830    0.1353937
82609473    -0.0309462    0.1285499
30694825    0.0365880    -0.0126487
23705914    0.1015233    0.0835182
41253670    0.2920886    0.2643492
35842190    0.0440798    0.0673239
79631548    0.1812138    0.1614994
82139740    0.3176008    0.2631195
38702645    0.1698794    0.1027441
61932785    0.2703631    0.2452655
12904576    0.3852948    0.4147204
64213980    0.0801635    0.0725335
95267031    0.1225485    0.1202879
34209168    0.1613672    0.1629065
16943087    0.1024783    0.1229908
61927503    0.0583740    0.0721995
31254760    0.4422659    0.2529059
70264158    0.1874085    0.1745287
72153046    0.0292038    0.1080704
32156478    0.0373923    0.1371010
23045176    0.3178396    0.1887286
21064358    0.1029364    0.1611511
68427591    0.0416545    0.0690985
70251698    0.3058280    0.2375114
34105672    0.1870527    0.1610281
62941037    0.3422488    0.2374601
67905128    0.1698469    0.1804728
94528706    0.1321287    0.1952704
43065218    0.2726136    0.2570952
20519736    0.2078745    0.2111027
67198240    0.4920497    0.2658917
69578014    0.2654074    0.2522980
65374182    0.0248284    0.0582369
49670328    0.1332543    0.0763078
56140738    0.3249323    0.3000410
19743065    0.0593324    0.1355352
51763480    0.4308012    0.3851568
83197206    0.2185750    0.2002959
98526013    0.1456753    0.1539254
67239801    0.1973108    0.2345711
12507849    0.1052662    0.1414261
94185602    0.0684437    0.0879611
54879302    0.2807025    0.2924786
34012568    0.4028562    0.2868088
34982675    0.0478840    0.1190058
46752830    0.5220824    0.3530686
94715302    0.3625983    0.2398465
62897034    0.1620364    0.0801936
59481307    0.1335299    0.0941301
92057831    0.1228388    0.1443027
83265941    0.1260843    0.1772405
20819547    0.4023762    0.2518272
78351290    0.2346316    0.2245527
79648230    0.2436525    0.1812902
12086359    0.0064457    0.0342362
97408251    0.0528856    0.0644244
18952376    0.0941340    0.1539254
36509124    0.1029860    0.0672960
68293104    0.0358413    0.1426939
54789260    0.0388761    0.0627931
19436725    0.1565862    0.1678993
27159836    0.0332070    0.0453141
35897402    0.4143970    0.2362088
59387142    0.2924146    0.2363421
16504783    0.2812308    0.2724197
50836291    0.1281155    0.1431248
93481752    0.2718664    0.1847990
52634817    0.2849960    0.1708220
15860437    0.1634063    0.1973449
58029641    0.1638877    0.1611542
67851930    0.1565579    0.1571438
71465098    0.3067145    0.2145334
41267093    0.0940958    0.1539254
32875906    0.3579376    0.3508641
20694735    0.0069220    0.1314683
37049621    0.1162308    0.0164332
63175049    0.2735692    0.2868645
27845619    0.2513606    0.2572222
25976038    0.2738430    0.2861125
69538402    0.4654601    0.4311213
40596718    0.1890510    0.1799059
47812905    0.1007904    0.0654265
42936180    0.4175026    0.2877450
85902746    0.2217552    0.1613096
76415208    0.0900140    0.0902951
95308671    0.2649733    0.2369648
