50619347    0.3196470    0.3215827
79324150    0.1327389    0.1349233
32875906    0.3579376    0.4400055
91052873    0.1417432    0.1590566
82609473    -0.0309462    0.0127727
83764925    0.1711960    0.1280525
58346072    0.3937567    0.3153014
61927503    0.0583740    0.0627712
82354971    0.0228063    0.0156862
61487350    0.1231352    0.1194537
37068241    0.4272806    0.3632523
32508179    0.0563334    0.1067765
17042638    0.1411405    0.1438649
16094873    0.0280620    0.0946192
70843926    0.2776558    0.3694215
20694735    0.0069220    0.0874354
14387690    0.2061633    0.1009111
71453068    0.0661260    0.0878790
89231046    0.0701274    0.1194462
51398260    0.1249023    0.1344944
93481752    0.2718664    0.1471054
60573841    0.0080028    0.1147895
97408251    0.0528856    0.1065051
49670328    0.1332543    0.1246549
75684932    0.2416156    0.1776747
16375284    0.2126535    0.1981179
59387142    0.2924146    0.2936144
50942871    0.0802008    0.0577627
15780629    0.4336775    0.4211212
70251698    0.3058280    0.3024058
82139740    0.3176008    0.2606083
40326571    0.2393876    0.2827274
65790324    0.0046216    0.1173178
38549061    0.3059458    0.2510996
34189275    0.0542352    0.1129137
21064358    0.1029364    0.1777589
40596718    0.1890510    0.1930361
58319420    0.0758413    0.0983374
64213980    0.0801635    0.0464822
41253670    0.2920886    0.2923588
94528706    0.1321287    0.1516711
18325407    0.3715184    0.3364635
34012568    0.4028562    0.4796320
52948361    0.0420176    0.1344944
40236598    0.1331878    0.1344944
78351290    0.2346316    0.2078774
43780952    0.3129933    0.2600794
35280617    -0.0191183    0.0776563
67905128    0.1698469    0.1388411
61792438    0.2751650    0.3063961
78510264    0.0811135    0.1030576
12904576    0.3852948    0.3308842
96138204    0.1449491    0.1344944
32468591    0.2064951    0.2426348
93270846    0.3896023    0.4574366
10378294    0.3021635    0.1980598
56893071    0.1657909    0.2559510
34105672    0.1870527    0.2564119
37419068    0.1121111    0.1331823
10693257    0.3052177    0.3249904
23750186    0.1395542    0.0866690
23045176    0.3178396    0.3816758
40568932    0.1124073    0.0815974
25986740    0.1667644    0.1198639
97183264    0.3591365    0.2580695
87196024    0.1803782    0.2621037
71465098    0.3067145    0.4262017
85709634    0.1365534    0.1344944
31254760    0.4422659    0.2796636
25976038    0.2738430    0.3404051
34209168    0.1613672    0.1860852
19743065    0.0593324    0.1215283
81437256    0.3754057    0.3313655
65483790    0.0322079    0.0311832
16958274    0.0291058    0.1466909
92165478    0.3181673    0.3466303
82769514    0.1071274    0.1160028
67435291    0.3115513    0.3188663
80163975    -0.0812560    0.1142822
51763480    0.4308012    0.3377826
39062841    0.0944830    0.1359735
60897513    0.1301192    0.1045361
43208516    0.2005489    0.2902768
62897034    0.1620364    0.1912547
67381945    0.1065278    0.1038385
64021875    0.1019267    0.1375269
74920568    0.0942004    0.0465472
67851930    0.1565579    0.1411151
74920653    0.4227876    0.3377841
26408915    0.1213319    0.1340582
45628709    0.1130647    0.0238636
62157849    0.1091794    0.0943449
12064358    0.1449998    0.1250924
85902746    0.2217552    0.2446308
32450971    0.1140205    0.1344944
79631548    0.1812138    0.1344944
54879302    0.2807025    0.2582031
71305486    0.5131515    0.5103433
67198240    0.4920497    0.3991366
12507849    0.1052662    0.1348708
93507642    0.2040192    0.2161980
27156309    0.1905536    0.1270301
16943087    0.1024783    0.1344944
76415208    0.0900140    0.0989392
43065218    0.2726136    0.3490756
12304586    0.2230351    0.2075335
20519736    0.2078745    0.2302326
71248596    0.0827905    0.1129785
56920873    0.2995450    0.4520836
42368795    0.4455477    0.3293284
18967543    0.2637843    0.1571598
15860437    0.1634063    0.1662413
50129364    0.3502489    0.3649562
39186520    0.1250224    0.1576698
93608745    0.2518492    0.2109408
76402381    0.0634703    0.0568953
32714856    0.3173793    0.3674303
32156478    0.0373923    0.1140836
56140738    0.3249323    0.2914454
19483527    0.1787383    0.1987046
69578014    0.2654074    0.2438005
43860715    0.0869390    0.0936408
96302148    0.2372141    0.1344944
89604375    0.5544792    0.5790430
63975401    -0.0284755    0.0911282
59230168    0.1671241    0.1344944
95267031    0.1225485    0.1146252
20456318    0.0361747    0.1084725
95240316    0.1675703    0.2019769
10392748    0.1246251    0.1039407
50836291    0.1281155    0.0390492
12374650    0.1772530    0.2625981
13658924    0.0792403    0.0866436
62941037    0.3422488    0.2519246
30975426    0.2825031    0.4999416
83265941    0.1260843    0.1110064
24035867    0.2180151    0.2650636
57129046    0.0741950    0.0136470
87904612    0.1259729    0.1033551
10857693    0.2848121    0.2391911
