4932856    0.2126629    0.2371853
71248596    0.0827905    0.1690750
50942871    0.0802008    0.0338963
6748193    0.2073776    0.2527640
39062841    0.0944830    0.1690750
7819360    0.3202660    0.2730286
30694825    0.0365880    0.1690750
65483790    0.0322079    0.0745191
21064358    0.1029364    0.1690750
54879302    0.2807025    0.2302869
6138297    0.0625853    0.0606399
52634817    0.2849960    0.3200775
7483150    0.3565000    0.3283722
2869347    0.3789614    0.4658886
2836405    0.2381882    0.1770125
71403958    0.3880658    0.3645596
8521307    0.3988584    0.3250482
59806341    0.3732070    0.2417545
51763480    0.4308012    0.3063513
9180765    0.1868605    0.1942799
59387142    0.2924146    0.2580915
2568307    0.2370991    0.2229768
83764925    0.1711960    0.1085479
2941375    0.1039866    0.1755808
8315042    0.3440053    0.2583362
82354971    0.0228063    0.1001885
67851930    0.1565579    0.1912217
7985463    0.1468814    0.1690750
83197206    0.2185750    0.1602184
7548206    0.3996251    0.3582102
9321840    0.4420901    0.4570781
93481752    0.2718664    0.2361437
67435291    0.3115513    0.2981272
6902314    0.1831756    0.1807765
6703951    0.2923357    0.2602777
17596823    0.0303843    0.1023655
56920873    0.2995450    0.2774033
14387690    0.2061633    0.1690750
20519736    0.2078745    0.2544020
6271834    0.0263550    0.1690750
60573841    0.0080028    0.0721616
7126859    0.0000346    0.0357447
8397402    -0.0295911    0.1690750
7369148    0.4514948    0.3502734
15860437    0.1634063    0.2157129
2198367    0.0754390    0.1784861
40568932    0.1124073    0.1690750
8317509    0.1872364    0.1690750
4127693    0.3656554    0.3387188
4935860    0.2500624    0.2384856
8512390    0.3917661    0.2942348
8653417    0.1287219    0.0970985
54789260    0.0388761    0.0418172
1804532    0.1433767    0.1690750
9317254    0.3729283    0.2789742
7918026    0.0989480    0.1047388
9257083    0.5751210    0.4167940
5902371    0.2322153    0.1625911
87563140    0.2003200    0.2677068
7932580    0.4682114    0.4532739
74920568    0.0942004    0.0256411
46752830    0.5220824    0.4541354
2645180    0.2137118    0.1884345
3204167    0.3540025    0.3013055
65790324    0.0046216    0.0970954
32468591    0.2064951    0.1440292
41253670    0.2920886    0.3063248
5197243    0.5915708    0.4535046
13480652    0.2119081    0.1720111
32508179    0.0563334    0.1226338
43790281    0.0475672    0.0827039
91052873    0.1417432    0.0891738
9618250    0.1745989    0.1690750
1059674    0.2535736    0.3526673
6851203    0.2527070    0.2794354
3149850    0.0295857    0.0918476
4265083    0.3106906    0.2596567
27845619    0.2513606    0.2208029
5619803    0.1762386    0.2071363
5891230    0.2276907    0.1960824
8054917    0.3262745    0.2849781
3612974    0.1838014    0.1324695
34012568    0.4028562    0.3201829
1735482    0.1225054    0.1366470
5469827    0.0416673    0.0942872
4768210    0.6686979    0.4815106
9182473    0.1916796    0.2139360
9328467    0.5027560    0.3940237
34982675    0.0478840    0.0818315
5196087    0.4362904    0.3537962
1098653    0.2683512    0.2386230
95063127    0.3365001    0.3317099
2453071    0.2434675    0.2744554
2845369    0.2818527    0.2488316
9731406    0.1191694    0.1029868
41085739    0.2158497    0.1690750
6543129    0.4651338    0.2672561
1260374    0.0731026    -0.0079541
72150386    -0.0355079    0.1690750
9518642    0.5007111    0.4627050
87196024    0.1803782    0.2316174
95240316    0.1675703    0.1476797
6930741    0.1099527    0.1467111
71204863    0.2342260    0.3392481
12086359    0.0064457    0.0961000
13658924    0.0792403    0.1004359
9607438    0.1222324    0.1376679
1056832    0.1398216    0.0923034
3250478    0.0873304    0.1690750
70843926    0.2776558    0.2635648
85320746    0.3344432    0.3366692
4692830    0.5977371    0.6301678
1705239    0.2730497    0.1777045
9765234    0.3451286    0.2947861
9267581    0.1851758    0.2172627
7348562    0.3256060    0.4871155
2317805    0.4805482    0.3830832
3786905    0.2339949    0.2633889
1365094    0.2127880    0.2302142
25986740    0.1667644    0.1918629
6319528    0.3046428    0.2842513
20456318    0.0361747    0.1690750
60897513    0.1301192    0.1144637
81693024    0.1615259    0.1712730
6971305    0.4535946    0.4605359
87932541    0.1275321    0.1690750
6423907    0.2354790    0.1859716
1790246    0.2481418    0.1954320
9138254    0.2920520    0.2872859
3821574    0.3310490    0.1811129
6752138    0.1926357    0.1932612
39720486    0.2953125    0.2569651
34209168    0.1613672    0.1690750
43860715    0.0869390    0.1690750
3056417    0.3964929    0.2860348
1320567    0.2311754    0.2086439
9354761    0.1451593    0.1340412
5267094    0.2599849    0.3452582
31254760    0.4422659    0.4749115
96138204    0.1449491    0.1004006
13085762    0.3273837    0.3404925
2045968    0.1103608    0.0992049
35842190    0.0440798    0.1041329
7254913    0.0828423    0.1295559
5123968    0.5559287    0.3218328
23705914    0.1015233    0.1973332
43206985    0.1951650    0.1626967
68427591    0.0416545    0.0870082
97408251    0.0528856    0.1690750
71465098    0.3067145    0.3217905
2018563    0.3960066    0.3329324
4165230    0.0664882    0.0135042
50987241    0.2942135    0.2396242
70264158    0.1874085    0.1424777
93608745    0.2518492    0.1943268
83429561    0.2568101    0.2286167
9450781    0.3211172    0.2652447
87904612    0.1259729    0.1147185
6135948    0.4934883    0.2778308
5714096    0.3797141    0.2656479
81294637    0.2323228    0.2197174
35897402    0.4143970    0.2902562
57129046    0.0741950    0.1690750
4976231    0.4576726    0.2843405
43065218    0.2726136    0.3766165
39186520    0.1250224    0.1382922
43208516    0.2005489    0.2414241
58642793    0.1629138    0.0919209
2514308    0.3364096    0.2786806
69538402    0.4654601    0.3109981
5308146    0.4128936    0.3226142
3578406    0.1215780    0.1723358
20819547    0.4023762    0.2897646
4327501    0.2126635    0.1744234
3015264    0.2364364    0.2486957
82609473    -0.0309462    0.1690750
92165478    0.3181673    0.2880445
42368795    0.4455477    0.5695674
6083594    0.4033448    0.2872642
9380175    0.2946367    0.3108793
3215784    0.0695981    0.0708300
7521463    0.3398980    0.3657272
16943087    0.1024783    0.1408458
58346072    0.3937567    0.3607615
9840216    0.0807284    0.1690750
61487350    0.1231352    0.1429712
75684932    0.2416156    0.2465595
5814072    0.1933573    0.2295831
9720165    0.4198961    0.3082225
9381746    0.2999753    0.3683397
5683192    0.4733342    0.3071238
56893071    0.1657909    0.1690750
79324150    0.1327389    0.1064636
45628709    0.1130647    0.1689056
50648317    0.3646901    0.4643201
38549061    0.3059458    0.3057819
4960875    0.1032987    0.1283479
41267093    0.0940958    0.1754638
9706385    0.3472344    0.2973145
2384019    0.2573606    0.2502835
61784935    0.0502294    0.0293525
82139740    0.3176008    0.2902553
8643509    0.4373056    0.4366113
4123795    -0.0081841    0.0344248
34072651    0.0493279    0.1690750
76415208    0.0900140    0.1690750
61927503    0.0583740    0.0906577
72153046    0.0292038    0.2390957
31286905    0.1618569    0.1813418
9317528    0.2727551    0.3670377
5693807    0.1703150    0.1690750
3891520    0.3327236    0.2002042
48270965    -0.0273596    0.0880584
1923504    0.4565430    0.3542487
1694783    0.0640252    -0.0603381
72803641    0.0189457    0.1014187
23750186    0.1395542    0.1690750
50836291    0.1281155    0.0538122
71305486    0.5131515    0.4749032
9157643    0.4749572    0.3360034
2760143    0.3529654    0.2244776
34189275    0.0542352    0.0879516
2673845    0.5641396    0.2704167
98016472    0.1913138    0.1554657
18325407    0.3715184    0.3877419
3582067    0.3364838    0.3013393
63175049    0.2735692    0.1464287
3892147    0.0673109    0.1690750
4693502    0.1955602    0.1407558
3041965    0.4253836    0.3461764
4807153    0.1503095    0.0980817
1895642    0.3019776    0.2347417
32875906    0.3579376    0.2707575
12904576    0.3852948    0.3387571
40326571    0.2393876    0.1704080
80163975    -0.0812560    0.1690750
3092751    0.0439309    0.1034697
5170386    0.0831770    0.0864636
62157849    0.1091794    0.0989685
74920653    0.4227876    0.3336972
79631548    0.1812138    0.1555621
12507849    0.1052662    0.1092364
46879352    0.1105719    0.1690750
7804269    0.1723401    0.1358386
5372069    0.3426059    0.3504205
5738926    0.3573479    0.3150924
4309715    0.1303742    0.0856389
34681702    0.2408399    0.3014640
5160827    0.1363529    0.0998795
9546732    0.3262210    0.4034338
2541903    0.3190446    0.3192524
3741296    0.0530962    0.0983277
86192507    0.0664135    0.1003466
78691503    0.3143425    0.2652803
64213980    0.0801635    0.0334008
1932047    0.1806909    0.2291293
9467830    -0.0446479    0.0949938
30975426    0.2825031    0.2547772
50619347    0.3196470    0.2951795
81439706    0.1262791    0.0709324
1487932    0.4101857    0.3313954
6594182    0.0526440    0.1142094
5894621    0.2282716    0.2093599
32156478    0.0373923    0.0909178
19483527    0.1787383    0.1853941
1069425    0.5509495    0.4202763
10378294    0.3021635    0.2327486
47812905    0.1007904    0.1690750
49670328    0.1332543    0.1690750
6895471    0.5201627    0.4374894
63975401    -0.0284755    0.1028346
75149062    0.1247694    0.1765562
62941037    0.3422488    0.4653981
10392748    0.1246251    0.0936827
95308671    0.2649733    0.2662756
4867502    0.3658697    0.3308560
5178439    0.3721354    0.3125928
65374182    0.0248284    0.0919816
32714856    0.3173793    0.3100453
2043178    0.4086680    0.3367301
