6807539    0.3188515    0.3310964
9381746    0.2999753    0.3495250
6278590    0.0292114    0.1666395
2081546    0.4467185    0.3157138
5197243    0.5915708    0.6022395
1895642    0.3019776    0.3617066
2869347    0.3789614    0.4000927
9317528    0.2727551    0.2429599
5372069    0.3426059    0.2005570
5140362    0.3208159    0.2986809
4768210    0.6686979    0.5654467
6039182    0.2504354    0.3347968
9084235    0.2844537    0.2753729
8643509    0.4373056    0.4646649
9317254    0.3729283    0.3576371
1365094    0.2127880    0.2083836
4306815    0.5216363    0.3910953
6342708    0.0867694    0.0817496
2845369    0.2818527    0.2310047
4987650    0.2964038    0.2723162
2836405    0.2381882    0.1538267
2568307    0.2370991    0.2247828
5294037    0.3698771    0.4584517
9518437    0.1673752    0.1464018
7130825    0.2484626    0.1673655
2453071    0.2434675    0.2175829
9450781    0.3211172    0.3071587
4960875    0.1032987    0.1158198
6930741    0.1099527    0.1944630
5894621    0.2282716    0.2246650
3891520    0.3327236    0.2236990
2384019    0.2573606    0.1701407
6423907    0.2354790    0.1088126
5732806    0.2107367    0.0933207
3469512    0.2516770    0.2382064
6135948    0.4934883    0.4036546
2018563    0.3960066    0.3865042
6491783    0.2638982    0.2023797
2498173    0.3937241    0.4494494
7905641    0.2707025    0.2896475
8054917    0.3262745    0.2442288
2361549    0.1515017    0.2838656
8653417    0.1287219    0.1967719
9138254    0.2920520    0.2888066
1056832    0.1398216    0.1345408
5178439    0.3721354    0.3923675
1340285    0.1161054    0.1387982
3204167    0.3540025    0.3543664
9084715    0.0584843    0.1141686
2487590    0.1245996    0.1808696
6902314    0.1831756    0.2123264
5160827    0.1363529    0.1711232
5196087    0.4362904    0.3712507
3296450    0.5973707    0.4281889
7803256    0.3907403    0.3823191
6138297    0.0625853    0.1503420
7063891    0.3753386    0.3297023
5170386    0.0831770    0.2247276
4693502    0.1955602    0.2129841
2096537    0.5723276    0.4209338
3741296    0.0530962    0.1588749
8315042    0.3440053    0.2643134
8397402    -0.0295911    0.1123574
1804532    0.1433767    0.0011828
3582067    0.3364838    0.3372532
5146839    0.5332805    0.4646181
9267581    0.1851758    0.3051161
3092751    0.0439309    0.2455916
9618250    0.1745989    0.1921832
5831672    0.2538592    0.2900647
2045968    0.1103608    0.0647007
3264017    0.1892763    0.2226188
5683192    0.4733342    0.3077240
9731406    0.1191694    0.1116627
7369148    0.4514948    0.4048159
9840216    0.0807284    0.1881488
5062718    0.3932812    0.3748198
9425807    0.3096627    0.1614265
9583261    0.3440669    0.5278041
6543129    0.4651338    0.3167608
6748193    0.2073776    0.2206911
4935860    0.2500624    0.3789232
3514269    0.2860579    0.3416688
8597263    0.1450746    0.2081652
3892147    0.0673109    0.1248567
6530821    0.3380645    0.2939167
9245670    0.3915895    0.3996945
9518642    0.5007111    0.3203068
5619803    0.1762386    0.1760948
4352098    0.3358923    0.3507864
1694783    0.0640252    0.2180051
2541903    0.3190446    0.3545386
4165972    0.2014961    0.1828966
6175483    0.4677562    0.3591912
3149850    0.0295857    0.1431761
6594182    0.0526440    0.1752043
4123795    -0.0081841    0.1498037
9180765    0.1868605    0.2722193
8613947    0.2891041    0.2106529
6315928    0.2469237    0.2966681
5469827    0.0416673    0.0898132
4976231    0.4576726    0.3543066
3740286    0.4547719    0.3601468
3061874    0.2808881    0.3350842
3254689    0.3482216    0.3840950
2317805    0.4805482    0.4190688
1098653    0.2683512    0.2793059
5762910    0.2062399    0.2883436
8463201    0.3381932    0.2917659
7483150    0.3565000    0.3823043
1059674    0.2535736    0.3523938
1790246    0.2481418    0.2444687
8927605    0.1242698    0.1603782
3578406    0.1215780    0.2024515
5891230    0.2276907    0.2566525
8512390    0.3917661    0.3518191
1260374    0.0731026    0.1554494
4327501    0.2126635    0.2193163
5738926    0.3573479    0.3366740
2465970    0.2177032    0.1663445
3215784    0.0695981    0.0804783
3645207    0.1910296    0.2597389
6319528    0.3046428    0.1954022
6895471    0.5201627    0.4856809
4265083    0.3106906    0.3566288
9706385    0.3472344    0.4462387
6271834    0.0263550    0.0946376
2673845    0.5641396    0.5431854
7348562    0.3256060    0.3539982
7243896    0.3525857    0.2142125
6982735    0.1570534    0.1519618
4267580    0.4071005    0.3375887
2739650    0.1539570    0.1123127
2514308    0.3364096    0.2355711
9467830    -0.0446479    0.1215084
9328467    0.5027560    0.3802363
5714096    0.3797141    0.4701059
1069425    0.5509495    0.3726517
2643098    0.2184954    0.3628446
3612974    0.1838014    0.1821262
