65349018    0.3772913    0.4692785
79648230    0.2436525    0.2298229
65483790    0.0322079    0.1428284
39062841    0.0944830    0.1401958
51398260    0.1249023    0.1441613
46879352    0.1105719    0.0783876
34012568    0.4028562    0.4117376
87196024    0.1803782    0.1564773
32468591    0.2064951    0.1417519
76402381    0.0634703    0.0747963
12458390    0.1245855    0.1019385
32714856    0.3173793    0.3445678
12304586    0.2230351    0.1701409
41267093    0.0940958    0.1682023
97428650    0.1566038    0.1790281
95240316    0.1675703    0.1553939
23750186    0.1395542    0.1373182
72150386    -0.0355079    -0.0141987
84036972    0.2046254    0.1286446
62897034    0.1620364    0.1608202
94130527    0.1603314    0.1612323
80163975    -0.0812560    0.1441613
31254760    0.4422659    0.4566202
20519736    0.2078745    0.1703650
82769514    0.1071274    0.0806336
93481752    0.2718664    0.1541700
34105672    0.1870527    0.1602488
75149062    0.1247694    0.1482598
12904576    0.3852948    0.3870217
43206985    0.1951650    0.1232403
23705914    0.1015233    0.2145083
54879302    0.2807025    0.2320095
96302148    0.2372141    0.1524689
34681702    0.2408399    0.2742957
58642793    0.1629138    0.1362639
39720486    0.2953125    0.3115176
94528706    0.1321287    0.1465688
20694735    0.0069220    0.0370347
26408915    0.1213319    0.1291080
40568932    0.1124073    0.0929230
10378294    0.3021635    0.3238757
40596718    0.1890510    0.2466670
38960417    0.0926794    0.1164719
42368795    0.4455477    0.5166479
39186520    0.1250224    0.1455937
16094873    0.0280620    0.0683711
95267031    0.1225485    0.1371551
61487350    0.1231352    0.1821952
64021875    0.1019267    0.1429279
61927503    0.0583740    0.1224990
35280617    -0.0191183    0.0659894
13480652    0.2119081    0.2262700
92057831    0.1228388    0.1258729
67381945    0.1065278    0.1245441
34209168    0.1613672    0.1602707
67851930    0.1565579    0.1733084
49670328    0.1332543    0.1610865
79324150    0.1327389    0.1418740
58346072    0.3937567    0.4118250
59387142    0.2924146    0.2412772
69578014    0.2654074    0.2610910
64213980    0.0801635    0.1332327
15780629    0.4336775    0.3447807
38549061    0.3059458    0.2945463
51763480    0.4308012    0.4258553
43972106    0.3626580    0.3958620
12086359    0.0064457    0.0854330
35897402    0.4143970    0.5308814
67239801    0.1973108    0.1658289
63975401    -0.0284755    0.0377804
62941037    0.3422488    0.3262367
50836291    0.1281155    0.1233910
46752830    0.5220824    0.3574042
41253670    0.2920886    0.2842856
71403958    0.3880658    0.3344502
50619347    0.3196470    0.4219747
58029641    0.1638877    0.1212586
50648317    0.3646901    0.3466592
32875906    0.3579376    0.4389319
62157849    0.1091794    0.1356152
18325407    0.3715184    0.4360631
17042638    0.1411405    0.1509940
57129046    0.0741950    -0.0124061
91052873    0.1417432    0.1078394
85397462    0.1461277    0.1971350
32450971    0.1140205    0.1194143
21064358    0.1029364    0.1483716
45628709    0.1130647    0.1173211
71204863    0.2342260    0.2236093
81439706    0.1262791    0.0827361
19436725    0.1565862    0.1732219
61784935    0.0502294    0.1205467
32156478    0.0373923    0.0416805
12064358    0.1449998    0.1232076
41085739    0.2158497    0.1922770
50942871    0.0802008    0.0216792
50129364    0.3502489    0.2667026
83265941    0.1260843    0.1268593
32508179    0.0563334    0.1380207
70264158    0.1874085    0.1085239
70843926    0.2776558    0.2456699
61792438    0.2751650    0.2120678
18967543    0.2637843    0.3164877
23045176    0.3178396    0.3035042
85709634    0.1365534    0.1318717
98526013    0.1456753    0.1406340
94715302    0.3625983    0.2474950
20456318    0.0361747    0.0346861
31879054    0.3563824    0.3189523
59481307    0.1335299    0.1389453
47098521    0.1130693    0.1754691
43065218    0.2726136    0.1917115
93270846    0.3896023    0.4983917
17596823    0.0303843    0.0973893
27156309    0.1905536    0.1271155
87932541    0.1275321    0.0769670
71305486    0.5131515    0.3069012
45726190    0.1449229    0.1362226
52634817    0.2849960    0.1444327
20419573    0.2637484    0.2388521
59806341    0.3732070    0.3109498
71465098    0.3067145    0.2852092
42936180    0.4175026    0.3568069
20819547    0.4023762    0.4043137
81437256    0.3754057    0.2395835
67198240    0.4920497    0.4423476
34982675    0.0478840    0.0550046
36509124    0.1029860    0.1492466
69538402    0.4654601    0.4182115
10392748    0.1246251    0.1146685
96138204    0.1449491    0.0482993
75684932    0.2416156    0.2424137
70251698    0.3058280    0.2694602
76415208    0.0900140    0.1401331
52948361    0.0420176    0.1564059
83764925    0.1711960    0.1046378
12374650    0.1772530    0.1651908
13085762    0.3273837    0.3237449
24501987    0.1447957    0.1807413
56124780    0.1965039    0.2087846
