79631548    0.1812138    0.0818828
23074169    0.4747303    0.4658069
58319420    0.0758413    0.0411069
40568932    0.1124073    0.1494738
18967543    0.2637843    0.1659642
32875906    0.3579376    0.3238132
60897513    0.1301192    0.1131614
14387690    0.2061633    0.2341808
45068793    0.0582267    0.0691479
95240316    0.1675703    0.1717697
91052873    0.1417432    0.0926230
97408251    0.0528856    0.1175292
94185602    0.0684437    0.1257850
94528706    0.1321287    0.1161797
72803641    0.0189457    0.0257893
71248596    0.0827905    0.1526412
34681702    0.2408399    0.3102725
20694735    0.0069220    0.0984221
67905128    0.1698469    0.1995579
82354971    0.0228063    0.1196793
63175049    0.2735692    0.2920679
43780952    0.3129933    0.1743269
12064358    0.1449998    0.1677977
89231046    0.0701274    0.0903263
78510264    0.0811135    0.1826899
15780629    0.4336775    0.5367795
67381945    0.1065278    0.0434914
72150386    -0.0355079    0.0502317
27159836    0.0332070    0.0637852
27845619    0.2513606    0.2816324
23045176    0.3178396    0.3170970
32450971    0.1140205    0.0670898
38702645    0.1698794    0.1418157
56893071    0.1657909    0.1485541
13085762    0.3273837    0.3424348
72015384    0.5095192    0.4551752
82139740    0.3176008    0.3103377
67239801    0.1973108    0.2251061
20519736    0.2078745    0.2296921
97428650    0.1566038    0.1546035
18325407    0.3715184    0.4896152
52634817    0.2849960    0.1955751
12304586    0.2230351    0.1990656
54879302    0.2807025    0.3046024
89604375    0.5544792    0.6506916
49670328    0.1332543    0.1480455
31254760    0.4422659    0.3273419
19743065    0.0593324    0.0993877
31879054    0.3563824    0.2537499
34209168    0.1613672    0.1619216
70264158    0.1874085    0.2081770
48270965    -0.0273596    0.0824322
76402381    0.0634703    0.0745041
80163975    -0.0812560    0.0085446
34072651    0.0493279    0.0846635
20819547    0.4023762    0.4073807
59230168    0.1671241    0.1186559
67851930    0.1565579    0.2026231
87196024    0.1803782    0.1382608
96302148    0.2372141    0.1395542
97183264    0.3591365    0.3297459
92057831    0.1228388    0.0978101
40326571    0.2393876    0.2097874
12374650    0.1772530    0.1673284
34105672    0.1870527    0.1406159
10378294    0.3021635    0.3551317
67435291    0.3115513    0.4009930
41253670    0.2920886    0.2649514
36509124    0.1029860    0.1083018
37419068    0.1121111    0.1195912
57043269    0.2307362    0.1696949
59481307    0.1335299    0.1007932
38549061    0.3059458    0.3189615
62897034    0.1620364    0.1911392
58642793    0.1629138    0.1649902
56489170    0.3309727    0.3869979
54789260    0.0388761    0.1389660
43790281    0.0475672    0.0669088
62157849    0.1091794    0.0840443
17042638    0.1411405    0.1803433
31286905    0.1618569    0.1798336
68427591    0.0416545    0.1745734
95063127    0.3365001    0.2530313
50942871    0.0802008    0.0975238
24501987    0.1447957    0.1331861
71305486    0.5131515    0.3170960
62941037    0.3422488    0.3468573
57129046    0.0741950    0.0440339
59387142    0.2924146    0.2354568
61932785    0.2703631    0.2521782
87563140    0.2003200    0.1818046
76415208    0.0900140    0.0814354
43206985    0.1951650    0.1860863
10857693    0.2848121    0.2332173
85320746    0.3344432    0.3455573
21064358    0.1029364    0.1261622
85709634    0.1365534    0.0671875
34982675    0.0478840    0.0768458
13480652    0.2119081    0.1385653
69578014    0.2654074    0.3636789
20419573    0.2637484    0.1323251
61487350    0.1231352    0.1454373
62945318    0.1630607    0.1886776
61784935    0.0502294    0.0990016
13658924    0.0792403    0.1339984
83265941    0.1260843    0.1402717
79648230    0.2436525    0.1457676
95308671    0.2649733    0.3868353
70843926    0.2776558    0.1569254
30694825    0.0365880    0.1086563
45628709    0.1130647    0.0751567
35842190    0.0440798    0.0104082
24035867    0.2180151    0.3175252
26408915    0.1213319    0.1192740
56124780    0.1965039    0.2712231
18952376    0.0941340    0.0284862
41267093    0.0940958    0.1515042
93481752    0.2718664    0.1677174
64213980    0.0801635    0.0635109
42368795    0.4455477    0.3692267
94130527    0.1603314    0.1613937
35897402    0.4143970    0.4390268
60573841    0.0080028    0.1362453
16375284    0.2126535    0.2016610
16943087    0.1024783    0.1077503
38960417    0.0926794    0.1775285
12507849    0.1052662    0.1531896
65374182    0.0248284    -0.0320325
71403958    0.3880658    0.4289259
64021875    0.1019267    0.1446248
35280617    -0.0191183    0.0456888
71465098    0.3067145    0.2701021
39720486    0.2953125    0.2632204
40236598    0.1331878    0.1038704
43860715    0.0869390    0.1218148
43065218    0.2726136    0.2102667
25986740    0.1667644    0.1473315
84036972    0.2046254    0.2175516
93507642    0.2040192    0.2881841
47812905    0.1007904    0.1753219
