7243896    0.3525857    0.2938878
8643509    0.4373056    0.5121063
2819470    0.3080540    0.1577896
6319528    0.3046428    0.3352252
4309715    0.1303742    0.2688174
3469512    0.2516770    0.2915378
5187042    0.1334780    0.1632921
5372069    0.3426059    0.2379983
5178439    0.3721354    0.3826987
9321840    0.4420901    0.2653739
4976231    0.4576726    0.4440111
2361549    0.1515017    0.2367820
9182473    0.1916796    0.1601952
1069425    0.5509495    0.3811783
2384019    0.2573606    0.2132608
9765234    0.3451286    0.2915099
8597263    0.1450746    0.2101506
5146839    0.5332805    0.4191797
9317528    0.2727551    0.2326351
6138297    0.0625853    0.1340382
8653417    0.1287219    0.0195247
2465970    0.2177032    0.0226523
9328467    0.5027560    0.3447147
5123968    0.5559287    0.3753550
9518642    0.5007111    0.4188012
3215784    0.0695981    0.0002424
9706385    0.3472344    0.3405696
4693502    0.1955602    0.1604264
3014689    0.2795749    0.2975390
8397402    -0.0295911    0.0890562
3250478    0.0873304    0.2304088
1923504    0.4565430    0.3367841
9084235    0.2844537    0.3578587
3627410    0.1778646    0.2206972
8317509    0.1872364    0.2242998
1260374    0.0731026    0.0870131
8315042    0.3440053    0.3516788
6752138    0.1926357    0.1167826
9720165    0.4198961    0.3410195
2760143    0.3529654    0.2285001
3821574    0.3310490    0.3407216
7369148    0.4514948    0.3716374
8521307    0.3988584    0.3451197
6083594    0.4033448    0.3716580
4267580    0.4071005    0.4490347
6930741    0.1099527    0.1042568
1895642    0.3019776    0.3942523
9840216    0.0807284    0.1184987
5062718    0.3932812    0.3795774
9576032    0.5069458    0.4175326
7548206    0.3996251    0.3620801
5267094    0.2599849    0.3316878
5891230    0.2276907    0.1350178
6895471    0.5201627    0.4086761
6851203    0.2527070    0.2224932
5749680    0.1812531    0.2450984
9425807    0.3096627    0.1037598
9317254    0.3729283    0.4235191
5140362    0.3208159    0.3372689
9267581    0.1851758    0.2125117
9603748    0.2451397    0.2704316
9618250    0.1745989    0.1651890
3264017    0.1892763    0.2326351
1340285    0.1161054    0.2871429
1098653    0.2683512    0.3275290
4123795    -0.0081841    0.1861239
7819360    0.3202660    0.3816820
5197243    0.5915708    0.3990186
5814072    0.1933573    0.1130548
6423907    0.2354790    0.2559723
6530821    0.3380645    0.3720992
8463201    0.3381932    0.2724496
4807153    0.1503095    0.2310307
5308146    0.4128936    0.4331879
5738926    0.3573479    0.3200508
4203176    0.0868008    -0.1194115
1694783    0.0640252    0.1493528
4867502    0.3658697    0.3579279
3280951    0.0553783    0.1834535
7130825    0.2484626    0.2167524
9380175    0.2946367    0.3349566
6025847    0.3156327    0.3681572
6543129    0.4651338    0.3888581
6807539    0.3188515    0.2319567
4750928    0.4639964    0.3895772
3892147    0.0673109    0.1893338
4935860    0.2500624    0.3122668
2931756    0.2538077    0.2344338
3149850    0.0295857    0.0475623
7126859    0.0000346    -0.0409870
7348562    0.3256060    0.3265198
5714096    0.3797141    0.3680932
4768210    0.6686979    0.8977306
1743698    0.3903206    0.3649624
3041965    0.4253836    0.3792743
9501276    0.0174545    0.0842443
4306815    0.5216363    0.5786051
6283704    0.0842864    0.2022608
1804532    0.1433767    0.0962902
6278590    0.0292114    0.0673104
2018563    0.3960066    0.4196888
1790246    0.2481418    0.2733479
7803256    0.3907403    0.3735776
9583261    0.3440669    0.3787239
5902371    0.2322153    0.0753827
1365094    0.2127880    0.2381720
2081546    0.4467185    0.4281145
6342708    0.0867694    0.0866652
9354761    0.1451593    0.0299290
7918026    0.0989480    0.1712449
5894621    0.2282716    0.2980184
4328571    0.3664831    0.2607508
9084715    0.0584843    -0.0708761
6315928    0.2469237    0.2418080
2836405    0.2381882    0.3154214
9381746    0.2999753    0.2326351
4857263    0.3738794    0.4154302
7905641    0.2707025    0.2326351
6594182    0.0526440    0.0893334
2045968    0.1103608    -0.0295486
2845369    0.2818527    0.3262912
9157643    0.4749572    0.4094167
1320567    0.2311754    0.2189496
2317805    0.4805482    0.3822269
4165230    0.0664882    0.1961863
7804269    0.1723401    0.1723138
7254913    0.0828423    0.1240802
5619803    0.1762386    0.1599317
2498173    0.3937241    0.4827718
9257083    0.5751210    0.3649634
6039182    0.2504354    0.2697545
3740286    0.4547719    0.4289078
3056417    0.3964929    0.3247545
6971305    0.4535946    0.4458606
2943061    0.1322802    0.1069096
9546732    0.3262210    0.2591488
3612974    0.1838014    0.2180194
3514269    0.2860579    0.2065766
9518437    0.1673752    0.1803966
3092751    0.0439309    0.0535392
