59481307    0.1335299    0.1022264
43860715    0.0869390    0.1782217
9450781    0.3211172    0.3568569
10693257    0.3052177    0.1979837
37419068    0.1121111    0.1665249
7905641    0.2707025    0.3294854
8643509    0.4373056    0.3475748
30694825    0.0365880    0.1046391
61487350    0.1231352    0.1568872
6135948    0.4934883    0.3568690
15860437    0.1634063    0.1590514
6025847    0.3156327    0.3101251
78691503    0.3143425    0.1798798
91052873    0.1417432    0.1229888
72150386    -0.0355079    0.2044020
54789260    0.0388761    0.1590223
6851203    0.2527070    0.2305999
4637091    0.4661794    0.3575452
7348562    0.3256060    0.4782727
27845619    0.2513606    0.2213574
2694380    0.2196963    0.2126886
83429561    0.2568101    0.2829037
74920568    0.0942004    0.2310454
71248596    0.0827905    0.1252394
2043178    0.4086680    0.3486722
15780629    0.4336775    0.4249061
78351290    0.2346316    0.2200016
37068241    0.4272806    0.3787891
6342708    0.0867694    0.1568872
41085739    0.2158497    0.1453539
43972106    0.3626580    0.3592901
2845369    0.2818527    0.2434251
5140362    0.3208159    0.4584734
5732806    0.2107367    0.2293165
6748193    0.2073776    0.1099986
81439706    0.1262791    0.1093465
63975401    -0.0284755    0.1568872
12458390    0.1245855    0.1568872
12507849    0.1052662    0.1568872
1735482    0.1225054    0.1193146
9607438    0.1222324    0.1596823
9603748    0.2451397    0.2155549
35897402    0.4143970    0.3266681
1743698    0.3903206    0.2860609
37049621    0.1162308    0.1666187
9138254    0.2920520    0.2534985
9618250    0.1745989    0.1756541
35842190    0.0440798    0.0677522
4309715    0.1303742    0.1584305
2645180    0.2137118    0.1635203
2943061    0.1322802    0.1170893
81437256    0.3754057    0.3337440
2317805    0.4805482    0.2251724
2498173    0.3937241    0.4141597
85709634    0.1365534    0.1144618
6283704    0.0842864    0.1180956
19436725    0.1565862    0.1568872
9380175    0.2946367    0.2326899
50129364    0.3502489    0.1416000
9501276    0.0174545    0.1283583
4063285    0.2597609    0.2512270
83265941    0.1260843    0.1568872
9354761    0.1451593    0.0532800
5648371    0.2782824    0.2317235
9518642    0.5007111    0.5405167
9706385    0.3472344    0.3864253
79324150    0.1327389    0.1511606
47098521    0.1130693    0.0830209
72153046    0.0292038    0.1029514
27156309    0.1905536    0.1149234
4750928    0.4639964    0.3662485
8317509    0.1872364    0.2243223
32450971    0.1140205    0.1127205
79648230    0.2436525    0.2225353
3821574    0.3310490    0.2646265
5062718    0.3932812    0.3251442
16504783    0.2812308    0.2874381
50942871    0.0802008    0.1238003
42368795    0.4455477    0.3258640
75684932    0.2416156    0.1880319
82354971    0.0228063    0.0841618
1487932    0.4101857    0.3894241
74920653    0.4227876    0.4147798
34189275    0.0542352    0.1568872
4960875    0.1032987    0.0861568
9084235    0.2844537    0.2634234
2760143    0.3529654    0.1627797
70264158    0.1874085    0.0880230
2361549    0.1515017    0.1497875
3740286    0.4547719    0.3152698
61932785    0.2703631    0.1568872
9267581    0.1851758    0.2253510
23750186    0.1395542    0.0736607
38960417    0.0926794    0.1795110
51763480    0.4308012    0.3580953
32156478    0.0373923    0.1568872
43790281    0.0475672    0.1266821
23045176    0.3178396    0.2529622
89604375    0.5544792    0.3299436
19483527    0.1787383    0.2854532
7804269    0.1723401    0.1320315
87196024    0.1803782    0.1337042
9182473    0.1916796    0.1454379
86192507    0.0664135    0.1160522
3250478    0.0873304    0.1688886
56920873    0.2995450    0.2780129
7063891    0.3753386    0.2889111
6423907    0.2354790    0.1482676
58029641    0.1638877    0.0817366
8315042    0.3440053    0.2459168
4328571    0.3664831    0.2899130
56124780    0.1965039    0.1570706
3469512    0.2516770    0.2141907
26408915    0.1213319    0.1590363
1790246    0.2481418    0.2460971
2096537    0.5723276    0.4936285
39062841    0.0944830    0.1382500
5308146    0.4128936    0.3437538
76402381    0.0634703    0.1568872
92057831    0.1228388    0.0738467
62941037    0.3422488    0.2212531
40236598    0.1331878    0.1308301
69578014    0.2654074    0.1987915
93270846    0.3896023    0.2786810
62897034    0.1620364    0.1568872
1705239    0.2730497    0.2223166
23705914    0.1015233    0.1568872
4265083    0.3106906    0.2556227
7819360    0.3202660    0.3980908
5749680    0.1812531    0.1995248
9328467    0.5027560    0.4997401
85902746    0.2217552    0.2393863
4976231    0.4576726    0.4680749
4123795    -0.0081841    0.1604061
4306815    0.5216363    0.4558467
93507642    0.2040192    0.1299084
7932580    0.4682114    0.3337770
67435291    0.3115513    0.3275374
97408251    0.0528856    0.0997182
3015264    0.2364364    0.2150453
34012568    0.4028562    0.3801851
2568307    0.2370991    0.2068602
72015384    0.5095192    0.3174969
21064358    0.1029364    0.0894422
6930741    0.1099527    0.1592551
45068793    0.0582267    0.1568872
65374182    0.0248284    0.1124177
17596823    0.0303843    0.0624768
32875906    0.3579376    0.2480980
3627410    0.1778646    0.1468964
39720486    0.2953125    0.3234015
81693024    0.1615259    0.1568872
82139740    0.3176008    0.3119897
1694783    0.0640252    0.1322104
43065218    0.2726136    0.1142095
8054917    0.3262745    0.2416171
31286905    0.1618569    0.1110562
9321840    0.4420901    0.2996809
5146839    0.5332805    0.3468609
5894621    0.2282716    0.2031918
5294037    0.3698771    0.2462941
81294637    0.2323228    0.1463352
82609473    -0.0309462    0.1155535
32468591    0.2064951    0.2104210
4857263    0.3738794    0.2604313
95267031    0.1225485    0.1568872
9605831    0.1809202    0.2554908
40326571    0.2393876    0.2358375
5814072    0.1933573    0.2070320
5469827    0.0416673    0.1409125
6175483    0.4677562    0.4345301
2045968    0.1103608    0.1342903
45726190    0.1449229    0.0717788
8521307    0.3988584    0.1962319
52948361    0.0420176    0.1568872
2931756    0.2538077    0.2474858
56893071    0.1657909    0.1203837
71453068    0.0661260    0.1568872
9157643    0.4749572    0.3499125
4768210    0.6686979    0.4731083
1098653    0.2683512    0.2540739
3645207    0.1910296    0.2110533
1804532    0.1433767    0.0694645
2487590    0.1245996    0.1870678
40568932    0.1124073    0.1093870
61927503    0.0583740    0.1568872
34072651    0.0493279    0.1239861
3061874    0.2808881    0.2357842
9583261    0.3440669    0.2874115
34105672    0.1870527    0.1568872
7254913    0.0828423    0.1568872
2018563    0.3960066    0.4792036
4987650    0.2964038    0.2660092
7130825    0.2484626    0.1607540
4932856    0.2126629    0.2619593
3296450    0.5973707    0.2612938
5196087    0.4362904    0.2578918
3612974    0.1838014    0.2236616
97183264    0.3591365    0.2995873
95063127    0.3365001    0.2905509
9317254    0.3729283    0.3942546
7985463    0.1468814    0.0769314
12064358    0.1449998    0.1318014
6278590    0.0292114    0.0731134
16375284    0.2126535    0.2229766
83764925    0.1711960    0.1568872
65483790    0.0322079    0.1098601
8512390    0.3917661    0.2789068
76415208    0.0900140    0.0736194
9317528    0.2727551    0.2482063
19743065    0.0593324    0.1075350
65790324    0.0046216    0.1120720
20456318    0.0361747    0.1853504
58642793    0.1629138    0.1568872
62157849    0.1091794    0.1584298
62945318    0.1630607    0.1712139
89231046    0.0701274    0.2640223
96138204    0.1449491    0.1568872
3215784    0.0695981    0.1341683
98016472    0.1913138    0.1568872
49670328    0.1332543    0.1914236
65349018    0.3772913    0.2377014
3149850    0.0295857    0.0698981
6982735    0.1570534    0.2089039
16943087    0.1024783    0.1803441
6895471    0.5201627    0.7381250
5197243    0.5915708    0.5572143
5693807    0.1703150    0.3748744
43208516    0.2005489    0.1079963
64021875    0.1019267    0.1412992
38549061    0.3059458    0.3470861
68427591    0.0416545    0.0660916
13480652    0.2119081    0.2048872
3741296    0.0530962    0.1641369
47812905    0.1007904    0.0586507
70251698    0.3058280    0.2865945
7483150    0.3565000    0.2482460
5762910    0.2062399    0.2992301
9765234    0.3451286    0.3245974
59230168    0.1671241    0.0912045
6594182    0.0526440    0.2169168
9381746    0.2999753    0.3280248
67381945    0.1065278    0.0651633
3041965    0.4253836    0.3081337
32714856    0.3173793    0.1389785
95240316    0.1675703    0.2325844
94715302    0.3625983    0.2576889
5187042    0.1334780    0.1168744
2643098    0.2184954    0.2525309
2836405    0.2381882    0.3034100
16094873    0.0280620    0.1126347
71204863    0.2342260    0.2347971
40596718    0.1890510    0.3263829
7369148    0.4514948    0.4003747
1365094    0.2127880    0.2167445
8290476    0.2635870    0.2356403
1260374    0.0731026    0.0625251
64213980    0.0801635    0.1119365
9461730    0.1967047    0.2722489
5714096    0.3797141    0.2330438
4528069    0.1329296    0.1006854
6271834    0.0263550    0.1109838
4693502    0.1955602    0.2029332
2869347    0.3789614    0.3392612
83197206    0.2185750    0.1642321
59806341    0.3732070    0.4395667
23074169    0.4747303    0.3079965
7160483    0.4047953    0.3018113
85397462    0.1461277    0.1571246
20694735    0.0069220    0.1845407
71403958    0.3880658    0.3734276
2198367    0.0754390    0.1822562
7803256    0.3907403    0.3424467
36509124    0.1029860    0.1568872
6315928    0.2469237    0.2012964
4327501    0.2126635    0.1977953
6491783    0.2638982    0.1568872
2465970    0.2177032    0.1568872
9257083    0.5751210    0.3529557
4935860    0.2500624    0.2828139
