3254689    0.3482216    0.3160900
7063891    0.3753386    0.2768050
4960875    0.1032987    0.0762098
68427591    0.0416545    0.1356988
2568307    0.2370991    0.1497884
65374182    0.0248284    0.0561743
74920568    0.0942004    0.1572836
1487932    0.4101857    0.3526289
41253670    0.2920886    0.2959384
3741296    0.0530962    0.1735604
13480652    0.2119081    0.2129171
15860437    0.1634063    0.1413754
50942871    0.0802008    -0.0145966
23074169    0.4747303    0.4965899
12086359    0.0064457    0.1564965
1923504    0.4565430    0.3159146
97428650    0.1566038    0.1268044
82609473    -0.0309462    0.0820846
8653417    0.1287219    0.2353321
67239801    0.1973108    0.2023230
40596718    0.1890510    0.1748861
4692830    0.5977371    0.4271024
9461730    0.1967047    0.1653142
3056417    0.3964929    0.3387468
6025847    0.3156327    0.2347732
2931756    0.2538077    0.2488858
9603748    0.2451397    0.2330153
6971305    0.4535946    0.4444170
42368795    0.4455477    0.3063223
5178439    0.3721354    0.2991557
8597263    0.1450746    0.0950419
1279568    -0.0397060    0.1400147
6039182    0.2504354    0.3180844
2943061    0.1322802    0.3058377
8410523    0.3938945    0.3142574
43780952    0.3129933    0.1909101
10857693    0.2848121    0.2655004
2465970    0.2177032    0.1908634
31879054    0.3563824    0.3195648
6703951    0.2923357    0.2735140
43208516    0.2005489    0.2674373
71465098    0.3067145    0.3149006
9450781    0.3211172    0.2423996
98016472    0.1913138    0.1235935
62157849    0.1091794    0.0630336
9467830    -0.0446479    0.0576990
4123795    -0.0081841    0.0613600
57043269    0.2307362    0.1548823
6283704    0.0842864    0.0965307
72015384    0.5095192    0.4093322
87196024    0.1803782    0.1735604
39062841    0.0944830    0.1313398
60897513    0.1301192    0.1001864
60573841    0.0080028    0.0681849
1932047    0.1806909    0.1721953
43065218    0.2726136    0.1672155
61487350    0.1231352    0.1271808
9157643    0.4749572    0.4515100
68293104    0.0358413    0.1735604
34012568    0.4028562    0.3412698
14387690    0.2061633    0.1280382
5469827    0.0416673    0.1454364
4528069    0.1329296    0.1132749
67409258    0.3510112    0.3223102
16375284    0.2126535    0.1577502
82354971    0.0228063    0.1109545
46879352    0.1105719    0.1735604
6895471    0.5201627    0.4078722
8643509    0.4373056    0.3200678
81693024    0.1615259    0.2243077
5894621    0.2282716    0.2349024
6543129    0.4651338    0.2361407
10378294    0.3021635    0.2557731
5196087    0.4362904    0.3641288
20519736    0.2078745    0.1919396
6748193    0.2073776    0.1735604
24501987    0.1447957    0.1393016
35897402    0.4143970    0.2358293
5187042    0.1334780    0.1430153
65349018    0.3772913    0.3859254
67905128    0.1698469    0.2247384
3061874    0.2808881    0.2500263
8290476    0.2635870    0.1290704
1260374    0.0731026    0.1000483
36509124    0.1029860    0.0607428
4935860    0.2500624    0.2973691
7905641    0.2707025    0.2653335
2645180    0.2137118    0.1413492
7521463    0.3398980    0.3126697
6175483    0.4677562    0.3621997
2694380    0.2196963    0.2027464
5308146    0.4128936    0.3093911
35280617    -0.0191183    0.1275453
69538402    0.4654601    0.3942106
3204167    0.3540025    0.3574353
5738926    0.3573479    0.3662866
43972106    0.3626580    0.2958781
9576032    0.5069458    0.5363382
84135296    0.0717320    0.1679122
71248596    0.0827905    0.1678153
2819470    0.3080540    0.2579505
92165478    0.3181673    0.2927643
41085739    0.2158497    0.2666270
9328467    0.5027560    0.4132137
9084715    0.0584843    0.0323649
9354761    0.1451593    0.1243218
9720165    0.4198961    0.4531928
4265083    0.3106906    0.2765107
72150386    -0.0355079    0.0926228
6530821    0.3380645    0.2700227
9425807    0.3096627    0.3143745
67435291    0.3115513    0.2881205
3014689    0.2795749    0.2447775
40326571    0.2393876    0.2631455
9321840    0.4420901    0.3578973
4807153    0.1503095    0.2506287
12064358    0.1449998    0.1735604
63975401    -0.0284755    0.0800350
95267031    0.1225485    0.0900124
19483527    0.1787383    0.1870648
3892147    0.0673109    0.0767543
59387142    0.2924146    0.2878364
5762910    0.2062399    0.1937348
2941375    0.1039866    0.1469029
9840216    0.0807284    0.0990217
3786905    0.2339949    0.1897354
40236598    0.1331878    0.1281486
50619347    0.3196470    0.3202173
9518642    0.5007111    0.5006770
4165230    0.0664882    0.1267495
23705914    0.1015233    0.1398002
2673845    0.5641396    0.3725853
30694825    0.0365880    0.0960153
78351290    0.2346316    0.1875623
4693502    0.1955602    0.1010850
49670328    0.1332543    0.1671853
16958274    0.0291058    0.0933178
95063127    0.3365001    0.2730686
7369148    0.4514948    0.3150763
67381945    0.1065278    0.1459715
20819547    0.4023762    0.3309441
8397402    -0.0295911    0.0129771
56920873    0.2995450    0.3210134
15780629    0.4336775    0.3474327
76402381    0.0634703    0.0619801
5814072    0.1933573    0.2149710
43206985    0.1951650    0.1735604
9267581    0.1851758    0.2090055
3264017    0.1892763    0.1738867
6083594    0.4033448    0.3819349
5140362    0.3208159    0.3259270
3469512    0.2516770    0.2424713
3280951    0.0553783    0.0572481
9605831    0.1809202    0.2438270
47098521    0.1130693    0.0770039
34189275    0.0542352    0.1454804
2198367    0.0754390    0.0822228
71403958    0.3880658    0.4563372
32714856    0.3173793    0.2379664
32450971    0.1140205    0.1435453
3215784    0.0695981    0.1840352
4750928    0.4639964    0.4714542
26408915    0.1213319    0.1735604
1059674    0.2535736    0.2378857
34105672    0.1870527    0.1601131
9084235    0.2844537    0.2664762
45726190    0.1449229    0.1273021
12304586    0.2230351    0.2491379
4987650    0.2964038    0.2645223
92057831    0.1228388    0.1602684
4165972    0.2014961    0.1954116
72153046    0.0292038    0.0422512
43860715    0.0869390    0.2696171
2845369    0.2818527    0.2339592
93507642    0.2040192    0.1527094
91052873    0.1417432    -0.0219410
70264158    0.1874085    0.0856439
87563140    0.2003200    0.1751207
18325407    0.3715184    0.2911472
96302148    0.2372141    0.1696783
6091584    0.0551016    0.0886150
50648317    0.3646901    0.3011652
2317805    0.4805482    0.3865187
1365094    0.2127880    0.2726959
74920653    0.4227876    0.5607187
7190582    0.5212715    0.3663913
34072651    0.0493279    0.1066769
63175049    0.2735692    0.2789373
61927503    0.0583740    0.1194858
56489170    0.3309727    0.2965076
64021875    0.1019267    0.1669283
10693257    0.3052177    0.3566781
76415208    0.0900140    0.1528922
9317528    0.2727551    0.2148411
45628709    0.1130647    0.1279089
81437256    0.3754057    0.3938599
2018563    0.3960066    0.3590052
93608745    0.2518492    0.3450911
59806341    0.3732070    0.3425855
20419573    0.2637484    0.0763514
65790324    0.0046216    0.0561253
3627410    0.1778646    0.2144971
8054917    0.3262745    0.2780210
3740286    0.4547719    0.3075047
2498173    0.3937241    0.3209336
2453071    0.2434675    0.1582771
9381746    0.2999753    0.2464477
12374650    0.1772530    0.1123584
1340285    0.1161054    0.0885202
38549061    0.3059458    0.3074690
6851203    0.2527070    0.2094268
9518437    0.1673752    0.1766490
94528706    0.1321287    0.2314405
64213980    0.0801635    0.0571866
5891230    0.2276907    0.1794110
5267094    0.2599849    0.2851578
5170386    0.0831770    0.0645914
98526013    0.1456753    0.1704205
85320746    0.3344432    0.4972782
56124780    0.1965039    0.2104136
5718692    0.1730530    0.2181794
34209168    0.1613672    0.1529710
7803256    0.3907403    0.4436294
8315042    0.3440053    0.2561522
85709634    0.1365534    0.0797751
19743065    0.0593324    0.1468292
3612974    0.1838014    0.1735297
3582067    0.3364838    0.3449521
16094873    0.0280620    0.1143301
6138297    0.0625853    0.1053221
9138254    0.2920520    0.2220140
7548206    0.3996251    0.4481277
94185602    0.0684437    0.1399703
3578406    0.1215780    0.1372316
56893071    0.1657909    0.1477769
2541903    0.3190446    0.2680390
5062718    0.3932812    0.2814441
16943087    0.1024783    0.3489341
2078916    0.2681468    0.3871112
79631548    0.1812138    0.1740052
46752830    0.5220824    0.3506544
8605217    0.2345106    0.2508356
7243896    0.3525857    0.2857414
96138204    0.1449491    0.1716661
5146839    0.5332805    0.4138535
40568932    0.1124073    0.1735604
20456318    0.0361747    0.0187062
4976231    0.4576726    0.4411443
38960417    0.0926794    0.1860789
13085762    0.3273837    0.3501289
70251698    0.3058280    0.2159679
7348562    0.3256060    0.2824881
16504783    0.2812308    0.3381818
31254760    0.4422659    0.3625692
51763480    0.4308012    0.3695861
62941037    0.3422488    0.2994455
9501276    0.0174545    0.0598337
2081546    0.4467185    0.2700317
5749680    0.1812531    0.1729913
62945318    0.1630607    0.1904678
4063285    0.2597609    0.3021963
6594182    0.0526440    0.1393123
6278590    0.0292114    0.1429253
7804269    0.1723401    0.0914920
54879302    0.2807025    0.2919640
3645207    0.1910296    0.1735604
5197243    0.5915708    0.4022168
54789260    0.0388761    0.1103538
6491783    0.2638982    0.2481080
27845619    0.2513606    0.1812723
7254913    0.0828423    0.0646908
4327501    0.2126635    0.2107771
2643098    0.2184954    0.2339405
12507849    0.1052662    0.1210247
80163975    -0.0812560    0.1177164
93270846    0.3896023    0.3924643
8512390    0.3917661    0.3619725
58346072    0.3937567    0.2912503
19436725    0.1565862    0.1428687
62897034    0.1620364    0.1540727
