7063891    0.3753386    0.4109274
5372069    0.3426059    0.2777415
4960875    0.1032987    0.1888716
6278590    0.0292114    0.2051214
9731406    0.1191694    0.2174024
9618250    0.1745989    0.1617723
3250478    0.0873304    0.1841895
7521463    0.3398980    0.3089053
7905641    0.2707025    0.3407563
6175483    0.4677562    0.4269131
9084235    0.2844537    0.2923888
3469512    0.2516770    0.2370392
1260374    0.0731026    0.1822585
4265083    0.3106906    0.2479029
5902371    0.2322153    0.2595464
4528069    0.1329296    0.1202361
5762910    0.2062399    0.3418016
2694380    0.2196963    0.2651524
5469827    0.0416673    0.2095706
9518437    0.1673752    0.1507671
2673845    0.5641396    0.4095037
8315042    0.3440053    0.3232902
5718692    0.1730530    0.1619643
9706385    0.3472344    0.3842971
6851203    0.2527070    0.2254540
3786905    0.2339949    0.2542782
5714096    0.3797141    0.2854189
9180765    0.1868605    0.2368775
8521307    0.3988584    0.3072321
3741296    0.0530962    0.1389266
2541903    0.3190446    0.2812859
5891230    0.2276907    0.2638142
2514308    0.3364096    0.3034982
8317509    0.1872364    0.2168681
2487590    0.1245996    0.1836220
4267580    0.4071005    0.4162391
6807539    0.3188515    0.3604955
5196087    0.4362904    0.3395884
4768210    0.6686979    0.6692809
3296450    0.5973707    0.4306830
4165230    0.0664882    0.1447819
4327501    0.2126635    0.1744916
5062718    0.3932812    0.3479640
9157643    0.4749572    0.4859470
5267094    0.2599849    0.2642879
4063285    0.2597609    0.2340350
7243896    0.3525857    0.3057134
2739650    0.1539570    0.1380078
1365094    0.2127880    0.2849904
2158347    0.3815083    0.2951227
3582067    0.3364838    0.3179147
1790246    0.2481418    0.2604772
9501276    0.0174545    0.2443106
2760143    0.3529654    0.2561404
4932856    0.2126629    0.1778823
4867502    0.3658697    0.4016985
2045968    0.1103608    0.0456754
9720165    0.4198961    0.3819291
6902314    0.1831756    0.1717500
4309715    0.1303742    0.1452771
3612974    0.1838014    0.2604772
2836405    0.2381882    0.2985731
6083594    0.4033448    0.3601036
9425807    0.3096627    0.2803916
9467830    -0.0446479    0.1499435
9354761    0.1451593    0.1657325
2081546    0.4467185    0.3576667
4165972    0.2014961    0.2298975
6138297    0.0625853    0.2441535
4203176    0.0868008    0.1984281
4935860    0.2500624    0.2691125
9380175    0.2946367    0.2592240
8613947    0.2891041    0.3031434
7160483    0.4047953    0.4207174
5146839    0.5332805    0.3956957
7348562    0.3256060    0.3217511
6039182    0.2504354    0.2951156
6594182    0.0526440    0.1692495
7804269    0.1723401    0.1739076
9317254    0.3729283    0.3368719
9084715    0.0584843    0.1944194
5749680    0.1812531    0.1943257
3514269    0.2860579    0.2604772
9328467    0.5027560    0.4765370
9450781    0.3211172    0.2644343
3015264    0.2364364    0.2156825
9461730    0.1967047    0.1792344
2361549    0.1515017    0.2087328
5308146    0.4128936    0.4623820
7126859    0.0000346    0.0985785
1487932    0.4101857    0.4002168
9583261    0.3440669    0.3544292
6748193    0.2073776    0.2127715
1923504    0.4565430    0.4285102
5732806    0.2107367    0.1258006
9317528    0.2727551    0.3116380
2819470    0.3080540    0.2245943
3092751    0.0439309    0.2022053
7548206    0.3996251    0.3757380
7932580    0.4682114    0.4358424
5123968    0.5559287    0.3849491
5619803    0.1762386    0.1782441
4352098    0.3358923    0.3514565
8290476    0.2635870    0.2795159
4306815    0.5216363    0.4322170
5140362    0.3208159    0.4762408
7483150    0.3565000    0.3200890
9603748    0.2451397    0.2167609
6703951    0.2923357    0.2483880
6091584    0.0551016    0.2232817
4692830    0.5977371    0.3235970
5197243    0.5915708    0.4579597
5160827    0.1363529    0.1987558
9607438    0.1222324    0.1265524
2643098    0.2184954    0.2845877
5187042    0.1334780    0.1210808
3254689    0.3482216    0.3098973
2943061    0.1322802    0.1047756
2317805    0.4805482    0.3723755
1694783    0.0640252    0.1923092
7803256    0.3907403    0.3651335
8643509    0.4373056    0.4626181
1320567    0.2311754    0.2592250
2498173    0.3937241    0.3598275
1059674    0.2535736    0.2493570
3280951    0.0553783    0.1312620
5648371    0.2782824    0.2967199
1056832    0.1398216    0.1015233
2453071    0.2434675    0.2432934
6752138    0.1926357    0.2324429
1069425    0.5509495    0.4740728
6025847    0.3156327    0.3384317
1735482    0.1225054    0.2285521
6930741    0.1099527    0.1570055
1098653    0.2683512    0.3212395
2845369    0.2818527    0.2612576
2941375    0.1039866    0.1592190
8512390    0.3917661    0.3622872
9267581    0.1851758    0.2383388
9518642    0.5007111    0.4991225
