67409258    0.3510112    0.3206958
76402381    0.0634703    0.0971756
63175049    0.2735692    0.2348265
18967543    0.2637843    0.2285572
47098521    0.1130693    0.1836262
43065218    0.2726136    0.1951666
71453068    0.0661260    0.0668330
42936180    0.4175026    0.3106103
40236598    0.1331878    0.2802595
47812905    0.1007904    0.1167877
61784935    0.0502294    0.0084726
98016472    0.1913138    0.2370634
85709634    0.1365534    0.0769955
30694825    0.0365880    0.1158110
81294637    0.2323228    0.4198280
18952376    0.0941340    0.2260597
62157849    0.1091794    0.1364062
58319420    0.0758413    0.1041646
16958274    0.0291058    0.0395691
69538402    0.4654601    0.3768007
50836291    0.1281155    0.1197503
50987241    0.2942135    0.2920713
63975401    -0.0284755    0.1101303
87563140    0.2003200    0.2153833
82609473    -0.0309462    0.0335965
81437256    0.3754057    0.3212220
32714856    0.3173793    0.2763087
71248596    0.0827905    0.1413310
67381945    0.1065278    0.1699497
20519736    0.2078745    0.2656734
64021875    0.1019267    0.2593038
12304586    0.2230351    0.1967316
52634817    0.2849960    0.2174068
34072651    0.0493279    0.0771180
67851930    0.1565579    0.1614666
67239801    0.1973108    0.2057639
74920568    0.0942004    0.1578958
35280617    -0.0191183    0.1146653
37068241    0.4272806    0.3557671
74920653    0.4227876    0.4376345
48270965    -0.0273596    0.1361321
94528706    0.1321287    0.3352532
15780629    0.4336775    0.3938327
59230168    0.1671241    0.1847290
49670328    0.1332543    0.1816097
41085739    0.2158497    0.2564299
35842190    0.0440798    0.1774652
51763480    0.4308012    0.4459826
58029641    0.1638877    0.1643751
71465098    0.3067145    0.2872553
20819547    0.4023762    0.3960829
85902746    0.2217552    0.1866648
65790324    0.0046216    0.0812553
62945318    0.1630607    0.2034773
19483527    0.1787383    0.2176864
70843926    0.2776558    0.2254768
67905128    0.1698469    0.1717156
50942871    0.0802008    0.2520047
14387690    0.2061633    0.2295568
80163975    -0.0812560    0.0369452
39062841    0.0944830    0.2548763
24035867    0.2180151    0.1731392
91052873    0.1417432    0.2434275
10392748    0.1246251    0.1141710
27159836    0.0332070    0.0920123
82139740    0.3176008    0.2580992
40326571    0.2393876    0.1796918
23074169    0.4747303    0.2911837
43206985    0.1951650    0.2399958
83265941    0.1260843    0.0884013
71305486    0.5131515    0.4983478
62897034    0.1620364    0.1605092
94185602    0.0684437    0.0648312
87932541    0.1275321    0.1683891
92057831    0.1228388    0.1357181
56893071    0.1657909    0.1630062
19436725    0.1565862    0.0856530
42368795    0.4455477    0.4156016
38702645    0.1698794    0.1943196
75149062    0.1247694    0.2677494
50129364    0.3502489    0.2760897
45068793    0.0582267    0.1339949
62941037    0.3422488    0.3132537
31286905    0.1618569    0.0481936
34209168    0.1613672    0.1238973
58642793    0.1629138    0.2777100
45726190    0.1449229    0.0990290
18325407    0.3715184    0.2936371
95308671    0.2649733    0.3332430
54789260    0.0388761    0.1096134
95267031    0.1225485    0.1240073
65483790    0.0322079    0.1169195
37049621    0.1162308    0.0571879
20456318    0.0361747    0.0435575
75684932    0.2416156    0.2768563
59387142    0.2924146    0.2047998
17042638    0.1411405    0.1578362
12507849    0.1052662    0.1457759
97428650    0.1566038    0.1549454
25976038    0.2738430    0.1575230
12064358    0.1449998    0.1115020
32508179    0.0563334    -0.0176911
65374182    0.0248284    0.0547346
23750186    0.1395542    0.1370538
68427591    0.0416545    0.0920835
92165478    0.3181673    0.2941511
50648317    0.3646901    0.2816974
40568932    0.1124073    0.1297556
89604375    0.5544792    0.3957383
81439706    0.1262791    0.1329809
85320746    0.3344432    0.3718668
25986740    0.1667644    0.1559551
93608745    0.2518492    0.1835669
23045176    0.3178396    0.2614661
34189275    0.0542352    0.0764637
81693024    0.1615259    0.3042870
58346072    0.3937567    0.3048559
52948361    0.0420176    0.0607012
46879352    0.1105719    0.1363980
79324150    0.1327389    0.1917633
27845619    0.2513606    0.3026910
98526013    0.1456753    0.1888003
15860437    0.1634063    0.2206492
21064358    0.1029364    0.1908384
36509124    0.1029860    0.2132730
71204863    0.2342260    0.2283806
12086359    0.0064457    0.1160379
12904576    0.3852948    0.3668549
93270846    0.3896023    0.4326760
43780952    0.3129933    0.4600633
37419068    0.1121111    0.1102380
95063127    0.3365001    0.2198240
84036972    0.2046254    0.1812414
68293104    0.0358413    0.1667749
13085762    0.3273837    0.3846629
38549061    0.3059458    0.2202650
16943087    0.1024783    0.1289037
60897513    0.1301192    0.1459966
79648230    0.2436525    0.2796684
59481307    0.1335299    0.1450602
