47098521    0.1130693    0.0590900
43208516    0.2005489    0.1890576
82609473    -0.0309462    0.0754251
93481752    0.2718664    0.1677502
9381746    0.2999753    0.2386612
9380175    0.2946367    0.2875695
67851930    0.1565579    0.1595673
75684932    0.2416156    0.1989048
4165230    0.0664882    0.1397419
8410523    0.3938945    0.4315539
1743698    0.3903206    0.2566396
1302765    0.3472123    0.4211856
6543129    0.4651338    0.4924687
15860437    0.1634063    0.1816832
5619803    0.1762386    0.1004765
4123795    -0.0081841    0.0536362
58642793    0.1629138    0.1118863
41267093    0.0940958    0.0734152
32450971    0.1140205    0.0639798
72015384    0.5095192    0.4545696
50987241    0.2942135    0.2982561
48270965    -0.0273596    0.0459969
7126859    0.0000346    0.0804172
2869347    0.3789614    0.2046459
31254760    0.4422659    0.4646673
1340285    0.1161054    0.1301116
3056417    0.3964929    0.3496359
1790246    0.2481418    0.2573074
4352098    0.3358923    0.3314418
40568932    0.1124073    0.1735543
2568307    0.2370991    0.2305624
34681702    0.2408399    0.2650363
2045968    0.1103608    0.0662037
95267031    0.1225485    0.0881315
9583261    0.3440669    0.3563474
14387690    0.2061633    0.2531860
3280951    0.0553783    0.0954333
61792438    0.2751650    0.2166247
5902371    0.2322153    0.1539358
17596823    0.0303843    -0.0175381
4637091    0.4661794    0.4295546
4807153    0.1503095    0.1557201
16943087    0.1024783    0.0850498
5831672    0.2538592    0.1924852
7063891    0.3753386    0.3919999
56893071    0.1657909    0.2169520
9267581    0.1851758    0.2112888
7918026    0.0989480    0.1380431
9138254    0.2920520    0.2372500
2819470    0.3080540    0.2532607
7160483    0.4047953    0.3680885
4987650    0.2964038    0.2592790
8496023    0.1516259    0.0244909
82354971    0.0228063    0.0742540
83764925    0.1711960    0.1277552
2514308    0.3364096    0.2464515
57129046    0.0741950    0.0551734
23705914    0.1015233    0.0787808
1260374    0.0731026    0.0229617
7804269    0.1723401    0.2036764
5469827    0.0416673    0.0158710
41085739    0.2158497    0.2060130
46879352    0.1105719    0.0765276
61784935    0.0502294    0.1283046
5062718    0.3932812    0.3133975
18967543    0.2637843    0.2043178
96302148    0.2372141    0.1410177
50619347    0.3196470    0.2641332
19483527    0.1787383    0.2457149
16375284    0.2126535    0.2083569
3041965    0.4253836    0.4198573
18952376    0.0941340    0.2124789
5714096    0.3797141    0.4369678
68293104    0.0358413    0.0776684
58029641    0.1638877    0.1487961
9321840    0.4420901    0.4312202
1059674    0.2535736    0.2945019
6342708    0.0867694    0.0586789
4309715    0.1303742    0.0991305
5732806    0.2107367    0.2647830
13085762    0.3273837    0.3750895
47812905    0.1007904    0.1394388
4127693    0.3656554    0.2854707
4203176    0.0868008    0.0908102
21064358    0.1029364    0.0915671
9317254    0.3729283    0.3387711
89231046    0.0701274    0.1188526
4976231    0.4576726    0.5095127
67905128    0.1698469    0.1632276
67239801    0.1973108    0.2065849
4960875    0.1032987    0.1103671
4328571    0.3664831    0.3389654
3296450    0.5973707    0.5216178
15780629    0.4336775    0.3023039
6315928    0.2469237    0.3620776
56124780    0.1965039    0.2465124
63975401    -0.0284755    -0.1339848
6530821    0.3380645    0.2744021
75149062    0.1247694    0.0819918
54789260    0.0388761    0.0998598
85320746    0.3344432    0.2659359
12458390    0.1245855    0.1262431
7521463    0.3398980    0.3184801
67409258    0.3510112    0.3120725
12507849    0.1052662    0.0773123
76415208    0.0900140    0.1170397
5187042    0.1334780    0.0792377
6982735    0.1570534    0.1879880
9618250    0.1745989    0.2443189
4692830    0.5977371    0.5046638
93608745    0.2518492    0.2454226
56140738    0.3249323    0.2548085
3469512    0.2516770    0.1948615
91052873    0.1417432    0.0462003
79631548    0.1812138    0.1809406
9328467    0.5027560    0.4351006
3891520    0.3327236    0.3906624
5178439    0.3721354    0.4634152
3627410    0.1778646    0.1149312
16504783    0.2812308    0.3037799
3092751    0.0439309    0.0744473
4750928    0.4639964    0.4122047
98526013    0.1456753    0.1212786
2043178    0.4086680    0.3021592
3061874    0.2808881    0.2686240
6703951    0.2923357    0.2700715
5891230    0.2276907    0.2613356
97428650    0.1566038    0.1184587
2453071    0.2434675    0.3333730
4528069    0.1329296    0.0830433
43065218    0.2726136    0.2218601
19743065    0.0593324    0.1532108
1735482    0.1225054    0.1497406
12904576    0.3852948    0.5107950
34209168    0.1613672    0.0902263
1804532    0.1433767    0.1224452
4857263    0.3738794    0.2713154
10392748    0.1246251    0.1075323
9425807    0.3096627    0.2081058
5160827    0.1363529    0.1983467
2541903    0.3190446    0.4867855
32875906    0.3579376    0.3474967
30975426    0.2825031    0.2390882
9518437    0.1673752    0.1684204
6039182    0.2504354    0.2442737
6271834    0.0263550    0.0684567
95240316    0.1675703    0.2318632
2673845    0.5641396    0.5657679
59481307    0.1335299    0.0582644
9084235    0.2844537    0.3173780
34012568    0.4028562    0.4733528
8317509    0.1872364    0.1263234
38960417    0.0926794    0.1762975
60573841    0.0080028    0.0033673
5648371    0.2782824    0.2490132
37419068    0.1121111    0.1257131
5762910    0.2062399    0.3475281
71305486    0.5131515    0.3823968
4932856    0.2126629    0.2639466
72150386    -0.0355079    0.0360074
58319420    0.0758413    0.0596030
9706385    0.3472344    0.3665201
86192507    0.0664135    0.0726873
6025847    0.3156327    0.2975975
9182473    0.1916796    0.2026058
5183609    0.5404390    0.3744825
20694735    0.0069220    0.0071402
65349018    0.3772913    0.3826946
6930741    0.1099527    0.1647345
37068241    0.4272806    0.4513395
27156309    0.1905536    0.1499746
82139740    0.3176008    0.2456069
16958274    0.0291058    -0.0045283
7369148    0.4514948    0.4036066
20519736    0.2078745    0.1942559
1694783    0.0640252    0.1158519
87563140    0.2003200    0.2418154
40596718    0.1890510    0.1300734
6319528    0.3046428    0.2488672
4306815    0.5216363    0.4837711
1365094    0.2127880    0.2033888
31286905    0.1618569    0.1300403
71465098    0.3067145    0.3031878
6594182    0.0526440    0.1183486
5146839    0.5332805    0.5547537
3264017    0.1892763    0.2614423
4265083    0.3106906    0.2514828
8315042    0.3440053    0.2090893
13480652    0.2119081    0.2063440
57043269    0.2307362    0.2614092
4165972    0.2014961    0.3091348
43972106    0.3626580    0.3821113
7819360    0.3202660    0.3551068
79324150    0.1327389    0.1896457
20819547    0.4023762    0.3170232
7985463    0.1468814    0.1144001
3741296    0.0530962    0.0930969
7803256    0.3907403    0.4382358
7483150    0.3565000    0.4435211
81693024    0.1615259    0.2394226
31879054    0.3563824    0.3164701
94528706    0.1321287    0.1137327
34189275    0.0542352    0.1736297
2931756    0.2538077    0.2907102
38702645    0.1698794    0.1239596
45068793    0.0582267    0.0514949
62897034    0.1620364    0.1486291
2498173    0.3937241    0.3903620
4867502    0.3658697    0.4252419
3645207    0.1910296    0.1689970
67198240    0.4920497    0.5133880
85709634    0.1365534    0.0515109
5308146    0.4128936    0.4088619
50129364    0.3502489    0.3980361
59230168    0.1671241    0.1195921
70251698    0.3058280    0.2373280
9731406    0.1191694    0.1183214
10857693    0.2848121    0.3125135
95308671    0.2649733    0.2005194
6895471    0.5201627    0.3910899
50648317    0.3646901    0.3384582
34072651    0.0493279    0.1306882
43206985    0.1951650    0.0990754
3612974    0.1838014    0.1506229
81294637    0.2323228    0.1556942
61487350    0.1231352    0.1099701
42936180    0.4175026    0.3256782
69538402    0.4654601    0.3305479
34105672    0.1870527    0.1235541
7254913    0.0828423    0.1077070
26408915    0.1213319    0.1587072
2361549    0.1515017    0.1375931
35842190    0.0440798    0.0671493
43790281    0.0475672    0.1461523
9603748    0.2451397    0.1841481
63175049    0.2735692    0.2706796
3204167    0.3540025    0.2675425
6278590    0.0292114    -0.0221420
1895642    0.3019776    0.3414091
2317805    0.4805482    0.5206251
40326571    0.2393876    0.2433644
78510264    0.0811135    0.1307427
45628709    0.1130647    0.0758723
1487932    0.4101857    0.4123615
94130527    0.1603314    0.0892353
61927503    0.0583740    0.0248250
8397402    -0.0295911    0.0747794
79648230    0.2436525    0.2435641
35897402    0.4143970    0.3376761
2487590    0.1245996    0.1744397
74920653    0.4227876    0.3485551
9157643    0.4749572    0.3925157
3821574    0.3310490    0.2894597
67381945    0.1065278    -0.0358070
36509124    0.1029860    0.1080611
2760143    0.3529654    0.3314501
9720165    0.4198961    0.3236663
3250478    0.0873304    0.0996810
97408251    0.0528856    0.0819722
49670328    0.1332543    0.1723335
50836291    0.1281155    0.1135888
5170386    0.0831770    0.1191510
23074169    0.4747303    0.4147001
6752138    0.1926357    0.2176631
7348562    0.3256060    0.3764232
92057831    0.1228388    0.1978645
5294037    0.3698771    0.2637175
2845369    0.2818527    0.2665831
83429561    0.2568101    0.2797808
50942871    0.0802008    0.1090532
5693807    0.1703150    0.2138803
74920568    0.0942004    0.0182856
81437256    0.3754057    0.3373156
87904612    0.1259729    0.0831260
10378294    0.3021635    0.3225783
3215784    0.0695981    0.1101201
67435291    0.3115513    0.3865896
2694380    0.2196963    0.1749515
13658924    0.0792403    0.0778544
62945318    0.1630607    0.1184861
