71248596    0.0827905    0.0857158
54879302    0.2807025    0.3038760
38549061    0.3059458    0.3701299
78351290    0.2346316    0.2664303
18967543    0.2637843    0.2499236
50987241    0.2942135    0.2584172
92057831    0.1228388    0.0840663
78691503    0.3143425    0.2412585
94528706    0.1321287    0.1041211
47812905    0.1007904    0.1496010
23705914    0.1015233    0.1345295
48270965    -0.0273596    0.0799879
32875906    0.3579376    0.3521792
17042638    0.1411405    0.0957450
13658924    0.0792403    0.0906592
62941037    0.3422488    0.3219852
16504783    0.2812308    0.3374376
41267093    0.0940958    0.1857323
95063127    0.3365001    0.3340065
45628709    0.1130647    0.0891654
43790281    0.0475672    0.0236688
45068793    0.0582267    0.0568381
16375284    0.2126535    0.2283284
12458390    0.1245855    0.1578535
84135296    0.0717320    0.1194900
60573841    0.0080028    0.0873735
92165478    0.3181673    0.3266598
93507642    0.2040192    0.1558213
12507849    0.1052662    0.1273517
34012568    0.4028562    0.5842188
59230168    0.1671241    0.1305333
61487350    0.1231352    0.1305594
83197206    0.2185750    0.3097572
40236598    0.1331878    0.1911510
93270846    0.3896023    0.5234439
36509124    0.1029860    0.0708795
16943087    0.1024783    0.1812940
32156478    0.0373923    0.1015577
74920653    0.4227876    0.5237989
64213980    0.0801635    0.0576862
81437256    0.3754057    0.4757848
41085739    0.2158497    0.1973360
37419068    0.1121111    0.0688806
61784935    0.0502294    0.0872384
27845619    0.2513606    0.1941136
34105672    0.1870527    0.1153397
51398260    0.1249023    0.1412973
12064358    0.1449998    0.1246939
39062841    0.0944830    0.1171495
50648317    0.3646901    0.2647671
43208516    0.2005489    0.3389100
67239801    0.1973108    0.1343856
76402381    0.0634703    0.0873735
81693024    0.1615259    0.2261106
20519736    0.2078745    0.1813117
59806341    0.3732070    0.3810870
72153046    0.0292038    0.1157689
86192507    0.0664135    0.0898503
58319420    0.0758413    0.0528675
38960417    0.0926794    0.0875767
52948361    0.0420176    0.0673904
67409258    0.3510112    0.2866877
32468591    0.2064951    0.1415198
82609473    -0.0309462    0.0873735
96302148    0.2372141    0.1088115
82139740    0.3176008    0.2743726
63175049    0.2735692    0.1966037
64021875    0.1019267    0.1751674
56893071    0.1657909    0.1034665
34209168    0.1613672    0.1528573
91052873    0.1417432    0.0873735
49670328    0.1332543    0.1215324
67435291    0.3115513    0.3306624
83764925    0.1711960    0.1383485
43972106    0.3626580    0.2710395
23750186    0.1395542    0.0686110
62945318    0.1630607    0.2175741
75684932    0.2416156    0.2135246
94185602    0.0684437    0.0879811
85397462    0.1461277    0.2057700
65349018    0.3772913    0.2823363
10378294    0.3021635    0.2640545
59481307    0.1335299    0.0873735
10392748    0.1246251    0.1061747
87904612    0.1259729    0.1407991
30975426    0.2825031    0.3106769
24035867    0.2180151    0.1905113
63975401    -0.0284755    0.0312232
23045176    0.3178396    0.3155296
26408915    0.1213319    0.1169208
58642793    0.1629138    0.1863375
61932785    0.2703631    0.2166914
40596718    0.1890510    0.2227708
71453068    0.0661260    0.0873735
46752830    0.5220824    0.5487543
81294637    0.2323228    0.0963423
57129046    0.0741950    0.0775318
42368795    0.4455477    0.3426023
67198240    0.4920497    0.4137846
18325407    0.3715184    0.3413662
78510264    0.0811135    0.0883655
40326571    0.2393876    0.2849938
35842190    0.0440798    0.1115708
67905128    0.1698469    0.1941540
56489170    0.3309727    0.2821987
85320746    0.3344432    0.3195549
71305486    0.5131515    0.3106591
16094873    0.0280620    0.1100732
32508179    0.0563334    0.1100073
95308671    0.2649733    0.3293794
70843926    0.2776558    0.3268488
71403958    0.3880658    0.4246884
82354971    0.0228063    0.1928922
95240316    0.1675703    0.1402508
89231046    0.0701274    0.0896018
34189275    0.0542352    0.0894342
72803641    0.0189457    0.0873735
15860437    0.1634063    0.1849950
80163975    -0.0812560    0.0873735
79324150    0.1327389    0.0874768
19436725    0.1565862    0.2354288
27159836    0.0332070    0.0900765
62157849    0.1091794    0.0873735
72150386    -0.0355079    0.0964049
54789260    0.0388761    0.1916673
70264158    0.1874085    0.1984151
85902746    0.2217552    0.2385919
98016472    0.1913138    0.1219570
25986740    0.1667644    0.2029969
60897513    0.1301192    0.0986771
98526013    0.1456753    0.1401087
20419573    0.2637484    0.2564328
34072651    0.0493279    0.0880774
89604375    0.5544792    0.4630585
68293104    0.0358413    0.0873735
65790324    0.0046216    0.0873735
37068241    0.4272806    0.3686402
85709634    0.1365534    0.0873735
43860715    0.0869390    0.0873735
71465098    0.3067145    0.2353713
