62157849    0.1091794    0.0801541
25986740    0.1667644    0.1164295
20819547    0.4023762    0.4060320
41267093    0.0940958    0.1135534
58346072    0.3937567    0.3612197
69578014    0.2654074    0.2999922
96138204    0.1449491    0.1154068
68427591    0.0416545    0.1146027
87932541    0.1275321    0.1113721
98526013    0.1456753    0.1262685
32875906    0.3579376    0.4471425
52634817    0.2849960    0.1405193
61932785    0.2703631    0.1592371
95308671    0.2649733    0.3523191
94715302    0.3625983    0.4161811
70264158    0.1874085    0.1068337
16943087    0.1024783    0.1040254
10693257    0.3052177    0.2086471
83429561    0.2568101    0.2244738
39186520    0.1250224    0.1817002
57043269    0.2307362    0.3848149
59387142    0.2924146    0.2837071
87904612    0.1259729    0.1274986
81294637    0.2323228    0.1202197
86192507    0.0664135    0.1036207
67435291    0.3115513    0.2765432
59806341    0.3732070    0.2813244
61927503    0.0583740    0.1657126
12064358    0.1449998    0.1321568
67381945    0.1065278    0.0464603
67239801    0.1973108    0.2865603
37419068    0.1121111    0.0819003
71465098    0.3067145    0.1932034
30975426    0.2825031    0.3118758
71453068    0.0661260    0.0960835
12458390    0.1245855    0.1729368
34189275    0.0542352    0.1657126
15860437    0.1634063    0.1907813
19436725    0.1565862    0.1384149
13085762    0.3273837    0.3611120
34982675    0.0478840    0.1047090
35897402    0.4143970    0.2467534
40596718    0.1890510    0.1483069
71204863    0.2342260    0.2198591
19743065    0.0593324    0.0568670
82609473    -0.0309462    0.1158744
34105672    0.1870527    0.1657126
45068793    0.0582267    0.0172358
42936180    0.4175026    0.5161906
10378294    0.3021635    0.2768815
50942871    0.0802008    0.0909332
16094873    0.0280620    0.1657126
17042638    0.1411405    0.1657126
42368795    0.4455477    0.2029756
20694735    0.0069220    0.1169714
45726190    0.1449229    0.0372486
68293104    0.0358413    -0.0061890
82769514    0.1071274    0.0559824
51398260    0.1249023    0.1101121
43860715    0.0869390    0.0785205
94130527    0.1603314    0.1170862
84036972    0.2046254    0.2308762
61792438    0.2751650    0.1917241
12304586    0.2230351    0.2080824
16375284    0.2126535    0.1806020
71305486    0.5131515    0.3505694
92057831    0.1228388    0.1238976
49670328    0.1332543    0.1694127
85397462    0.1461277    0.2640792
40236598    0.1331878    0.1367438
83265941    0.1260843    0.1657126
80163975    -0.0812560    0.0998804
54879302    0.2807025    0.2668103
70251698    0.3058280    0.2502796
94528706    0.1321287    0.0691546
16504783    0.2812308    0.2319405
56489170    0.3309727    0.1900876
10857693    0.2848121    0.2692650
97428650    0.1566038    0.1657126
34681702    0.2408399    0.2740164
81439706    0.1262791    0.1444955
93270846    0.3896023    0.3002814
25976038    0.2738430    0.2186818
43790281    0.0475672    0.1178292
72153046    0.0292038    0.0969582
50129364    0.3502489    0.3487651
40568932    0.1124073    0.1108385
74920653    0.4227876    0.2556997
40326571    0.2393876    0.3069052
60573841    0.0080028    0.0294474
35280617    -0.0191183    0.0684470
45628709    0.1130647    0.1657126
65374182    0.0248284    0.0096078
71403958    0.3880658    0.4122145
92165478    0.3181673    0.2337234
50648317    0.3646901    0.4114561
63975401    -0.0284755    0.1657126
31879054    0.3563824    0.2948409
47098521    0.1130693    0.0974903
81437256    0.3754057    0.2359946
38549061    0.3059458    0.2181135
23705914    0.1015233    0.0942704
78351290    0.2346316    0.1948692
23045176    0.3178396    0.2431118
82139740    0.3176008    0.2780015
23074169    0.4747303    0.2743254
79648230    0.2436525    0.2237360
78510264    0.0811135    0.1296945
46879352    0.1105719    0.1239598
27159836    0.0332070    0.0833394
34209168    0.1613672    0.1149640
76415208    0.0900140    0.1657126
61784935    0.0502294    0.0870192
34012568    0.4028562    0.3490847
10392748    0.1246251    0.0680104
21064358    0.1029364    0.0329686
95063127    0.3365001    0.2624529
36509124    0.1029860    0.1251648
54789260    0.0388761    0.1134987
23750186    0.1395542    0.1115656
97183264    0.3591365    0.2092165
72015384    0.5095192    0.3721067
16958274    0.0291058    0.0292298
97408251    0.0528856    0.0515720
93507642    0.2040192    0.2245205
12086359    0.0064457    0.1657126
85902746    0.2217552    0.2509080
67198240    0.4920497    0.2679220
12507849    0.1052662    0.1072801
13480652    0.2119081    0.1758931
38702645    0.1698794    0.1438842
95267031    0.1225485    0.1657126
56140738    0.3249323    0.2953418
91052873    0.1417432    0.0905975
50987241    0.2942135    0.4549843
83197206    0.2185750    0.2512974
75149062    0.1247694    0.1463034
46752830    0.5220824    0.3801409
31254760    0.4422659    0.2687943
62897034    0.1620364    0.1022577
