31879054    0.3563824    0.3332194
61927503    0.0583740    0.0681756
71403958    0.3880658    0.2844794
21064358    0.1029364    0.0536344
85397462    0.1461277    0.1755039
43206985    0.1951650    0.1773430
24035867    0.2180151    0.1313286
26408915    0.1213319    0.1180407
45628709    0.1130647    0.0911164
97428650    0.1566038    0.0917251
71248596    0.0827905    0.1313286
39186520    0.1250224    0.1434671
57043269    0.2307362    0.3008180
38549061    0.3059458    0.2808274
61932785    0.2703631    0.2186205
12904576    0.3852948    0.5726290
76402381    0.0634703    0.1007956
51763480    0.4308012    0.3778369
92057831    0.1228388    0.1313286
63975401    -0.0284755    0.0832479
81693024    0.1615259    0.0989046
47098521    0.1130693    0.1853155
61792438    0.2751650    0.3174447
78691503    0.3143425    0.3196284
67381945    0.1065278    0.0869142
40596718    0.1890510    0.1530163
32450971    0.1140205    0.1410829
39062841    0.0944830    0.0574578
65349018    0.3772913    0.2953842
16504783    0.2812308    0.1852475
63175049    0.2735692    0.2156359
43790281    0.0475672    0.1313286
19743065    0.0593324    0.0502589
61784935    0.0502294    0.1424297
98526013    0.1456753    0.0834003
83265941    0.1260843    0.1076356
14387690    0.2061633    0.2098958
40236598    0.1331878    0.1164331
18967543    0.2637843    0.2682575
58346072    0.3937567    0.3172055
31286905    0.1618569    0.1313286
75684932    0.2416156    0.2393895
13658924    0.0792403    0.1313286
87904612    0.1259729    0.0937625
12304586    0.2230351    0.2374191
61487350    0.1231352    0.1584304
37419068    0.1121111    0.1019496
60573841    0.0080028    0.0425523
71305486    0.5131515    0.2458135
69578014    0.2654074    0.3455467
56893071    0.1657909    0.0832199
68427591    0.0416545    0.1254072
23750186    0.1395542    0.1313286
43972106    0.3626580    0.2849603
83764925    0.1711960    0.1313286
34982675    0.0478840    0.1004501
25986740    0.1667644    0.1554977
39720486    0.2953125    0.3421812
36509124    0.1029860    0.0979537
95267031    0.1225485    0.0476321
52948361    0.0420176    0.0972022
79324150    0.1327389    0.1313286
43208516    0.2005489    0.1490569
58029641    0.1638877    0.1313286
87196024    0.1803782    0.1867831
81294637    0.2323228    0.2100174
50648317    0.3646901    0.2923871
72153046    0.0292038    0.0589425
96302148    0.2372141    0.2321004
82354971    0.0228063    0.0617472
12374650    0.1772530    0.1113478
71465098    0.3067145    0.2136280
16094873    0.0280620    0.0427900
24501987    0.1447957    0.2107770
20694735    0.0069220    0.1313286
32875906    0.3579376    0.3511583
13480652    0.2119081    0.2755039
16958274    0.0291058    0.1313286
82139740    0.3176008    0.3596625
98016472    0.1913138    0.1650954
82769514    0.1071274    0.0863342
50129364    0.3502489    0.2172200
32156478    0.0373923    0.0519505
46879352    0.1105719    0.1313286
86192507    0.0664135    0.0965289
79631548    0.1812138    0.1313286
42936180    0.4175026    0.3372961
49670328    0.1332543    0.1706608
96138204    0.1449491    0.1313286
97408251    0.0528856    0.0885770
30694825    0.0365880    0.1264366
50619347    0.3196470    0.2967507
16943087    0.1024783    0.1427018
56140738    0.3249323    0.3456545
10392748    0.1246251    0.0950210
15860437    0.1634063    0.1393770
84036972    0.2046254    0.1723272
72803641    0.0189457    0.1313286
74920568    0.0942004    0.0444470
20519736    0.2078745    0.1525032
67905128    0.1698469    0.1313286
43065218    0.2726136    0.1928621
69538402    0.4654601    0.7318808
12086359    0.0064457    0.1313286
89604375    0.5544792    0.4496413
94185602    0.0684437    0.1313286
38702645    0.1698794    0.1941776
67198240    0.4920497    0.4470262
67239801    0.1973108    0.1294099
40568932    0.1124073    0.0406639
56124780    0.1965039    0.2558894
34012568    0.4028562    0.3532015
93608745    0.2518492    0.2579698
18952376    0.0941340    0.1289345
65790324    0.0046216    0.1313286
56489170    0.3309727    0.3411443
95240316    0.1675703    0.1790592
38960417    0.0926794    0.1126938
31254760    0.4422659    0.4337586
35842190    0.0440798    0.0524404
34681702    0.2408399    0.2089512
27845619    0.2513606    0.2472014
58642793    0.1629138    0.1313286
72150386    -0.0355079    0.1313286
52634817    0.2849960    0.1407912
34189275    0.0542352    0.0745478
37049621    0.1162308    0.1000988
50987241    0.2942135    0.2063302
27159836    0.0332070    0.0970200
57129046    0.0741950    0.0323114
34105672    0.1870527    0.1460066
94715302    0.3625983    0.2263254
85709634    0.1365534    0.1313286
76415208    0.0900140    0.1109048
80163975    -0.0812560    0.0925071
23074169    0.4747303    0.4858276
95063127    0.3365001    0.2045697
41267093    0.0940958    0.1315753
59387142    0.2924146    0.2222165
93481752    0.2718664    0.2413768
