9084715    0.0584843    -0.0028457
5062718    0.3932812    0.3551918
6895471    0.5201627    0.4028120
3627410    0.1778646    0.2294936
4327501    0.2126635    0.1926705
5197243    0.5915708    0.5195313
2760143    0.3529654    0.1151982
5902371    0.2322153    0.3693825
5183609    0.5404390    0.3706497
9084235    0.2844537    0.3442006
6135948    0.4934883    0.4751384
7819360    0.3202660    0.2925476
3204167    0.3540025    0.3565716
5160827    0.1363529    0.2268278
5891230    0.2276907    0.2497681
8054917    0.3262745    0.3448091
2931756    0.2538077    0.1497560
3250478    0.0873304    0.1743384
2694380    0.2196963    0.2168864
7803256    0.3907403    0.3610396
9467830    -0.0446479    0.1429297
2943061    0.1322802    0.1522675
4528069    0.1329296    0.1801245
1365094    0.2127880    0.2649377
8613947    0.2891041    0.2499809
3015264    0.2364364    0.1662171
9321840    0.4420901    0.4369314
5683192    0.4733342    0.4093294
6039182    0.2504354    0.2778454
4768210    0.6686979    0.4216222
7160483    0.4047953    0.4146440
2317805    0.4805482    0.4263007
8927605    0.1242698    0.1292425
5732806    0.2107367    0.1464511
8605217    0.2345106    0.1710756
5814072    0.1933573    0.1662228
8597263    0.1450746    0.1682820
9576032    0.5069458    0.3773961
2045968    0.1103608    -0.0201356
3645207    0.1910296    0.2292005
2198367    0.0754390    0.2006417
7348562    0.3256060    0.3282467
1260374    0.0731026    0.0204859
3740286    0.4547719    0.5264972
6283704    0.0842864    0.2169050
1705239    0.2730497    0.3941369
8496023    0.1516259    0.0372839
2453071    0.2434675    0.2638772
9328467    0.5027560    0.3799004
8521307    0.3988584    0.2194292
5718692    0.1730530    0.0862165
6703951    0.2923357    0.3217192
3254689    0.3482216    0.3461987
3296450    0.5973707    0.4548109
6491783    0.2638982    0.1192333
9607438    0.1222324    0.2032449
5187042    0.1334780    0.2418017
9765234    0.3451286    0.3498380
1895642    0.3019776    0.3064598
2043178    0.4086680    0.3868555
4692830    0.5977371    0.4920240
8410523    0.3938945    0.4291610
9257083    0.5751210    0.3502825
6971305    0.4535946    0.3692297
9605831    0.1809202    0.2239013
2498173    0.3937241    0.3955146
2845369    0.2818527    0.2920899
5196087    0.4362904    0.3650770
3892147    0.0673109    0.2136601
9182473    0.1916796    0.2594552
1790246    0.2481418    0.3883704
6752138    0.1926357    0.2631897
5619803    0.1762386    0.2363954
4123795    -0.0081841    0.1662078
4976231    0.4576726    0.3846399
2541903    0.3190446    0.4322608
6543129    0.4651338    0.3971469
8463201    0.3381932    0.2185415
6423907    0.2354790    0.2073198
2487590    0.1245996    0.1426311
4352098    0.3358923    0.3080625
9518642    0.5007111    0.4110558
5738926    0.3573479    0.3056364
5146839    0.5332805    0.3961631
3041965    0.4253836    0.3069386
8512390    0.3917661    0.2648170
5693807    0.1703150    0.2777538
4857263    0.3738794    0.4095960
8643509    0.4373056    0.5030273
2645180    0.2137118    0.2800253
5294037    0.3698771    0.3958757
5123968    0.5559287    0.4258049
3280951    0.0553783    0.0456595
7369148    0.4514948    0.4847999
9501276    0.0174545    0.0581220
1735482    0.1225054    0.1754976
7804269    0.1723401    0.2156147
2819470    0.3080540    0.2181523
9317254    0.3729283    0.4258835
1056832    0.1398216    0.1203945
9317528    0.2727551    0.3509692
4063285    0.2597609    0.3917751
7063891    0.3753386    0.4777475
9731406    0.1191694    0.2329960
5831672    0.2538592    0.2064665
6315928    0.2469237    0.2165219
2158347    0.3815083    0.2022580
1743698    0.3903206    0.2600690
2465970    0.2177032    0.1319256
8315042    0.3440053    0.2457550
6025847    0.3156327    0.3346601
9138254    0.2920520    0.2765557
9425807    0.3096627    0.2082832
1694783    0.0640252    0.1740812
3786905    0.2339949    0.2196917
6982735    0.1570534    0.1787487
7548206    0.3996251    0.3833888
9157643    0.4749572    0.3961371
1059674    0.2535736    0.3228478
4750928    0.4639964    0.4215165
9354761    0.1451593    -0.0379462
4932856    0.2126629    0.3273156
4306815    0.5216363    0.3622131
2673845    0.5641396    0.5359834
1923504    0.4565430    0.3695158
1098653    0.2683512    0.2590881
6138297    0.0625853    -0.0036903
9583261    0.3440669    0.3335750
4960875    0.1032987    0.1091823
6271834    0.0263550    0.0502770
5469827    0.0416673    0.2082152
5308146    0.4128936    0.3364302
7521463    0.3398980    0.3078693
3612974    0.1838014    0.2024947
5762910    0.2062399    0.2871145
4935860    0.2500624    0.4358181
1340285    0.1161054    0.0455295
4267580    0.4071005    0.3669026
6530821    0.3380645    0.3423019
3891520    0.3327236    0.2275217
