7130825    0.2484626    0.2168146
6135948    0.4934883    0.3804599
6319528    0.3046428    0.3842257
8512390    0.3917661    0.3733320
3280951    0.0553783    0.1316614
2694380    0.2196963    0.2299012
8605217    0.2345106    0.1638367
7483150    0.3565000    0.3785635
3296450    0.5973707    0.5179073
9618250    0.1745989    0.2162303
3821574    0.3310490    0.2436044
3056417    0.3964929    0.3730288
1340285    0.1161054    0.1640936
1056832    0.1398216    0.1275226
8315042    0.3440053    0.3086804
8521307    0.3988584    0.3536380
1365094    0.2127880    0.2124820
2845369    0.2818527    0.2892006
7243896    0.3525857    0.3751944
6703951    0.2923357    0.3726628
4976231    0.4576726    0.6095302
2198367    0.0754390    0.1915880
7985463    0.1468814    0.1847449
4309715    0.1303742    0.1561023
2568307    0.2370991    0.2312620
2465970    0.2177032    0.2110843
4867502    0.3658697    0.4682569
9603748    0.2451397    0.2640071
4123795    -0.0081841    0.1158778
3014689    0.2795749    0.2684901
2317805    0.4805482    0.4021615
2078916    0.2681468    0.3311198
9583261    0.3440669    0.3341641
9245670    0.3915895    0.4069178
4807153    0.1503095    0.1405132
5372069    0.3426059    0.2281275
5831672    0.2538592    0.2882868
3786905    0.2339949    0.2316920
7369148    0.4514948    0.5328299
9501276    0.0174545    0.1373436
6138297    0.0625853    0.2218378
1487932    0.4101857    0.4805298
6283704    0.0842864    0.2035395
4692830    0.5977371    0.5097288
7804269    0.1723401    0.1216026
6083594    0.4033448    0.3971632
7348562    0.3256060    0.3640206
8643509    0.4373056    0.3880796
3612974    0.1838014    0.1662063
3645207    0.1910296    0.1665902
1279568    -0.0397060    -0.1026836
5894621    0.2282716    0.2309401
6271834    0.0263550    0.1561056
9576032    0.5069458    0.4819047
8927605    0.1242698    0.1786993
5294037    0.3698771    0.3919881
9765234    0.3451286    0.3110837
2541903    0.3190446    0.3311048
9182473    0.1916796    0.1998288
6025847    0.3156327    0.3857858
6342708    0.0867694    0.1250042
4203176    0.0868008    0.1810658
3578406    0.1215780    0.1677109
9731406    0.1191694    0.1656857
3015264    0.2364364    0.2229925
4932856    0.2126629    0.1564743
2045968    0.1103608    0.0759108
9317528    0.2727551    0.3040384
5469827    0.0416673    0.1201279
3204167    0.3540025    0.3367611
2453071    0.2434675    0.1687117
7803256    0.3907403    0.4154954
8463201    0.3381932    0.2679478
2081546    0.4467185    0.4268244
4637091    0.4661794    0.4789129
5762910    0.2062399    0.3166349
3740286    0.4547719    0.3499147
4267580    0.4071005    0.4031451
4857263    0.3738794    0.4087727
2943061    0.1322802    0.1332110
2819470    0.3080540    0.3455012
3741296    0.0530962    0.1634720
9138254    0.2920520    0.2911865
1069425    0.5509495    0.5257831
4935860    0.2500624    0.3218338
2514308    0.3364096    0.2602685
9084235    0.2844537    0.3203387
4750928    0.4639964    0.5192162
5683192    0.4733342    0.4993607
6423907    0.2354790    0.1993895
7918026    0.0989480    0.1692494
1705239    0.2730497    0.2754559
3892147    0.0673109    0.1412386
4768210    0.6686979    0.7076743
1923504    0.4565430    0.4720263
3215784    0.0695981    0.0481788
2384019    0.2573606    0.3148820
7126859    0.0000346    0.1544849
8410523    0.3938945    0.3331650
8597263    0.1450746    0.2186686
2643098    0.2184954    0.2771006
3041965    0.4253836    0.4022074
1302765    0.3472123    0.4020755
2487590    0.1245996    0.1308582
6594182    0.0526440    0.1474141
9157643    0.4749572    0.5584186
3254689    0.3482216    0.4075427
5902371    0.2322153    0.3397384
6091584    0.0551016    0.0637795
8290476    0.2635870    0.3288044
2739650    0.1539570    0.2640705
1790246    0.2481418    0.3237834
5693807    0.1703150    0.1930122
1260374    0.0731026    0.1995118
7819360    0.3202660    0.3259192
3891520    0.3327236    0.3772154
9461730    0.1967047    0.1555692
3149850    0.0295857    0.1195165
6895471    0.5201627    0.6283787
4960875    0.1032987    0.0906741
6902314    0.1831756    0.2241491
5891230    0.2276907    0.2133827
7254913    0.0828423    0.1017627
5187042    0.1334780    0.1263037
4327501    0.2126635    0.2310409
9328467    0.5027560    0.4524375
2645180    0.2137118    0.2112822
8054917    0.3262745    0.3288808
5197243    0.5915708    0.6606443
7905641    0.2707025    0.2918637
8613947    0.2891041    0.2743758
3061874    0.2808881    0.3443060
9317254    0.3729283    0.3905293
7521463    0.3398980    0.3922722
5160827    0.1363529    0.1895405
9354761    0.1451593    0.1284890
1320567    0.2311754    0.2095580
9381746    0.2999753    0.3102759
9267581    0.1851758    0.2373599
2673845    0.5641396    0.7211539
