5619803    0.1762386    0.2484245
6530821    0.3380645    0.3454329
3041965    0.4253836    0.2878507
49670328    0.1332543    0.1728586
56893071    0.1657909    0.1705977
75684932    0.2416156    0.1585542
1804532    0.1433767    0.1597956
9157643    0.4749572    0.4852673
45628709    0.1130647    0.1784820
30975426    0.2825031    0.2204629
1098653    0.2683512    0.2430291
39186520    0.1250224    0.2229277
23750186    0.1395542    0.1239627
9518437    0.1673752    0.2576189
7369148    0.4514948    0.4245686
62941037    0.3422488    0.3466899
32450971    0.1140205    0.1766963
35280617    -0.0191183    0.1463701
9328467    0.5027560    0.5862811
6982735    0.1570534    0.1538053
2465970    0.2177032    0.1506825
58642793    0.1629138    0.1199077
83197206    0.2185750    0.2521074
8653417    0.1287219    0.1976916
3469512    0.2516770    0.2238249
20419573    0.2637484    0.1274420
27156309    0.1905536    0.1711231
8463201    0.3381932    0.2238949
43860715    0.0869390    0.1029788
3582067    0.3364838    0.3950963
6083594    0.4033448    0.5027217
61487350    0.1231352    0.0864903
47098521    0.1130693    0.2126236
82354971    0.0228063    0.1235238
5183609    0.5404390    0.4200945
6091584    0.0551016    0.2042532
50619347    0.3196470    0.3236794
13480652    0.2119081    0.1091883
40326571    0.2393876    0.2453459
6315928    0.2469237    0.3080845
42936180    0.4175026    0.3508953
3015264    0.2364364    0.1579169
96138204    0.1449491    0.1325133
86192507    0.0664135    0.1140207
32714856    0.3173793    0.1471727
9731406    0.1191694    0.1595197
50129364    0.3502489    0.1279667
38960417    0.0926794    0.1971717
7348562    0.3256060    0.3665350
5831672    0.2538592    0.2820961
67381945    0.1065278    0.0690010
19483527    0.1787383    0.2643608
5140362    0.3208159    0.3536268
13085762    0.3273837    0.3213098
63975401    -0.0284755    0.0767923
2078916    0.2681468    0.2161765
5749680    0.1812531    0.1859720
85397462    0.1461277    0.2119469
4857263    0.3738794    0.3570090
9425807    0.3096627    0.2381997
2384019    0.2573606    0.2450571
1320567    0.2311754    0.2460584
92057831    0.1228388    0.1809210
57043269    0.2307362    0.2412589
5062718    0.3932812    0.2558855
82609473    -0.0309462    0.0869697
2739650    0.1539570    0.1768235
37419068    0.1121111    0.1449715
71204863    0.2342260    0.1244904
39062841    0.0944830    0.1211746
10392748    0.1246251    0.0330702
26408915    0.1213319    0.1773695
5894621    0.2282716    0.3002373
8315042    0.3440053    0.2727990
3254689    0.3482216    0.4378009
6748193    0.2073776    0.1843072
79648230    0.2436525    0.2324811
67435291    0.3115513    0.4221123
10378294    0.3021635    0.2436247
93608745    0.2518492    0.1796624
40596718    0.1890510    0.2242740
24035867    0.2180151    0.2078272
58346072    0.3937567    0.3344484
4987650    0.2964038    0.3254915
78351290    0.2346316    0.2842347
81693024    0.1615259    0.2064540
89604375    0.5544792    0.4192972
1260374    0.0731026    0.2309548
19743065    0.0593324    0.0900219
7803256    0.3907403    0.3821244
9618250    0.1745989    0.1786731
9607438    0.1222324    0.2431089
1487932    0.4101857    0.4381174
7932580    0.4682114    0.4853395
95267031    0.1225485    0.1771021
5718692    0.1730530    0.2659744
5738926    0.3573479    0.3791113
83764925    0.1711960    0.1220478
2158347    0.3815083    0.1963782
3061874    0.2808881    0.3097258
7918026    0.0989480    0.1682446
43790281    0.0475672    0.1344575
3645207    0.1910296    0.2002538
9317528    0.2727551    0.3286324
5891230    0.2276907    0.2426437
78691503    0.3143425    0.1600366
72150386    -0.0355079    0.0751922
70251698    0.3058280    0.2446315
9518642    0.5007111    0.3635486
7190582    0.5212715    0.3234535
2043178    0.4086680    0.4006343
67409258    0.3510112    0.2486564
6902314    0.1831756    0.2031939
65374182    0.0248284    0.1152121
3056417    0.3964929    0.2813169
3892147    0.0673109    0.1703456
6423907    0.2354790    0.1531553
82769514    0.1071274    0.1594739
18325407    0.3715184    0.2903502
15860437    0.1634063    0.2038604
7905641    0.2707025    0.3673174
98526013    0.1456753    0.2301905
3627410    0.1778646    0.2419817
6025847    0.3156327    0.3360768
5648371    0.2782824    0.2525302
9084235    0.2844537    0.2571766
4327501    0.2126635    0.2200415
85709634    0.1365534    0.1018683
93270846    0.3896023    0.2909969
2943061    0.1322802    0.2141841
1365094    0.2127880    0.3037672
67239801    0.1973108    0.2406096
2361549    0.1515017    0.3035030
8317509    0.1872364    0.2361053
5693807    0.1703150    0.3072231
70843926    0.2776558    0.1769840
41085739    0.2158497    0.1136097
1069425    0.5509495    0.4647257
27845619    0.2513606    0.2929476
2498173    0.3937241    0.4454452
12507849    0.1052662    0.2289066
93481752    0.2718664    0.1125409
5197243    0.5915708    0.5096061
1340285    0.1161054    0.1825105
8927605    0.1242698    0.1693292
5123968    0.5559287    0.2829917
3891520    0.3327236    0.3068576
94185602    0.0684437    0.1393739
34189275    0.0542352    0.1317322
6491783    0.2638982    0.2164869
7483150    0.3565000    0.3975101
82139740    0.3176008    0.2269817
48270965    -0.0273596    0.1231479
9706385    0.3472344    0.4590394
9605831    0.1809202    0.3226914
2514308    0.3364096    0.2755466
4693502    0.1955602    0.2780261
71403958    0.3880658    0.3803960
5469827    0.0416673    0.1726319
80163975    -0.0812560    0.0983894
15780629    0.4336775    0.1948805
4309715    0.1303742    0.1390568
3612974    0.1838014    0.2804590
4637091    0.4661794    0.5587349
7521463    0.3398980    0.3246317
7804269    0.1723401    0.1679936
6930741    0.1099527    0.2739809
87904612    0.1259729    0.1704478
97428650    0.1566038    0.1589267
13658924    0.0792403    0.0883742
50987241    0.2942135    0.2649269
4867502    0.3658697    0.2891749
17596823    0.0303843    0.1887459
5814072    0.1933573    0.2045269
60573841    0.0080028    0.2347766
1932047    0.1806909    0.1582579
8054917    0.3262745    0.2596560
1302765    0.3472123    0.2602914
32468591    0.2064951    0.2014386
7254913    0.0828423    0.0604052
3204167    0.3540025    0.2229760
2643098    0.2184954    0.3644099
32156478    0.0373923    0.1140295
5187042    0.1334780    0.1365942
9765234    0.3451286    0.3392665
3280951    0.0553783    0.1110940
2645180    0.2137118    0.2716776
42368795    0.4455477    0.2856227
56920873    0.2995450    0.2222685
5308146    0.4128936    0.3659703
16943087    0.1024783    0.1950437
9603748    0.2451397    0.2420199
9354761    0.1451593    0.1036466
9182473    0.1916796    0.2014970
3092751    0.0439309    0.1827133
5267094    0.2599849    0.2867291
37068241    0.4272806    0.3619922
1056832    0.1398216    0.1972602
65349018    0.3772913    0.2392407
62945318    0.1630607    0.1934206
2081546    0.4467185    0.3622128
5146839    0.5332805    0.4236677
31879054    0.3563824    0.3381252
3250478    0.0873304    0.2490051
9501276    0.0174545    0.1550110
21064358    0.1029364    0.1250015
41253670    0.2920886    0.2421474
8410523    0.3938945    0.4861229
85320746    0.3344432    0.2772400
67905128    0.1698469    0.2523631
9450781    0.3211172    0.3786276
60897513    0.1301192    0.3726847
25976038    0.2738430    0.1782402
69538402    0.4654601    0.3814727
51763480    0.4308012    0.4740289
70264158    0.1874085    0.1606854
58029641    0.1638877    0.1642893
9138254    0.2920520    0.2556075
1735482    0.1225054    0.2534416
43206985    0.1951650    0.1708487
9267581    0.1851758    0.2736111
2836405    0.2381882    0.1899752
2931756    0.2538077    0.2030238
91052873    0.1417432    0.1085475
27159836    0.0332070    0.1068986
6594182    0.0526440    0.2221763
40568932    0.1124073    0.0670579
6342708    0.0867694    0.1749133
37049621    0.1162308    0.1650330
6138297    0.0625853    0.1815518
81439706    0.1262791    0.0268252
87196024    0.1803782    0.1631429
39720486    0.2953125    0.2705844
38702645    0.1698794    0.1297982
45068793    0.0582267    0.1365055
25986740    0.1667644    0.1680247
2568307    0.2370991    0.2481663
34072651    0.0493279    0.2157952
34681702    0.2408399    0.3786112
2198367    0.0754390    0.1887766
72153046    0.0292038    0.1068753
74920653    0.4227876    0.4371563
4352098    0.3358923    0.3249085
34012568    0.4028562    0.3486589
8597263    0.1450746    0.2424810
5196087    0.4362904    0.5040126
10857693    0.2848121    0.1888928
40236598    0.1331878    0.1673290
6271834    0.0263550    0.0865994
2941375    0.1039866    0.1732361
6752138    0.1926357    0.2298614
12458390    0.1245855    0.1579645
2018563    0.3960066    0.4197914
9321840    0.4420901    0.4742833
9381746    0.2999753    0.3038429
7548206    0.3996251    0.4560119
5714096    0.3797141    0.3787765
46752830    0.5220824    0.5149635
3741296    0.0530962    0.1770663
43780952    0.3129933    0.2101420
6039182    0.2504354    0.2930424
64213980    0.0801635    0.0744293
38549061    0.3059458    0.1891751
74920568    0.0942004    0.1655776
5178439    0.3721354    0.3877570
32875906    0.3579376    0.3291781
52634817    0.2849960    0.1865961
4123795    -0.0081841    0.1970107
7130825    0.2484626    0.1997681
24501987    0.1447957    0.1905746
68427591    0.0416545    0.1501284
51398260    0.1249023    0.1980063
9180765    0.1868605    0.3977287
1743698    0.3903206    0.1867820
52948361    0.0420176    0.0789675
95063127    0.3365001    0.2497104
61932785    0.2703631    0.2022583
43972106    0.3626580    0.3012652
2673845    0.5641396    0.5169092
23705914    0.1015233    0.1709209
