9317528    0.2727551    0.2055627
5178439    0.3721354    0.4310074
5762910    0.2062399    0.3961412
7348562    0.3256060    0.2729864
1743698    0.3903206    0.3659775
5648371    0.2782824    0.2839045
9084235    0.2844537    0.2947008
8613947    0.2891041    0.1640425
5814072    0.1933573    0.2385208
6895471    0.5201627    0.3675356
3612974    0.1838014    0.2082088
6319528    0.3046428    0.1778684
9138254    0.2920520    0.3114030
6278590    0.0292114    0.1685563
6594182    0.0526440    0.0611607
4960875    0.1032987    0.1617429
3204167    0.3540025    0.3639790
4768210    0.6686979    0.6899915
6930741    0.1099527    0.1380987
1694783    0.0640252    0.1277183
9328467    0.5027560    0.4217109
8653417    0.1287219    0.1525277
2836405    0.2381882    0.1610552
7126859    0.0000346    0.2079091
3740286    0.4547719    0.4475904
4935860    0.2500624    0.3702627
6175483    0.4677562    0.5201936
5372069    0.3426059    0.2056916
9354761    0.1451593    0.0957985
1790246    0.2481418    0.3217816
3821574    0.3310490    0.2085556
9546732    0.3262210    0.2077107
3264017    0.1892763    0.2033968
6271834    0.0263550    0.1856218
7932580    0.4682114    0.3300715
7918026    0.0989480    0.0843998
1487932    0.4101857    0.5166084
3891520    0.3327236    0.2307065
4203176    0.0868008    0.1952259
1069425    0.5509495    0.3884558
2760143    0.3529654    0.2037655
5197243    0.5915708    0.4555472
2198367    0.0754390    0.1601661
9731406    0.1191694    0.1411733
6982735    0.1570534    0.1577073
4123795    -0.0081841    0.1801906
3061874    0.2808881    0.3573782
6283704    0.0842864    0.1931749
8927605    0.1242698    0.1534967
7190582    0.5212715    0.4187683
5831672    0.2538592    0.2977374
6851203    0.2527070    0.2638664
5902371    0.2322153    0.3456019
7521463    0.3398980    0.3100305
6530821    0.3380645    0.3192916
2845369    0.2818527    0.2316060
4063285    0.2597609    0.4123688
9840216    0.0807284    0.1625234
1059674    0.2535736    0.4489574
5294037    0.3698771    0.4878215
2158347    0.3815083    0.0969174
8597263    0.1450746    0.1674269
9607438    0.1222324    0.1625631
9084715    0.0584843    0.1469256
6543129    0.4651338    0.3278539
7905641    0.2707025    0.3630970
5146839    0.5332805    0.4121594
2078916    0.2681468    0.2721134
2384019    0.2573606    0.2028163
4309715    0.1303742    0.1767062
9182473    0.1916796    0.1799932
9518437    0.1673752    0.1769637
9157643    0.4749572    0.3376464
5196087    0.4362904    0.4317613
6423907    0.2354790    0.1067487
2673845    0.5641396    0.5630490
2361549    0.1515017    0.1880228
2453071    0.2434675    0.2203866
4637091    0.4661794    0.4947999
1365094    0.2127880    0.2421560
1260374    0.0731026    0.0828216
1932047    0.1806909    0.1999391
9450781    0.3211172    0.4325863
5619803    0.1762386    0.1961601
3215784    0.0695981    0.0216284
2018563    0.3960066    0.5133148
5738926    0.3573479    0.2887768
8054917    0.3262745    0.2349185
3578406    0.1215780    0.2308742
1056832    0.1398216    0.1824412
9618250    0.1745989    0.1913565
5891230    0.2276907    0.1739998
3627410    0.1778646    0.2531382
5062718    0.3932812    0.3952915
4528069    0.1329296    0.1814150
8463201    0.3381932    0.3184243
6748193    0.2073776    0.2558274
3296450    0.5973707    0.3860003
1705239    0.2730497    0.3897688
9765234    0.3451286    0.2049055
9518642    0.5007111    0.3752503
5714096    0.3797141    0.3294220
9380175    0.2946367    0.2433265
7130825    0.2484626    0.1627891
8643509    0.4373056    0.4311852
2943061    0.1322802    0.1708045
4932856    0.2126629    0.2079091
6315928    0.2469237    0.3069487
1923504    0.4565430    0.3425211
7985463    0.1468814    0.1687294
2514308    0.3364096    0.3197192
9267581    0.1851758    0.2102306
9576032    0.5069458    0.5319026
7548206    0.3996251    0.4052947
5683192    0.4733342    0.4431686
4165972    0.2014961    0.1902624
2645180    0.2137118    0.2030771
3254689    0.3482216    0.3733695
8290476    0.2635870    0.3660831
6083594    0.4033448    0.4489284
3469512    0.2516770    0.3514062
2096537    0.5723276    0.3288137
1279568    -0.0397060    0.1818087
5749680    0.1812531    0.2518879
9245670    0.3915895    0.4060714
4267580    0.4071005    0.2935870
4867502    0.3658697    0.3201693
4750928    0.4639964    0.3494370
6902314    0.1831756    0.1811380
4692830    0.5977371    0.4679835
3786905    0.2339949    0.2086010
3514269    0.2860579    0.3393437
9706385    0.3472344    0.3564132
5718692    0.1730530    0.2172165
4976231    0.4576726    0.4123819
4352098    0.3358923    0.3473048
6807539    0.3188515    0.3029882
3892147    0.0673109    0.2030532
7160483    0.4047953    0.3332984
2941375    0.1039866    0.1854684
