65374182    0.0248284    0.0332362
72803641    0.0189457    -0.0010599
74920653    0.4227876    0.4244897
81437256    0.3754057    0.3105203
41253670    0.2920886    0.2440595
43790281    0.0475672    0.1057339
42936180    0.4175026    0.3712302
17596823    0.0303843    0.0708699
85397462    0.1461277    0.2191532
13658924    0.0792403    0.1837867
23074169    0.4747303    0.3377463
24501987    0.1447957    0.1550933
94130527    0.1603314    0.1390319
25986740    0.1667644    0.1223292
82354971    0.0228063    0.1100248
46752830    0.5220824    0.4052449
40568932    0.1124073    0.1016742
68293104    0.0358413    0.0605012
30694825    0.0365880    0.0807567
12458390    0.1245855    0.1020416
12064358    0.1449998    0.1452068
32450971    0.1140205    0.1190147
35897402    0.4143970    0.3353195
97183264    0.3591365    0.3216119
45726190    0.1449229    0.0883391
14387690    0.2061633    0.2095331
70251698    0.3058280    0.2267662
49670328    0.1332543    0.2193796
32156478    0.0373923    0.0512494
32714856    0.3173793    0.2560377
34012568    0.4028562    0.3616334
62945318    0.1630607    0.1421868
87932541    0.1275321    0.0400889
56140738    0.3249323    0.2255909
43860715    0.0869390    0.0753502
81294637    0.2323228    0.1159253
84036972    0.2046254    0.1326321
78691503    0.3143425    0.2780265
10693257    0.3052177    0.2765941
61927503    0.0583740    0.0296946
50987241    0.2942135    0.3502477
89604375    0.5544792    0.3394709
38549061    0.3059458    0.3214675
91052873    0.1417432    0.0895768
82139740    0.3176008    0.2645652
43780952    0.3129933    0.1806793
37068241    0.4272806    0.4199960
61792438    0.2751650    0.1431588
67409258    0.3510112    0.3280752
38960417    0.0926794    0.1313264
50129364    0.3502489    0.2276988
56124780    0.1965039    0.1993734
58346072    0.3937567    0.3842999
76415208    0.0900140    0.1364107
17042638    0.1411405    0.1743062
52948361    0.0420176    0.0916048
83429561    0.2568101    0.2665277
69538402    0.4654601    0.5120608
64213980    0.0801635    0.0531004
67239801    0.1973108    0.1896326
87904612    0.1259729    0.1438879
41267093    0.0940958    0.1037333
61784935    0.0502294    0.1630247
79631548    0.1812138    0.0904912
12904576    0.3852948    0.3845883
35842190    0.0440798    0.0726872
42368795    0.4455477    0.3698785
63175049    0.2735692    0.2190723
95240316    0.1675703    0.1521499
19483527    0.1787383    0.2130322
61487350    0.1231352    0.0981155
71465098    0.3067145    0.2305431
27156309    0.1905536    0.1348442
20419573    0.2637484    0.2095290
70264158    0.1874085    0.2488887
43065218    0.2726136    0.1197406
72150386    -0.0355079    0.0267902
69578014    0.2654074    0.1025596
34982675    0.0478840    0.1158106
64021875    0.1019267    0.1148358
18967543    0.2637843    0.3104749
10857693    0.2848121    0.2875248
92165478    0.3181673    0.3324578
13480652    0.2119081    0.1916303
50942871    0.0802008    0.0703162
67905128    0.1698469    0.1237340
67381945    0.1065278    0.0870664
10392748    0.1246251    0.0635466
46879352    0.1105719    0.0503143
30975426    0.2825031    0.3415526
78510264    0.0811135    0.1307557
62941037    0.3422488    0.2718903
23705914    0.1015233    0.1412716
78351290    0.2346316    0.2803467
97428650    0.1566038    0.1520189
62157849    0.1091794    0.0967231
83265941    0.1260843    0.1316233
16375284    0.2126535    0.1894358
51398260    0.1249023    0.1332721
50648317    0.3646901    0.2793452
25976038    0.2738430    0.1949782
20519736    0.2078745    0.1753290
19436725    0.1565862    0.1506635
60897513    0.1301192    0.1345101
96302148    0.2372141    0.1922102
32508179    0.0563334    0.0559458
60573841    0.0080028    0.1828552
31286905    0.1618569    0.1727417
82769514    0.1071274    0.1016096
63975401    -0.0284755    0.0177842
94715302    0.3625983    0.3496695
93507642    0.2040192    0.3142791
12304586    0.2230351    0.2845336
80163975    -0.0812560    0.0802301
71403958    0.3880658    0.4973971
40326571    0.2393876    0.1958115
71305486    0.5131515    0.4261541
75684932    0.2416156    0.1973751
37419068    0.1121111    0.1057495
58319420    0.0758413    0.0720531
94185602    0.0684437    0.0656688
61932785    0.2703631    0.2046363
93270846    0.3896023    0.3719766
81693024    0.1615259    0.1923756
20694735    0.0069220    0.0142926
79324150    0.1327389    0.0806417
27159836    0.0332070    0.0800295
65790324    0.0046216    0.0442320
82609473    -0.0309462    0.0475456
74920568    0.0942004    0.0954520
26408915    0.1213319    0.0940919
85320746    0.3344432    0.4395860
79648230    0.2436525    0.2469860
95267031    0.1225485    0.1014852
16958274    0.0291058    0.0944709
27845619    0.2513606    0.2845300
97408251    0.0528856    0.1002884
16504783    0.2812308    0.3578335
23045176    0.3178396    0.3209160
20819547    0.4023762    0.3358919
