9765234    0.3451286    0.4333866
4306815    0.5216363    0.4703196
6091584    0.0551016    0.1169087
4987650    0.2964038    0.2578440
2673845    0.5641396    0.5640685
4127693    0.3656554    0.3392419
3469512    0.2516770    0.2528741
5197243    0.5915708    0.6094437
8605217    0.2345106    0.1197451
6315928    0.2469237    0.3090728
3061874    0.2808881    0.2702563
7348562    0.3256060    0.3331499
9467830    -0.0446479    0.1157955
7985463    0.1468814    0.1520828
9706385    0.3472344    0.3499017
8927605    0.1242698    0.1016212
1260374    0.0731026    0.1244432
2836405    0.2381882    0.1909127
7548206    0.3996251    0.4483103
3264017    0.1892763    0.2360618
5648371    0.2782824    0.2864240
5183609    0.5404390    0.4217239
5372069    0.3426059    0.2255283
1320567    0.2311754    0.2723722
6039182    0.2504354    0.2847834
2453071    0.2434675    0.2405483
5170386    0.0831770    0.2468826
4063285    0.2597609    0.3627474
2845369    0.2818527    0.2666644
3645207    0.1910296    0.2384502
9328467    0.5027560    0.5178596
4267580    0.4071005    0.3360517
4123795    -0.0081841    0.1228901
5123968    0.5559287    0.4095646
6748193    0.2073776    0.1852847
9317528    0.2727551    0.2545106
7190582    0.5212715    0.3996788
1365094    0.2127880    0.1793862
3280951    0.0553783    -0.0425539
4935860    0.2500624    0.3394718
7369148    0.4514948    0.4698673
9605831    0.1809202    0.2436216
3740286    0.4547719    0.4127076
5693807    0.1703150    0.3422264
4528069    0.1329296    0.1522804
2694380    0.2196963    0.2452349
4807153    0.1503095    0.2002381
2943061    0.1322802    0.1033370
8512390    0.3917661    0.3416192
5891230    0.2276907    0.2008671
9518642    0.5007111    0.3975254
2760143    0.3529654    0.1870656
5187042    0.1334780    0.1144935
1790246    0.2481418    0.3205897
9603748    0.2451397    0.2479311
1098653    0.2683512    0.3071943
5738926    0.3573479    0.3815735
2487590    0.1245996    0.1208155
8315042    0.3440053    0.2437560
9321840    0.4420901    0.4087659
2043178    0.4086680    0.4252640
9583261    0.3440669    0.4061994
4750928    0.4639964    0.3727349
3612974    0.1838014    0.1864497
8521307    0.3988584    0.2916092
7126859    0.0000346    0.1548707
4327501    0.2126635    0.2645638
2514308    0.3364096    0.2271425
2568307    0.2370991    0.2055973
1069425    0.5509495    0.3888421
1923504    0.4565430    0.4176455
6807539    0.3188515    0.2588329
7063891    0.3753386    0.3595388
2465970    0.2177032    0.1697022
5267094    0.2599849    0.2634353
1895642    0.3019776    0.4128987
3578406    0.1215780    0.2698287
9618250    0.1745989    0.2176675
6543129    0.4651338    0.3260865
9576032    0.5069458    0.3842025
7130825    0.2484626    0.1504579
9607438    0.1222324    0.1398320
6083594    0.4033448    0.3891192
3891520    0.3327236    0.2726457
9245670    0.3915895    0.3477469
8054917    0.3262745    0.2448864
3254689    0.3482216    0.3877883
3786905    0.2339949    0.2078469
3582067    0.3364838    0.3203901
6319528    0.3046428    0.1992007
9084715    0.0584843    0.0600104
8317509    0.1872364    0.2402289
5140362    0.3208159    0.3306462
9267581    0.1851758    0.3273516
6895471    0.5201627    0.4112640
7804269    0.1723401    0.2054842
6594182    0.0526440    0.1442824
5619803    0.1762386    0.1777547
9461730    0.1967047    0.1674932
5732806    0.2107367    0.1237839
8290476    0.2635870    0.2743558
6138297    0.0625853    0.1664290
5714096    0.3797141    0.3528236
5683192    0.4733342    0.4967533
7254913    0.0828423    0.1116284
6851203    0.2527070    0.1635367
9182473    0.1916796    0.1946834
3014689    0.2795749    0.2721692
4328571    0.3664831    0.3158414
9840216    0.0807284    0.2074147
6175483    0.4677562    0.4445964
6530821    0.3380645    0.3131798
5294037    0.3698771    0.3121929
1804532    0.1433767    0.0663206
3250478    0.0873304    0.0914192
2317805    0.4805482    0.3769459
8397402    -0.0295911    0.0242858
6982735    0.1570534    0.1211999
9380175    0.2946367    0.2480332
5831672    0.2538592    0.2618860
2081546    0.4467185    0.3292626
5894621    0.2282716    0.2339725
2643098    0.2184954    0.2866204
3041965    0.4253836    0.3075479
2819470    0.3080540    0.2823302
8496023    0.1516259    0.1440438
5469827    0.0416673    0.0725820
3514269    0.2860579    0.4647310
6930741    0.1099527    0.1694674
8410523    0.3938945    0.4112429
3215784    0.0695981    0.0438704
5178439    0.3721354    0.3927689
6491783    0.2638982    0.1729771
3741296    0.0530962    0.1259895
7483150    0.3565000    0.3632921
5762910    0.2062399    0.2642473
9084235    0.2844537    0.2914251
5718692    0.1730530    0.2915317
1279568    -0.0397060    0.1291143
1735482    0.1225054    0.1629642
