1705239    0.2730497    0.3481083
9461730    0.1967047    0.2290401
3254689    0.3482216    0.3524100
3296450    0.5973707    0.3722195
2514308    0.3364096    0.2882623
1790246    0.2481418    0.3468987
6895471    0.5201627    0.4660835
6703951    0.2923357    0.4800403
4165972    0.2014961    0.2062171
6138297    0.0625853    0.1698027
4867502    0.3658697    0.2624566
6594182    0.0526440    0.2290401
1279568    -0.0397060    0.2290401
3092751    0.0439309    0.2341935
8512390    0.3917661    0.3917724
7483150    0.3565000    0.4437259
4327501    0.2126635    0.1931311
9245670    0.3915895    0.3861561
8613947    0.2891041    0.1048591
6491783    0.2638982    0.1650206
5894621    0.2282716    0.1761425
3061874    0.2808881    0.3278864
9501276    0.0174545    0.2290401
3041965    0.4253836    0.3778195
4267580    0.4071005    0.2964032
2673845    0.5641396    0.4293800
9546732    0.3262210    0.2512811
6851203    0.2527070    0.1592690
4127693    0.3656554    0.2575004
5123968    0.5559287    0.3538811
9576032    0.5069458    0.3586798
2943061    0.1322802    0.1539398
5196087    0.4362904    0.3861705
3204167    0.3540025    0.3402247
7819360    0.3202660    0.3676669
1320567    0.2311754    0.2094736
4693502    0.1955602    0.1929023
8597263    0.1450746    0.1802729
8496023    0.1516259    0.1894342
9157643    0.4749572    0.3318144
8410523    0.3938945    0.3560692
6752138    0.1926357    0.2114958
7348562    0.3256060    0.3193979
5183609    0.5404390    0.3001751
9328467    0.5027560    0.5172486
5762910    0.2062399    0.2863461
5732806    0.2107367    0.1322617
9084715    0.0584843    -0.1621992
9731406    0.1191694    0.1622778
9706385    0.3472344    0.3293912
6039182    0.2504354    0.2600083
6135948    0.4934883    0.3564741
4306815    0.5216363    0.3770241
2096537    0.5723276    0.4849196
7160483    0.4047953    0.3828028
5178439    0.3721354    0.3447724
1340285    0.1161054    0.1288330
5267094    0.2599849    0.3263960
4203176    0.0868008    0.1769772
3627410    0.1778646    0.2943331
5170386    0.0831770    0.1832153
4750928    0.4639964    0.3521180
6971305    0.4535946    0.5281391
9765234    0.3451286    0.2290401
4987650    0.2964038    0.3035841
4807153    0.1503095    0.0950345
1098653    0.2683512    0.3207360
2018563    0.3960066    0.4803077
7548206    0.3996251    0.5416871
5738926    0.3573479    0.4411247
3821574    0.3310490    0.2135342
2739650    0.1539570    0.1559067
6271834    0.0263550    0.1317246
6930741    0.1099527    0.1917800
7130825    0.2484626    0.1709668
8653417    0.1287219    0.2290401
3612974    0.1838014    0.2611107
3741296    0.0530962    0.1683881
7521463    0.3398980    0.3904504
7905641    0.2707025    0.2199642
5140362    0.3208159    0.2958338
4328571    0.3664831    0.3564054
4692830    0.5977371    0.4138945
2498173    0.3937241    0.3060779
9380175    0.2946367    0.3350342
9182473    0.1916796    0.1697173
7126859    0.0000346    0.2591696
2941375    0.1039866    0.1638665
4768210    0.6686979    0.5940741
3578406    0.1215780    0.1197943
9618250    0.1745989    0.1683456
6025847    0.3156327    0.3812748
2198367    0.0754390    0.1962954
3250478    0.0873304    0.1889233
2487590    0.1245996    0.2155706
8397402    -0.0295911    0.2290401
9607438    0.1222324    0.1708392
3014689    0.2795749    0.2804991
2043178    0.4086680    0.2981763
3892147    0.0673109    0.1901404
2819470    0.3080540    0.2777579
4935860    0.2500624    0.3496287
7918026    0.0989480    0.1662554
6530821    0.3380645    0.2513711
5619803    0.1762386    0.2568823
2694380    0.2196963    0.2176002
7063891    0.3753386    0.4622263
2643098    0.2184954    0.3422577
8317509    0.1872364    0.1518958
6982735    0.1570534    0.1937827
5831672    0.2538592    0.2846946
4123795    -0.0081841    0.1730343
4932856    0.2126629    0.1410685
5902371    0.2322153    0.1569609
3891520    0.3327236    0.2290401
6278590    0.0292114    0.1287916
1932047    0.1806909    0.2862015
1069425    0.5509495    0.3978367
6283704    0.0842864    0.0622777
3149850    0.0295857    0.0950632
9603748    0.2451397    0.2414231
7190582    0.5212715    0.3306088
9354761    0.1451593    0.1409684
1694783    0.0640252    0.2290401
9180765    0.1868605    0.2594606
6423907    0.2354790    0.0298917
5718692    0.1730530    0.2152281
4960875    0.1032987    0.2290401
7803256    0.3907403    0.3815978
7243896    0.3525857    0.2262020
2317805    0.4805482    0.3958440
3015264    0.2364364    0.1893227
6083594    0.4033448    0.4592947
4063285    0.2597609    0.3623629
2869347    0.3789614    0.3970797
2645180    0.2137118    0.2187579
3215784    0.0695981    0.2290401
3582067    0.3364838    0.3032666
8463201    0.3381932    0.3349928
9267581    0.1851758    0.1949398
