3041965    0.4253836    0.5337297
2045968    0.1103608    0.1398941
79648230    0.2436525    0.2227658
25976038    0.2738430    0.3103326
5648371    0.2782824    0.3248758
1790246    0.2481418    0.2904151
75149062    0.1247694    0.1398941
5160827    0.1363529    0.1920917
61784935    0.0502294    0.1473125
8463201    0.3381932    0.3957250
52948361    0.0420176    0.0140286
43208516    0.2005489    0.1255385
4692830    0.5977371    0.3484039
7190582    0.5212715    0.3673243
5469827    0.0416673    0.1398941
9618250    0.1745989    0.1840256
4306815    0.5216363    0.6151599
78691503    0.3143425    0.2700742
9518437    0.1673752    0.1622848
18325407    0.3715184    0.3419968
7932580    0.4682114    0.3035356
47098521    0.1130693    0.0663401
3741296    0.0530962    0.0624993
35842190    0.0440798    0.0609214
16504783    0.2812308    0.2340978
6083594    0.4033448    0.4433316
9317254    0.3729283    0.3582012
5732806    0.2107367    0.1841651
2384019    0.2573606    0.1796879
65790324    0.0046216    0.1016973
6530821    0.3380645    0.2633010
34189275    0.0542352    0.1975316
8315042    0.3440053    0.3412150
78510264    0.0811135    0.0915070
7905641    0.2707025    0.2165969
76402381    0.0634703    0.1398941
59806341    0.3732070    0.2950726
6971305    0.4535946    0.6410227
5196087    0.4362904    0.3311690
23750186    0.1395542    0.2390917
58319420    0.0758413    0.1170830
97428650    0.1566038    0.1398941
7126859    0.0000346    0.0341425
8397402    -0.0295911    0.0757532
51763480    0.4308012    0.3250849
3469512    0.2516770    0.1650731
6283704    0.0842864    0.1398941
60573841    0.0080028    0.1040711
57043269    0.2307362    0.2259432
40326571    0.2393876    0.2333236
59387142    0.2924146    0.2286787
64021875    0.1019267    0.1398941
4063285    0.2597609    0.2134873
83429561    0.2568101    0.1837366
9425807    0.3096627    0.2448728
16094873    0.0280620    0.0556496
9084715    0.0584843    0.1413600
27156309    0.1905536    0.1423991
48270965    -0.0273596    0.1693237
95240316    0.1675703    0.1749034
32450971    0.1140205    0.1398941
5762910    0.2062399    0.3027663
78351290    0.2346316    0.2177414
61927503    0.0583740    0.0925896
10693257    0.3052177    0.3245038
34105672    0.1870527    0.2007808
82609473    -0.0309462    0.0260961
83197206    0.2185750    0.2051043
1932047    0.1806909    0.1254388
34012568    0.4028562    0.3983377
9518642    0.5007111    0.3688348
81294637    0.2323228    0.1398941
20419573    0.2637484    0.1514646
87932541    0.1275321    0.1398941
5372069    0.3426059    0.3149280
3264017    0.1892763    0.2196188
34209168    0.1613672    0.1451447
3280951    0.0553783    0.1398941
6895471    0.5201627    0.5123632
6982735    0.1570534    0.1599404
56140738    0.3249323    0.2294968
1320567    0.2311754    0.2062705
4127693    0.3656554    0.2983170
85397462    0.1461277    0.1965179
37419068    0.1121111    0.0782157
68293104    0.0358413    0.0858913
2694380    0.2196963    0.2328981
50129364    0.3502489    0.3535651
19483527    0.1787383    0.1860305
8613947    0.2891041    0.2920990
4693502    0.1955602    0.1398941
5062718    0.3932812    0.3056931
58029641    0.1638877    0.1787769
46752830    0.5220824    0.3787762
65483790    0.0322079    0.0258515
67851930    0.1565579    0.1062363
4976231    0.4576726    0.5614067
34072651    0.0493279    0.1398941
3891520    0.3327236    0.2559306
17042638    0.1411405    0.1398941
9180765    0.1868605    0.1544041
23045176    0.3178396    0.2464456
6902314    0.1831756    0.2041970
43972106    0.3626580    0.3555663
9603748    0.2451397    0.2798622
50619347    0.3196470    0.3180971
94130527    0.1603314    0.1398941
24035867    0.2180151    0.2636004
24501987    0.1447957    0.1398941
21064358    0.1029364    0.0750582
43780952    0.3129933    0.1398941
76415208    0.0900140    0.1459961
8054917    0.3262745    0.2708588
23705914    0.1015233    0.1104696
85902746    0.2217552    0.1900549
6138297    0.0625853    0.0582051
3740286    0.4547719    0.3843598
4352098    0.3358923    0.3212821
14387690    0.2061633    0.1190625
42936180    0.4175026    0.3108217
79324150    0.1327389    0.1617709
96138204    0.1449491    0.1398941
63175049    0.2735692    0.2226665
27845619    0.2513606    0.1946460
34982675    0.0478840    0.0959600
8317509    0.1872364    0.1398941
10392748    0.1246251    0.2042325
98016472    0.1913138    0.1835231
2845369    0.2818527    0.3026781
56489170    0.3309727    0.3657653
1923504    0.4565430    0.4725016
94528706    0.1321287    0.1611998
45628709    0.1130647    0.0855372
47812905    0.1007904    0.0700539
6703951    0.2923357    0.2854683
6135948    0.4934883    0.3482319
7918026    0.0989480    0.1412167
72153046    0.0292038    0.1926164
31286905    0.1618569    0.1337159
8521307    0.3988584    0.2135155
2453071    0.2434675    0.2186984
67905128    0.1698469    0.1398941
2941375    0.1039866    0.1081712
5902371    0.2322153    0.2894527
3014689    0.2795749    0.2923135
4123795    -0.0081841    0.0511697
62157849    0.1091794    0.1398941
4528069    0.1329296    0.1257783
39062841    0.0944830    0.1398941
1098653    0.2683512    0.3110839
95063127    0.3365001    0.3006298
6091584    0.0551016    0.1398941
1059674    0.2535736    0.3266669
13658924    0.0792403    0.0887279
68427591    0.0416545    0.1067208
67381945    0.1065278    0.1298622
83764925    0.1711960    0.1398941
35897402    0.4143970    0.2984397
5738926    0.3573479    0.3002842
72150386    -0.0355079    0.0968953
2760143    0.3529654    0.2570812
37049621    0.1162308    0.1605695
61792438    0.2751650    0.2192440
5123968    0.5559287    0.4448973
9840216    0.0807284    0.0205994
74920568    0.0942004    0.1040660
4932856    0.2126629    0.2059326
65349018    0.3772913    0.3743554
7985463    0.1468814    0.1398941
2198367    0.0754390    0.1168697
83265941    0.1260843    0.1398941
3056417    0.3964929    0.3091595
94185602    0.0684437    0.1347364
20694735    0.0069220    0.1101616
72803641    0.0189457    0.1158100
70251698    0.3058280    0.2578255
9467830    -0.0446479    0.1398941
3582067    0.3364838    0.2865619
40236598    0.1331878    0.0875431
1279568    -0.0397060    0.1398941
8605217    0.2345106    0.2742584
7819360    0.3202660    0.2407518
62897034    0.1620364    0.1437201
38549061    0.3059458    0.2389058
9182473    0.1916796    0.1398941
67435291    0.3115513    0.3644729
6851203    0.2527070    0.2575399
56124780    0.1965039    0.1662243
7803256    0.3907403    0.2915816
6315928    0.2469237    0.1860164
5831672    0.2538592    0.1851968
4637091    0.4661794    0.4142494
45068793    0.0582267    0.1398941
54789260    0.0388761    0.1100526
9354761    0.1451593    0.1398941
36509124    0.1029860    0.1398941
91052873    0.1417432    0.1398941
7243896    0.3525857    0.3826697
74920653    0.4227876    0.3704522
4267580    0.4071005    0.3550996
13085762    0.3273837    0.3317953
2739650    0.1539570    0.1176615
12086359    0.0064457    0.0589867
10378294    0.3021635    0.2307819
8290476    0.2635870    0.2195928
38702645    0.1698794    0.1398941
6491783    0.2638982    0.2680516
95267031    0.1225485    0.1074712
43065218    0.2726136    0.2056630
49670328    0.1332543    0.1865937
9731406    0.1191694    0.1266142
87904612    0.1259729    0.1158496
31879054    0.3563824    0.3825664
9381746    0.2999753    0.3600767
2541903    0.3190446    0.3477320
2487590    0.1245996    0.1348924
38960417    0.0926794    0.2151984
67198240    0.4920497    0.3411144
58346072    0.3937567    0.2636825
37068241    0.4272806    0.3903865
42368795    0.4455477    0.3515258
39186520    0.1250224    0.1321013
16943087    0.1024783    0.1776015
9546732    0.3262210    0.2730274
69578014    0.2654074    0.2267589
41253670    0.2920886    0.2441320
1895642    0.3019776    0.2309535
31254760    0.4422659    0.3683230
50987241    0.2942135    0.2549290
3821574    0.3310490    0.3416258
9084235    0.2844537    0.3527745
15860437    0.1634063    0.1516891
9607438    0.1222324    0.1153455
5714096    0.3797141    0.3960360
2096537    0.5723276    0.4113021
12904576    0.3852948    0.3225703
6342708    0.0867694    0.0942393
4750928    0.4639964    0.5560351
5146839    0.5332805    0.4077590
56920873    0.2995450    0.2461366
26408915    0.1213319    0.0928612
3204167    0.3540025    0.3655090
8410523    0.3938945    0.4535905
5267094    0.2599849    0.3753894
3254689    0.3482216    0.2640905
3578406    0.1215780    0.1592232
13480652    0.2119081    0.1381467
50648317    0.3646901    0.3177616
5693807    0.1703150    0.2605512
6423907    0.2354790    0.1277885
58642793    0.1629138    0.1398941
10857693    0.2848121    0.3109020
1302765    0.3472123    0.2971823
2361549    0.1515017    0.2862904
3015264    0.2364364    0.2196679
16375284    0.2126535    0.2277547
71453068    0.0661260    0.0429008
87196024    0.1803782    0.1398941
6025847    0.3156327    0.2992260
4867502    0.3658697    0.3198981
2568307    0.2370991    0.2501425
2465970    0.2177032    0.1190244
1735482    0.1225054    0.1044634
30694825    0.0365880    0.0472880
1069425    0.5509495    0.5261344
67239801    0.1973108    0.2140813
5187042    0.1334780    0.1398941
56893071    0.1657909    0.1532120
4807153    0.1503095    0.1398941
6039182    0.2504354    0.2492378
32508179    0.0563334    0.1008624
40596718    0.1890510    0.2153355
1260374    0.0731026    0.1023518
63975401    -0.0284755    0.0710065
8653417    0.1287219    0.1573121
43206985    0.1951650    0.1398941
2081546    0.4467185    0.5266681
16958274    0.0291058    0.1185439
3250478    0.0873304    0.0979983
6748193    0.2073776    0.1398941
