97408251    0.0528856    0.1116023
82354971    0.0228063    0.1337639
87196024    0.1803782    0.1300783
25986740    0.1667644    0.1541459
38549061    0.3059458    0.2657884
18325407    0.3715184    0.4032471
72803641    0.0189457    -0.0759713
41267093    0.0940958    0.1164512
61487350    0.1231352    0.1181498
94528706    0.1321287    0.1696404
36509124    0.1029860    0.1150217
38960417    0.0926794    0.1568389
82609473    -0.0309462    0.1037632
76415208    0.0900140    0.0997758
10392748    0.1246251    0.0302761
10857693    0.2848121    0.3495833
67905128    0.1698469    0.1524356
74920653    0.4227876    0.3327031
47098521    0.1130693    0.1157267
37049621    0.1162308    0.1184697
95308671    0.2649733    0.2806982
81693024    0.1615259    0.1695167
85902746    0.2217552    0.2103209
83764925    0.1711960    0.1352561
95063127    0.3365001    0.3059315
16958274    0.0291058    0.1106613
81294637    0.2323228    0.1428063
85397462    0.1461277    0.1883333
76402381    0.0634703    0.0895516
15860437    0.1634063    0.1591513
56124780    0.1965039    0.2461303
68427591    0.0416545    0.1537200
68293104    0.0358413    0.1065501
93270846    0.3896023    0.3762148
46752830    0.5220824    0.6010022
87904612    0.1259729    0.1252860
50648317    0.3646901    0.3428475
50129364    0.3502489    0.2158519
27845619    0.2513606    0.3874009
94185602    0.0684437    0.1016468
69578014    0.2654074    0.2650036
67239801    0.1973108    0.1671047
37419068    0.1121111    0.1167016
42936180    0.4175026    0.3106731
56489170    0.3309727    0.3055425
59806341    0.3732070    0.3253906
85320746    0.3344432    0.4021934
43972106    0.3626580    0.4903807
69538402    0.4654601    0.4643923
62897034    0.1620364    0.1400811
57129046    0.0741950    0.0237841
45628709    0.1130647    0.1273640
13480652    0.2119081    0.1402210
21064358    0.1029364    0.0915418
81437256    0.3754057    0.3123895
25976038    0.2738430    0.2597161
37068241    0.4272806    0.2974164
23750186    0.1395542    -0.0130023
98016472    0.1913138    0.2005162
67198240    0.4920497    0.3513517
72150386    -0.0355079    0.1202400
12458390    0.1245855    0.1176198
96302148    0.2372141    0.1786350
32156478    0.0373923    0.1155706
31879054    0.3563824    0.3816638
34681702    0.2408399    0.1707866
16375284    0.2126535    0.1552577
61792438    0.2751650    0.1763299
26408915    0.1213319    0.1507181
52948361    0.0420176    0.0384327
63175049    0.2735692    0.2720137
78351290    0.2346316    0.1871333
60897513    0.1301192    0.1969194
94715302    0.3625983    0.3732894
92165478    0.3181673    0.2925072
93481752    0.2718664    0.1785181
70843926    0.2776558    0.2445916
59230168    0.1671241    0.1227544
71453068    0.0661260    0.2242844
43780952    0.3129933    0.2750149
47812905    0.1007904    0.1467114
43065218    0.2726136    0.1527809
62941037    0.3422488    0.4153623
94130527    0.1603314    0.1495035
34209168    0.1613672    0.1950925
10693257    0.3052177    0.2955646
83429561    0.2568101    0.2207319
16094873    0.0280620    0.0926334
92057831    0.1228388    0.1579926
18952376    0.0941340    0.1251214
79324150    0.1327389    0.1078967
83197206    0.2185750    0.1727211
71465098    0.3067145    0.2932303
13085762    0.3273837    0.4263872
32508179    0.0563334    0.0227537
61932785    0.2703631    0.2621181
19483527    0.1787383    0.1910366
67409258    0.3510112    0.2474620
80163975    -0.0812560    0.0216930
67851930    0.1565579    0.0782187
72153046    0.0292038    0.0788777
45068793    0.0582267    0.1250444
57043269    0.2307362    0.2826737
63975401    -0.0284755    -0.0603324
46879352    0.1105719    0.0919175
56920873    0.2995450    0.2933647
54789260    0.0388761    0.0807439
20819547    0.4023762    0.4779350
59481307    0.1335299    0.0939911
71305486    0.5131515    0.4392227
34072651    0.0493279    0.1125674
41253670    0.2920886    0.2418391
58642793    0.1629138    0.1235979
93608745    0.2518492    0.1594928
83265941    0.1260843    0.1123809
24035867    0.2180151    0.1638101
51398260    0.1249023    0.1373294
12064358    0.1449998    0.1470223
34012568    0.4028562    0.6739234
19436725    0.1565862    0.1265931
20419573    0.2637484    0.1609287
85709634    0.1365534    0.1824728
32450971    0.1140205    0.1227683
32714856    0.3173793    0.3668680
15780629    0.4336775    0.2962977
18967543    0.2637843    0.1912092
40596718    0.1890510    0.1596084
12507849    0.1052662    0.1165961
27156309    0.1905536    0.0968184
61784935    0.0502294    0.1030355
39186520    0.1250224    0.1419688
58319420    0.0758413    0.0798194
23705914    0.1015233    0.1554576
34982675    0.0478840    0.0127987
97183264    0.3591365    0.4162430
58346072    0.3937567    0.3457664
67381945    0.1065278    0.1147609
65483790    0.0322079    0.0319453
52634817    0.2849960    0.3980944
34105672    0.1870527    0.1221036
