69578014    0.2654074    0.2597212
41253670    0.2920886    0.2782822
24035867    0.2180151    0.2862470
79324150    0.1327389    0.0878155
31254760    0.4422659    0.2290085
93481752    0.2718664    0.1119690
89604375    0.5544792    0.7865930
94715302    0.3625983    0.2921654
27159836    0.0332070    0.0470047
80163975    -0.0812560    -0.0484955
50987241    0.2942135    0.2430986
62945318    0.1630607    0.1294569
93507642    0.2040192    0.1830183
56489170    0.3309727    0.3113909
34982675    0.0478840    0.0726346
19483527    0.1787383    0.2945042
51398260    0.1249023    0.1964552
10857693    0.2848121    0.2592431
32508179    0.0563334    0.0682624
39062841    0.0944830    0.1255624
43860715    0.0869390    0.0355343
65349018    0.3772913    0.3202325
47812905    0.1007904    0.1561932
20694735    0.0069220    0.0937408
24501987    0.1447957    0.1517736
13085762    0.3273837    0.3386872
18952376    0.0941340    0.1690717
13658924    0.0792403    0.1586319
82139740    0.3176008    0.2739049
42368795    0.4455477    0.3323366
16958274    0.0291058    0.1238899
32714856    0.3173793    0.2850572
81437256    0.3754057    0.3504645
38549061    0.3059458    0.2228112
16375284    0.2126535    0.2105435
23074169    0.4747303    0.3639675
71204863    0.2342260    0.2237651
59230168    0.1671241    0.1690717
43065218    0.2726136    0.2584036
89231046    0.0701274    0.1755781
20419573    0.2637484    0.2534529
92165478    0.3181673    0.2823898
36509124    0.1029860    0.1552733
96138204    0.1449491    0.1526630
97428650    0.1566038    0.2262210
91052873    0.1417432    0.0761611
75684932    0.2416156    0.2282262
50836291    0.1281155    0.1312966
63975401    -0.0284755    0.1429382
98016472    0.1913138    0.2479420
35842190    0.0440798    -0.0049970
83197206    0.2185750    0.2740239
57043269    0.2307362    0.1516893
58346072    0.3937567    0.4167672
56893071    0.1657909    0.1806683
70251698    0.3058280    0.2602947
78691503    0.3143425    0.2987350
71248596    0.0827905    0.0976122
43790281    0.0475672    -0.0276623
72803641    0.0189457    0.0600141
59806341    0.3732070    0.3692050
63175049    0.2735692    0.2414163
49670328    0.1332543    0.1085533
52948361    0.0420176    0.0861143
20819547    0.4023762    0.3216291
97408251    0.0528856    0.0626125
37049621    0.1162308    0.0984888
83764925    0.1711960    0.1488054
50648317    0.3646901    0.2728396
56140738    0.3249323    0.2142150
54789260    0.0388761    0.0806735
81693024    0.1615259    0.1740922
71453068    0.0661260    0.0520137
12304586    0.2230351    0.2426446
50619347    0.3196470    0.2921090
65790324    0.0046216    0.0727517
93270846    0.3896023    0.2905461
39720486    0.2953125    0.3096241
51763480    0.4308012    0.5626631
58029641    0.1638877    0.1728125
61487350    0.1231352    0.1627856
94185602    0.0684437    0.0838379
35280617    -0.0191183    0.1044768
67239801    0.1973108    0.2179969
34681702    0.2408399    0.2098195
70843926    0.2776558    0.2257665
15860437    0.1634063    0.1911070
97183264    0.3591365    0.2290410
32875906    0.3579376    0.3206002
67381945    0.1065278    0.1540576
64021875    0.1019267    0.1429652
84135296    0.0717320    0.1427066
17042638    0.1411405    0.1653522
87932541    0.1275321    0.0902143
21064358    0.1029364    0.0955309
12458390    0.1245855    0.2110817
85320746    0.3344432    0.2442417
10378294    0.3021635    0.3234494
41085739    0.2158497    0.2200406
60897513    0.1301192    0.1690717
54879302    0.2807025    0.2634160
18325407    0.3715184    0.3578269
34012568    0.4028562    0.3509878
98526013    0.1456753    0.1478239
43206985    0.1951650    0.0890304
25986740    0.1667644    0.2120988
93608745    0.2518492    0.2779381
43780952    0.3129933    0.1690717
45628709    0.1130647    0.1386161
95308671    0.2649733    0.2765941
40596718    0.1890510    0.2227025
68427591    0.0416545    0.0946018
32156478    0.0373923    0.1332757
34105672    0.1870527    0.1767625
40568932    0.1124073    0.1508385
83429561    0.2568101    0.2381479
43208516    0.2005489    0.2867817
25976038    0.2738430    0.2578956
71305486    0.5131515    0.4101455
50942871    0.0802008    0.1120734
17596823    0.0303843    -0.0113323
46879352    0.1105719    0.0978894
67198240    0.4920497    0.4043466
20519736    0.2078745    0.1740678
95063127    0.3365001    0.3327883
12507849    0.1052662    0.1295432
30975426    0.2825031    0.3032099
56124780    0.1965039    0.2311222
85902746    0.2217552    0.1819128
69538402    0.4654601    0.4393798
94528706    0.1321287    0.0575646
61784935    0.0502294    0.1027204
65374182    0.0248284    0.0175196
85397462    0.1461277    0.2456888
32468591    0.2064951    0.1663563
46752830    0.5220824    0.3061831
16504783    0.2812308    0.3358321
27845619    0.2513606    0.2531886
76415208    0.0900140    0.1283744
58319420    0.0758413    0.0539226
