3578406    0.1215780    0.1205577
2198367    0.0754390    0.1169872
92057831    0.1228388    0.1166602
3892147    0.0673109    0.0122792
7243896    0.3525857    0.3555984
5196087    0.4362904    0.2666476
5469827    0.0416673    0.1257357
2941375    0.1039866    0.1770867
6025847    0.3156327    0.3264204
16958274    0.0291058    -0.0333123
76415208    0.0900140    0.1023200
2760143    0.3529654    0.3421125
2643098    0.2184954    0.2314384
6083594    0.4033448    0.3659126
78510264    0.0811135    0.1342275
18952376    0.0941340    0.1862322
16943087    0.1024783    0.1377991
3821574    0.3310490    0.3149585
4987650    0.2964038    0.3279049
2043178    0.4086680    0.4029447
2739650    0.1539570    0.1311797
8317509    0.1872364    0.1934482
18325407    0.3715184    0.3792418
38549061    0.3059458    0.3087342
17596823    0.0303843    0.1278504
23074169    0.4747303    0.3822494
4867502    0.3658697    0.2894456
81294637    0.2323228    0.1442373
8605217    0.2345106    0.2918062
5308146    0.4128936    0.2529222
3582067    0.3364838    0.2787511
58029641    0.1638877    0.1823459
50942871    0.0802008    0.1833449
89604375    0.5544792    0.5124756
51763480    0.4308012    0.3953482
3264017    0.1892763    0.2904062
54879302    0.2807025    0.2237642
76402381    0.0634703    0.1534260
23750186    0.1395542    0.1422731
9583261    0.3440669    0.2818080
34105672    0.1870527    0.2298077
58319420    0.0758413    0.0768573
1790246    0.2481418    0.2695106
6807539    0.3188515    0.2976283
2487590    0.1245996    0.1702485
4328571    0.3664831    0.3175029
6594182    0.0526440    0.0997978
6895471    0.5201627    0.4625826
45726190    0.1449229    0.1168428
3627410    0.1778646    0.2152018
34681702    0.2408399    0.2335016
4309715    0.1303742    0.1914696
71465098    0.3067145    0.2315605
50129364    0.3502489    0.3750567
4807153    0.1503095    0.1437601
7369148    0.4514948    0.5241468
31879054    0.3563824    0.2809002
2541903    0.3190446    0.2852596
2081546    0.4467185    0.4052991
5894621    0.2282716    0.2658389
5738926    0.3573479    0.3604378
98526013    0.1456753    0.1172813
5831672    0.2538592    0.2154301
9706385    0.3472344    0.3844235
1743698    0.3903206    0.3802644
10857693    0.2848121    0.2360021
75149062    0.1247694    0.1434630
9180765    0.1868605    0.2365521
56489170    0.3309727    0.2978970
19483527    0.1787383    0.1688216
9720165    0.4198961    0.3595864
1098653    0.2683512    0.1913973
2673845    0.5641396    0.5281489
93608745    0.2518492    0.2504286
85709634    0.1365534    0.0661926
41253670    0.2920886    0.2609931
20419573    0.2637484    0.2436799
82354971    0.0228063    0.0515468
37068241    0.4272806    0.4238088
71403958    0.3880658    0.4234027
3786905    0.2339949    0.1930445
83197206    0.2185750    0.2080497
61487350    0.1231352    0.1432287
34012568    0.4028562    0.3054643
2943061    0.1322802    0.1857553
9321840    0.4420901    0.3577930
78351290    0.2346316    0.2012221
72153046    0.0292038    -0.0463261
4265083    0.3106906    0.2065245
5062718    0.3932812    0.3846855
71305486    0.5131515    0.4259529
3014689    0.2795749    0.3359533
54789260    0.0388761    0.1122995
56140738    0.3249323    0.2970563
5718692    0.1730530    0.2212580
5183609    0.5404390    0.5266315
21064358    0.1029364    0.0401185
2819470    0.3080540    0.3204015
74920653    0.4227876    0.3546647
97408251    0.0528856    0.0280197
16375284    0.2126535    0.1720638
1487932    0.4101857    0.3223344
49670328    0.1332543    0.1980146
6283704    0.0842864    0.0636396
6748193    0.2073776    0.1884712
9467830    -0.0446479    0.1097488
70843926    0.2776558    0.2413657
5749680    0.1812531    0.1719999
5693807    0.1703150    0.2169746
41085739    0.2158497    0.1372706
1932047    0.1806909    0.1681021
72150386    -0.0355079    0.0719549
7932580    0.4682114    0.3859587
2384019    0.2573606    0.1937131
60897513    0.1301192    0.1588822
62945318    0.1630607    0.1147129
34189275    0.0542352    0.0327501
59387142    0.2924146    0.2285103
3645207    0.1910296    0.1940656
8397402    -0.0295911    0.0478081
2836405    0.2381882    0.2065430
15780629    0.4336775    0.3844720
87904612    0.1259729    0.0844699
12374650    0.1772530    0.1857254
3514269    0.2860579    0.2684393
12458390    0.1245855    0.1960399
9450781    0.3211172    0.2366469
64021875    0.1019267    0.1134762
43790281    0.0475672    0.0759697
50619347    0.3196470    0.3290257
9328467    0.5027560    0.4860505
2931756    0.2538077    0.2751732
67198240    0.4920497    0.5733408
36509124    0.1029860    0.1343744
3296450    0.5973707    0.5787841
67239801    0.1973108    0.2510684
8521307    0.3988584    0.3171739
93507642    0.2040192    0.1965313
93481752    0.2718664    0.1823635
18967543    0.2637843    0.2152234
52634817    0.2849960    0.1354601
3612974    0.1838014    0.1113831
20694735    0.0069220    0.0516480
4063285    0.2597609    0.2986824
2645180    0.2137118    0.1481047
6039182    0.2504354    0.2812555
5683192    0.4733342    0.5176294
86192507    0.0664135    0.1363693
63175049    0.2735692    0.2015980
4306815    0.5216363    0.5096404
3469512    0.2516770    0.2086879
3092751    0.0439309    0.0252333
87563140    0.2003200    0.2078232
50987241    0.2942135    0.2379604
9546732    0.3262210    0.3277394
96302148    0.2372141    0.2034413
50648317    0.3646901    0.3056569
8496023    0.1516259    0.1681496
5714096    0.3797141    0.2899648
4327501    0.2126635    0.2255429
5170386    0.0831770    0.1260852
81439706    0.1262791    0.0735610
20819547    0.4023762    0.4218310
9731406    0.1191694    0.1190167
57043269    0.2307362    0.1993760
39186520    0.1250224    0.1833449
6491783    0.2638982    0.2194752
7819360    0.3202660    0.3393823
71453068    0.0661260    0.1081656
2694380    0.2196963    0.2066829
95308671    0.2649733    0.2145983
3891520    0.3327236    0.3308174
7190582    0.5212715    0.3699135
7905641    0.2707025    0.2993308
32714856    0.3173793    0.3683736
59481307    0.1335299    0.1150889
1069425    0.5509495    0.4926398
2317805    0.4805482    0.4956489
40326571    0.2393876    0.1186314
7548206    0.3996251    0.3987089
3740286    0.4547719    0.3558529
5146839    0.5332805    0.5689952
5294037    0.3698771    0.3653864
9840216    0.0807284    0.0712596
8054917    0.3262745    0.2448165
2465970    0.2177032    0.1519670
6930741    0.1099527    0.0769165
83429561    0.2568101    0.2285926
6530821    0.3380645    0.2826840
45068793    0.0582267    0.1445070
2869347    0.3789614    0.2810558
9157643    0.4749572    0.4427117
8315042    0.3440053    0.2675292
1340285    0.1161054    0.0907792
10693257    0.3052177    0.2217842
3254689    0.3482216    0.4189197
7254913    0.0828423    0.0981901
3250478    0.0873304    0.1246384
9518437    0.1673752    0.2661255
9518642    0.5007111    0.4057357
1056832    0.1398216    0.1027073
24035867    0.2180151    0.3093159
58346072    0.3937567    0.4042451
7130825    0.2484626    0.2250270
32156478    0.0373923    0.0443462
4123795    -0.0081841    0.0969893
9267581    0.1851758    0.2569078
35842190    0.0440798    0.0332124
67851930    0.1565579    0.1812600
81437256    0.3754057    0.2859898
5123968    0.5559287    0.4413457
30694825    0.0365880    0.0842264
32875906    0.3579376    0.3527823
6091584    0.0551016    0.1461260
75684932    0.2416156    0.1338158
12064358    0.1449998    0.1381702
9618250    0.1745989    0.2089301
67409258    0.3510112    0.2809430
8613947    0.2891041    0.2402714
25986740    0.1667644    0.1599057
1804532    0.1433767    0.1093255
71248596    0.0827905    0.1147880
40236598    0.1331878    0.1786170
1705239    0.2730497    0.2044837
3061874    0.2808881    0.2668135
6278590    0.0292114    0.0416053
39720486    0.2953125    0.4120716
67905128    0.1698469    0.2004992
7160483    0.4047953    0.4187698
27156309    0.1905536    0.1798117
23045176    0.3178396    0.2270064
38702645    0.1698794    0.1889315
5814072    0.1933573    0.1383833
30975426    0.2825031    0.3520514
91052873    0.1417432    0.1514514
4768210    0.6686979    0.4865253
85320746    0.3344432    0.3703632
62157849    0.1091794    0.0867075
6342708    0.0867694    0.1510058
4267580    0.4071005    0.3877108
9138254    0.2920520    0.2181573
59806341    0.3732070    0.3394433
2845369    0.2818527    0.2572912
52948361    0.0420176    0.1678783
7483150    0.3565000    0.3185592
3204167    0.3540025    0.3647813
4692830    0.5977371    0.4271460
37049621    0.1162308    0.1521404
37419068    0.1121111    0.1466140
3280951    0.0553783    0.0657536
79631548    0.1812138    0.2236335
6271834    0.0263550    0.1432500
3015264    0.2364364    0.2221167
84135296    0.0717320    0.2929510
5187042    0.1334780    0.1426284
46879352    0.1105719    0.0598017
61784935    0.0502294    0.1128206
85902746    0.2217552    0.2477641
80163975    -0.0812560    0.0923885
61932785    0.2703631    0.2308356
8643509    0.4373056    0.4522636
9765234    0.3451286    0.3244489
72015384    0.5095192    0.5447211
51398260    0.1249023    0.1410173
7348562    0.3256060    0.2897277
2018563    0.3960066    0.3318090
10378294    0.3021635    0.2748228
9084235    0.2844537    0.2104513
1735482    0.1225054    0.1623728
40568932    0.1124073    0.1274156
5619803    0.1762386    0.1774114
8653417    0.1287219    0.1323170
9501276    0.0174545    0.0712509
9084715    0.0584843    0.0576127
85397462    0.1461277    0.2186546
3741296    0.0530962    0.0381336
9461730    0.1967047    0.1759594
4637091    0.4661794    0.4542717
72803641    0.0189457    0.0663293
27159836    0.0332070    0.0327839
