83265941    0.1260843    0.1237568
31879054    0.3563824    0.3355600
39720486    0.2953125    0.2876736
58029641    0.1638877    0.1414410
45726190    0.1449229    0.1187391
49670328    0.1332543    0.2003023
56124780    0.1965039    0.2408553
13085762    0.3273837    0.3241762
94715302    0.3625983    0.3877988
43206985    0.1951650    0.1975767
43208516    0.2005489    0.2052910
19436725    0.1565862    0.1428494
67198240    0.4920497    0.3473591
83429561    0.2568101    0.2703351
31286905    0.1618569    0.1361741
43780952    0.3129933    0.2276031
16958274    0.0291058    0.0738452
24035867    0.2180151    0.2368854
76402381    0.0634703    0.1030823
27845619    0.2513606    0.3343906
36509124    0.1029860    0.2280864
79631548    0.1812138    0.0779645
43972106    0.3626580    0.3200814
26408915    0.1213319    0.1333070
76415208    0.0900140    0.0618127
34012568    0.4028562    0.3504266
96138204    0.1449491    0.1968956
18325407    0.3715184    0.2672125
93507642    0.2040192    0.1635209
23750186    0.1395542    0.0607450
64021875    0.1019267    0.1570395
85397462    0.1461277    0.2110124
46879352    0.1105719    0.0887209
57043269    0.2307362    0.1974236
61487350    0.1231352    0.1580096
82354971    0.0228063    0.0825068
59806341    0.3732070    0.3878510
74920653    0.4227876    0.4197607
91052873    0.1417432    0.1536142
63175049    0.2735692    0.2516432
79324150    0.1327389    0.1022731
12064358    0.1449998    0.1195346
74920568    0.0942004    0.0521423
58642793    0.1629138    0.1814465
34105672    0.1870527    0.1429511
15780629    0.4336775    0.3853000
71305486    0.5131515    0.3355833
67239801    0.1973108    0.1781344
34072651    0.0493279    0.0393663
82769514    0.1071274    0.1219724
34189275    0.0542352    0.0402892
50648317    0.3646901    0.3141559
93608745    0.2518492    0.1845225
71403958    0.3880658    0.3582106
20456318    0.0361747    0.0929172
35842190    0.0440798    0.0690168
59387142    0.2924146    0.2105742
93270846    0.3896023    0.3184600
39062841    0.0944830    0.1546517
16094873    0.0280620    0.1245608
65374182    0.0248284    0.0267076
43790281    0.0475672    0.1295043
10378294    0.3021635    0.2848606
10693257    0.3052177    0.2672631
12507849    0.1052662    0.0503040
84036972    0.2046254    0.1998163
71453068    0.0661260    0.1054190
19483527    0.1787383    0.2107257
56489170    0.3309727    0.2196261
85709634    0.1365534    0.0970434
65483790    0.0322079    0.1119821
72153046    0.0292038    0.1429181
75684932    0.2416156    0.1995613
71465098    0.3067145    0.2305599
81437256    0.3754057    0.3271822
23074169    0.4747303    0.5136402
86192507    0.0664135    0.1887563
34209168    0.1613672    0.1258390
92057831    0.1228388    0.1407461
27159836    0.0332070    0.1128907
93481752    0.2718664    0.2500784
32875906    0.3579376    0.4235728
50836291    0.1281155    0.0841506
75149062    0.1247694    0.1843367
59230168    0.1671241    0.2636721
42936180    0.4175026    0.3871148
83197206    0.2185750    0.1818370
95267031    0.1225485    0.1046580
20519736    0.2078745    0.2287596
82139740    0.3176008    0.3474305
40596718    0.1890510    0.1987699
38549061    0.3059458    0.2394578
30975426    0.2825031    0.2734750
71204863    0.2342260    0.1835003
56140738    0.3249323    0.2371793
12304586    0.2230351    0.2191480
60573841    0.0080028    0.1127198
48270965    -0.0273596    0.0536587
54879302    0.2807025    0.3412247
10857693    0.2848121    0.2038391
70251698    0.3058280    0.2618811
47812905    0.1007904    0.1132645
14387690    0.2061633    0.2101506
95308671    0.2649733    0.1774857
50129364    0.3502489    0.2485234
35280617    -0.0191183    0.0341669
52948361    0.0420176    0.0464674
82609473    -0.0309462    0.0178550
89604375    0.5544792    0.6525735
50619347    0.3196470    0.3189584
69538402    0.4654601    0.3467020
97428650    0.1566038    0.2334965
20419573    0.2637484    0.1208020
94185602    0.0684437    0.1110493
70264158    0.1874085    0.1575194
12458390    0.1245855    0.1247459
61932785    0.2703631    0.1710188
67851930    0.1565579    0.2085009
67905128    0.1698469    0.2211517
57129046    0.0741950    0.0406173
98526013    0.1456753    0.1554109
13658924    0.0792403    0.1404453
69578014    0.2654074    0.2046151
40326571    0.2393876    0.2510762
84135296    0.0717320    0.2410954
17042638    0.1411405    0.2005285
67435291    0.3115513    0.2703048
87563140    0.2003200    0.1874749
98016472    0.1913138    0.1915167
67381945    0.1065278    0.1324379
87904612    0.1259729    0.1324606
38702645    0.1698794    0.2374700
38960417    0.0926794    0.2059171
59481307    0.1335299    0.1131589
97183264    0.3591365    0.3352417
12374650    0.1772530    0.1589491
23705914    0.1015233    0.1594077
18967543    0.2637843    0.1875812
61784935    0.0502294    0.1145206
89231046    0.0701274    0.1828741
