67851930    0.1565579    0.1739646
82354971    0.0228063    0.1698891
93481752    0.2718664    0.1525632
76402381    0.0634703    0.1310463
37419068    0.1121111    0.1698891
80163975    -0.0812560    0.1422149
58346072    0.3937567    0.3792366
51763480    0.4308012    0.2922046
52634817    0.2849960    0.2127503
96138204    0.1449491    0.1698891
42368795    0.4455477    0.3296702
40596718    0.1890510    0.2469206
50987241    0.2942135    0.2148656
56920873    0.2995450    0.2708851
19436725    0.1565862    0.1698891
41267093    0.0940958    0.1698891
95240316    0.1675703    0.1667745
63175049    0.2735692    0.2669158
38702645    0.1698794    0.1810497
57129046    0.0741950    0.0974639
65374182    0.0248284    0.1334253
20419573    0.2637484    0.1958037
51398260    0.1249023    0.1490438
23074169    0.4747303    0.5380956
87932541    0.1275321    0.1279924
35842190    0.0440798    0.1318263
45628709    0.1130647    0.1426803
95063127    0.3365001    0.2398823
85902746    0.2217552    0.1124722
59230168    0.1671241    0.1365746
74920653    0.4227876    0.3347676
43206985    0.1951650    0.1450773
37049621    0.1162308    0.1698891
23750186    0.1395542    0.1094613
83429561    0.2568101    0.4014804
25976038    0.2738430    0.1926432
54789260    0.0388761    0.1602347
14387690    0.2061633    0.2187716
63975401    -0.0284755    0.1074165
19483527    0.1787383    0.1799074
31879054    0.3563824    0.2734814
43780952    0.3129933    0.2204548
71403958    0.3880658    0.2785640
62945318    0.1630607    0.1829187
41085739    0.2158497    0.1522929
92057831    0.1228388    0.1671212
64021875    0.1019267    0.1574996
83764925    0.1711960    0.1967037
16375284    0.2126535    0.1392638
97183264    0.3591365    0.3775704
98016472    0.1913138    0.1849208
34105672    0.1870527    0.1161141
68293104    0.0358413    0.0694078
62897034    0.1620364    0.1698891
72803641    0.0189457    0.1361865
50619347    0.3196470    0.3012660
61784935    0.0502294    0.1698891
97428650    0.1566038    0.1442978
70264158    0.1874085    0.1196755
67198240    0.4920497    0.4684629
12374650    0.1772530    0.1641957
39062841    0.0944830    0.1035829
40326571    0.2393876    0.2536257
34189275    0.0542352    0.1450020
46752830    0.5220824    0.3057616
69578014    0.2654074    0.1258645
35897402    0.4143970    0.5389704
12507849    0.1052662    0.1381017
61927503    0.0583740    0.1326700
62941037    0.3422488    0.2386359
85709634    0.1365534    0.1343406
32156478    0.0373923    0.1055155
71305486    0.5131515    0.3241023
12458390    0.1245855    0.1698891
37068241    0.4272806    0.5038339
75149062    0.1247694    0.1138214
32508179    0.0563334    0.0924677
65483790    0.0322079    0.1409928
23045176    0.3178396    0.2970995
95267031    0.1225485    0.1305385
85397462    0.1461277    0.1698891
97408251    0.0528856    0.1377661
47098521    0.1130693    0.1090446
94528706    0.1321287    0.1302470
89231046    0.0701274    0.1698891
27156309    0.1905536    0.1379657
56140738    0.3249323    0.2412586
79648230    0.2436525    0.1533382
43208516    0.2005489    0.2041072
31254760    0.4422659    0.3005723
85320746    0.3344432    0.3294634
58319420    0.0758413    0.1698891
71453068    0.0661260    0.0680908
43860715    0.0869390    0.1297880
67381945    0.1065278    0.1078310
69538402    0.4654601    0.3873093
40568932    0.1124073    0.1388593
56893071    0.1657909    0.1698891
45726190    0.1449229    0.0602899
67409258    0.3510112    0.3173890
13658924    0.0792403    0.1536286
32875906    0.3579376    0.2363884
60573841    0.0080028    0.1326891
72150386    -0.0355079    0.1318328
83265941    0.1260843    0.1882584
30975426    0.2825031    0.2290767
17596823    0.0303843    0.1698891
12064358    0.1449998    0.1437475
87904612    0.1259729    0.1290502
81437256    0.3754057    0.3343948
87563140    0.2003200    0.1747892
59481307    0.1335299    0.0854914
56124780    0.1965039    0.2052504
38549061    0.3059458    0.2987545
79631548    0.1812138    0.1484756
18952376    0.0941340    0.1698891
27845619    0.2513606    0.1751926
65790324    0.0046216    0.1661163
31286905    0.1618569    0.1514062
45068793    0.0582267    0.1000249
98526013    0.1456753    0.1266299
20819547    0.4023762    0.2554048
84036972    0.2046254    0.1759119
50129364    0.3502489    0.3352400
71248596    0.0827905    0.1698891
36509124    0.1029860    0.1206448
91052873    0.1417432    0.2728643
59387142    0.2924146    0.2752589
64213980    0.0801635    0.1464578
13480652    0.2119081    0.2248117
94715302    0.3625983    0.3040449
81439706    0.1262791    0.1358208
32714856    0.3173793    0.3156833
34072651    0.0493279    0.1340962
67905128    0.1698469    0.2139342
74920568    0.0942004    0.0847935
61932785    0.2703631    0.2955525
25986740    0.1667644    0.1546463
48270965    -0.0273596    0.1136034
81693024    0.1615259    0.1376617
