5814072    0.1933573    0.1373648
17596823    0.0303843    0.0760887
9180765    0.1868605    0.2553212
74920653    0.4227876    0.3328254
5160827    0.1363529    0.1361748
59230168    0.1671241    0.1512903
85709634    0.1365534    0.0841122
8410523    0.3938945    0.2732660
5718692    0.1730530    0.1655926
6175483    0.4677562    0.4599124
79631548    0.1812138    0.1656199
9546732    0.3262210    0.3385545
32468591    0.2064951    0.1919480
18967543    0.2637843    0.2538384
65790324    0.0046216    0.1387041
12374650    0.1772530    0.1422371
87904612    0.1259729    0.0952976
7918026    0.0989480    0.0727609
3041965    0.4253836    0.4262257
80163975    -0.0812560    0.0807462
3627410    0.1778646    0.1675594
12064358    0.1449998    0.1408298
38549061    0.3059458    0.2503870
6315928    0.2469237    0.3216416
7819360    0.3202660    0.3549252
62941037    0.3422488    0.3585475
9731406    0.1191694    0.2256944
2645180    0.2137118    0.2217217
1069425    0.5509495    0.5038409
9245670    0.3915895    0.3504654
13085762    0.3273837    0.3523097
9518437    0.1673752    0.1612918
2018563    0.3960066    0.4539891
12458390    0.1245855    0.1671453
7803256    0.3907403    0.3434843
32156478    0.0373923    0.1268518
5187042    0.1334780    0.1188280
5123968    0.5559287    0.5276228
67851930    0.1565579    0.1505278
72150386    -0.0355079    0.0347475
59806341    0.3732070    0.3640457
79648230    0.2436525    0.2585669
49670328    0.1332543    0.1888694
71465098    0.3067145    0.2621067
74920568    0.0942004    0.1242357
14387690    0.2061633    0.2248172
6278590    0.0292114    0.0714311
69538402    0.4654601    0.4263598
9317254    0.3729283    0.3291278
68293104    0.0358413    0.0915469
2045968    0.1103608    0.1467021
17042638    0.1411405    0.1342048
40568932    0.1124073    0.0439360
63975401    -0.0284755    0.0165809
5894621    0.2282716    0.2808076
7369148    0.4514948    0.3932865
37419068    0.1121111    0.0826809
64213980    0.0801635    0.0454744
1059674    0.2535736    0.3656137
94528706    0.1321287    0.2319300
43790281    0.0475672    0.1501363
7130825    0.2484626    0.2691607
9765234    0.3451286    0.2986763
9706385    0.3472344    0.3438091
9257083    0.5751210    0.4880866
3015264    0.2364364    0.1972438
65349018    0.3772913    0.2969441
45628709    0.1130647    0.0774870
8521307    0.3988584    0.3763911
58319420    0.0758413    0.1316271
50836291    0.1281155    0.0913006
63175049    0.2735692    0.2442267
7243896    0.3525857    0.3214768
8653417    0.1287219    0.1275900
39186520    0.1250224    0.1550559
7521463    0.3398980    0.2985475
72153046    0.0292038    0.1373033
56140738    0.3249323    0.2386003
32875906    0.3579376    0.3479313
4976231    0.4576726    0.4362038
91052873    0.1417432    0.0659249
3645207    0.1910296    0.1409984
56489170    0.3309727    0.3731300
1487932    0.4101857    0.3971546
34072651    0.0493279    0.1354536
52948361    0.0420176    0.0598099
7126859    0.0000346    0.1416262
83764925    0.1711960    0.1720872
35842190    0.0440798    0.1148276
9138254    0.2920520    0.3246933
60897513    0.1301192    0.1049646
36509124    0.1029860    0.0621076
34982675    0.0478840    0.1000614
16958274    0.0291058    0.1223027
7063891    0.3753386    0.3996419
1735482    0.1225054    0.0962758
32714856    0.3173793    0.2443925
2043178    0.4086680    0.3341644
9425807    0.3096627    0.2595116
6594182    0.0526440    0.1165557
19743065    0.0593324    0.1011034
3254689    0.3482216    0.4000738
20519736    0.2078745    0.1756320
5749680    0.1812531    0.2011643
2158347    0.3815083    0.3579946
9618250    0.1745989    0.1128378
82609473    -0.0309462    0.0438816
71403958    0.3880658    0.3723429
43065218    0.2726136    0.2749025
34189275    0.0542352    0.0788097
78510264    0.0811135    0.1512903
5140362    0.3208159    0.3700921
56920873    0.2995450    0.2206005
94130527    0.1603314    0.1654816
1260374    0.0731026    0.0966426
3061874    0.2808881    0.2833943
3092751    0.0439309    0.0666058
71204863    0.2342260    0.2094023
50987241    0.2942135    0.3079337
82354971    0.0228063    0.0872733
98016472    0.1913138    0.1423704
1302765    0.3472123    0.3567132
8317509    0.1872364    0.1521118
1790246    0.2481418    0.2214040
2198367    0.0754390    0.1012662
4987650    0.2964038    0.2777820
46879352    0.1105719    0.0660702
10693257    0.3052177    0.3531662
8597263    0.1450746    0.1364811
5732806    0.2107367    0.1472335
6895471    0.5201627    0.3815924
93608745    0.2518492    0.1381020
82769514    0.1071274    0.1430645
7254913    0.0828423    0.0985488
75684932    0.2416156    0.1722936
7483150    0.3565000    0.4012989
5178439    0.3721354    0.3817118
54879302    0.2807025    0.2591872
40236598    0.1331878    0.1254954
24501987    0.1447957    0.1585953
6039182    0.2504354    0.2804918
5267094    0.2599849    0.2475546
13658924    0.0792403    0.1110285
5891230    0.2276907    0.1358825
1694783    0.0640252    0.1296497
5714096    0.3797141    0.4151614
6851203    0.2527070    0.1867023
5197243    0.5915708    0.4748167
3514269    0.2860579    0.3180014
38702645    0.1698794    0.2060874
8605217    0.2345106    0.2714105
65483790    0.0322079    0.0980884
85397462    0.1461277    0.1594782
4123795    -0.0081841    0.0188010
2384019    0.2573606    0.2562795
9354761    0.1451593    0.2222025
95308671    0.2649733    0.1672167
69578014    0.2654074    0.1804616
70843926    0.2776558    0.1741658
9380175    0.2946367    0.2040036
16943087    0.1024783    0.1433326
1923504    0.4565430    0.3926829
79324150    0.1327389    0.0839250
37049621    0.1162308    0.1223893
41085739    0.2158497    0.2089821
4935860    0.2500624    0.3293834
2694380    0.2196963    0.2075003
4932856    0.2126629    0.1650185
37068241    0.4272806    0.4314594
3280951    0.0553783    0.1512903
10378294    0.3021635    0.3151988
13480652    0.2119081    0.2425218
31879054    0.3563824    0.3253554
8643509    0.4373056    0.3866948
5294037    0.3698771    0.3729725
4768210    0.6686979    0.5621451
70264158    0.1874085    0.1164969
83429561    0.2568101    0.2117077
3056417    0.3964929    0.3140563
85320746    0.3344432    0.2452796
4857263    0.3738794    0.2856458
35897402    0.4143970    0.3067480
2317805    0.4805482    0.4194517
41267093    0.0940958    0.1512903
67435291    0.3115513    0.2851984
4309715    0.1303742    0.1368825
76415208    0.0900140    0.1339240
97183264    0.3591365    0.3547395
6543129    0.4651338    0.3789811
95267031    0.1225485    0.1088747
61927503    0.0583740    0.1347009
9607438    0.1222324    0.1519817
32508179    0.0563334    0.0976225
40326571    0.2393876    0.2115615
96302148    0.2372141    0.1320434
3296450    0.5973707    0.4049346
12507849    0.1052662    0.1394177
67239801    0.1973108    0.2239703
92165478    0.3181673    0.2396854
18952376    0.0941340    0.1545433
26408915    0.1213319    0.1373214
6138297    0.0625853    0.0579217
39062841    0.0944830    0.1512903
8315042    0.3440053    0.3332909
9840216    0.0807284    0.0683167
6342708    0.0867694    0.0389157
5183609    0.5404390    0.4456888
15860437    0.1634063    0.1602268
57043269    0.2307362    0.2042491
6971305    0.4535946    0.3531418
1895642    0.3019776    0.2777601
3250478    0.0873304    0.0702129
6091584    0.0551016    0.1376237
71305486    0.5131515    0.4247987
9603748    0.2451397    0.2105574
64021875    0.1019267    0.1175551
4528069    0.1329296    0.0751393
83197206    0.2185750    0.2186379
16094873    0.0280620    -0.0251663
2931756    0.2538077    0.1904939
9605831    0.1809202    0.2047123
86192507    0.0664135    0.1071647
1705239    0.2730497    0.2499609
4203176    0.0868008    0.1415703
56893071    0.1657909    0.1694638
3612974    0.1838014    0.1487988
1365094    0.2127880    0.1856571
3582067    0.3364838    0.2670000
9381746    0.2999753    0.3145817
72803641    0.0189457    0.1448057
9328467    0.5027560    0.5350841
5902371    0.2322153    0.2858988
81294637    0.2323228    0.0690274
58029641    0.1638877    0.2112076
2941375    0.1039866    0.1150933
3821574    0.3310490    0.2902241
1279568    -0.0397060    0.0407610
2541903    0.3190446    0.3647586
45068793    0.0582267    0.1059078
3215784    0.0695981    0.1387859
4165972    0.2014961    0.2438073
2836405    0.2381882    0.2799767
8512390    0.3917661    0.4077427
4637091    0.4661794    0.4065561
94185602    0.0684437    0.0437025
32450971    0.1140205    0.1468472
61487350    0.1231352    0.1060517
3149850    0.0295857    0.0668384
9720165    0.4198961    0.3659869
4352098    0.3358923    0.4141904
96138204    0.1449491    0.1262238
5738926    0.3573479    0.3738517
6530821    0.3380645    0.2891020
2487590    0.1245996    0.1886608
57129046    0.0741950    0.0870330
3740286    0.4547719    0.3803129
3741296    0.0530962    0.0951416
67198240    0.4920497    0.5265923
4867502    0.3658697    0.2671076
6135948    0.4934883    0.4376113
9518642    0.5007111    0.5647051
27845619    0.2513606    0.2929784
50129364    0.3502489    0.3310728
5170386    0.0831770    0.1872679
20419573    0.2637484    0.2106816
8496023    0.1516259    0.1570632
51398260    0.1249023    0.1512903
5308146    0.4128936    0.2701913
43860715    0.0869390    0.0958528
16375284    0.2126535    0.2781079
6902314    0.1831756    0.1965552
81439706    0.1262791    0.0341294
2760143    0.3529654    0.4322819
84036972    0.2046254    0.2571490
1340285    0.1161054    0.1207103
5146839    0.5332805    0.5919082
4267580    0.4071005    0.3945099
56124780    0.1965039    0.1946775
20819547    0.4023762    0.3320985
10392748    0.1246251    0.1173498
