5372069    0.3426059    0.2801247
6319528    0.3046428    0.2902243
61932785    0.2703631    0.2628948
79648230    0.2436525    0.2425919
2845369    0.2818527    0.2441535
10693257    0.3052177    0.2998159
16943087    0.1024783    0.2065711
16375284    0.2126535    0.2486474
39062841    0.0944830    0.1242874
2361549    0.1515017    0.2630838
23045176    0.3178396    0.2586247
5693807    0.1703150    0.1536199
67409258    0.3510112    0.3953596
40596718    0.1890510    0.2022036
18952376    0.0941340    0.2628945
5294037    0.3698771    0.3342433
5183609    0.5404390    0.4594275
67239801    0.1973108    0.2593586
9380175    0.2946367    0.3581281
5902371    0.2322153    0.2182069
15780629    0.4336775    0.3078668
4165230    0.0664882    0.1031270
4165972    0.2014961    0.2958768
83764925    0.1711960    0.1837470
6902314    0.1831756    0.2324311
7254913    0.0828423    0.1110311
40568932    0.1124073    0.1037297
5894621    0.2282716    0.2530823
5170386    0.0831770    0.1644520
10378294    0.3021635    0.2779002
2018563    0.3960066    0.4349328
9321840    0.4420901    0.3616861
9618250    0.1745989    0.3231139
6543129    0.4651338    0.3051073
1735482    0.1225054    0.1805613
3254689    0.3482216    0.3129260
9317528    0.2727551    0.2938820
5308146    0.4128936    0.4450222
8054917    0.3262745    0.3038230
3786905    0.2339949    0.1966921
69578014    0.2654074    0.1434742
5196087    0.4362904    0.3279336
37049621    0.1162308    0.1873447
54789260    0.0388761    0.0935089
35897402    0.4143970    0.3460991
1932047    0.1806909    0.1579410
51398260    0.1249023    0.1312325
3014689    0.2795749    0.2563608
61784935    0.0502294    0.0968168
3892147    0.0673109    0.1502627
3741296    0.0530962    0.0884432
2498173    0.3937241    0.5639138
6594182    0.0526440    0.1824010
2465970    0.2177032    0.2757267
1260374    0.0731026    0.0158058
4265083    0.3106906    0.2434612
41267093    0.0940958    0.0969268
40326571    0.2393876    0.2523797
38702645    0.1698794    0.1648092
95267031    0.1225485    0.1419922
62945318    0.1630607    0.1633724
3015264    0.2364364    0.1547913
8613947    0.2891041    0.1715326
4976231    0.4576726    0.3943890
3514269    0.2860579    0.2688603
2096537    0.5723276    0.5413308
71204863    0.2342260    0.2048384
4750928    0.4639964    0.4934413
19743065    0.0593324    0.1060965
1056832    0.1398216    0.0840275
61487350    0.1231352    0.1595387
5732806    0.2107367    0.2359754
4935860    0.2500624    0.1987076
9583261    0.3440669    0.4212934
9381746    0.2999753    0.3254403
43206985    0.1951650    0.1975578
4807153    0.1503095    0.2246765
3215784    0.0695981    0.0683853
9354761    0.1451593    0.1153872
83197206    0.2185750    0.2033164
9425807    0.3096627    0.3219710
8512390    0.3917661    0.4582265
3061874    0.2808881    0.3831409
31254760    0.4422659    0.3940414
4692830    0.5977371    0.5434967
7918026    0.0989480    0.1483167
1302765    0.3472123    0.4132710
1098653    0.2683512    0.2114225
6752138    0.1926357    0.2159512
6091584    0.0551016    0.1026711
41085739    0.2158497    0.2032093
16958274    0.0291058    0.0851201
65374182    0.0248284    0.0542459
8597263    0.1450746    0.1880903
6807539    0.3188515    0.3383116
2931756    0.2538077    0.2869091
5267094    0.2599849    0.3905258
19436725    0.1565862    0.1656335
47098521    0.1130693    0.0740743
2487590    0.1245996    0.1495181
4063285    0.2597609    0.3741713
6530821    0.3380645    0.2508523
8315042    0.3440053    0.3343617
34189275    0.0542352    0.1273716
9245670    0.3915895    0.4048304
83265941    0.1260843    0.1407454
4328571    0.3664831    0.3066936
54879302    0.2807025    0.2871332
67381945    0.1065278    0.1609723
61927503    0.0583740    0.0679789
92057831    0.1228388    0.1514757
8410523    0.3938945    0.2790376
1069425    0.5509495    0.3624513
7369148    0.4514948    0.5361227
6703951    0.2923357    0.3609091
9257083    0.5751210    0.6072811
5718692    0.1730530    0.0969543
16504783    0.2812308    0.2975825
6271834    0.0263550    0.0692805
32714856    0.3173793    0.3157837
9317254    0.3729283    0.4110668
50987241    0.2942135    0.2814014
81294637    0.2323228    0.1598764
6175483    0.4677562    0.5322626
37419068    0.1121111    0.1138947
5123968    0.5559287    0.4298711
7243896    0.3525857    0.2529361
49670328    0.1332543    0.1874127
58346072    0.3937567    0.3516592
9450781    0.3211172    0.3204587
6491783    0.2638982    0.2206530
3627410    0.1778646    0.1585302
3582067    0.3364838    0.3809487
2943061    0.1322802    0.1600855
6135948    0.4934883    0.3413832
78351290    0.2346316    0.2430123
9765234    0.3451286    0.3156172
1694783    0.0640252    0.0574085
5714096    0.3797141    0.3640427
15860437    0.1634063    0.1852357
97408251    0.0528856    0.1409143
21064358    0.1029364    0.1011537
32468591    0.2064951    0.2306145
43208516    0.2005489    0.2022754
10392748    0.1246251    0.1881921
7348562    0.3256060    0.2963498
4306815    0.5216363    0.6667936
9518437    0.1673752    0.2303251
71248596    0.0827905    0.0866303
6283704    0.0842864    0.0130174
80163975    -0.0812560    -0.0110277
4203176    0.0868008    0.1182166
56920873    0.2995450    0.3462829
95063127    0.3365001    0.1811378
2158347    0.3815083    0.2658373
81439706    0.1262791    0.0585391
3821574    0.3310490    0.2967232
17596823    0.0303843    0.1910347
19483527    0.1787383    0.1926228
5469827    0.0416673    0.1535687
57129046    0.0741950    0.0685063
6748193    0.2073776    0.2392435
3204167    0.3540025    0.2694180
87563140    0.2003200    0.1380227
5683192    0.4733342    0.3633723
34982675    0.0478840    0.0461265
1059674    0.2535736    0.3064377
94130527    0.1603314    0.1856992
1365094    0.2127880    0.1768499
68293104    0.0358413    0.1029358
2836405    0.2381882    0.2243154
79324150    0.1327389    0.0950879
89231046    0.0701274    0.1865862
69538402    0.4654601    0.4215238
9501276    0.0174545    0.0588836
4857263    0.3738794    0.3899865
9720165    0.4198961    0.3313197
56124780    0.1965039    0.2069393
74920568    0.0942004    0.0581663
12507849    0.1052662    0.1008084
1743698    0.3903206    0.3478665
59230168    0.1671241    0.1329183
4528069    0.1329296    0.0657969
98016472    0.1913138    0.2596121
42936180    0.4175026    0.4003646
6083594    0.4033448    0.5152909
85320746    0.3344432    0.3614553
2819470    0.3080540    0.2776776
32875906    0.3579376    0.2791738
34012568    0.4028562    0.4982932
85902746    0.2217552    0.2573709
4127693    0.3656554    0.4076335
20694735    0.0069220    0.1243969
97428650    0.1566038    0.1058789
93481752    0.2718664    0.2431328
43972106    0.3626580    0.4514405
1487932    0.4101857    0.4263240
65349018    0.3772913    0.2771384
18967543    0.2637843    0.2006594
84036972    0.2046254    0.1622847
48270965    -0.0273596    0.0631707
5738926    0.3573479    0.4276446
9461730    0.1967047    0.1522833
39720486    0.2953125    0.3507442
4123795    -0.0081841    0.0701584
72015384    0.5095192    0.4276721
35842190    0.0440798    0.1137499
7803256    0.3907403    0.3487141
7130825    0.2484626    0.1763569
9576032    0.5069458    0.5805265
1804532    0.1433767    0.1014488
56489170    0.3309727    0.2254097
1320567    0.2311754    0.3120804
8290476    0.2635870    0.2363981
70264158    0.1874085    0.1266303
8653417    0.1287219    0.2107193
50942871    0.0802008    0.1075219
64021875    0.1019267    0.1143030
8521307    0.3988584    0.3088413
94528706    0.1321287    0.1660831
3612974    0.1838014    0.1775790
8643509    0.4373056    0.5037875
96138204    0.1449491    0.1352874
20819547    0.4023762    0.4343374
7905641    0.2707025    0.2792329
9607438    0.1222324    0.1785880
32508179    0.0563334    0.1142269
9546732    0.3262210    0.2651966
5187042    0.1334780    0.0874327
10857693    0.2848121    0.2483198
16094873    0.0280620    0.0900650
62941037    0.3422488    0.1621598
5749680    0.1812531    0.2303183
57043269    0.2307362    0.3775417
7126859    0.0000346    0.0496407
45068793    0.0582267    0.1371197
2673845    0.5641396    0.4945670
62157849    0.1091794    0.1659909
5178439    0.3721354    0.4212859
20519736    0.2078745    0.1934125
2568307    0.2370991    0.2809191
59387142    0.2924146    0.2350603
5062718    0.3932812    0.3262438
42368795    0.4455477    0.4494959
41253670    0.2920886    0.2569399
8463201    0.3381932    0.2570713
6423907    0.2354790    0.1629905
6930741    0.1099527    0.1450372
7548206    0.3996251    0.5390223
5814072    0.1933573    0.1987655
18325407    0.3715184    0.2450864
2643098    0.2184954    0.2046527
6315928    0.2469237    0.3500652
97183264    0.3591365    0.3892736
1340285    0.1161054    0.1698767
35280617    -0.0191183    0.1070251
5648371    0.2782824    0.2143511
2739650    0.1539570    0.2034797
51763480    0.4308012    0.4567707
7190582    0.5212715    0.4726775
3250478    0.0873304    0.1157722
78510264    0.0811135    0.1510878
76415208    0.0900140    0.1319313
6342708    0.0867694    0.1312539
63975401    -0.0284755    0.0977846
7483150    0.3565000    0.3995129
2694380    0.2196963    0.1684116
58029641    0.1638877    0.1832449
82139740    0.3176008    0.3234755
64213980    0.0801635    0.0564288
65483790    0.0322079    0.0631213
8397402    -0.0295911    0.0566308
98526013    0.1456753    0.1134246
67851930    0.1565579    0.1927568
9084715    0.0584843    0.0402921
32450971    0.1140205    0.1802122
3264017    0.1892763    0.2125310
4932856    0.2126629    0.1850657
5197243    0.5915708    0.6170946
68427591    0.0416545    0.1642840
