6271834    0.0263550    0.1419252
3061874    0.2808881    0.3263881
2158347    0.3815083    0.2876055
27156309    0.1905536    0.1220298
35842190    0.0440798    0.0971817
18967543    0.2637843    0.1797348
92165478    0.3181673    0.3271270
6278590    0.0292114    0.0582358
9518642    0.5007111    0.4347790
12374650    0.1772530    0.1319230
43860715    0.0869390    0.1701348
4265083    0.3106906    0.2664475
19483527    0.1787383    0.2535885
58642793    0.1629138    0.1566170
1098653    0.2683512    0.2945945
5170386    0.0831770    0.1421846
1895642    0.3019776    0.3301346
32714856    0.3173793    0.1002907
76415208    0.0900140    0.1485159
3092751    0.0439309    0.1242347
75684932    0.2416156    0.2118915
43790281    0.0475672    0.0638551
3264017    0.1892763    0.2501274
3582067    0.3364838    0.4300921
19436725    0.1565862    0.1282405
65790324    0.0046216    0.1033441
27159836    0.0332070    0.1182640
2760143    0.3529654    0.1398436
2078916    0.2681468    0.2745430
12507849    0.1052662    0.1595323
8512390    0.3917661    0.4404243
30975426    0.2825031    0.3414156
10378294    0.3021635    0.3114689
23705914    0.1015233    0.1229458
81693024    0.1615259    0.1819903
5146839    0.5332805    0.5835881
20694735    0.0069220    0.1291012
82769514    0.1071274    0.1351371
65374182    0.0248284    0.1027371
25986740    0.1667644    0.1290215
34072651    0.0493279    0.1389302
2694380    0.2196963    0.1456055
8653417    0.1287219    0.1949645
95267031    0.1225485    0.1652600
43780952    0.3129933    0.1566170
5693807    0.1703150    0.1877078
71305486    0.5131515    0.3256330
63175049    0.2735692    0.1424773
94528706    0.1321287    0.1845372
2541903    0.3190446    0.3491893
62941037    0.3422488    0.3538548
62897034    0.1620364    0.0724346
39062841    0.0944830    0.1844236
2045968    0.1103608    0.1863784
51763480    0.4308012    0.4212707
8397402    -0.0295911    0.1260859
83265941    0.1260843    0.1514590
1790246    0.2481418    0.2165404
43208516    0.2005489    0.0795527
4127693    0.3656554    0.2497969
60573841    0.0080028    0.1585440
3041965    0.4253836    0.2809480
59387142    0.2924146    0.2076563
3149850    0.0295857    0.1473878
56893071    0.1657909    0.1471074
72153046    0.0292038    0.1189856
9605831    0.1809202    0.2218517
5196087    0.4362904    0.3957591
19743065    0.0593324    0.1361216
87904612    0.1259729    0.1445328
5619803    0.1762386    0.2317126
52634817    0.2849960    0.1691762
3627410    0.1778646    0.1692246
87196024    0.1803782    0.1566170
4203176    0.0868008    0.1033101
4528069    0.1329296    0.1946042
89231046    0.0701274    0.0723485
58346072    0.3937567    0.3471760
93270846    0.3896023    0.3427565
92057831    0.1228388    0.1352808
37049621    0.1162308    0.1437460
70264158    0.1874085    0.1059397
20519736    0.2078745    0.1193852
4165972    0.2014961    0.2758728
9180765    0.1868605    0.3302575
1056832    0.1398216    0.1517087
3578406    0.1215780    0.1566170
2487590    0.1245996    0.1640663
50836291    0.1281155    0.1429590
50942871    0.0802008    0.1325162
7918026    0.0989480    0.1129850
43065218    0.2726136    0.1454091
6748193    0.2073776    0.1744836
81294637    0.2323228    0.1566170
1735482    0.1225054    0.1833535
9720165    0.4198961    0.4207491
1705239    0.2730497    0.2831833
1804532    0.1433767    0.1566170
4165230    0.0664882    0.2122380
5469827    0.0416673    0.1732718
94130527    0.1603314    0.1702235
1932047    0.1806909    0.1656847
23074169    0.4747303    0.2276590
3514269    0.2860579    0.1812106
5160827    0.1363529    0.1088683
34189275    0.0542352    0.1161774
9450781    0.3211172    0.3413004
5197243    0.5915708    0.5305225
9546732    0.3262210    0.3227059
2081546    0.4467185    0.3861353
2317805    0.4805482    0.4188275
15780629    0.4336775    0.2750384
78351290    0.2346316    0.1908424
57129046    0.0741950    0.0631919
5062718    0.3932812    0.1898773
85320746    0.3344432    0.3804135
84135296    0.0717320    0.1225597
65483790    0.0322079    0.1294099
20419573    0.2637484    0.1566170
32508179    0.0563334    0.0880398
3014689    0.2795749    0.2201208
7369148    0.4514948    0.3749758
2384019    0.2573606    0.2466641
13085762    0.3273837    0.3150942
31286905    0.1618569    0.1299800
97408251    0.0528856    0.1196072
3204167    0.3540025    0.2594619
67409258    0.3510112    0.3032084
3612974    0.1838014    0.1780793
1365094    0.2127880    0.1680848
26408915    0.1213319    0.2653365
9245670    0.3915895    0.3450415
7521463    0.3398980    0.3679294
98526013    0.1456753    0.1566170
2465970    0.2177032    0.1756398
34982675    0.0478840    0.1102659
93507642    0.2040192    0.1564827
80163975    -0.0812560    0.0904588
5294037    0.3698771    0.3787616
69538402    0.4654601    0.3975497
1059674    0.2535736    0.3556595
3892147    0.0673109    0.1484939
4123795    -0.0081841    0.1691360
72803641    0.0189457    0.1362995
9381746    0.2999753    0.2790848
85709634    0.1365534    0.1644762
2836405    0.2381882    0.1494695
9317254    0.3729283    0.4975601
5762910    0.2062399    0.3182998
4692830    0.5977371    0.4836869
57043269    0.2307362    0.1951533
79631548    0.1812138    0.1660532
16094873    0.0280620    0.0713883
95063127    0.3365001    0.2812187
5183609    0.5404390    0.4846033
6319528    0.3046428    0.2047002
9765234    0.3451286    0.2898775
97428650    0.1566038    0.1478413
9576032    0.5069458    0.4037676
9425807    0.3096627    0.2354837
37068241    0.4272806    0.3664851
9618250    0.1745989    0.1889395
69578014    0.2654074    0.2058141
7254913    0.0828423    0.1566170
3786905    0.2339949    0.2287740
8927605    0.1242698    0.1566170
23045176    0.3178396    0.3691530
60897513    0.1301192    0.2200729
67905128    0.1698469    0.1458255
8521307    0.3988584    0.2109436
12304586    0.2230351    0.2073828
2568307    0.2370991    0.2989941
16375284    0.2126535    0.1263334
71403958    0.3880658    0.3467672
72015384    0.5095192    0.4702021
50648317    0.3646901    0.2792277
1340285    0.1161054    0.1666202
32450971    0.1140205    0.1564495
6703951    0.2923357    0.2987334
3645207    0.1910296    0.1386654
67851930    0.1565579    0.1380871
95240316    0.1675703    0.2041121
5749680    0.1812531    0.1684699
98016472    0.1913138    0.1620999
96138204    0.1449491    0.1566170
1694783    0.0640252    0.1371607
7803256    0.3907403    0.4020650
7160483    0.4047953    0.4131793
67198240    0.4920497    0.3289019
7548206    0.3996251    0.4146708
3469512    0.2516770    0.1427954
1487932    0.4101857    0.4887177
71453068    0.0661260    0.1442968
4306815    0.5216363    0.4485934
65349018    0.3772913    0.2779118
4935860    0.2500624    0.3034653
9354761    0.1451593    0.1566170
14387690    0.2061633    0.2101827
87563140    0.2003200    0.1485775
54789260    0.0388761    0.1434085
2018563    0.3960066    0.3454350
27845619    0.2513606    0.3263443
79324150    0.1327389    0.1387602
96302148    0.2372141    0.2827252
5683192    0.4733342    0.4204108
6530821    0.3380645    0.2854458
8315042    0.3440053    0.1832699
68427591    0.0416545    0.1326391
4768210    0.6686979    0.5619194
5732806    0.2107367    0.1839525
7819360    0.3202660    0.4107824
5891230    0.2276907    0.1566170
59230168    0.1671241    0.1389837
17042638    0.1411405    0.2033061
83429561    0.2568101    0.3272501
5372069    0.3426059    0.2115798
40568932    0.1124073    0.0089936
36509124    0.1029860    0.0899887
15860437    0.1634063    0.1247326
2361549    0.1515017    0.3127333
12904576    0.3852948    0.5054779
93481752    0.2718664    0.1350652
71465098    0.3067145    0.3038204
31254760    0.4422659    0.2886155
6083594    0.4033448    0.4064849
6423907    0.2354790    0.1554945
94715302    0.3625983    0.3128799
8463201    0.3381932    0.3135821
9182473    0.1916796    0.1281379
17596823    0.0303843    0.1199723
6543129    0.4651338    0.2933964
1923504    0.4565430    0.4265073
62945318    0.1630607    0.1580110
24501987    0.1447957    0.1503215
5738926    0.3573479    0.3988957
5714096    0.3797141    0.3857103
42936180    0.4175026    0.3664794
8613947    0.2891041    0.2322303
67435291    0.3115513    0.3456746
8317509    0.1872364    0.1769176
6895471    0.5201627    0.4212551
9157643    0.4749572    0.3471789
24035867    0.2180151    0.3302630
9603748    0.2451397    0.1828436
4063285    0.2597609    0.3582636
4693502    0.1955602    0.2110484
4309715    0.1303742    0.2590348
9321840    0.4420901    0.4308464
79648230    0.2436525    0.2488136
91052873    0.1417432    0.1523325
61784935    0.0502294    0.1565056
64213980    0.0801635    0.1209682
6138297    0.0625853    0.1400553
4267580    0.4071005    0.3162233
47812905    0.1007904    0.1131982
2845369    0.2818527    0.1524068
3821574    0.3310490    0.3013311
9267581    0.1851758    0.2039728
5178439    0.3721354    0.3682438
2869347    0.3789614    0.3501295
5123968    0.5559287    0.3984771
12458390    0.1245855    0.1349781
5718692    0.1730530    0.2254985
16943087    0.1024783    0.1934382
5140362    0.3208159    0.2853516
5267094    0.2599849    0.1937477
52948361    0.0420176    0.0895814
4807153    0.1503095    0.1566170
75149062    0.1247694    0.1449441
3250478    0.0873304    0.2098121
39720486    0.2953125    0.2750344
9138254    0.2920520    0.2959403
6752138    0.1926357    0.1390303
38549061    0.3059458    0.3801012
5648371    0.2782824    0.2616598
50619347    0.3196470    0.3460515
2673845    0.5641396    0.5117141
68293104    0.0358413    0.1407867
74920653    0.4227876    0.3439822
2643098    0.2184954    0.2398541
