6278590    0.0292114    0.0542982
5146839    0.5332805    0.5615053
1340285    0.1161054    0.1554831
6039182    0.2504354    0.2324784
3612974    0.1838014    0.1663187
9607438    0.1222324    0.2374312
6982735    0.1570534    0.2088825
2943061    0.1322802    0.1582171
9182473    0.1916796    0.2387471
3892147    0.0673109    0.1188463
3204167    0.3540025    0.3744282
1694783    0.0640252    0.1017694
6594182    0.0526440    0.1633538
1923504    0.4565430    0.6128240
5267094    0.2599849    0.3566377
2361549    0.1515017    0.2135079
2819470    0.3080540    0.3351273
6138297    0.0625853    0.1084826
6025847    0.3156327    0.3797031
5902371    0.2322153    0.3022681
7063891    0.3753386    0.3596736
7905641    0.2707025    0.3247668
6930741    0.1099527    0.2169518
5140362    0.3208159    0.3151045
4857263    0.3738794    0.3315414
2498173    0.3937241    0.4252098
2836405    0.2381882    0.2478110
5714096    0.3797141    0.3185266
9583261    0.3440669    0.4420478
5732806    0.2107367    0.1935529
3469512    0.2516770    0.2963081
3740286    0.4547719    0.5113242
2931756    0.2538077    0.3272939
7932580    0.4682114    0.4690804
4932856    0.2126629    0.2105860
7804269    0.1723401    0.1033776
3582067    0.3364838    0.3802907
3264017    0.1892763    0.3400615
2845369    0.2818527    0.3081558
8463201    0.3381932    0.2559615
4203176    0.0868008    0.1426197
9381746    0.2999753    0.3718172
3149850    0.0295857    0.0872871
2018563    0.3960066    0.4408810
5197243    0.5915708    0.5022977
4327501    0.2126635    0.2575794
5294037    0.3698771    0.3662478
1320567    0.2311754    0.2533085
3254689    0.3482216    0.3220898
9328467    0.5027560    0.5216857
1260374    0.0731026    0.1263178
3296450    0.5973707    0.4287471
6091584    0.0551016    -0.0481893
8397402    -0.0295911    0.0344411
3891520    0.3327236    0.3281745
6971305    0.4535946    0.3460923
2694380    0.2196963    0.2490031
5762910    0.2062399    0.2542818
2487590    0.1245996    0.1270197
9461730    0.1967047    0.2048552
2043178    0.4086680    0.4047298
6319528    0.3046428    0.3107060
1302765    0.3472123    0.4653313
2384019    0.2573606    0.3647138
5693807    0.1703150    0.2994111
6342708    0.0867694    0.0928816
3215784    0.0695981    0.0047391
1705239    0.2730497    0.2708486
5814072    0.1933573    0.1352266
5187042    0.1334780    0.0971746
6491783    0.2638982    0.3191608
5372069    0.3426059    0.2126080
2739650    0.1539570    0.2085889
4807153    0.1503095    0.1587730
1056832    0.1398216    0.1428254
5648371    0.2782824    0.3498827
2869347    0.3789614    0.2253126
7918026    0.0989480    0.1448645
7548206    0.3996251    0.5757377
4265083    0.3106906    0.2245784
7803256    0.3907403    0.3854882
5469827    0.0416673    0.0773859
6423907    0.2354790    0.1984596
1069425    0.5509495    0.4499328
8613947    0.2891041    0.2976530
6083594    0.4033448    0.3637762
2081546    0.4467185    0.4986966
5738926    0.3573479    0.3189505
9546732    0.3262210    0.3893340
3056417    0.3964929    0.3163702
3786905    0.2339949    0.2458125
2760143    0.3529654    0.2901378
5749680    0.1812531    0.2010468
6902314    0.1831756    0.2375393
8521307    0.3988584    0.2876978
1735482    0.1225054    0.2377965
2541903    0.3190446    0.5141360
9354761    0.1451593    0.0021072
3645207    0.1910296    0.2463646
7521463    0.3398980    0.3036460
3821574    0.3310490    0.3668854
9317254    0.3729283    0.3449648
8290476    0.2635870    0.3176319
7160483    0.4047953    0.2979275
3578406    0.1215780    0.2074143
8653417    0.1287219    0.1456652
5183609    0.5404390    0.5620698
9317528    0.2727551    0.2112996
1365094    0.2127880    0.2584470
3061874    0.2808881    0.3876784
5891230    0.2276907    0.2532196
9603748    0.2451397    0.3171852
6283704    0.0842864    0.1619690
4352098    0.3358923    0.3800896
6175483    0.4677562    0.4142387
8496023    0.1516259    0.2015966
2568307    0.2370991    0.2217303
9731406    0.1191694    0.2100110
3015264    0.2364364    0.2464188
1487932    0.4101857    0.3389351
9706385    0.3472344    0.3261744
4267580    0.4071005    0.3293605
9450781    0.3211172    0.2993546
4328571    0.3664831    0.2992223
8054917    0.3262745    0.2887271
9618250    0.1745989    0.1603162
4867502    0.3658697    0.3984112
9720165    0.4198961    0.3726594
2514308    0.3364096    0.3213149
4693502    0.1955602    0.2656310
4692830    0.5977371    0.5791358
8315042    0.3440053    0.2636713
4768210    0.6686979    0.7847356
4935860    0.2500624    0.4304798
2465970    0.2177032    0.1910225
1098653    0.2683512    0.3326352
6807539    0.3188515    0.2950023
7190582    0.5212715    0.5850204
7369148    0.4514948    0.4803976
3014689    0.2795749    0.2257739
