50987241    0.2942135    0.3301689
81693024    0.1615259    0.1891879
79631548    0.1812138    0.1088846
12507849    0.1052662    0.1598197
65483790    0.0322079    0.1062535
93481752    0.2718664    0.1592817
92165478    0.3181673    0.2179753
72015384    0.5095192    0.3927664
20419573    0.2637484    0.2828596
70843926    0.2776558    0.3060412
30975426    0.2825031    0.3718986
18967543    0.2637843    0.3034081
83429561    0.2568101    0.2004231
71465098    0.3067145    0.2852598
46752830    0.5220824    0.3888154
20819547    0.4023762    0.2726656
19743065    0.0593324    0.1350357
94130527    0.1603314    0.2304058
38960417    0.0926794    0.0851351
89231046    0.0701274    0.1084806
71305486    0.5131515    0.3575237
72153046    0.0292038    0.0208287
31286905    0.1618569    0.0712418
75684932    0.2416156    0.2711720
20519736    0.2078745    0.2748324
62945318    0.1630607    0.1669853
61792438    0.2751650    0.3042334
47098521    0.1130693    0.2269939
56920873    0.2995450    0.3040595
62157849    0.1091794    0.0736343
34982675    0.0478840    0.0331471
43065218    0.2726136    0.2532612
23750186    0.1395542    0.1108973
58346072    0.3937567    0.3628963
65349018    0.3772913    0.3872902
23074169    0.4747303    0.3833022
59387142    0.2924146    0.2767852
50619347    0.3196470    0.3561071
89604375    0.5544792    0.4481961
16504783    0.2812308    0.2692283
84135296    0.0717320    0.1024999
51763480    0.4308012    0.4453772
61784935    0.0502294    0.2333276
46879352    0.1105719    0.1163964
67198240    0.4920497    0.4821444
56140738    0.3249323    0.2767581
32450971    0.1140205    0.1330827
69538402    0.4654601    0.3682753
32156478    0.0373923    0.0620512
60573841    0.0080028    0.1109344
41253670    0.2920886    0.2971654
61927503    0.0583740    0.0766669
72150386    -0.0355079    0.0776552
43780952    0.3129933    0.2301249
71248596    0.0827905    0.1236043
67381945    0.1065278    0.0704945
96138204    0.1449491    0.1481755
32714856    0.3173793    0.2702576
94528706    0.1321287    0.1620021
12458390    0.1245855    0.0978611
65374182    0.0248284    0.0570276
94715302    0.3625983    0.2889324
37049621    0.1162308    0.0374728
71403958    0.3880658    0.4037448
39720486    0.2953125    0.3424703
67851930    0.1565579    0.1707357
34209168    0.1613672    0.2229207
61932785    0.2703631    0.3096160
71453068    0.0661260    0.1178287
56489170    0.3309727    0.5088394
84036972    0.2046254    0.1673970
76415208    0.0900140    0.1247744
32875906    0.3579376    0.4141460
19483527    0.1787383    0.2937171
92057831    0.1228388    0.1334879
31879054    0.3563824    0.3968897
56893071    0.1657909    0.1815383
35842190    0.0440798    0.0242272
45726190    0.1449229    0.1101805
51398260    0.1249023    0.1333795
13658924    0.0792403    0.1026947
95308671    0.2649733    0.1989204
26408915    0.1213319    0.1102744
15780629    0.4336775    0.4672594
97408251    0.0528856    0.0774308
41267093    0.0940958    0.1634767
59230168    0.1671241    0.1180788
78510264    0.0811135    0.1004725
81294637    0.2323228    0.1940009
13480652    0.2119081    0.2577567
14387690    0.2061633    0.2108937
45628709    0.1130647    0.1149986
61487350    0.1231352    0.1470552
12904576    0.3852948    0.4334961
19436725    0.1565862    0.1541420
47812905    0.1007904    0.1145362
68293104    0.0358413    0.0895160
23705914    0.1015233    0.1170748
70251698    0.3058280    0.2899335
57129046    0.0741950    0.0853349
43790281    0.0475672    0.0712318
64213980    0.0801635    0.1182042
20694735    0.0069220    -0.0186477
27159836    0.0332070    0.1331110
93270846    0.3896023    0.3373783
39062841    0.0944830    -0.0308914
81439706    0.1262791    0.1300477
16958274    0.0291058    0.1402953
98526013    0.1456753    0.1532998
34012568    0.4028562    0.3148751
97183264    0.3591365    0.3020863
13085762    0.3273837    0.3985928
10857693    0.2848121    0.2386249
58029641    0.1638877    0.1170519
43206985    0.1951650    0.1515764
42368795    0.4455477    0.3844454
39186520    0.1250224    0.1707249
37068241    0.4272806    0.3780556
59806341    0.3732070    0.4386980
49670328    0.1332543    0.1032602
16375284    0.2126535    0.1991320
32508179    0.0563334    0.1870254
12374650    0.1772530    0.1828932
27156309    0.1905536    0.1488280
12086359    0.0064457    -0.0437614
35897402    0.4143970    0.4325696
68427591    0.0416545    0.0200455
72803641    0.0189457    0.0200805
40236598    0.1331878    0.1298372
16943087    0.1024783    0.1019061
20456318    0.0361747    0.1312565
85709634    0.1365534    0.0550256
50648317    0.3646901    0.3148994
17042638    0.1411405    0.1726417
63175049    0.2735692    0.2572652
86192507    0.0664135    0.0919745
85902746    0.2217552    0.2500930
85320746    0.3344432    0.4131938
12064358    0.1449998    0.1354486
79324150    0.1327389    0.0978747
