43860715    0.0869390    0.0910997
20694735    0.0069220    0.0087854
34209168    0.1613672    0.1325324
43972106    0.3626580    0.2924947
89231046    0.0701274    0.0172723
18967543    0.2637843    0.3319938
68293104    0.0358413    0.0810349
82139740    0.3176008    0.3271483
96302148    0.2372141    0.1552754
32450971    0.1140205    0.1552754
98526013    0.1456753    0.1552754
38960417    0.0926794    0.1018184
32508179    0.0563334    0.0609303
65790324    0.0046216    0.1190779
82769514    0.1071274    0.0712824
95267031    0.1225485    0.0922963
72803641    0.0189457    -0.0641318
20456318    0.0361747    0.0530978
71453068    0.0661260    0.1051848
91052873    0.1417432    0.0403280
42936180    0.4175026    0.2985727
50836291    0.1281155    0.1331229
70264158    0.1874085    0.0993218
48270965    -0.0273596    0.0563021
25976038    0.2738430    0.2653990
19436725    0.1565862    0.1898850
72153046    0.0292038    0.0231372
58346072    0.3937567    0.2785915
61927503    0.0583740    0.0827892
84135296    0.0717320    0.1393416
34982675    0.0478840    0.0982264
58029641    0.1638877    0.1014786
79324150    0.1327389    0.1411796
42368795    0.4455477    0.4359359
25986740    0.1667644    0.1808417
60897513    0.1301192    0.1743559
94130527    0.1603314    0.0789844
87904612    0.1259729    0.1430586
59387142    0.2924146    0.2920876
16943087    0.1024783    0.1753275
63975401    -0.0284755    0.0552960
34072651    0.0493279    0.0963681
84036972    0.2046254    0.1993973
32714856    0.3173793    0.3308720
54879302    0.2807025    0.2551143
46879352    0.1105719    0.0642036
67381945    0.1065278    0.1197114
58319420    0.0758413    0.0648588
72015384    0.5095192    0.5035002
83197206    0.2185750    0.1793083
41253670    0.2920886    0.2925209
82354971    0.0228063    0.1157904
45628709    0.1130647    0.0980653
89604375    0.5544792    0.3549532
27159836    0.0332070    0.1697329
94528706    0.1321287    0.0243853
41267093    0.0940958    0.1552754
98016472    0.1913138    0.1451203
18952376    0.0941340    0.1552754
93270846    0.3896023    0.2878174
27845619    0.2513606    0.2698573
35897402    0.4143970    0.3370479
62945318    0.1630607    0.2194882
71305486    0.5131515    0.3736095
10392748    0.1246251    0.1354558
65483790    0.0322079    0.0736437
16958274    0.0291058    0.1479592
10857693    0.2848121    0.3117886
49670328    0.1332543    0.1238682
15860437    0.1634063    0.1966320
74920568    0.0942004    0.0896142
71465098    0.3067145    0.2066516
61792438    0.2751650    0.2421664
86192507    0.0664135    0.1038796
78691503    0.3143425    0.2678219
70843926    0.2776558    0.2190644
61784935    0.0502294    0.0972425
39720486    0.2953125    0.3232448
93608745    0.2518492    0.2383581
17042638    0.1411405    0.1277304
81439706    0.1262791    0.1438852
12304586    0.2230351    0.3391717
76402381    0.0634703    0.0821657
78510264    0.0811135    0.1385582
61932785    0.2703631    0.2339195
38549061    0.3059458    0.3379601
34189275    0.0542352    0.0617106
62157849    0.1091794    0.0789865
31254760    0.4422659    0.4767329
59230168    0.1671241    0.1799344
67851930    0.1565579    0.1612685
58642793    0.1629138    0.1552754
39186520    0.1250224    0.1753762
39062841    0.0944830    0.1552754
32875906    0.3579376    0.3202578
35842190    0.0440798    0.0354955
62941037    0.3422488    0.3090758
23045176    0.3178396    0.3288149
65349018    0.3772913    0.2845229
51763480    0.4308012    0.3743867
10693257    0.3052177    0.2811727
83429561    0.2568101    0.4431348
34012568    0.4028562    0.2629866
67905128    0.1698469    0.2664603
10378294    0.3021635    0.3590483
68427591    0.0416545    0.1355373
37049621    0.1162308    0.0976074
51398260    0.1249023    0.1552754
85320746    0.3344432    0.3484795
43780952    0.3129933    0.1552754
71403958    0.3880658    0.3637430
13480652    0.2119081    0.1510399
43206985    0.1951650    0.1012868
12507849    0.1052662    0.1394553
20419573    0.2637484    0.1678285
56893071    0.1657909    0.1690080
92165478    0.3181673    0.2320753
13658924    0.0792403    0.0576997
27156309    0.1905536    0.1878058
56140738    0.3249323    0.2958464
12064358    0.1449998    0.1494346
52948361    0.0420176    0.1161469
95308671    0.2649733    0.2290912
12374650    0.1772530    0.2000806
40596718    0.1890510    0.2733986
87196024    0.1803782    0.1166820
20819547    0.4023762    0.5498896
37068241    0.4272806    0.4817933
97428650    0.1566038    0.1509811
40326571    0.2393876    0.3472351
60573841    0.0080028    0.0478798
71248596    0.0827905    0.0412561
63175049    0.2735692    0.3116896
12458390    0.1245855    0.0890211
80163975    -0.0812560    -0.1212609
30975426    0.2825031    0.2612641
50619347    0.3196470    0.3270063
19483527    0.1787383    0.1549745
13085762    0.3273837    0.3969524
47098521    0.1130693    0.1552754
