6851203    0.2527070    0.1590396
3578406    0.1215780    0.2159441
8410523    0.3938945    0.4027357
4327501    0.2126635    0.1186612
9157643    0.4749572    0.2777116
4807153    0.1503095    0.1748102
6283704    0.0842864    0.2270485
7803256    0.3907403    0.4563811
2198367    0.0754390    0.1409465
5714096    0.3797141    0.2986032
7063891    0.3753386    0.3254796
9450781    0.3211172    0.3150275
5196087    0.4362904    0.4547831
2317805    0.4805482    0.3963645
1340285    0.1161054    0.1960784
1895642    0.3019776    0.3481230
7819360    0.3202660    0.3644577
4063285    0.2597609    0.4394568
5160827    0.1363529    0.1563618
6594182    0.0526440    0.1991669
5693807    0.1703150    0.2567459
7243896    0.3525857    0.3733827
9706385    0.3472344    0.4709237
2869347    0.3789614    0.4595677
7254913    0.0828423    0.2159441
4637091    0.4661794    0.3963854
2645180    0.2137118    0.2070753
5732806    0.2107367    0.2135783
4267580    0.4071005    0.3832836
2514308    0.3364096    0.2554222
6315928    0.2469237    0.3519472
9182473    0.1916796    0.1418546
6930741    0.1099527    0.2070861
9267581    0.1851758    0.1400232
8496023    0.1516259    0.1164381
3296450    0.5973707    0.3659894
6319528    0.3046428    0.2083932
1487932    0.4101857    0.3651317
6530821    0.3380645    0.3682451
9380175    0.2946367    0.2159441
4932856    0.2126629    0.1840336
6423907    0.2354790    0.1585015
2541903    0.3190446    0.3736991
5738926    0.3573479    0.3226419
9605831    0.1809202    0.2159441
3250478    0.0873304    0.2159441
5683192    0.4733342    0.4576219
5902371    0.2322153    0.2393630
6271834    0.0263550    0.0969614
2943061    0.1322802    0.1963487
1705239    0.2730497    0.4307809
8463201    0.3381932    0.2899737
7804269    0.1723401    0.1574230
5762910    0.2062399    0.3173810
1790246    0.2481418    0.2965015
5146839    0.5332805    0.4295664
9583261    0.3440669    0.4628244
1735482    0.1225054    0.1637989
2384019    0.2573606    0.2193531
4528069    0.1329296    0.2049703
8054917    0.3262745    0.2462023
1056832    0.1398216    0.1956902
4352098    0.3358923    0.3895388
6895471    0.5201627    0.4091160
5372069    0.3426059    0.3320034
2836405    0.2381882    0.2017092
9518437    0.1673752    0.1455435
3645207    0.1910296    0.1979066
1059674    0.2535736    0.3611106
1694783    0.0640252    0.2271570
5123968    0.5559287    0.4351495
1923504    0.4565430    0.4784240
2941375    0.1039866    0.1480540
2453071    0.2434675    0.1935058
5140362    0.3208159    0.3335330
9084715    0.0584843    -0.1947371
8613947    0.2891041    0.2159441
8653417    0.1287219    0.2022075
3280951    0.0553783    0.0058284
8927605    0.1242698    0.1451757
9321840    0.4420901    0.3862236
2739650    0.1539570    0.1760066
9546732    0.3262210    0.2453199
2081546    0.4467185    0.3860599
2931756    0.2538077    0.2026782
6752138    0.1926357    0.1964808
6971305    0.4535946    0.3429235
7918026    0.0989480    0.1165132
4165230    0.0664882    0.1881707
5170386    0.0831770    0.1854711
2045968    0.1103608    -0.0269343
7369148    0.4514948    0.3331636
4165972    0.2014961    0.1868694
2096537    0.5723276    0.4018021
5894621    0.2282716    0.2605102
8315042    0.3440053    0.2297416
8643509    0.4373056    0.3748289
6543129    0.4651338    0.3807833
5183609    0.5404390    0.3368555
3821574    0.3310490    0.2498275
2568307    0.2370991    0.1212573
2694380    0.2196963    0.1817828
5308146    0.4128936    0.2528532
4692830    0.5977371    0.3214362
4123795    -0.0081841    0.1411413
9618250    0.1745989    0.2105332
2018563    0.3960066    0.4955140
9467830    -0.0446479    0.2159441
9518642    0.5007111    0.3920113
3204167    0.3540025    0.3546104
7190582    0.5212715    0.6859300
8397402    -0.0295911    0.1022068
3741296    0.0530962    0.1470958
6083594    0.4033448    0.3939151
1804532    0.1433767    0.1048159
8597263    0.1450746    0.1389703
1069425    0.5509495    0.4982135
9317254    0.3729283    0.4308096
1260374    0.0731026    0.1519868
7160483    0.4047953    0.2661899
9381746    0.2999753    0.3087507
7521463    0.3398980    0.3549348
3254689    0.3482216    0.3468469
2845369    0.2818527    0.2185834
3582067    0.3364838    0.3675538
5469827    0.0416673    0.1173036
8290476    0.2635870    0.2746499
9245670    0.3915895    0.3115216
6902314    0.1831756    0.1806798
4693502    0.1955602    0.1480771
7348562    0.3256060    0.2696747
7932580    0.4682114    0.3453312
3014689    0.2795749    0.2153605
5831672    0.2538592    0.2929471
2043178    0.4086680    0.3884184
6025847    0.3156327    0.1941901
1365094    0.2127880    0.1925977
3786905    0.2339949    0.3025615
2158347    0.3815083    0.0971252
2465970    0.2177032    0.1572478
