87904612    0.1259729    0.1891098
58319420    0.0758413    0.1581521
9321840    0.4420901    0.4842011
43206985    0.1951650    0.1614598
9576032    0.5069458    0.3483174
9501276    0.0174545    0.1514722
51763480    0.4308012    0.3106815
71453068    0.0661260    0.1945040
2384019    0.2573606    0.1945040
41085739    0.2158497    0.3087457
2836405    0.2381882    0.1949643
63975401    -0.0284755    0.1296886
27845619    0.2513606    0.2635542
36509124    0.1029860    0.1121488
12374650    0.1772530    0.1820475
6807539    0.3188515    0.2970843
16094873    0.0280620    0.1715235
5146839    0.5332805    0.3766602
85320746    0.3344432    0.3067781
9605831    0.1809202    0.3437568
8613947    0.2891041    0.2449632
32450971    0.1140205    0.0670865
65349018    0.3772913    0.2708268
79631548    0.1812138    0.1394126
3578406    0.1215780    0.1743378
59481307    0.1335299    0.1489233
8605217    0.2345106    0.1338758
83429561    0.2568101    0.2050633
3296450    0.5973707    0.5126400
87196024    0.1803782    0.1936680
16958274    0.0291058    0.1857250
47812905    0.1007904    0.1640380
4327501    0.2126635    0.1957352
15860437    0.1634063    0.1354113
24501987    0.1447957    0.1570837
98016472    0.1913138    0.1985129
94528706    0.1321287    0.1182428
97408251    0.0528856    0.1539517
96302148    0.2372141    0.1556841
9245670    0.3915895    0.2709721
4932856    0.2126629    0.1741124
5732806    0.2107367    0.2220859
95267031    0.1225485    0.1780715
67851930    0.1565579    0.1718286
41267093    0.0940958    0.1688380
9518642    0.5007111    0.4455211
5894621    0.2282716    0.2874901
32875906    0.3579376    0.3020344
67905128    0.1698469    0.1796883
3041965    0.4253836    0.2681252
32714856    0.3173793    0.1546198
6278590    0.0292114    0.1302481
3821574    0.3310490    0.1814694
5196087    0.4362904    0.3248104
57129046    0.0741950    0.1362410
9180765    0.1868605    0.3382441
7985463    0.1468814    0.1930610
12507849    0.1052662    0.1740347
93608745    0.2518492    0.2105638
1705239    0.2730497    0.2634470
37419068    0.1121111    0.1945040
67409258    0.3510112    0.2299268
17596823    0.0303843    0.1158519
1895642    0.3019776    0.3253557
70843926    0.2776558    0.1198865
75149062    0.1247694    0.1002893
8927605    0.1242698    0.1708017
56489170    0.3309727    0.1829626
6971305    0.4535946    0.6305677
6039182    0.2504354    0.2506486
1098653    0.2683512    0.2545654
26408915    0.1213319    0.1720825
87563140    0.2003200    0.1783370
4352098    0.3358923    0.3011559
3786905    0.2339949    0.2812624
6530821    0.3380645    0.2455136
38960417    0.0926794    0.1693523
43790281    0.0475672    0.0752977
3204167    0.3540025    0.2810487
46879352    0.1105719    0.0953380
61792438    0.2751650    0.1813547
3149850    0.0295857    0.0575149
4637091    0.4661794    0.3386728
81437256    0.3754057    0.3516204
2018563    0.3960066    0.4148580
61927503    0.0583740    0.0638786
9328467    0.5027560    0.3218789
20519736    0.2078745    0.1945040
10857693    0.2848121    0.2091921
7918026    0.0989480    0.1226404
9381746    0.2999753    0.3398373
30975426    0.2825031    0.2905312
6703951    0.2923357    0.2836570
87932541    0.1275321    0.1538266
6594182    0.0526440    0.1554760
2096537    0.5723276    0.4186160
5648371    0.2782824    0.2709334
2361549    0.1515017    0.2035578
4987650    0.2964038    0.1829980
23074169    0.4747303    0.3600910
4693502    0.1955602    0.2398039
40326571    0.2393876    0.3028399
52634817    0.2849960    0.1945040
54879302    0.2807025    0.2159336
6283704    0.0842864    0.1788265
5891230    0.2276907    0.2055184
4768210    0.6686979    0.2803403
34982675    0.0478840    0.1459980
68293104    0.0358413    0.0708733
8521307    0.3988584    0.1273156
45628709    0.1130647    0.1459965
17042638    0.1411405    0.1945040
60573841    0.0080028    0.0834218
18952376    0.0941340    0.1945040
61784935    0.0502294    0.0908116
39062841    0.0944830    0.0585204
50648317    0.3646901    0.2998336
71204863    0.2342260    0.2035550
5178439    0.3721354    0.3540386
45726190    0.1449229    0.1335959
6138297    0.0625853    0.1693957
4528069    0.1329296    0.1405672
56920873    0.2995450    0.3388883
72153046    0.0292038    0.0734677
20419573    0.2637484    0.1679802
8512390    0.3917661    0.4453430
6083594    0.4033448    0.3620435
2487590    0.1245996    0.1695132
78691503    0.3143425    0.1850282
64021875    0.1019267    0.1314535
6091584    0.0551016    0.1556956
9518437    0.1673752    0.2107107
10378294    0.3021635    0.3072265
16504783    0.2812308    0.3441456
7369148    0.4514948    0.2875253
9157643    0.4749572    0.3528851
2453071    0.2434675    0.2201195
42368795    0.4455477    0.2951961
37049621    0.1162308    0.1292089
34209168    0.1613672    0.2067524
3015264    0.2364364    0.1474237
97183264    0.3591365    0.3318321
9317254    0.3729283    0.2778641
38702645    0.1698794    0.1617411
9257083    0.5751210    0.3481854
5267094    0.2599849    0.3002909
62157849    0.1091794    0.1671688
7803256    0.3907403    0.3325272
7126859    0.0000346    0.1554572
7804269    0.1723401    0.2216892
50129364    0.3502489    0.1866335
63175049    0.2735692    0.2558519
5308146    0.4128936    0.3638141
1056832    0.1398216    0.1569627
31286905    0.1618569    0.1386066
9720165    0.4198961    0.3230844
4857263    0.3738794    0.3144434
1302765    0.3472123    0.2754405
62945318    0.1630607    0.1945040
6025847    0.3156327    0.3668261
4165972    0.2014961    0.2813704
67198240    0.4920497    0.3188249
5718692    0.1730530    0.2344744
1735482    0.1225054    0.2565784
5140362    0.3208159    0.4167845
27156309    0.1905536    0.1227909
1260374    0.0731026    0.1258264
7254913    0.0828423    0.0928820
70251698    0.3058280    0.1945040
93481752    0.2718664    0.1508110
1743698    0.3903206    0.2876787
76402381    0.0634703    0.1874041
3891520    0.3327236    0.2215294
3254689    0.3482216    0.3546981
70264158    0.1874085    0.1433036
5294037    0.3698771    0.3397579
89231046    0.0701274    0.0422619
97428650    0.1566038    0.0845259
82769514    0.1071274    0.1194126
3892147    0.0673109    0.0949421
19483527    0.1787383    0.2113188
50942871    0.0802008    0.0956525
65790324    0.0046216    0.1631892
4750928    0.4639964    0.3331885
4692830    0.5977371    0.3351743
2941375    0.1039866    0.1709772
5749680    0.1812531    0.2731594
4935860    0.2500624    0.2624827
4309715    0.1303742    0.2182529
5062718    0.3932812    0.2930514
50987241    0.2942135    0.3656098
2317805    0.4805482    0.3390875
4328571    0.3664831    0.3159533
1932047    0.1806909    0.0463463
67381945    0.1065278    0.0459411
82139740    0.3176008    0.2865849
5170386    0.0831770    0.0981381
9267581    0.1851758    0.2447995
5469827    0.0416673    0.2166624
1365094    0.2127880    0.2780869
23750186    0.1395542    0.1201025
59230168    0.1671241    0.1571743
1320567    0.2311754    0.2481697
67239801    0.1973108    0.2115627
8410523    0.3938945    0.3164018
5831672    0.2538592    0.2393283
32156478    0.0373923    -0.0726091
3014689    0.2795749    0.3214193
6982735    0.1570534    0.1417039
50836291    0.1281155    0.1482121
25976038    0.2738430    0.1778958
56124780    0.1965039    0.1726057
16375284    0.2126535    0.1945040
91052873    0.1417432    0.1685634
67435291    0.3115513    0.2859749
2845369    0.2818527    0.3369879
72015384    0.5095192    0.3685826
6175483    0.4677562    0.4643546
1059674    0.2535736    0.3442535
7190582    0.5212715    0.3839397
92165478    0.3181673    0.3104994
6902314    0.1831756    0.3056861
4267580    0.4071005    0.2870469
84036972    0.2046254    0.1995784
3627410    0.1778646    0.1945040
6315928    0.2469237    0.2664359
94715302    0.3625983    0.2614957
4976231    0.4576726    0.3250575
4123795    -0.0081841    0.1653710
85709634    0.1365534    0.0941999
59387142    0.2924146    0.1941071
16943087    0.1024783    0.2064923
65374182    0.0248284    0.0978886
25986740    0.1667644    0.1788227
3514269    0.2860579    0.2493019
9084715    0.0584843    0.1341301
5902371    0.2322153    0.1941459
6752138    0.1926357    0.1866354
43065218    0.2726136    0.1248320
83764925    0.1711960    0.1953802
5197243    0.5915708    0.4050681
2869347    0.3789614    0.2888224
60897513    0.1301192    0.2497515
48270965    -0.0273596    0.0993504
7548206    0.3996251    0.2647275
4165230    0.0664882    0.1931036
9467830    -0.0446479    0.1315790
9182473    0.1916796    0.1858441
19743065    0.0593324    0.1470258
6491783    0.2638982    0.1802837
5814072    0.1933573    0.1682875
12086359    0.0064457    0.0232009
2673845    0.5641396    0.3115860
5372069    0.3426059    0.2119209
1694783    0.0640252    0.1279544
4807153    0.1503095    0.1628494
3250478    0.0873304    0.1819766
2643098    0.2184954    0.2609982
8317509    0.1872364    0.1790960
95240316    0.1675703    0.2925825
24035867    0.2180151    0.2922093
27159836    0.0332070    0.1347541
61487350    0.1231352    0.0315532
78351290    0.2346316    0.2138954
2739650    0.1539570    0.1509379
85902746    0.2217552    0.2740718
5738926    0.3573479    0.3348328
34189275    0.0542352    0.1068846
86192507    0.0664135    0.0562970
2568307    0.2370991    0.2574383
82609473    -0.0309462    0.1173664
65483790    0.0322079    0.1691764
2158347    0.3815083    0.1424780
4203176    0.0868008    0.1382005
1340285    0.1161054    0.1389861
64213980    0.0801635    0.1161355
5683192    0.4733342    0.3302750
4867502    0.3658697    0.3171301
6135948    0.4934883    0.3388991
71248596    0.0827905    0.1464672
