5648371    0.2782824    0.2678550
92057831    0.1228388    0.1521291
5183609    0.5404390    0.5656390
5831672    0.2538592    0.2489367
40568932    0.1124073    0.1071227
34105672    0.1870527    0.1504385
18325407    0.3715184    0.3271977
59230168    0.1671241    0.1302779
7932580    0.4682114    0.4139566
93608745    0.2518492    0.2547522
93507642    0.2040192    0.1762499
5814072    0.1933573    0.1838957
23074169    0.4747303    0.3893909
3092751    0.0439309    0.1959713
3821574    0.3310490    0.3006645
8410523    0.3938945    0.3411456
3645207    0.1910296    0.1638001
13085762    0.3273837    0.3808702
3296450    0.5973707    0.4722854
6902314    0.1831756    0.2000938
92165478    0.3181673    0.3130829
83265941    0.1260843    0.1433867
84135296    0.0717320    0.1465334
20456318    0.0361747    0.1132452
50648317    0.3646901    0.3477074
12374650    0.1772530    0.1703639
7548206    0.3996251    0.4415628
5619803    0.1762386    0.2905235
62941037    0.3422488    0.2593591
6083594    0.4033448    0.4933635
2941375    0.1039866    0.1559011
56489170    0.3309727    0.1505295
2384019    0.2573606    0.2972810
67198240    0.4920497    0.3661783
37049621    0.1162308    0.1831649
5738926    0.3573479    0.4345677
72015384    0.5095192    0.4910486
36509124    0.1029860    0.0920199
4768210    0.6686979    0.6474593
16375284    0.2126535    0.1853024
16943087    0.1024783    0.1259519
9605831    0.1809202    0.3194768
9765234    0.3451286    0.4098789
57043269    0.2307362    0.2640024
5196087    0.4362904    0.4243000
15860437    0.1634063    0.1650934
3264017    0.1892763    0.2103820
5308146    0.4128936    0.2965456
19483527    0.1787383    0.3582377
49670328    0.1332543    0.1889356
40596718    0.1890510    0.3070114
8613947    0.2891041    0.2267158
56893071    0.1657909    0.2349912
4750928    0.4639964    0.4610415
46879352    0.1105719    0.0978990
79648230    0.2436525    0.2827310
9084235    0.2844537    0.2269680
50942871    0.0802008    0.1224881
9138254    0.2920520    0.2809385
5762910    0.2062399    0.3049793
5197243    0.5915708    0.4782019
2514308    0.3364096    0.2982596
2158347    0.3815083    0.1985037
3627410    0.1778646    0.2777265
67851930    0.1565579    0.2058450
3041965    0.4253836    0.2913589
9618250    0.1745989    0.2094189
41085739    0.2158497    0.1239054
7905641    0.2707025    0.2736077
75684932    0.2416156    0.1987357
5187042    0.1334780    0.1090157
61932785    0.2703631    0.1939872
52634817    0.2849960    0.1607829
23045176    0.3178396    0.2281199
7130825    0.2484626    0.1603160
19743065    0.0593324    0.1302368
3280951    0.0553783    0.0832137
62945318    0.1630607    0.2052253
7369148    0.4514948    0.4849237
50987241    0.2942135    0.4076437
1365094    0.2127880    0.2882214
46752830    0.5220824    0.5911571
13658924    0.0792403    0.1555663
9380175    0.2946367    0.2542552
95308671    0.2649733    0.1188342
6982735    0.1570534    0.1556462
5749680    0.1812531    0.1693732
85320746    0.3344432    0.4060838
9840216    0.0807284    0.0889566
6752138    0.1926357    0.2243558
2045968    0.1103608    0.1170545
4637091    0.4661794    0.5776787
9157643    0.4749572    0.4011695
2018563    0.3960066    0.4830289
32875906    0.3579376    0.4728232
4309715    0.1303742    0.1618145
81439706    0.1262791    0.1155059
27845619    0.2513606    0.3308945
72803641    0.0189457    0.1812598
94185602    0.0684437    0.0831905
43972106    0.3626580    0.4026835
9317528    0.2727551    0.2617523
8512390    0.3917661    0.3758088
7803256    0.3907403    0.3454577
67435291    0.3115513    0.3282260
59481307    0.1335299    0.1094968
7063891    0.3753386    0.4529235
24035867    0.2180151    0.2660028
6091584    0.0551016    0.1143164
58029641    0.1638877    0.1750637
91052873    0.1417432    0.1153883
9603748    0.2451397    0.2509511
39062841    0.0944830    0.1492635
5294037    0.3698771    0.2563339
31879054    0.3563824    0.2618490
3014689    0.2795749    0.2270928
7243896    0.3525857    0.1971881
9518437    0.1673752    0.2597922
31254760    0.4422659    0.1719586
7521463    0.3398980    0.3946809
85709634    0.1365534    0.1284562
18952376    0.0941340    0.2397529
4693502    0.1955602    0.2695572
23750186    0.1395542    0.1776231
6315928    0.2469237    0.2815036
16094873    0.0280620    0.0907297
8643509    0.4373056    0.5038274
8315042    0.3440053    0.2846153
4932856    0.2126629    0.2246226
6971305    0.4535946    0.5972347
2487590    0.1245996    0.1417598
1895642    0.3019776    0.3820781
5140362    0.3208159    0.3123199
43860715    0.0869390    0.1375507
31286905    0.1618569    0.1224627
2498173    0.3937241    0.4241530
84036972    0.2046254    0.1113364
2673845    0.5641396    0.4201826
70251698    0.3058280    0.2249709
7190582    0.5212715    0.4309807
14387690    0.2061633    0.2451012
98016472    0.1913138    0.1730655
6319528    0.3046428    0.2142596
9546732    0.3262210    0.2461548
61784935    0.0502294    0.1324156
82769514    0.1071274    0.1454799
82139740    0.3176008    0.2318384
74920653    0.4227876    0.5403312
93481752    0.2718664    0.1883551
4063285    0.2597609    0.3521315
1098653    0.2683512    0.3166371
12458390    0.1245855    0.1561347
2541903    0.3190446    0.3770601
27159836    0.0332070    0.0808565
16958274    0.0291058    0.1213261
10857693    0.2848121    0.2393093
35280617    -0.0191183    0.1765895
97408251    0.0528856    0.1682862
78691503    0.3143425    0.1329578
6025847    0.3156327    0.3665425
2081546    0.4467185    0.2673509
3740286    0.4547719    0.4598485
2078916    0.2681468    0.2821731
61487350    0.1231352    0.1346747
8653417    0.1287219    0.2227370
69578014    0.2654074    0.1492014
47812905    0.1007904    0.0990577
68293104    0.0358413    0.0656149
2760143    0.3529654    0.2045608
1923504    0.4565430    0.3596448
34189275    0.0542352    0.1351554
58346072    0.3937567    0.2852004
60573841    0.0080028    0.2152733
65349018    0.3772913    0.2168563
50619347    0.3196470    0.2440545
70264158    0.1874085    0.1015885
34982675    0.0478840    0.1037490
69538402    0.4654601    0.3072424
8054917    0.3262745    0.3189834
56140738    0.3249323    0.1312327
1279568    -0.0397060    0.1431119
81437256    0.3754057    0.4495087
32468591    0.2064951    0.2238871
79324150    0.1327389    0.1115518
1320567    0.2311754    0.2080961
71453068    0.0661260    0.1617446
61792438    0.2751650    0.1505460
39186520    0.1250224    0.1690197
32508179    0.0563334    0.0976630
3215784    0.0695981    0.0538942
54789260    0.0388761    0.1329088
2819470    0.3080540    0.2879908
57129046    0.0741950    0.0799209
9425807    0.3096627    0.2392121
83764925    0.1711960    0.1240019
9583261    0.3440669    0.3544193
10693257    0.3052177    0.2280670
5891230    0.2276907    0.0834584
9084715    0.0584843    0.0983222
1487932    0.4101857    0.4942310
3061874    0.2808881    0.3016135
38960417    0.0926794    0.1159862
4352098    0.3358923    0.3554069
9518642    0.5007111    0.3601063
78351290    0.2346316    0.2920699
2931756    0.2538077    0.2503291
9607438    0.1222324    0.1998363
6039182    0.2504354    0.3602120
95267031    0.1225485    0.1749637
4935860    0.2500624    0.3518438
6930741    0.1099527    0.2456419
7160483    0.4047953    0.4387462
2317805    0.4805482    0.3508323
6748193    0.2073776    0.1434312
58642793    0.1629138    0.1469167
12086359    0.0064457    0.0941284
62157849    0.1091794    0.0848580
9317254    0.3729283    0.3635873
63975401    -0.0284755    0.0998445
40236598    0.1331878    0.1078515
74920568    0.0942004    0.0910588
4267580    0.4071005    0.2753329
6175483    0.4677562    0.4546026
9576032    0.5069458    0.4383704
3056417    0.3964929    0.3491033
6807539    0.3188515    0.3229467
6423907    0.2354790    0.1495384
2943061    0.1322802    0.2948398
9450781    0.3211172    0.3263691
62897034    0.1620364    0.1567743
76415208    0.0900140    0.1359852
54879302    0.2807025    0.3547289
85902746    0.2217552    0.2589157
32156478    0.0373923    0.1303715
87563140    0.2003200    0.1420975
6271834    0.0263550    0.1037636
3582067    0.3364838    0.3595355
17596823    0.0303843    0.1384351
7804269    0.1723401    0.1887706
3204167    0.3540025    0.3452445
89604375    0.5544792    0.3254718
4867502    0.3658697    0.2670426
78510264    0.0811135    0.2221085
71204863    0.2342260    0.1541068
5469827    0.0416673    0.1208833
39720486    0.2953125    0.3721575
7819360    0.3202660    0.4315103
3612974    0.1838014    0.2288210
5894621    0.2282716    0.2551288
34209168    0.1613672    0.1964175
96302148    0.2372141    0.1458065
5062718    0.3932812    0.2623459
30694825    0.0365880    0.1376958
1340285    0.1161054    0.1512070
10392748    0.1246251    0.1538199
4328571    0.3664831    0.3014188
5372069    0.3426059    0.2675385
27156309    0.1905536    0.1120631
5902371    0.2322153    0.1548506
7918026    0.0989480    0.1525952
34072651    0.0493279    0.1313177
4165972    0.2014961    0.2062140
10378294    0.3021635    0.3116573
6491783    0.2638982    0.2176410
45068793    0.0582267    0.0635719
5693807    0.1703150    0.3223847
85397462    0.1461277    0.2231087
8463201    0.3381932    0.3748493
4857263    0.3738794    0.4435567
25976038    0.2738430    0.2033380
16504783    0.2812308    0.3373293
51398260    0.1249023    0.1379228
32714856    0.3173793    0.1809388
12064358    0.1449998    0.1867566
60897513    0.1301192    0.2228671
20694735    0.0069220    0.1136798
95240316    0.1675703    0.2080111
67409258    0.3510112    0.2557292
38549061    0.3059458    0.2996095
87196024    0.1803782    0.1351252
