5183609    0.5404390    0.6781954
81294637    0.2323228    0.2655841
71248596    0.0827905    0.1102202
4328571    0.3664831    0.2909285
97408251    0.0528856    0.1102202
5308146    0.4128936    0.3135307
4309715    0.1303742    0.1102202
9084235    0.2844537    0.3249437
2453071    0.2434675    0.2137023
79324150    0.1327389    0.1129205
76415208    0.0900140    0.1102202
9618250    0.1745989    0.1793305
5693807    0.1703150    0.1558328
2487590    0.1245996    0.2328063
16958274    0.0291058    0.1102202
56920873    0.2995450    0.2887397
95308671    0.2649733    0.3166302
56140738    0.3249323    0.3051356
9354761    0.1451593    0.1102202
74920653    0.4227876    0.3465894
1098653    0.2683512    0.3092010
3149850    0.0295857    0.1159682
20419573    0.2637484    0.1821207
6091584    0.0551016    0.1225608
2760143    0.3529654    0.3516634
50942871    0.0802008    0.1102202
2931756    0.2538077    0.2460780
95267031    0.1225485    0.1102202
9518437    0.1673752    0.1102202
13658924    0.0792403    0.1102202
62157849    0.1091794    0.1102202
17596823    0.0303843    0.1102202
2739650    0.1539570    0.1422839
6175483    0.4677562    0.4151549
15860437    0.1634063    0.1757623
75149062    0.1247694    0.1102202
5267094    0.2599849    0.2576545
62897034    0.1620364    0.1313954
85709634    0.1365534    0.1102202
4857263    0.3738794    0.2909345
95063127    0.3365001    0.3730748
9257083    0.5751210    0.4468892
6982735    0.1570534    0.1713134
4935860    0.2500624    0.2526623
1932047    0.1806909    0.1539366
7521463    0.3398980    0.2800159
9576032    0.5069458    0.4452847
63175049    0.2735692    0.2786661
70251698    0.3058280    0.2624969
50836291    0.1281155    0.1102202
93608745    0.2518492    0.2597123
7369148    0.4514948    0.3500435
4637091    0.4661794    0.3603886
3469512    0.2516770    0.3409885
64021875    0.1019267    0.1102202
84036972    0.2046254    0.1894172
57129046    0.0741950    0.1298798
62945318    0.1630607    0.1733581
6025847    0.3156327    0.2838186
2514308    0.3364096    0.2675608
2498173    0.3937241    0.3037423
2694380    0.2196963    0.1554132
94130527    0.1603314    0.1678126
9180765    0.1868605    0.1283286
4165230    0.0664882    0.1102202
89604375    0.5544792    0.4274324
65349018    0.3772913    0.4153766
98526013    0.1456753    0.1685462
45068793    0.0582267    0.1102202
58346072    0.3937567    0.3514192
5894621    0.2282716    0.2558888
40236598    0.1331878    0.1102202
2836405    0.2381882    0.2683521
23750186    0.1395542    0.1102202
85397462    0.1461277    0.1427319
8410523    0.3938945    0.3949246
9720165    0.4198961    0.3038903
2568307    0.2370991    0.1685434
8317509    0.1872364    0.2574045
5469827    0.0416673    0.1102202
59387142    0.2924146    0.2644083
4165972    0.2014961    0.2700738
52634817    0.2849960    0.2649693
81693024    0.1615259    0.2799610
74920568    0.0942004    0.1102202
72015384    0.5095192    0.6183385
2043178    0.4086680    0.3764381
56489170    0.3309727    0.3748392
40568932    0.1124073    0.1102202
4976231    0.4576726    0.3641440
34681702    0.2408399    0.2682381
6748193    0.2073776    0.1811171
16375284    0.2126535    0.1584008
8653417    0.1287219    0.1102202
45726190    0.1449229    0.1145577
5762910    0.2062399    0.1916548
2845369    0.2818527    0.2742321
1279568    -0.0397060    0.1102202
72803641    0.0189457    0.1102202
27159836    0.0332070    0.1102202
7918026    0.0989480    0.1126608
12064358    0.1449998    0.1102202
9603748    0.2451397    0.1949336
3891520    0.3327236    0.2943639
37049621    0.1162308    0.1102202
20456318    0.0361747    0.1102202
65374182    0.0248284    0.1102202
7254913    0.0828423    0.1103738
79631548    0.1812138    0.1102202
49670328    0.1332543    0.1809809
9317254    0.3729283    0.3542408
71204863    0.2342260    0.1754058
7548206    0.3996251    0.5684007
94528706    0.1321287    0.1102202
71453068    0.0661260    0.1102202
20519736    0.2078745    0.2185728
5178439    0.3721354    0.3468115
6491783    0.2638982    0.2467522
31286905    0.1618569    0.1386123
2943061    0.1322802    0.1102202
4960875    0.1032987    0.1102202
47812905    0.1007904    0.1102202
34012568    0.4028562    0.3771746
78691503    0.3143425    0.2791471
43206985    0.1951650    0.2268330
3092751    0.0439309    0.1102443
1365094    0.2127880    0.2830071
5294037    0.3698771    0.3326531
31254760    0.4422659    0.4627503
79648230    0.2436525    0.1764016
2941375    0.1039866    0.1980395
83197206    0.2185750    0.1910780
12304586    0.2230351    0.2410881
3280951    0.0553783    0.1102202
6423907    0.2354790    0.1788234
37068241    0.4272806    0.2918631
10693257    0.3052177    0.3620988
46879352    0.1105719    0.1102202
6543129    0.4651338    0.4374385
98016472    0.1913138    0.1738696
4807153    0.1503095    0.1589460
9605831    0.1809202    0.2115175
72150386    -0.0355079    0.1102202
43065218    0.2726136    0.2535949
1790246    0.2481418    0.2391858
9546732    0.3262210    0.3352617
4867502    0.3658697    0.2735921
9328467    0.5027560    0.4783505
7932580    0.4682114    0.4123289
85320746    0.3344432    0.3251042
80163975    -0.0812560    0.1102202
5140362    0.3208159    0.1997536
9840216    0.0807284    0.1102202
4123795    -0.0081841    0.1102202
4327501    0.2126635    0.1864982
7483150    0.3565000    0.2730370
39062841    0.0944830    0.1102202
7063891    0.3753386    0.3190987
42368795    0.4455477    0.3104573
3578406    0.1215780    0.1102202
16943087    0.1024783    0.1102202
2078916    0.2681468    0.2920735
1320567    0.2311754    0.3260335
5619803    0.1762386    0.1825530
12904576    0.3852948    0.3457307
43208516    0.2005489    0.2461348
48270965    -0.0273596    0.1102202
34209168    0.1613672    0.1676557
10378294    0.3021635    0.2285313
51398260    0.1249023    0.1105555
83429561    0.2568101    0.2166301
5902371    0.2322153    0.1968562
1069425    0.5509495    0.3202643
9731406    0.1191694    0.1102202
6315928    0.2469237    0.2073973
9084715    0.0584843    0.1102202
26408915    0.1213319    0.1133174
32714856    0.3173793    0.3329349
5160827    0.1363529    0.2491977
27845619    0.2513606    0.2789366
5648371    0.2782824    0.2965128
4127693    0.3656554    0.2401725
42936180    0.4175026    0.4468896
2541903    0.3190446    0.2559657
5146839    0.5332805    0.3482768
67409258    0.3510112    0.3499389
47098521    0.1130693    0.1102202
6971305    0.4535946    0.3066453
96302148    0.2372141    0.1851788
9245670    0.3915895    0.3518168
4692830    0.5977371    0.6600544
5718692    0.1730530    0.1191776
4987650    0.2964038    0.2228811
32468591    0.2064951    0.1913989
9765234    0.3451286    0.2925231
6039182    0.2504354    0.2922592
81437256    0.3754057    0.2284922
9380175    0.2946367    0.2796820
34105672    0.1870527    0.1604034
95240316    0.1675703    0.1241279
32508179    0.0563334    0.1102202
4203176    0.0868008    0.1102202
54879302    0.2807025    0.2792060
16094873    0.0280620    0.1102202
8512390    0.3917661    0.3990470
21064358    0.1029364    0.1102202
38960417    0.0926794    0.1102202
34982675    0.0478840    0.1102202
61932785    0.2703631    0.2374955
2673845    0.5641396    0.5651277
5123968    0.5559287    0.5067049
5372069    0.3426059    0.3538001
3627410    0.1778646    0.1102202
72153046    0.0292038    0.1102202
61927503    0.0583740    0.1102202
3582067    0.3364838    0.3793315
62941037    0.3422488    0.2664405
7803256    0.3907403    0.2696129
2317805    0.4805482    0.4094256
3645207    0.1910296    0.2830088
65483790    0.0322079    0.1102202
18325407    0.3715184    0.3331688
15780629    0.4336775    0.4519363
6895471    0.5201627    0.5663173
61792438    0.2751650    0.3524858
4768210    0.6686979    0.3877327
97183264    0.3591365    0.3545414
4750928    0.4639964    0.4974901
2361549    0.1515017    0.1442961
64213980    0.0801635    0.1102202
84135296    0.0717320    0.1200362
43972106    0.3626580    0.4571475
58642793    0.1629138    0.1102202
2081546    0.4467185    0.3531935
87563140    0.2003200    0.1733413
2018563    0.3960066    0.3576580
5197243    0.5915708    0.5619509
6807539    0.3188515    0.2863805
2045968    0.1103608    0.1102202
51763480    0.4308012    0.3236430
6703951    0.2923357    0.3532487
40326571    0.2393876    0.2350728
93481752    0.2718664    0.3935819
19483527    0.1787383    0.1874991
67905128    0.1698469    0.1654992
39720486    0.2953125    0.3023555
3821574    0.3310490    0.2965918
25986740    0.1667644    0.1347553
30975426    0.2825031    0.2461153
3014689    0.2795749    0.2649278
94185602    0.0684437    0.1558113
3254689    0.3482216    0.4872128
59230168    0.1671241    0.1102202
3892147    0.0673109    0.1102202
1487932    0.4101857    0.3986574
71465098    0.3067145    0.2328337
1735482    0.1225054    0.1102202
63975401    -0.0284755    0.1102202
61487350    0.1231352    0.1102202
78510264    0.0811135    0.1102202
8054917    0.3262745    0.3525746
82609473    -0.0309462    0.1763051
61784935    0.0502294    0.1102202
10857693    0.2848121    0.3309332
97428650    0.1566038    0.1102202
40596718    0.1890510    0.1965727
41267093    0.0940958    0.1102202
94715302    0.3625983    0.3605999
8463201    0.3381932    0.3125935
54789260    0.0388761    0.1102202
70843926    0.2776558    0.3473845
75684932    0.2416156    0.1596131
4267580    0.4071005    0.3247777
24035867    0.2180151    0.1963707
2465970    0.2177032    0.1733598
23705914    0.1015233    0.1102202
9381746    0.2999753    0.3083585
82139740    0.3176008    0.3891569
2158347    0.3815083    0.3100485
1923504    0.4565430    0.3991892
