2836405    0.2381882    0.3114591
94528706    0.1321287    0.1863976
3149850    0.0295857    0.1238176
3582067    0.3364838    0.3863319
50836291    0.1281155    0.1669573
38549061    0.3059458    0.3272160
4165972    0.2014961    0.2229225
31254760    0.4422659    0.5316070
48270965    -0.0273596    0.0357158
67381945    0.1065278    0.1052883
7190582    0.5212715    0.5016720
5372069    0.3426059    0.2774378
39062841    0.0944830    0.1079326
65790324    0.0046216    0.1096928
58346072    0.3937567    0.3410074
9084715    0.0584843    0.0995882
82769514    0.1071274    0.1784563
32156478    0.0373923    0.0913398
26408915    0.1213319    0.1427141
62897034    0.1620364    0.1440349
82139740    0.3176008    0.2958784
16943087    0.1024783    0.0878923
7918026    0.0989480    0.1107012
9317528    0.2727551    0.3480939
9467830    -0.0446479    -0.0003685
82609473    -0.0309462    0.0427429
13085762    0.3273837    0.3784909
89231046    0.0701274    0.1628276
41085739    0.2158497    0.1457181
8054917    0.3262745    0.2260063
5732806    0.2107367    0.1547303
70264158    0.1874085    0.0933517
12304586    0.2230351    0.2729935
74920653    0.4227876    0.4142945
5123968    0.5559287    0.5396628
4932856    0.2126629    0.2279194
71403958    0.3880658    0.3689862
71248596    0.0827905    0.1226884
9731406    0.1191694    0.1279432
4203176    0.0868008    0.0761394
2568307    0.2370991    0.2067667
4327501    0.2126635    0.2171346
60897513    0.1301192    0.0714049
83197206    0.2185750    0.2290095
4528069    0.1329296    0.1720957
5619803    0.1762386    0.1777627
9257083    0.5751210    0.7234711
1098653    0.2683512    0.3113708
1487932    0.4101857    0.4729082
2541903    0.3190446    0.3185309
34681702    0.2408399    0.2821470
71305486    0.5131515    0.4886715
82354971    0.0228063    0.0686963
45068793    0.0582267    0.0124801
5197243    0.5915708    0.6383128
17042638    0.1411405    0.1638535
2819470    0.3080540    0.2811924
43790281    0.0475672    0.1324287
4267580    0.4071005    0.5279520
7483150    0.3565000    0.3898705
6807539    0.3188515    0.2487369
2096537    0.5723276    0.7220582
1790246    0.2481418    0.2240494
2673845    0.5641396    0.5252877
9706385    0.3472344    0.3970751
7063891    0.3753386    0.5422313
13658924    0.0792403    0.0652896
34105672    0.1870527    0.1918833
10392748    0.1246251    0.0978488
24501987    0.1447957    0.1722289
78691503    0.3143425    0.2813079
78351290    0.2346316    0.1756289
72803641    0.0189457    0.1039574
87563140    0.2003200    0.1389914
81439706    0.1262791    0.0978649
2198367    0.0754390    0.1042773
6748193    0.2073776    0.1822433
40236598    0.1331878    0.1771946
9084235    0.2844537    0.2743265
12458390    0.1245855    0.0976438
67905128    0.1698469    0.1504951
5683192    0.4733342    0.5546604
87904612    0.1259729    0.1482581
68427591    0.0416545    0.0893968
4857263    0.3738794    0.4045494
5062718    0.3932812    0.4218932
12507849    0.1052662    0.1529739
9425807    0.3096627    0.2674415
52948361    0.0420176    0.0361501
42936180    0.4175026    0.3613279
56893071    0.1657909    0.1906020
4265083    0.3106906    0.2676796
43780952    0.3129933    0.1976480
7819360    0.3202660    0.2833916
70843926    0.2776558    0.3302534
9605831    0.1809202    0.2153111
86192507    0.0664135    0.0822780
50648317    0.3646901    0.2537000
9720165    0.4198961    0.5128503
93608745    0.2518492    0.2446429
1320567    0.2311754    0.3411064
20694735    0.0069220    0.1428647
46752830    0.5220824    0.6523089
47098521    0.1130693    0.1500529
1705239    0.2730497    0.2796417
9518642    0.5007111    0.6050969
91052873    0.1417432    -0.0067008
8597263    0.1450746    0.1844820
50129364    0.3502489    0.3561056
98526013    0.1456753    0.1593012
4987650    0.2964038    0.3386262
9380175    0.2946367    0.2770969
1365094    0.2127880    0.2094118
69578014    0.2654074    0.2319298
6283704    0.0842864    0.0921085
5648371    0.2782824    0.2854069
6930741    0.1099527    0.1080111
8290476    0.2635870    0.1527712
4123795    -0.0081841    0.0446458
5196087    0.4362904    0.3495216
19483527    0.1787383    0.1893903
63975401    -0.0284755    0.0192316
60573841    0.0080028    0.0923178
59230168    0.1671241    0.1503569
40596718    0.1890510    0.2201266
8613947    0.2891041    0.2965130
50987241    0.2942135    0.3364744
7932580    0.4682114    0.6058925
34982675    0.0478840    0.0263937
18967543    0.2637843    0.3027847
49670328    0.1332543    0.1925860
2361549    0.1515017    0.1881527
9328467    0.5027560    0.4585865
43065218    0.2726136    0.2748809
3061874    0.2808881    0.2810092
15780629    0.4336775    0.5011947
4127693    0.3656554    0.2850963
97408251    0.0528856    0.0703081
9576032    0.5069458    0.4102407
12374650    0.1772530    0.1402872
6135948    0.4934883    0.4755391
56920873    0.2995450    0.2632979
7348562    0.3256060    0.3554726
61784935    0.0502294    0.0884783
5183609    0.5404390    0.5896519
8397402    -0.0295911    -0.0179915
61487350    0.1231352    0.1322260
4960875    0.1032987    0.1135254
40326571    0.2393876    0.2188158
50619347    0.3196470    0.3181664
4807153    0.1503095    0.1589883
45628709    0.1130647    0.1213107
6278590    0.0292114    0.1214658
85397462    0.1461277    0.2015077
62941037    0.3422488    0.2195411
3250478    0.0873304    0.1250145
19743065    0.0593324    0.1217794
2043178    0.4086680    0.5508718
9765234    0.3451286    0.3330325
56140738    0.3249323    0.3106584
39186520    0.1250224    0.1997138
1923504    0.4565430    0.4445358
43860715    0.0869390    0.0508250
97428650    0.1566038    0.1320069
80163975    -0.0812560    0.0250824
6319528    0.3046428    0.3262279
58642793    0.1629138    0.1223063
7803256    0.3907403    0.4678454
79648230    0.2436525    0.2397984
72153046    0.0292038    0.1159377
27845619    0.2513606    0.2799412
79324150    0.1327389    0.1482271
38702645    0.1698794    0.2221694
65374182    0.0248284    0.0364187
57129046    0.0741950    0.1033646
1735482    0.1225054    0.1368462
30975426    0.2825031    0.2867913
2078916    0.2681468    0.2691191
1260374    0.0731026    0.0894144
84036972    0.2046254    0.2104895
23045176    0.3178396    0.2365897
9501276    0.0174545    0.1244315
7548206    0.3996251    0.4707013
75149062    0.1247694    0.1981051
94185602    0.0684437    0.0795313
39720486    0.2953125    0.3570287
46879352    0.1105719    0.1514469
8315042    0.3440053    0.2551244
5831672    0.2538592    0.2563885
67851930    0.1565579    0.1774765
1932047    0.1806909    0.1613287
3612974    0.1838014    0.2067013
32875906    0.3579376    0.4029157
6971305    0.4535946    0.3667321
8496023    0.1516259    0.1722557
3786905    0.2339949    0.1885034
23705914    0.1015233    0.1661630
75684932    0.2416156    0.1756339
94130527    0.1603314    0.1001407
5146839    0.5332805    0.5661432
72150386    -0.0355079    0.0552655
2081546    0.4467185    0.3795515
41253670    0.2920886    0.2810630
2845369    0.2818527    0.2528542
83265941    0.1260843    0.1330766
3204167    0.3540025    0.3528170
2453071    0.2434675    0.2895198
8927605    0.1242698    0.1819466
57043269    0.2307362    0.2331204
12086359    0.0064457    0.0760829
34189275    0.0542352    0.0995457
18952376    0.0941340    0.1601790
2739650    0.1539570    0.2132955
98016472    0.1913138    0.1733749
18325407    0.3715184    0.4632200
7130825    0.2484626    0.2634289
32468591    0.2064951    0.2077749
34012568    0.4028562    0.4845502
2158347    0.3815083    0.3434975
15860437    0.1634063    0.1758058
32508179    0.0563334    0.1095140
3740286    0.4547719    0.7375622
2869347    0.3789614    0.4478493
16958274    0.0291058    0.1146761
40568932    0.1124073    0.1413632
12904576    0.3852948    0.3504943
20419573    0.2637484    0.1382764
8410523    0.3938945    0.3578135
71204863    0.2342260    0.2234850
4867502    0.3658697    0.3080158
2760143    0.3529654    0.3893006
12064358    0.1449998    0.1234213
8317509    0.1872364    0.1973424
6543129    0.4651338    0.4729579
87196024    0.1803782    0.1933459
7369148    0.4514948    0.4064642
35897402    0.4143970    0.4027415
1056832    0.1398216    0.0023627
54879302    0.2807025    0.2218709
3891520    0.3327236    0.3301400
54789260    0.0388761    0.1135860
3296450    0.5973707    0.5961396
9840216    0.0807284    0.1739229
32450971    0.1140205    0.1600084
14387690    0.2061633    0.2285957
5718692    0.1730530    0.2052251
2384019    0.2573606    0.2522545
7243896    0.3525857    0.3826811
6039182    0.2504354    0.2838800
7521463    0.3398980    0.3079680
5187042    0.1334780    0.1218823
17596823    0.0303843    0.0355429
47812905    0.1007904    0.0995998
8653417    0.1287219    0.1467157
8643509    0.4373056    0.5633097
6091584    0.0551016    0.1860308
59481307    0.1335299    0.0769344
5178439    0.3721354    0.4472474
23750186    0.1395542    0.0886876
37049621    0.1162308    0.1784021
19436725    0.1565862    0.1848187
4768210    0.6686979    0.8112082
81693024    0.1615259    0.1347902
6315928    0.2469237    0.4045925
3645207    0.1910296    0.1777073
1059674    0.2535736    0.3064844
3741296    0.0530962    0.1246467
3014689    0.2795749    0.2463489
10857693    0.2848121    0.3084290
92057831    0.1228388    0.1408258
36509124    0.1029860    0.1562962
34072651    0.0493279    0.1092207
65483790    0.0322079    0.0481081
61792438    0.2751650    0.3355801
79631548    0.1812138    0.2415100
16094873    0.0280620    0.1693644
56124780    0.1965039    0.2286195
5693807    0.1703150    0.2551025
7804269    0.1723401    0.1363976
9354761    0.1451593    0.1626781
