67409258    0.3510112    0.3043064
10857693    0.2848121    0.2336813
98526013    0.1456753    0.1679665
43065218    0.2726136    0.1414441
25976038    0.2738430    0.2196754
71305486    0.5131515    0.3833721
13480652    0.2119081    0.2118601
70251698    0.3058280    0.2660621
20819547    0.4023762    0.2746294
60573841    0.0080028    0.1032643
32156478    0.0373923    0.0871750
39062841    0.0944830    0.1069270
95240316    0.1675703    0.1849461
39186520    0.1250224    0.1921745
56920873    0.2995450    0.2974835
43860715    0.0869390    0.1266586
67905128    0.1698469    0.1677953
79324150    0.1327389    0.0960284
35280617    -0.0191183    0.0820637
62941037    0.3422488    0.2628790
93481752    0.2718664    0.2728065
69538402    0.4654601    0.4296084
72015384    0.5095192    0.4945369
70843926    0.2776558    0.2591001
78691503    0.3143425    0.2277008
57129046    0.0741950    0.0654565
71248596    0.0827905    0.0622986
40596718    0.1890510    0.1852206
68427591    0.0416545    0.0767202
74920653    0.4227876    0.3483840
46752830    0.5220824    0.6979372
95308671    0.2649733    0.2475964
81437256    0.3754057    0.3158948
67198240    0.4920497    0.3965454
58346072    0.3937567    0.4893996
16943087    0.1024783    0.1057679
56893071    0.1657909    0.1499182
56489170    0.3309727    0.2895338
32468591    0.2064951    0.1750232
60897513    0.1301192    0.1151844
36509124    0.1029860    0.0919749
58642793    0.1629138    0.1118071
12374650    0.1772530    0.1611319
27845619    0.2513606    0.2576465
58319420    0.0758413    -0.0641390
34982675    0.0478840    0.0994190
21064358    0.1029364    0.0922211
69578014    0.2654074    0.2987258
79631548    0.1812138    0.0883265
18952376    0.0941340    0.1787375
93507642    0.2040192    0.2498296
96302148    0.2372141    0.1560844
42936180    0.4175026    0.3396405
71453068    0.0661260    0.0333412
82139740    0.3176008    0.3548322
86192507    0.0664135    -0.0049126
50836291    0.1281155    0.1047017
57043269    0.2307362    0.1570789
31286905    0.1618569    0.1204159
92057831    0.1228388    0.0798569
12086359    0.0064457    0.0094479
34681702    0.2408399    0.1652906
72803641    0.0189457    0.1187551
10693257    0.3052177    0.3493060
59481307    0.1335299    0.1093536
85397462    0.1461277    0.2163550
40236598    0.1331878    0.1468355
32875906    0.3579376    0.3906734
62897034    0.1620364    0.1395514
80163975    -0.0812560    -0.0444175
95267031    0.1225485    0.1362621
16504783    0.2812308    0.3378175
87196024    0.1803782    0.1719290
87904612    0.1259729    0.0734143
83429561    0.2568101    0.2908438
91052873    0.1417432    0.1020643
85320746    0.3344432    0.2633760
45726190    0.1449229    0.0726778
56124780    0.1965039    0.2420445
67435291    0.3115513    0.2638423
12904576    0.3852948    0.3827273
59806341    0.3732070    0.3890195
50648317    0.3646901    0.2459787
71403958    0.3880658    0.3482765
43780952    0.3129933    0.1808896
54789260    0.0388761    0.1191083
25986740    0.1667644    0.0689413
16094873    0.0280620    0.0835741
39720486    0.2953125    0.2296034
20456318    0.0361747    0.0958848
34189275    0.0542352    0.0995361
59230168    0.1671241    0.1376787
10378294    0.3021635    0.1529416
12458390    0.1245855    0.1032447
70264158    0.1874085    0.1685690
35842190    0.0440798    -0.0119818
14387690    0.2061633    0.1546603
76415208    0.0900140    0.0572809
62157849    0.1091794    0.0728832
30694825    0.0365880    0.0740425
17042638    0.1411405    0.1593839
63975401    -0.0284755    0.0569475
23045176    0.3178396    0.3027292
83764925    0.1711960    0.1038068
94130527    0.1603314    0.1350465
50942871    0.0802008    0.0734862
30975426    0.2825031    0.2351433
81439706    0.1262791    0.0809144
64213980    0.0801635    0.0763536
16375284    0.2126535    0.1890496
40326571    0.2393876    0.2389154
97408251    0.0528856    0.1279304
54879302    0.2807025    0.2307131
75149062    0.1247694    0.1060114
79648230    0.2436525    0.2664718
62945318    0.1630607    0.1258167
72153046    0.0292038    0.0085324
16958274    0.0291058    0.0933422
58029641    0.1638877    0.1728059
61792438    0.2751650    0.2166358
72150386    -0.0355079    -0.0668039
43790281    0.0475672    0.0912031
17596823    0.0303843    0.0724477
67851930    0.1565579    0.1833747
61932785    0.2703631    0.1469320
32450971    0.1140205    0.1416008
94715302    0.3625983    0.3435646
38960417    0.0926794    0.1227305
82354971    0.0228063    0.0625582
12507849    0.1052662    0.1424085
96138204    0.1449491    0.1474994
78510264    0.0811135    0.1245664
87563140    0.2003200    0.1655566
82609473    -0.0309462    0.0408432
34012568    0.4028562    0.3285871
97428650    0.1566038    0.1125397
78351290    0.2346316    0.2014074
37049621    0.1162308    0.0939763
50619347    0.3196470    0.3947693
83265941    0.1260843    0.1343441
