34209168    0.1613672    0.1428965
79324150    0.1327389    0.0564170
78510264    0.0811135    0.0949548
43065218    0.2726136    0.2649078
21064358    0.1029364    0.1029457
14387690    0.2061633    0.2851086
56140738    0.3249323    0.2513426
43206985    0.1951650    0.1227419
61927503    0.0583740    0.0697902
95063127    0.3365001    0.3436780
16504783    0.2812308    0.2435302
68293104    0.0358413    0.1185004
50942871    0.0802008    0.1227419
34189275    0.0542352    0.0642862
87196024    0.1803782    0.0967128
67198240    0.4920497    0.4849464
49670328    0.1332543    0.0939093
39186520    0.1250224    0.1485154
10857693    0.2848121    0.2679544
12458390    0.1245855    0.1416081
38960417    0.0926794    0.1122791
59387142    0.2924146    0.2197082
42936180    0.4175026    0.2998850
84036972    0.2046254    0.1785261
46752830    0.5220824    0.4108647
79648230    0.2436525    0.2081971
63975401    -0.0284755    0.1227419
47812905    0.1007904    0.1158454
80163975    -0.0812560    -0.1054980
16094873    0.0280620    0.1227419
62945318    0.1630607    0.1300971
95267031    0.1225485    0.1095938
12374650    0.1772530    0.1312979
26408915    0.1213319    0.1120100
61784935    0.0502294    0.1102667
65374182    0.0248284    0.0533206
61932785    0.2703631    0.1979993
18952376    0.0941340    0.1227419
15860437    0.1634063    0.2692769
27159836    0.0332070    0.1023926
92057831    0.1228388    0.1144092
17042638    0.1411405    0.1292344
67381945    0.1065278    0.0582297
16375284    0.2126535    0.1946813
34982675    0.0478840    0.1130764
18967543    0.2637843    0.2672408
63175049    0.2735692    0.2544655
67409258    0.3510112    0.3243939
85320746    0.3344432    0.3408906
17596823    0.0303843    0.0004742
39720486    0.2953125    0.2980106
31254760    0.4422659    0.3029429
24035867    0.2180151    0.1972000
81294637    0.2323228    0.1545296
34012568    0.4028562    0.3662660
62941037    0.3422488    0.2961909
45628709    0.1130647    0.1227419
13480652    0.2119081    0.2164325
95308671    0.2649733    0.1971348
56920873    0.2995450    0.2808710
59230168    0.1671241    0.1383056
13085762    0.3273837    0.2600569
85397462    0.1461277    0.1566497
96302148    0.2372141    0.1473256
51398260    0.1249023    0.1654031
19743065    0.0593324    0.0846682
83197206    0.2185750    0.2049567
69578014    0.2654074    0.3099108
87932541    0.1275321    0.1227419
57129046    0.0741950    -0.0306409
65790324    0.0046216    0.1036680
12507849    0.1052662    0.1472530
94715302    0.3625983    0.3663644
50836291    0.1281155    0.0651251
60573841    0.0080028    0.0590288
70843926    0.2776558    0.2947844
18325407    0.3715184    0.2864049
65349018    0.3772913    0.2902058
98526013    0.1456753    0.1736921
39062841    0.0944830    0.1227419
71204863    0.2342260    0.2415323
56124780    0.1965039    0.2280364
20519736    0.2078745    0.2142164
51763480    0.4308012    0.4722118
43208516    0.2005489    0.2798370
58346072    0.3937567    0.3979039
43860715    0.0869390    0.0113157
34072651    0.0493279    0.1074739
23750186    0.1395542    0.0612337
52634817    0.2849960    0.1265551
43790281    0.0475672    0.1232096
12086359    0.0064457    0.0942521
34105672    0.1870527    0.1708528
37049621    0.1162308    0.0735449
71305486    0.5131515    0.4414914
74920568    0.0942004    0.0495157
42368795    0.4455477    0.4556581
38702645    0.1698794    0.1708151
16943087    0.1024783    0.1073394
96138204    0.1449491    0.1236019
67435291    0.3115513    0.3033781
46879352    0.1105719    0.1014823
84135296    0.0717320    0.1293845
40568932    0.1124073    0.1327281
50129364    0.3502489    0.2368053
89231046    0.0701274    0.0652124
35897402    0.4143970    0.4030778
40596718    0.1890510    0.2705776
97428650    0.1566038    0.1182743
23045176    0.3178396    0.2527987
71248596    0.0827905    0.0847476
56893071    0.1657909    0.1411620
78691503    0.3143425    0.2639962
62897034    0.1620364    0.1383339
93270846    0.3896023    0.2814434
41085739    0.2158497    0.1914264
93608745    0.2518492    0.2335840
70264158    0.1874085    0.1830000
25986740    0.1667644    0.1902832
59481307    0.1335299    0.0260941
76415208    0.0900140    0.1521077
10392748    0.1246251    0.1168456
75684932    0.2416156    0.3211911
97183264    0.3591365    0.2906402
10378294    0.3021635    0.2339292
58029641    0.1638877    0.1045762
58642793    0.1629138    0.1559414
72150386    -0.0355079    -0.0845527
94185602    0.0684437    0.0369404
10693257    0.3052177    0.2979114
45726190    0.1449229    0.1227419
76402381    0.0634703    0.1268800
64021875    0.1019267    0.0471479
81437256    0.3754057    0.2439674
50648317    0.3646901    0.3212057
32450971    0.1140205    0.1413132
85902746    0.2217552    0.2029091
23705914    0.1015233    0.1106193
78351290    0.2346316    0.1599981
74920653    0.4227876    0.2751779
