9267581    0.1851758    0.2457162
72015384    0.5095192    0.4043490
6752138    0.1926357    0.1753850
96138204    0.1449491    0.1481810
4932856    0.2126629    0.2066006
9603748    0.2451397    0.2044629
82139740    0.3176008    0.3203840
32714856    0.3173793    0.2881348
5894621    0.2282716    0.2065402
32875906    0.3579376    0.2984486
9546732    0.3262210    0.3337410
6971305    0.4535946    0.3629537
31286905    0.1618569    0.0992098
62945318    0.1630607    0.1803702
9317254    0.3729283    0.2849671
2465970    0.2177032    0.2643104
7126859    0.0000346    0.0225086
67198240    0.4920497    0.4173728
37049621    0.1162308    0.1484025
1743698    0.3903206    0.3202088
9317528    0.2727551    0.3257701
1790246    0.2481418    0.2826909
1923504    0.4565430    0.4374369
71403958    0.3880658    0.4160759
82354971    0.0228063    0.1121705
95063127    0.3365001    0.3486873
19436725    0.1565862    0.1879191
79324150    0.1327389    0.1220458
45726190    0.1449229    0.1191941
4265083    0.3106906    0.3001772
4165972    0.2014961    0.2607652
1735482    0.1225054    0.0841582
3296450    0.5973707    0.5754534
5814072    0.1933573    0.1743066
4693502    0.1955602    0.1489415
61487350    0.1231352    0.1489113
3204167    0.3540025    0.3510714
7160483    0.4047953    0.4040570
46752830    0.5220824    0.5766140
7369148    0.4514948    0.4550741
43780952    0.3129933    0.1815259
41267093    0.0940958    0.1736995
5683192    0.4733342    0.3835695
71248596    0.0827905    0.0245354
2081546    0.4467185    0.4530222
3149850    0.0295857    0.1626352
67905128    0.1698469    0.2165120
9583261    0.3440669    0.3405600
4327501    0.2126635    0.2410779
93270846    0.3896023    0.3415472
4807153    0.1503095    0.1737656
31879054    0.3563824    0.2824264
4692830    0.5977371    0.4336474
78691503    0.3143425    0.2303788
5831672    0.2538592    0.1667959
7190582    0.5212715    0.4265417
2739650    0.1539570    0.1840460
2384019    0.2573606    0.1978922
72150386    -0.0355079    -0.0379597
62157849    0.1091794    0.0614130
8653417    0.1287219    0.1533963
83265941    0.1260843    0.1541379
60897513    0.1301192    0.0741092
71465098    0.3067145    0.2295535
16094873    0.0280620    0.0453011
47098521    0.1130693    0.0527848
6902314    0.1831756    0.2113085
1279568    -0.0397060    0.1261495
6543129    0.4651338    0.4435839
3821574    0.3310490    0.3260719
5170386    0.0831770    0.1375142
52634817    0.2849960    0.1807835
63175049    0.2735692    0.2186101
16504783    0.2812308    0.2887356
2487590    0.1245996    0.1192979
93481752    0.2718664    0.2467876
61792438    0.2751650    0.1888515
9354761    0.1451593    0.1222451
5197243    0.5915708    0.5520176
65349018    0.3772913    0.3590271
4960875    0.1032987    0.1423764
9245670    0.3915895    0.3242306
12304586    0.2230351    0.2137423
8463201    0.3381932    0.3160826
6039182    0.2504354    0.2854137
87196024    0.1803782    0.1281734
76415208    0.0900140    0.1179963
23045176    0.3178396    0.2400024
8521307    0.3988584    0.3546947
68293104    0.0358413    0.0857611
19743065    0.0593324    0.1086494
10693257    0.3052177    0.2180999
61927503    0.0583740    0.0594150
18325407    0.3715184    0.3522997
67409258    0.3510112    0.3120617
87932541    0.1275321    0.1280915
8290476    0.2635870    0.2168229
78510264    0.0811135    0.0692011
2317805    0.4805482    0.4704216
9084715    0.0584843    0.0149095
5062718    0.3932812    0.3975774
4309715    0.1303742    0.0943961
20456318    0.0361747    0.1353892
9157643    0.4749572    0.3308756
93507642    0.2040192    0.2455676
1260374    0.0731026    0.0288083
20694735    0.0069220    0.0497065
2931756    0.2538077    0.2455280
4328571    0.3664831    0.3554832
56124780    0.1965039    0.2051062
93608745    0.2518492    0.2111401
9765234    0.3451286    0.3843355
34012568    0.4028562    0.3832363
9720165    0.4198961    0.3319156
3612974    0.1838014    0.1407452
67239801    0.1973108    0.2194112
7905641    0.2707025    0.2670627
85709634    0.1365534    0.1881347
25976038    0.2738430    0.1854398
6271834    0.0263550    0.0814754
97183264    0.3591365    0.3620533
7932580    0.4682114    0.2786209
3280951    0.0553783    0.1638718
19483527    0.1787383    0.2733176
32450971    0.1140205    0.1499932
2453071    0.2434675    0.3155060
3582067    0.3364838    0.3812522
98016472    0.1913138    0.2782964
70843926    0.2776558    0.2347479
4750928    0.4639964    0.3757432
81437256    0.3754057    0.3728179
71305486    0.5131515    0.5351290
6278590    0.0292114    0.0316680
6283704    0.0842864    0.0313790
40236598    0.1331878    0.1249495
2760143    0.3529654    0.3695122
5183609    0.5404390    0.3241757
2498173    0.3937241    0.3694379
97408251    0.0528856    0.0816717
82769514    0.1071274    0.1427573
80163975    -0.0812560    0.0854822
8927605    0.1242698    0.1190949
9257083    0.5751210    0.5735648
24501987    0.1447957    0.1669157
10392748    0.1246251    0.0981708
63975401    -0.0284755    0.0615511
42368795    0.4455477    0.4918500
58346072    0.3937567    0.5079955
3254689    0.3482216    0.3971483
5714096    0.3797141    0.4513730
1705239    0.2730497    0.2779497
32156478    0.0373923    0.0069824
4857263    0.3738794    0.4066058
57129046    0.0741950    0.0166605
23750186    0.1395542    0.1123389
5294037    0.3698771    0.4200037
5267094    0.2599849    0.2886271
5762910    0.2062399    0.2124802
61932785    0.2703631    0.1716718
4637091    0.4661794    0.4898171
6807539    0.3188515    0.3130923
58642793    0.1629138    0.0442786
34209168    0.1613672    0.1311940
59387142    0.2924146    0.2971833
5693807    0.1703150    0.2567122
84036972    0.2046254    0.1996336
9381746    0.2999753    0.3790600
4267580    0.4071005    0.4986127
3215784    0.0695981    0.0867482
1487932    0.4101857    0.3979785
95267031    0.1225485    0.1025018
2643098    0.2184954    0.1994017
6091584    0.0551016    0.0580037
5749680    0.1812531    0.1779374
9605831    0.1809202    0.1984699
9518437    0.1673752    0.2483367
27159836    0.0332070    0.0351562
15780629    0.4336775    0.2832890
84135296    0.0717320    0.1795953
75684932    0.2416156    0.1917482
6423907    0.2354790    0.2343033
50836291    0.1281155    0.1336498
83429561    0.2568101    0.1894062
52948361    0.0420176    0.0928378
2158347    0.3815083    0.3043941
96302148    0.2372141    0.2392136
61784935    0.0502294    0.0974459
8315042    0.3440053    0.1966399
3092751    0.0439309    0.0987384
45068793    0.0582267    0.0707507
13658924    0.0792403    0.0569566
4127693    0.3656554    0.2377966
6135948    0.4934883    0.4210120
41085739    0.2158497    0.1459624
81693024    0.1615259    0.1711107
16375284    0.2126535    0.1783252
6982735    0.1570534    0.1939465
92165478    0.3181673    0.3637209
32468591    0.2064951    0.2211667
9607438    0.1222324    0.1236215
59230168    0.1671241    0.1092277
2694380    0.2196963    0.2613502
17596823    0.0303843    0.1260701
56489170    0.3309727    0.2868682
49670328    0.1332543    0.1864394
1694783    0.0640252    0.0801242
38702645    0.1698794    0.1688569
67381945    0.1065278    0.0892861
85397462    0.1461277    0.1830290
43790281    0.0475672    0.0073950
14387690    0.2061633    0.1863382
79631548    0.1812138    0.1361351
2198367    0.0754390    0.1715593
7348562    0.3256060    0.3458663
37419068    0.1121111    0.1127630
38960417    0.0926794    0.0680858
17042638    0.1411405    0.1598750
9450781    0.3211172    0.3691618
21064358    0.1029364    0.0604116
58029641    0.1638877    0.1427986
1098653    0.2683512    0.2420044
1320567    0.2311754    0.2383352
65790324    0.0046216    0.0928152
35897402    0.4143970    0.4025329
6895471    0.5201627    0.3893656
12507849    0.1052662    0.1451282
5469827    0.0416673    0.1592964
67435291    0.3115513    0.2710827
6748193    0.2073776    0.1732194
83764925    0.1711960    0.1340533
69578014    0.2654074    0.3658241
39186520    0.1250224    0.1633749
91052873    0.1417432    0.2620548
74920568    0.0942004    0.0818051
78351290    0.2346316    0.1692641
6025847    0.3156327    0.3052914
9138254    0.2920520    0.3310978
4987650    0.2964038    0.3154054
4935860    0.2500624    0.1551483
85320746    0.3344432    0.2712593
8054917    0.3262745    0.3542777
2078916    0.2681468    0.2296216
69538402    0.4654601    0.3907238
5308146    0.4128936    0.3839114
71453068    0.0661260    0.1482899
57043269    0.2307362    0.1349946
71204863    0.2342260    0.1519162
4165230    0.0664882    0.0875003
54789260    0.0388761    0.1112454
5140362    0.3208159    0.3303142
50942871    0.0802008    0.0556903
30694825    0.0365880    0.0143489
7803256    0.3907403    0.3572530
92057831    0.1228388    0.1341706
1895642    0.3019776    0.2719660
2568307    0.2370991    0.2495173
45628709    0.1130647    0.0923248
30975426    0.2825031    0.3529848
62897034    0.1620364    0.1017811
4768210    0.6686979    0.5216714
6315928    0.2469237    0.2262474
27156309    0.1905536    0.1638249
6851203    0.2527070    0.2389262
8410523    0.3938945    0.3877706
1340285    0.1161054    0.1078865
7483150    0.3565000    0.3846237
83197206    0.2185750    0.2993867
98526013    0.1456753    0.1074079
39062841    0.0944830    -0.0898089
48270965    -0.0273596    0.0769418
97428650    0.1566038    0.0561754
7254913    0.0828423    0.1292939
81439706    0.1262791    0.1679683
8397402    -0.0295911    0.0085052
1932047    0.1806909    0.1278110
3578406    0.1215780    0.1104744
15860437    0.1634063    0.1696680
37068241    0.4272806    0.3480533
95240316    0.1675703    0.2294931
72803641    0.0189457    0.0039778
