3892147    0.0673109    0.2369604
9317254    0.3729283    0.3631597
8410523    0.3938945    0.4490482
1320567    0.2311754    0.1653995
7130825    0.2484626    0.2023832
5123968    0.5559287    0.3883807
2541903    0.3190446    0.2611236
6895471    0.5201627    0.4337589
2043178    0.4086680    0.5103064
5062718    0.3932812    0.4384073
4857263    0.3738794    0.4592048
6342708    0.0867694    0.2124978
5178439    0.3721354    0.4551503
2694380    0.2196963    0.2485408
2158347    0.3815083    0.2108618
1098653    0.2683512    0.2286691
9180765    0.1868605    0.2348500
4807153    0.1503095    0.1145132
3469512    0.2516770    0.2097138
9425807    0.3096627    0.1828928
9461730    0.1967047    0.1831870
5894621    0.2282716    0.1244504
1790246    0.2481418    0.2499434
2078916    0.2681468    0.3379864
1804532    0.1433767    0.1332360
4768210    0.6686979    0.7415267
5140362    0.3208159    0.3318543
4309715    0.1303742    0.2385498
4265083    0.3106906    0.3042150
6971305    0.4535946    0.4179750
3578406    0.1215780    0.1931213
3061874    0.2808881    0.2505588
8927605    0.1242698    0.2497498
1895642    0.3019776    0.3603159
7243896    0.3525857    0.3508309
2836405    0.2381882    0.2420740
1279568    -0.0397060    0.0742949
2018563    0.3960066    0.4136823
6138297    0.0625853    0.1563902
3280951    0.0553783    0.2162534
3041965    0.4253836    0.3769743
5902371    0.2322153    0.0852875
3612974    0.1838014    0.1978553
6319528    0.3046428    0.2220080
6491783    0.2638982    0.2116172
9182473    0.1916796    0.3074773
5187042    0.1334780    0.2112911
6423907    0.2354790    0.1472241
2096537    0.5723276    0.6235187
6902314    0.1831756    0.2160744
4528069    0.1329296    0.1485735
9267581    0.1851758    0.1964826
1069425    0.5509495    0.3990967
8613947    0.2891041    0.2820464
1056832    0.1398216    0.1540537
7804269    0.1723401    0.1983319
9354761    0.1451593    0.0392168
1365094    0.2127880    0.1413114
9321840    0.4420901    0.3959794
9518642    0.5007111    0.4223714
2453071    0.2434675    0.1538341
3015264    0.2364364    0.1515132
8653417    0.1287219    0.0906837
5183609    0.5404390    0.5740224
5197243    0.5915708    0.5760446
3092751    0.0439309    0.1111352
1932047    0.1806909    0.1873081
5160827    0.1363529    0.1968213
4693502    0.1955602    0.2221707
2819470    0.3080540    0.3237864
7548206    0.3996251    0.4483255
2361549    0.1515017    0.1739187
9381746    0.2999753    0.3022547
4987650    0.2964038    0.4535132
8521307    0.3988584    0.2275787
5732806    0.2107367    0.1804679
7348562    0.3256060    0.3581874
7126859    0.0000346    0.1289537
1059674    0.2535736    0.3214038
3204167    0.3540025    0.2497498
1260374    0.0731026    0.1004939
1705239    0.2730497    0.4264908
4165972    0.2014961    0.1480044
7483150    0.3565000    0.3973500
2045968    0.1103608    0.1257747
4123795    -0.0081841    0.2113134
7932580    0.4682114    0.4487236
1743698    0.3903206    0.2628814
3627410    0.1778646    0.2163514
2643098    0.2184954    0.2031317
9618250    0.1745989    0.1080757
6315928    0.2469237    0.2489615
9518437    0.1673752    0.1363361
4932856    0.2126629    0.2192325
6930741    0.1099527    0.1351585
4063285    0.2597609    0.2517495
2869347    0.3789614    0.3350735
2941375    0.1039866    0.1660998
5146839    0.5332805    0.4566359
7905641    0.2707025    0.2535799
5170386    0.0831770    0.1745251
6278590    0.0292114    0.2087757
7803256    0.3907403    0.3716940
1923504    0.4565430    0.3963599
5714096    0.3797141    0.4323800
5831672    0.2538592    0.2602871
5749680    0.1812531    0.2241838
5619803    0.1762386    0.1364370
4960875    0.1032987    0.1887151
9706385    0.3472344    0.4239097
4935860    0.2500624    0.2571213
5762910    0.2062399    0.2825423
6543129    0.4651338    0.3526793
5308146    0.4128936    0.3256496
5683192    0.4733342    0.4938464
1340285    0.1161054    0.2047702
9603748    0.2451397    0.3213942
2081546    0.4467185    0.4478840
8290476    0.2635870    0.2129037
4750928    0.4639964    0.3791425
2645180    0.2137118    0.2310317
9328467    0.5027560    0.3450840
9605831    0.1809202    0.2663578
2739650    0.1539570    0.1858206
2673845    0.5641396    0.4375550
9245670    0.3915895    0.3657210
7254913    0.0828423    -0.0060196
3149850    0.0295857    0.2070439
8317509    0.1872364    0.1980816
7819360    0.3202660    0.3138049
7190582    0.5212715    0.5315637
9720165    0.4198961    0.3261703
2198367    0.0754390    0.2137101
6283704    0.0842864    0.2308591
1302765    0.3472123    0.3786995
2384019    0.2573606    0.2054510
4637091    0.4661794    0.3941350
8643509    0.4373056    0.4979449
6982735    0.1570534    0.2436462
7160483    0.4047953    0.4529319
