38549061    0.3059458    0.1639426
59387142    0.2924146    0.2690486
39186520    0.1250224    0.2078598
56893071    0.1657909    0.1479568
60897513    0.1301192    0.1790908
61927503    0.0583740    0.0879229
16094873    0.0280620    0.1011167
98016472    0.1913138    0.1129845
43790281    0.0475672    0.0071001
79648230    0.2436525    0.1641534
30975426    0.2825031    0.3801918
18967543    0.2637843    0.1023719
47812905    0.1007904    0.0924783
67435291    0.3115513    0.3944765
15860437    0.1634063    0.1045932
87563140    0.2003200    0.1495752
76415208    0.0900140    0.0784531
93270846    0.3896023    0.3432072
50648317    0.3646901    0.2954554
92057831    0.1228388    0.1217897
32468591    0.2064951    0.1128091
38702645    0.1698794    0.1818580
94130527    0.1603314    0.1828970
41253670    0.2920886    0.2953810
57129046    0.0741950    0.0730292
58346072    0.3937567    0.2595326
43065218    0.2726136    0.1290416
63975401    -0.0284755    -0.0502950
85320746    0.3344432    0.3099121
60573841    0.0080028    0.1068587
76402381    0.0634703    0.1065476
27156309    0.1905536    0.1557662
47098521    0.1130693    0.1243046
72153046    0.0292038    0.0225041
13480652    0.2119081    0.1475971
20694735    0.0069220    0.1030535
54879302    0.2807025    0.2852945
15780629    0.4336775    0.2095261
64213980    0.0801635    0.0609946
36509124    0.1029860    0.1001907
93507642    0.2040192    0.2631971
95308671    0.2649733    0.2276592
49670328    0.1332543    0.1905982
65349018    0.3772913    0.3014894
80163975    -0.0812560    0.0620023
67851930    0.1565579    0.1360964
10857693    0.2848121    0.3106180
81439706    0.1262791    0.0732734
59806341    0.3732070    0.3098974
32875906    0.3579376    0.4250014
83265941    0.1260843    0.1323794
10392748    0.1246251    0.0822843
74920568    0.0942004    0.1056865
65374182    0.0248284    0.0101970
93608745    0.2518492    0.1888522
14387690    0.2061633    0.1981651
85709634    0.1365534    0.0499672
68427591    0.0416545    0.1190151
17042638    0.1411405    0.2604673
35897402    0.4143970    0.2479113
12458390    0.1245855    0.1035337
67239801    0.1973108    0.1848422
31254760    0.4422659    0.3709747
23705914    0.1015233    0.0796123
51763480    0.4308012    0.4558575
43206985    0.1951650    0.1786412
27159836    0.0332070    0.0919178
70843926    0.2776558    0.2240029
43972106    0.3626580    0.3712198
30694825    0.0365880    0.1053409
25986740    0.1667644    0.2713510
43860715    0.0869390    0.2185582
42936180    0.4175026    0.4043283
94185602    0.0684437    0.0758045
34982675    0.0478840    0.1051539
67409258    0.3510112    0.3767974
42368795    0.4455477    0.3758628
19743065    0.0593324    0.0936253
39720486    0.2953125    0.3835165
23750186    0.1395542    0.0736375
21064358    0.1029364    0.1235418
12086359    0.0064457    0.0831394
75684932    0.2416156    0.1862467
34189275    0.0542352    0.1131515
45628709    0.1130647    0.0924727
43780952    0.3129933    0.2465895
18325407    0.3715184    0.2437508
72150386    -0.0355079    0.0783630
98526013    0.1456753    0.0089575
52634817    0.2849960    0.2642028
56124780    0.1965039    0.2364317
57043269    0.2307362    0.1957350
16504783    0.2812308    0.3231386
10378294    0.3021635    0.2533639
95063127    0.3365001    0.3084714
61792438    0.2751650    0.2324076
96302148    0.2372141    0.1890280
50836291    0.1281155    0.0883906
48270965    -0.0273596    0.0555190
32714856    0.3173793    0.2850462
89604375    0.5544792    0.4361083
59481307    0.1335299    0.1202036
79631548    0.1812138    0.1687001
71248596    0.0827905    0.1157817
52948361    0.0420176    0.0183800
45726190    0.1449229    0.0862161
51398260    0.1249023    0.1389777
61487350    0.1231352    0.1482225
37068241    0.4272806    0.4456954
62945318    0.1630607    0.1866278
46879352    0.1105719    0.1235346
35280617    -0.0191183    0.0542375
13658924    0.0792403    0.0754741
54789260    0.0388761    0.0517193
67198240    0.4920497    0.3848818
32450971    0.1140205    0.0341791
97428650    0.1566038    0.1553277
86192507    0.0664135    0.0624266
72015384    0.5095192    0.4724393
24035867    0.2180151    0.2062132
61932785    0.2703631    0.2810331
23045176    0.3178396    0.2720518
43208516    0.2005489    0.2692190
34209168    0.1613672    0.1435030
95267031    0.1225485    0.1152044
32508179    0.0563334    0.0897984
69538402    0.4654601    0.4666114
13085762    0.3273837    0.2700905
78510264    0.0811135    0.1472840
75149062    0.1247694    0.1082648
81693024    0.1615259    0.2734565
62157849    0.1091794    0.0965205
69578014    0.2654074    0.2029572
50129364    0.3502489    0.2530187
97408251    0.0528856    0.1164354
19483527    0.1787383    0.1886818
83197206    0.2185750    0.2102026
82609473    -0.0309462    0.0059527
37049621    0.1162308    0.1192534
23074169    0.4747303    0.3357521
