3612974    0.1838014    0.1856920
5160827    0.1363529    0.2383808
3786905    0.2339949    0.2295620
5714096    0.3797141    0.4856777
6083594    0.4033448    0.4584954
3582067    0.3364838    0.3191480
7369148    0.4514948    0.4482170
9546732    0.3262210    0.3066139
3056417    0.3964929    0.3775431
5197243    0.5915708    0.4962453
9317528    0.2727551    0.2358783
9381746    0.2999753    0.3142289
2643098    0.2184954    0.2077958
3821574    0.3310490    0.3132015
3061874    0.2808881    0.2567377
3578406    0.1215780    0.1246499
6271834    0.0263550    0.0664094
2739650    0.1539570    0.2393475
9182473    0.1916796    0.1917040
5762910    0.2062399    0.2094699
1302765    0.3472123    0.3562706
2498173    0.3937241    0.4141107
6895471    0.5201627    0.4603556
6748193    0.2073776    0.1943088
1895642    0.3019776    0.3161810
4328571    0.3664831    0.3244957
3741296    0.0530962    0.1550972
1705239    0.2730497    0.1999884
6039182    0.2504354    0.2372209
4327501    0.2126635    0.2159994
9257083    0.5751210    0.5519569
1098653    0.2683512    0.3272239
2819470    0.3080540    0.2579270
7243896    0.3525857    0.3169843
3204167    0.3540025    0.3798071
7819360    0.3202660    0.3526393
2465970    0.2177032    0.2077852
7548206    0.3996251    0.3515892
5718692    0.1730530    0.1983513
1059674    0.2535736    0.3090717
8512390    0.3917661    0.3989820
3514269    0.2860579    0.2795886
5267094    0.2599849    0.2832004
5749680    0.1812531    0.2134417
6930741    0.1099527    0.1533307
5123968    0.5559287    0.3890772
7130825    0.2484626    0.1680572
6807539    0.3188515    0.3212567
5648371    0.2782824    0.3287825
9084715    0.0584843    0.1315002
6491783    0.2638982    0.2493480
4306815    0.5216363    0.5348922
9157643    0.4749572    0.4878296
4960875    0.1032987    0.2069007
1069425    0.5509495    0.5079449
1056832    0.1398216    0.1987643
4165972    0.2014961    0.2775181
3041965    0.4253836    0.4110052
5732806    0.2107367    0.1798802
1279568    -0.0397060    0.0475713
2845369    0.2818527    0.2846218
5062718    0.3932812    0.3816608
9583261    0.3440669    0.3024919
6982735    0.1570534    0.1700493
6530821    0.3380645    0.2936404
1735482    0.1225054    0.0934035
6315928    0.2469237    0.2603644
2018563    0.3960066    0.4193217
6138297    0.0625853    0.1340622
5196087    0.4362904    0.3709162
7521463    0.3398980    0.3091649
4637091    0.4661794    0.4640098
7905641    0.2707025    0.2857159
3092751    0.0439309    0.1600373
2043178    0.4086680    0.3348493
1320567    0.2311754    0.2292551
2453071    0.2434675    0.2163326
3264017    0.1892763    0.2482050
8653417    0.1287219    0.1504373
8290476    0.2635870    0.2811750
9450781    0.3211172    0.2988382
4867502    0.3658697    0.4011813
9607438    0.1222324    0.1658216
4857263    0.3738794    0.3627067
6902314    0.1831756    0.2204607
9720165    0.4198961    0.3313518
5140362    0.3208159    0.2585343
4935860    0.2500624    0.3425336
2487590    0.1245996    0.2214515
9518642    0.5007111    0.5500821
5831672    0.2538592    0.2191351
3891520    0.3327236    0.4082714
2694380    0.2196963    0.1152661
9321840    0.4420901    0.4684656
4987650    0.2964038    0.3081360
4063285    0.2597609    0.2814535
4932856    0.2126629    0.2596841
6091584    0.0551016    0.1081081
4976231    0.4576726    0.5315305
8496023    0.1516259    0.1508474
9467830    -0.0446479    0.0111903
9605831    0.1809202    0.1959648
9603748    0.2451397    0.2190005
1923504    0.4565430    0.5077779
3296450    0.5973707    0.4146059
4750928    0.4639964    0.4541681
9328467    0.5027560    0.5296268
8315042    0.3440053    0.3221715
5683192    0.4733342    0.3779197
3280951    0.0553783    0.0561976
3014689    0.2795749    0.2868027
4203176    0.0868008    0.1550844
7126859    0.0000346    0.0188120
2836405    0.2381882    0.2315220
2645180    0.2137118    0.2473905
5738926    0.3573479    0.3349241
1340285    0.1161054    0.1761406
2568307    0.2370991    0.1608626
2384019    0.2573606    0.2239152
5178439    0.3721354    0.2927813
5902371    0.2322153    0.1855686
2514308    0.3364096    0.3391264
4265083    0.3106906    0.2822765
5170386    0.0831770    0.1567230
6175483    0.4677562    0.4500510
2943061    0.1322802    0.2114256
9731406    0.1191694    0.1330679
4165230    0.0664882    0.1581113
9267581    0.1851758    0.1698361
8613947    0.2891041    0.2713712
5469827    0.0416673    0.1446487
8410523    0.3938945    0.3436615
9840216    0.0807284    0.1329925
2760143    0.3529654    0.2797683
6278590    0.0292114    0.1083108
3250478    0.0873304    0.1384767
4692830    0.5977371    0.4106672
3215784    0.0695981    0.1290582
9518437    0.1673752    0.1490159
9317254    0.3729283    0.3818144
