2018563    0.3960066    0.3482894
5123968    0.5559287    0.4823917
4309715    0.1303742    0.1514657
9706385    0.3472344    0.3584127
6319528    0.3046428    0.3434209
5814072    0.1933573    0.1514142
6752138    0.1926357    0.1923221
8290476    0.2635870    0.2282916
3612974    0.1838014    0.1690879
2941375    0.1039866    0.1544347
7126859    0.0000346    0.0159591
2043178    0.4086680    0.3081626
6039182    0.2504354    0.2518684
8653417    0.1287219    0.1090647
9084235    0.2844537    0.2650252
6895471    0.5201627    0.4098985
7548206    0.3996251    0.3573189
8054917    0.3262745    0.2443171
2836405    0.2381882    0.2042084
1895642    0.3019776    0.2967017
6902314    0.1831756    0.1749244
5894621    0.2282716    0.2385093
9317254    0.3729283    0.2863749
1059674    0.2535736    0.2995368
8317509    0.1872364    0.1760114
4768210    0.6686979    0.5345705
9461730    0.1967047    0.1642267
3296450    0.5973707    0.4566420
4935860    0.2500624    0.3314943
6138297    0.0625853    0.1171480
1302765    0.3472123    0.3104550
2739650    0.1539570    0.1625354
3149850    0.0295857    0.0341579
6851203    0.2527070    0.1696269
9182473    0.1916796    0.2172356
6271834    0.0263550    0.0662036
4063285    0.2597609    0.2617854
4123795    -0.0081841    0.0503104
7985463    0.1468814    0.0667154
8496023    0.1516259    0.1359346
8410523    0.3938945    0.3493641
4265083    0.3106906    0.2993825
6703951    0.2923357    0.3177574
8315042    0.3440053    0.3020733
6594182    0.0526440    0.1426639
9257083    0.5751210    0.5595561
7521463    0.3398980    0.2964277
9084715    0.0584843    -0.0292525
7932580    0.4682114    0.4556477
1260374    0.0731026    0.2144992
7819360    0.3202660    0.3982922
3514269    0.2860579    0.2401723
3254689    0.3482216    0.3949658
5267094    0.2599849    0.3058163
5308146    0.4128936    0.2863423
6083594    0.4033448    0.3749493
9467830    -0.0446479    0.0105695
2541903    0.3190446    0.3843940
5178439    0.3721354    0.3591833
1487932    0.4101857    0.3692859
1098653    0.2683512    0.3234897
6175483    0.4677562    0.5210770
8512390    0.3917661    0.3620141
7190582    0.5212715    0.5228586
7803256    0.3907403    0.4129708
3041965    0.4253836    0.3375802
8613947    0.2891041    0.1920465
2568307    0.2370991    0.2452573
1735482    0.1225054    0.1758687
3891520    0.3327236    0.2770199
5160827    0.1363529    0.1690770
9450781    0.3211172    0.4179366
9501276    0.0174545    0.0409371
6135948    0.4934883    0.4294584
3627410    0.1778646    0.1991045
4976231    0.4576726    0.4076558
5294037    0.3698771    0.3586228
3578406    0.1215780    0.1073575
9180765    0.1868605    0.2082034
9765234    0.3451286    0.3397775
4960875    0.1032987    0.1271250
2198367    0.0754390    0.1102125
9518642    0.5007111    0.4133101
3892147    0.0673109    0.0920032
2673845    0.5641396    0.4670654
9607438    0.1222324    0.1707097
2760143    0.3529654    0.2348463
7369148    0.4514948    0.4427911
9840216    0.0807284    0.1157629
6278590    0.0292114    0.1025878
6543129    0.4651338    0.4414017
5197243    0.5915708    0.6289562
2845369    0.2818527    0.2318991
1340285    0.1161054    0.1173875
1705239    0.2730497    0.2317774
3014689    0.2795749    0.2844074
6807539    0.3188515    0.2324136
8643509    0.4373056    0.4777741
3469512    0.2516770    0.1783581
9720165    0.4198961    0.4226030
3056417    0.3964929    0.3448456
2869347    0.3789614    0.3228343
6283704    0.0842864    0.1860818
4867502    0.3658697    0.3307264
5732806    0.2107367    0.1910521
4328571    0.3664831    0.3881655
5891230    0.2276907    0.1939219
1932047    0.1806909    0.1928353
6530821    0.3380645    0.2725257
3821574    0.3310490    0.2757130
2078916    0.2681468    0.3144476
5749680    0.1812531    0.2236932
6423907    0.2354790    0.1806772
5469827    0.0416673    0.1319848
2694380    0.2196963    0.2120650
3061874    0.2808881    0.3651827
9583261    0.3440669    0.3656297
4932856    0.2126629    0.1808351
2943061    0.1322802    0.1863484
3215784    0.0695981    0.0678197
5170386    0.0831770    0.1479715
1743698    0.3903206    0.3125848
9157643    0.4749572    0.5495469
3092751    0.0439309    0.1359804
4327501    0.2126635    0.2076723
1279568    -0.0397060    0.0393291
5619803    0.1762386    0.1958679
9546732    0.3262210    0.2688265
6091584    0.0551016    0.0664512
2384019    0.2573606    0.1605822
4693502    0.1955602    0.1772028
2158347    0.3815083    0.1870459
1790246    0.2481418    0.3165513
9618250    0.1745989    0.1952146
2317805    0.4805482    0.4054081
2487590    0.1245996    0.1477640
5183609    0.5404390    0.4511936
1056832    0.1398216    0.0485543
5062718    0.3932812    0.3887818
2096537    0.5723276    0.4719417
