1069425    0.5509495    0.4726123
4857263    0.3738794    0.4107291
2673845    0.5641396    0.4689719
5178439    0.3721354    0.3713071
3204167    0.3540025    0.4141567
5762910    0.2062399    0.2249060
5187042    0.1334780    0.1373117
5469827    0.0416673    0.1181306
3056417    0.3964929    0.2804666
5183609    0.5404390    0.4854848
3015264    0.2364364    0.2360422
2941375    0.1039866    0.0910964
1735482    0.1225054    0.1243270
4203176    0.0868008    0.1503548
2694380    0.2196963    0.1894603
4306815    0.5216363    0.5026380
1098653    0.2683512    0.2794276
5294037    0.3698771    0.3606254
7369148    0.4514948    0.4761591
5062718    0.3932812    0.2959841
2498173    0.3937241    0.4729437
2317805    0.4805482    0.4326599
9267581    0.1851758    0.2489789
5714096    0.3797141    0.3773870
9840216    0.0807284    0.1376376
7130825    0.2484626    0.1979086
5197243    0.5915708    0.4709999
6138297    0.0625853    0.0339260
6594182    0.0526440    0.1170779
4328571    0.3664831    0.3778091
7190582    0.5212715    0.5142509
6807539    0.3188515    0.3392675
2931756    0.2538077    0.2320123
3741296    0.0530962    0.0816302
6530821    0.3380645    0.2853864
2836405    0.2381882    0.2372531
3578406    0.1215780    0.0535161
4528069    0.1329296    0.1322935
2018563    0.3960066    0.5029595
4309715    0.1303742    0.1623217
4267580    0.4071005    0.4054557
6902314    0.1831756    0.2144954
6283704    0.0842864    0.1189226
1260374    0.0731026    0.1770734
9180765    0.1868605    0.2052159
2361549    0.1515017    0.1300413
9583261    0.3440669    0.3883927
1790246    0.2481418    0.2710885
2819470    0.3080540    0.3187987
4352098    0.3358923    0.3657225
3821574    0.3310490    0.3212805
2943061    0.1322802    0.1135201
9425807    0.3096627    0.2649074
9518437    0.1673752    0.2255174
1056832    0.1398216    0.1087432
5619803    0.1762386    0.2899347
8463201    0.3381932    0.3005975
1694783    0.0640252    0.1106816
7126859    0.0000346    0.0911594
4327501    0.2126635    0.2374360
6315928    0.2469237    0.2791765
9706385    0.3472344    0.4508557
3627410    0.1778646    0.2109959
6135948    0.4934883    0.4996469
1895642    0.3019776    0.3660575
2487590    0.1245996    0.1871390
5160827    0.1363529    0.1508513
1923504    0.4565430    0.4709176
6083594    0.4033448    0.3450010
7348562    0.3256060    0.3356608
6271834    0.0263550    0.0286593
3215784    0.0695981    0.0900257
3891520    0.3327236    0.3468253
4123795    -0.0081841    -0.0040067
9518642    0.5007111    0.5629590
9381746    0.2999753    0.3034249
8054917    0.3262745    0.3272775
8605217    0.2345106    0.1901424
3645207    0.1910296    0.2177244
5146839    0.5332805    0.3669241
8317509    0.1872364    0.1773341
6025847    0.3156327    0.3108871
5831672    0.2538592    0.2029494
5738926    0.3573479    0.2953660
4807153    0.1503095    0.0953933
1743698    0.3903206    0.2605281
9245670    0.3915895    0.3977070
7254913    0.0828423    0.1085606
6982735    0.1570534    0.1846080
7483150    0.3565000    0.4165601
5891230    0.2276907    0.2477228
4987650    0.2964038    0.3771946
4165972    0.2014961    0.1936442
6895471    0.5201627    0.4574217
8643509    0.4373056    0.4124965
9380175    0.2946367    0.2521800
1804532    0.1433767    0.1288928
3514269    0.2860579    0.3197568
6748193    0.2073776    0.1678442
8653417    0.1287219    0.1207821
3469512    0.2516770    0.2242917
2384019    0.2573606    0.2788908
6703951    0.2923357    0.3325602
4750928    0.4639964    0.4273642
1320567    0.2311754    0.2209701
5732806    0.2107367    0.2077330
8410523    0.3938945    0.3291186
9720165    0.4198961    0.3337582
9084235    0.2844537    0.3232817
4165230    0.0664882    0.1304029
9157643    0.4749572    0.4463713
2645180    0.2137118    0.2271068
5170386    0.0831770    0.1280330
9450781    0.3211172    0.2848180
7985463    0.1468814    0.1139818
5648371    0.2782824    0.2610362
3250478    0.0873304    0.1541059
3612974    0.1838014    0.1842588
4976231    0.4576726    0.4649628
7819360    0.3202660    0.3534946
9576032    0.5069458    0.4610302
5814072    0.1933573    0.1968396
4932856    0.2126629    0.1610223
3041965    0.4253836    0.3774112
8521307    0.3988584    0.3560969
2845369    0.2818527    0.2737322
5683192    0.4733342    0.4507627
4692830    0.5977371    0.4772471
9605831    0.1809202    0.1997728
5894621    0.2282716    0.2199561
9603748    0.2451397    0.2326211
6971305    0.4535946    0.4871320
4127693    0.3656554    0.2609577
7521463    0.3398980    0.3204195
6342708    0.0867694    0.1046621
9317254    0.3729283    0.4217557
5196087    0.4362904    0.4014168
7243896    0.3525857    0.3066458
7905641    0.2707025    0.3425476
8613947    0.2891041    0.2584687
