5718692    0.1730530    0.2100596
7905641    0.2707025    0.1786444
2869347    0.3789614    0.3900537
4987650    0.2964038    0.3059520
2931756    0.2538077    0.2172749
6752138    0.1926357    0.1758319
6902314    0.1831756    0.2430530
8054917    0.3262745    0.3078771
2361549    0.1515017    0.2078246
9461730    0.1967047    0.2398351
5146839    0.5332805    0.4455726
3250478    0.0873304    0.1097216
5178439    0.3721354    0.3952449
1098653    0.2683512    0.2925961
9518437    0.1673752    0.1475233
7369148    0.4514948    0.3770402
7160483    0.4047953    0.3522186
9084715    0.0584843    0.1019491
9840216    0.0807284    0.1600164
3582067    0.3364838    0.3383253
7932580    0.4682114    0.3572969
1735482    0.1225054    0.1969678
2760143    0.3529654    0.3246562
4960875    0.1032987    0.1371347
9245670    0.3915895    0.3911889
9765234    0.3451286    0.4818803
8643509    0.4373056    0.3680178
9317528    0.2727551    0.3314248
7804269    0.1723401    0.1196992
2643098    0.2184954    0.2636550
8397402    -0.0295911    0.0072609
6530821    0.3380645    0.3032643
3892147    0.0673109    0.1483465
2941375    0.1039866    0.1312128
9381746    0.2999753    0.4055703
6283704    0.0842864    0.1525632
3296450    0.5973707    0.5813992
7803256    0.3907403    0.3377206
3514269    0.2860579    0.2812582
4693502    0.1955602    0.2476738
7985463    0.1468814    0.1817453
1487932    0.4101857    0.4620268
6971305    0.4535946    0.4983589
7190582    0.5212715    0.4685850
5693807    0.1703150    0.2404980
3612974    0.1838014    0.1986094
6315928    0.2469237    0.2790915
9518642    0.5007111    0.5714962
2043178    0.4086680    0.4200348
5891230    0.2276907    0.2453408
6930741    0.1099527    0.1014855
1069425    0.5509495    0.5210265
6594182    0.0526440    0.1973860
9182473    0.1916796    0.2596870
1302765    0.3472123    0.3784354
2645180    0.2137118    0.2172935
9706385    0.3472344    0.4029269
5732806    0.2107367    0.2043155
5140362    0.3208159    0.3272055
5372069    0.3426059    0.2615398
4127693    0.3656554    0.3023126
9138254    0.2920520    0.3071209
4867502    0.3658697    0.4083111
4637091    0.4661794    0.5164432
2739650    0.1539570    0.2115570
5738926    0.3573479    0.3957214
4750928    0.4639964    0.4258418
5183609    0.5404390    0.5935422
9084235    0.2844537    0.2729555
8410523    0.3938945    0.4301833
5762910    0.2062399    0.2875280
6491783    0.2638982    0.2530681
2158347    0.3815083    0.2980993
3891520    0.3327236    0.3582875
2514308    0.3364096    0.2778037
9157643    0.4749572    0.4922836
2317805    0.4805482    0.3705055
6748193    0.2073776    0.2098359
7819360    0.3202660    0.3370273
6175483    0.4677562    0.4669274
1705239    0.2730497    0.2870341
5308146    0.4128936    0.4911245
3092751    0.0439309    0.1597362
5187042    0.1334780    0.0411834
1059674    0.2535736    0.2628375
2384019    0.2573606    0.1866168
6138297    0.0625853    0.1010532
9317254    0.3729283    0.3954572
8463201    0.3381932    0.3192859
6807539    0.3188515    0.3544032
4352098    0.3358923    0.3475559
4528069    0.1329296    0.1171401
5062718    0.3932812    0.4061269
1804532    0.1433767    0.1587455
3627410    0.1778646    0.1610198
9618250    0.1745989    0.2359318
9257083    0.5751210    0.5758944
3264017    0.1892763    0.2083721
8290476    0.2635870    0.3195997
3740286    0.4547719    0.4715840
5902371    0.2322153    0.2078941
9501276    0.0174545    0.0752953
9576032    0.5069458    0.3853799
9425807    0.3096627    0.3168442
9607438    0.1222324    0.1589524
6039182    0.2504354    0.3137482
3061874    0.2808881    0.1951736
7918026    0.0989480    0.2368313
1260374    0.0731026    0.0942714
5831672    0.2538592    0.2029896
1340285    0.1161054    0.1097191
6278590    0.0292114    0.1056910
1320567    0.2311754    0.2387660
4692830    0.5977371    0.6276633
1743698    0.3903206    0.3167765
4267580    0.4071005    0.4624543
6703951    0.2923357    0.2974913
7130825    0.2484626    0.2535195
7243896    0.3525857    0.3224102
1932047    0.1806909    0.2230095
3280951    0.0553783    0.0819313
8317509    0.1872364    0.1805137
3821574    0.3310490    0.3255188
7521463    0.3398980    0.2812249
4265083    0.3106906    0.3371534
4935860    0.2500624    0.2131682
4165230    0.0664882    0.0718098
3215784    0.0695981    0.0795693
9180765    0.1868605    0.2964181
6982735    0.1570534    0.1692479
3149850    0.0295857    0.1161771
5749680    0.1812531    0.2957977
4768210    0.6686979    0.6507140
6271834    0.0263550    0.0691074
1365094    0.2127880    0.2222933
2018563    0.3960066    0.4859596
4328571    0.3664831    0.3271328
6083594    0.4033448    0.4463476
5469827    0.0416673    -0.0301119
2498173    0.3937241    0.4133721
