5902371    0.2322153    0.1587297
2158347    0.3815083    0.2992804
5160827    0.1363529    0.1677407
5619803    0.1762386    0.1961699
5062718    0.3932812    0.4302832
1320567    0.2311754    0.2176109
7369148    0.4514948    0.4502190
5762910    0.2062399    0.2265338
6594182    0.0526440    0.1272690
6752138    0.1926357    0.1515430
2941375    0.1039866    0.1969666
9084235    0.2844537    0.3339230
5197243    0.5915708    0.6073114
1790246    0.2481418    0.3127887
9245670    0.3915895    0.3964671
9467830    -0.0446479    0.1102437
1735482    0.1225054    0.0998637
2078916    0.2681468    0.4035199
9425807    0.3096627    0.1952766
5749680    0.1812531    0.2226217
1279568    -0.0397060    -0.0571304
9720165    0.4198961    0.3389699
2931756    0.2538077    0.2489071
6315928    0.2469237    0.2572510
2845369    0.2818527    0.3224957
3296450    0.5973707    0.4015389
7130825    0.2484626    0.2031958
6083594    0.4033448    0.4633691
2498173    0.3937241    0.3321646
5469827    0.0416673    0.0285766
6342708    0.0867694    0.1833467
4203176    0.0868008    0.0588223
3149850    0.0295857    0.1200551
9138254    0.2920520    0.2977428
7243896    0.3525857    0.2790697
3892147    0.0673109    0.1004097
2317805    0.4805482    0.4268827
9450781    0.3211172    0.2687273
4327501    0.2126635    0.2238414
9731406    0.1191694    0.2409466
9576032    0.5069458    0.4408545
4265083    0.3106906    0.3570600
4976231    0.4576726    0.3788689
9317528    0.2727551    0.2053217
5140362    0.3208159    0.3355555
7063891    0.3753386    0.3655252
3061874    0.2808881    0.2852191
4867502    0.3658697    0.3418258
4932856    0.2126629    0.1995048
6138297    0.0625853    0.2000478
1804532    0.1433767    0.0967371
9328467    0.5027560    0.4803000
3204167    0.3540025    0.3837764
2453071    0.2434675    0.1898447
4306815    0.5216363    0.4065830
9603748    0.2451397    0.2417836
3578406    0.1215780    0.1637300
5196087    0.4362904    0.4624102
7521463    0.3398980    0.3091223
2487590    0.1245996    0.1620893
2694380    0.2196963    0.2535770
5718692    0.1730530    0.2286544
3056417    0.3964929    0.2526648
5648371    0.2782824    0.3256101
1923504    0.4565430    0.4370530
6025847    0.3156327    0.3656973
4063285    0.2597609    0.2887433
3215784    0.0695981    0.0757888
9840216    0.0807284    -0.0273967
7126859    0.0000346    0.0885522
6971305    0.4535946    0.3934966
9321840    0.4420901    0.5048499
4807153    0.1503095    0.1718463
2643098    0.2184954    0.2323268
9583261    0.3440669    0.4150126
1098653    0.2683512    0.3141478
4692830    0.5977371    0.4405462
6851203    0.2527070    0.2493138
6091584    0.0551016    -0.0571617
7348562    0.3256060    0.3638691
2673845    0.5641396    0.5919497
4768210    0.6686979    0.5624180
9607438    0.1222324    0.2176039
3821574    0.3310490    0.2787724
4935860    0.2500624    0.3433969
3014689    0.2795749    0.2713073
3015264    0.2364364    0.1490861
8597263    0.1450746    0.1822262
5170386    0.0831770    0.1637616
3740286    0.4547719    0.4744427
4352098    0.3358923    0.4070505
3280951    0.0553783    0.0290592
9618250    0.1745989    0.0758082
4750928    0.4639964    0.5191483
8317509    0.1872364    0.2164274
5738926    0.3573479    0.3847583
9605831    0.1809202    0.2356213
8315042    0.3440053    0.3090788
6902314    0.1831756    0.1776528
2465970    0.2177032    0.2335739
6319528    0.3046428    0.2880055
8927605    0.1242698    0.1616247
7803256    0.3907403    0.3964740
6807539    0.3188515    0.2839232
8496023    0.1516259    0.1340865
5183609    0.5404390    0.5161003
1069425    0.5509495    0.5246167
5831672    0.2538592    0.1993375
7819360    0.3202660    0.3449818
2045968    0.1103608    -0.0017756
8397402    -0.0295911    0.0854695
7160483    0.4047953    0.4516796
8512390    0.3917661    0.3137844
5732806    0.2107367    0.1761446
6423907    0.2354790    0.2331687
6278590    0.0292114    0.1412295
7804269    0.1723401    0.0373925
3092751    0.0439309    0.1742054
8605217    0.2345106    0.1777906
5294037    0.3698771    0.4893185
9706385    0.3472344    0.4494365
1302765    0.3472123    0.3306098
6135948    0.4934883    0.5801318
6271834    0.0263550    0.1298953
2760143    0.3529654    0.1872736
1932047    0.1806909    0.2322281
6175483    0.4677562    0.4543495
9257083    0.5751210    0.5463439
6283704    0.0842864    0.2037846
9380175    0.2946367    0.2677282
8521307    0.3988584    0.2150202
5178439    0.3721354    0.3471729
9501276    0.0174545    0.1555243
6039182    0.2504354    0.2672758
2869347    0.3789614    0.3693515
6703951    0.2923357    0.3602028
1260374    0.0731026    0.1452235
5146839    0.5332805    0.4761531
1056832    0.1398216    0.0520030
2645180    0.2137118    0.2282231
