87563140    0.2003200    0.1516700
56140738    0.3249323    0.3397119
8496023    0.1516259    0.1029642
7548206    0.3996251    0.3056653
37049621    0.1162308    0.1910816
80163975    -0.0812560    -0.0023918
1340285    0.1161054    0.0868996
1895642    0.3019776    0.2955360
8397402    -0.0295911    0.0885361
74920568    0.0942004    0.0823223
16958274    0.0291058    0.0488924
61487350    0.1231352    0.1759068
4267580    0.4071005    0.3178920
1923504    0.4565430    0.4341727
12064358    0.1449998    0.1574491
9603748    0.2451397    0.2471674
2931756    0.2538077    0.2871942
4857263    0.3738794    0.3564908
5062718    0.3932812    0.3232547
34012568    0.4028562    0.3988234
92165478    0.3181673    0.3105524
4976231    0.4576726    0.3908452
4768210    0.6686979    0.7705872
34681702    0.2408399    0.2852495
4165230    0.0664882    0.1607193
26408915    0.1213319    0.1716800
4960875    0.1032987    0.0567420
59387142    0.2924146    0.2731406
9461730    0.1967047    0.2503953
2045968    0.1103608    0.0645776
3296450    0.5973707    0.5772884
63975401    -0.0284755    0.0400575
32468591    0.2064951    0.1759402
4063285    0.2597609    0.3036317
58642793    0.1629138    0.1347768
71248596    0.0827905    0.1342689
8410523    0.3938945    0.3408464
85902746    0.2217552    0.1389052
2078916    0.2681468    0.2431525
3280951    0.0553783    0.0358384
60573841    0.0080028    0.1976968
65374182    0.0248284    0.0127401
96138204    0.1449491    0.0636391
40596718    0.1890510    0.2433703
6902314    0.1831756    0.2159364
3891520    0.3327236    0.2826935
7483150    0.3565000    0.3271902
5140362    0.3208159    0.2656200
9576032    0.5069458    0.4595675
6703951    0.2923357    0.3271237
62157849    0.1091794    0.1241719
38702645    0.1698794    0.2164648
4637091    0.4661794    0.3993800
94528706    0.1321287    0.1625752
2541903    0.3190446    0.3584775
9518437    0.1673752    0.2004804
57129046    0.0741950    -0.0214601
43780952    0.3129933    0.1745884
8521307    0.3988584    0.3890194
3056417    0.3964929    0.3634498
30975426    0.2825031    0.3896860
1735482    0.1225054    0.1477681
57043269    0.2307362    0.2376787
71453068    0.0661260    0.1206835
1804532    0.1433767    0.1148483
83197206    0.2185750    0.1655609
2568307    0.2370991    0.2820652
93270846    0.3896023    0.4686713
9245670    0.3915895    0.4393245
51763480    0.4308012    0.4583094
56489170    0.3309727    0.3433581
91052873    0.1417432    0.2181837
15860437    0.1634063    0.2298302
81294637    0.2323228    0.1551978
62897034    0.1620364    0.1100750
50987241    0.2942135    0.2555269
95240316    0.1675703    0.1507439
47098521    0.1130693    0.1455664
21064358    0.1029364    0.1593562
2941375    0.1039866    0.1646845
50836291    0.1281155    0.1203495
9084715    0.0584843    0.1440660
74920653    0.4227876    0.3840832
16375284    0.2126535    0.1816860
5619803    0.1762386    0.2314428
2043178    0.4086680    0.3792662
94130527    0.1603314    0.1513223
3892147    0.0673109    0.0686575
7803256    0.3907403    0.3232648
71403958    0.3880658    0.3345432
9518642    0.5007111    0.3556367
3254689    0.3482216    0.3586482
43065218    0.2726136    0.2639580
5267094    0.2599849    0.2752344
58319420    0.0758413    0.1297407
20419573    0.2637484    0.1707644
23074169    0.4747303    0.6137822
9706385    0.3472344    0.3075988
36509124    0.1029860    0.1291164
4127693    0.3656554    0.3715024
13658924    0.0792403    0.0633331
64213980    0.0801635    0.0454125
85709634    0.1365534    0.0815280
8605217    0.2345106    0.1337550
1365094    0.2127880    0.1941949
3250478    0.0873304    0.1106785
35897402    0.4143970    0.3411425
62945318    0.1630607    0.1200273
4987650    0.2964038    0.3134323
20519736    0.2078745    0.1742490
2096537    0.5723276    0.4973335
3215784    0.0695981    0.0762096
32508179    0.0563334    0.0295321
4750928    0.4639964    0.4796768
8315042    0.3440053    0.3177069
6025847    0.3156327    0.2920381
5762910    0.2062399    0.2336321
50619347    0.3196470    0.3482803
8290476    0.2635870    0.2365103
69578014    0.2654074    0.1606602
8317509    0.1872364    0.1464405
2673845    0.5641396    0.5165142
71465098    0.3067145    0.2325538
95267031    0.1225485    0.0901056
35842190    0.0440798    0.1078992
35280617    -0.0191183    -0.0144592
38960417    0.0926794    0.1100932
2836405    0.2381882    0.2886989
3061874    0.2808881    0.2032716
1056832    0.1398216    0.0722357
5714096    0.3797141    0.4468030
1302765    0.3472123    0.3122496
6091584    0.0551016    0.0841746
84135296    0.0717320    0.1546280
69538402    0.4654601    0.4695042
6135948    0.4934883    0.3208265
9765234    0.3451286    0.2589075
8927605    0.1242698    0.1492169
2498173    0.3937241    0.3528425
52634817    0.2849960    0.2179497
9138254    0.2920520    0.2888757
9381746    0.2999753    0.2494045
54789260    0.0388761    0.1162139
1694783    0.0640252    0.0031951
10392748    0.1246251    0.1183367
5178439    0.3721354    0.4332640
2643098    0.2184954    0.1867138
7985463    0.1468814    0.1210922
31879054    0.3563824    0.3297285
34982675    0.0478840    0.0783796
68293104    0.0358413    0.0636862
45628709    0.1130647    0.1128285
8613947    0.2891041    0.2066058
13480652    0.2119081    0.1860789
9607438    0.1222324    0.1386922
12374650    0.1772530    0.1613761
16943087    0.1024783    0.1057885
93608745    0.2518492    0.2599139
1320567    0.2311754    0.1948192
27156309    0.1905536    0.1219223
6175483    0.4677562    0.5850720
7804269    0.1723401    0.1492302
18325407    0.3715184    0.2979098
4306815    0.5216363    0.4897356
9731406    0.1191694    0.1763464
9425807    0.3096627    0.3238978
9084235    0.2844537    0.2616778
3264017    0.1892763    0.2731510
34072651    0.0493279    0.0931952
72803641    0.0189457    0.0834802
63175049    0.2735692    0.1996835
37419068    0.1121111    0.0794744
16094873    0.0280620    0.1112113
4123795    -0.0081841    0.0899124
4867502    0.3658697    0.3640916
2158347    0.3815083    0.3466957
16504783    0.2812308    0.3051880
6807539    0.3188515    0.2477524
6930741    0.1099527    0.1253409
7254913    0.0828423    0.0898438
2645180    0.2137118    0.1913792
9467830    -0.0446479    0.0464062
4203176    0.0868008    0.0653800
6982735    0.1570534    0.1218071
84036972    0.2046254    0.1479849
5469827    0.0416673    0.0717565
5749680    0.1812531    0.1510362
37068241    0.4272806    0.3301268
1743698    0.3903206    0.3944145
2943061    0.1322802    0.1252911
2465970    0.2177032    0.1820138
31254760    0.4422659    0.3508449
72153046    0.0292038    0.0635025
5718692    0.1730530    0.2422445
17596823    0.0303843    -0.0270668
7190582    0.5212715    0.4672492
2487590    0.1245996    0.2191639
87932541    0.1275321    0.1314666
89231046    0.0701274    0.0957311
3015264    0.2364364    0.1759313
59481307    0.1335299    0.1623443
1790246    0.2481418    0.2826725
5170386    0.0831770    0.1472149
4693502    0.1955602    0.1557412
6752138    0.1926357    0.1924949
1059674    0.2535736    0.3470797
7063891    0.3753386    0.3130579
5372069    0.3426059    0.2841035
76415208    0.0900140    0.1576186
2760143    0.3529654    0.3541477
81437256    0.3754057    0.3718483
67409258    0.3510112    0.3600268
39186520    0.1250224    0.1598693
5123968    0.5559287    0.4798830
71204863    0.2342260    0.1867403
9501276    0.0174545    0.0166893
9182473    0.1916796    0.2329933
20694735    0.0069220    0.1144633
60897513    0.1301192    0.1363609
1932047    0.1806909    0.1575082
5902371    0.2322153    0.1655127
2018563    0.3960066    0.3901923
27159836    0.0332070    0.0631889
47812905    0.1007904    0.0820903
6039182    0.2504354    0.2127483
6530821    0.3380645    0.3644464
42936180    0.4175026    0.4754895
61927503    0.0583740    0.0159002
4327501    0.2126635    0.2704970
8463201    0.3381932    0.3151596
48270965    -0.0273596    0.0229663
7905641    0.2707025    0.2564619
32450971    0.1140205    0.0956462
61792438    0.2751650    0.2160540
50942871    0.0802008    0.0525861
10693257    0.3052177    0.3345786
24501987    0.1447957    0.1595896
4935860    0.2500624    0.3520055
20819547    0.4023762    0.3891089
65483790    0.0322079    0.0441017
12904576    0.3852948    0.3791261
71305486    0.5131515    0.5320984
58346072    0.3937567    0.3513585
67198240    0.4920497    0.4849595
79631548    0.1812138    0.1981534
67435291    0.3115513    0.3836751
4328571    0.3664831    0.2956511
5894621    0.2282716    0.2733418
3821574    0.3310490    0.2718596
6083594    0.4033448    0.2902253
15780629    0.4336775    0.5111059
27845619    0.2513606    0.2833137
9321840    0.4420901    0.3561458
7348562    0.3256060    0.3783082
25986740    0.1667644    0.1440824
19483527    0.1787383    0.2263284
9354761    0.1451593    0.0815600
96302148    0.2372141    0.2620082
20456318    0.0361747    -0.0300698
43206985    0.1951650    0.1467813
3149850    0.0295857    0.1266694
2198367    0.0754390    0.2182251
45068793    0.0582267    -0.0084956
40236598    0.1331878    0.1280354
61932785    0.2703631    0.1962825
89604375    0.5544792    0.5578810
9180765    0.1868605    0.2284902
3041965    0.4253836    0.4709702
4265083    0.3106906    0.2429418
86192507    0.0664135    0.1155482
94185602    0.0684437    0.1751985
95063127    0.3365001    0.2397606
7918026    0.0989480    0.1394670
65349018    0.3772913    0.3066676
6315928    0.2469237    0.2219328
67905128    0.1698469    0.1717913
12507849    0.1052662    0.1308794
40326571    0.2393876    0.2214129
1487932    0.4101857    0.4371110
8512390    0.3917661    0.4014738
