37068241    0.4272806    0.3731743
12507849    0.1052662    0.1626141
23074169    0.4747303    0.2395373
98016472    0.1913138    0.1760758
63175049    0.2735692    0.2643965
51398260    0.1249023    0.0522131
98526013    0.1456753    0.1626141
38702645    0.1698794    0.1546324
39062841    0.0944830    0.1404429
40326571    0.2393876    0.2358951
94528706    0.1321287    0.1300942
23705914    0.1015233    0.1690260
40568932    0.1124073    0.0650184
32508179    0.0563334    0.0640082
50942871    0.0802008    0.0673702
75149062    0.1247694    0.1626141
50619347    0.3196470    0.3528343
76402381    0.0634703    0.0917212
50129364    0.3502489    0.2395741
32156478    0.0373923    0.1145536
13658924    0.0792403    0.0136443
72803641    0.0189457    0.0636375
71248596    0.0827905    0.1051799
19483527    0.1787383    0.2674100
32468591    0.2064951    0.1669691
18952376    0.0941340    0.1626141
81693024    0.1615259    0.1577088
25986740    0.1667644    0.0858695
13480652    0.2119081    0.1470158
12374650    0.1772530    0.1054946
67409258    0.3510112    0.2479869
94715302    0.3625983    0.3204741
32450971    0.1140205    0.1532020
27159836    0.0332070    0.1335282
69538402    0.4654601    0.3320799
16094873    0.0280620    0.0798317
30694825    0.0365880    0.0588485
83265941    0.1260843    0.1421143
82139740    0.3176008    0.2218747
58319420    0.0758413    0.0727005
46752830    0.5220824    0.3922064
20519736    0.2078745    0.2177035
74920568    0.0942004    0.1671631
93270846    0.3896023    0.3161471
43790281    0.0475672    0.0112515
58346072    0.3937567    0.3496592
20419573    0.2637484    0.1745016
80163975    -0.0812560    0.0794168
85709634    0.1365534    0.1161196
14387690    0.2061633    0.1188022
47098521    0.1130693    0.1626141
35897402    0.4143970    0.2850731
39186520    0.1250224    0.1580995
65790324    0.0046216    0.0844400
32714856    0.3173793    0.2650053
23045176    0.3178396    0.2644781
30975426    0.2825031    0.2957777
70251698    0.3058280    0.1702995
70264158    0.1874085    0.2406454
60897513    0.1301192    0.1444616
71305486    0.5131515    0.2941598
12086359    0.0064457    0.0826831
34189275    0.0542352    0.0274494
83764925    0.1711960    0.1497830
17042638    0.1411405    0.0709084
16504783    0.2812308    0.3365546
12304586    0.2230351    0.2484367
12904576    0.3852948    0.2892617
61792438    0.2751650    0.1002003
71204863    0.2342260    0.2282555
15860437    0.1634063    0.2236841
56124780    0.1965039    0.2081800
91052873    0.1417432    0.0655096
39720486    0.2953125    0.2486535
41267093    0.0940958    0.1626141
48270965    -0.0273596    0.0233675
81294637    0.2323228    0.1404704
95267031    0.1225485    0.0765772
97408251    0.0528856    0.1361093
40596718    0.1890510    0.1367241
62941037    0.3422488    0.2366020
23750186    0.1395542    0.0765148
95308671    0.2649733    0.2877738
92165478    0.3181673    0.3346274
95063127    0.3365001    0.2039682
64021875    0.1019267    0.1173286
45726190    0.1449229    0.0596131
71403958    0.3880658    0.2951756
34209168    0.1613672    0.0679312
67905128    0.1698469    0.1796784
67198240    0.4920497    0.3204157
40236598    0.1331878    0.1552191
56489170    0.3309727    0.1874662
75684932    0.2416156    0.2240146
62897034    0.1620364    0.1734189
78691503    0.3143425    0.2473852
58642793    0.1629138    0.1439841
31879054    0.3563824    0.2620130
94130527    0.1603314    0.1391653
34982675    0.0478840    0.1881705
92057831    0.1228388    0.0810600
89231046    0.0701274    0.1177804
61932785    0.2703631    0.2092664
95240316    0.1675703    0.1761310
31254760    0.4422659    0.2411025
10378294    0.3021635    0.2718385
35842190    0.0440798    0.0585112
42368795    0.4455477    0.3343386
57043269    0.2307362    0.0435308
72150386    -0.0355079    0.1412282
56920873    0.2995450    0.3701308
51763480    0.4308012    0.3537791
87932541    0.1275321    0.0514527
93507642    0.2040192    0.3055823
60573841    0.0080028    0.1228124
96302148    0.2372141    0.1626141
82609473    -0.0309462    0.0694861
20819547    0.4023762    0.2842129
34681702    0.2408399    0.2604859
24501987    0.1447957    0.1435440
67239801    0.1973108    0.2274001
38960417    0.0926794    0.1690043
87563140    0.2003200    0.1555459
43972106    0.3626580    0.3133369
87196024    0.1803782    0.1334140
83197206    0.2185750    0.1511096
43780952    0.3129933    0.1626141
57129046    0.0741950    0.0756849
61784935    0.0502294    0.1536714
71453068    0.0661260    0.0315328
19436725    0.1565862    0.1699667
65374182    0.0248284    0.0836160
61927503    0.0583740    0.1538769
54789260    0.0388761    0.0935425
45628709    0.1130647    0.1328702
85902746    0.2217552    0.1437197
12064358    0.1449998    0.1635387
32875906    0.3579376    0.3182564
59806341    0.3732070    0.4201448
81437256    0.3754057    0.4719491
