62897034    0.1620364    0.1426695
42936180    0.4175026    0.3413774
34072651    0.0493279    0.0822636
45068793    0.0582267    0.0945227
27156309    0.1905536    0.1578042
20694735    0.0069220    0.0800225
32508179    0.0563334    0.1012301
74920568    0.0942004    0.1394931
37049621    0.1162308    0.0562198
94528706    0.1321287    0.1247691
31879054    0.3563824    0.3000285
25986740    0.1667644    0.1549112
72015384    0.5095192    0.3995769
95267031    0.1225485    0.1055654
40596718    0.1890510    0.2395746
80163975    -0.0812560    0.0399720
70264158    0.1874085    0.1974149
71248596    0.0827905    0.1119676
60573841    0.0080028    0.1711424
34681702    0.2408399    0.3319594
50942871    0.0802008    0.1080139
34189275    0.0542352    0.0364633
43780952    0.3129933    0.2438366
14387690    0.2061633    0.1540183
10378294    0.3021635    0.2312488
34209168    0.1613672    0.1420747
20519736    0.2078745    0.2127317
45726190    0.1449229    0.1686430
58029641    0.1638877    0.1168073
62941037    0.3422488    0.3451749
56893071    0.1657909    0.1751914
78691503    0.3143425    0.2273796
94130527    0.1603314    0.1952112
81437256    0.3754057    0.2985116
19483527    0.1787383    0.1821045
97183264    0.3591365    0.2995153
20456318    0.0361747    0.0742981
85320746    0.3344432    0.3252476
82354971    0.0228063    0.0769895
26408915    0.1213319    0.1223219
46752830    0.5220824    0.4565235
65374182    0.0248284    0.1408758
70251698    0.3058280    0.2357937
20819547    0.4023762    0.2843574
83764925    0.1711960    0.1268826
85709634    0.1365534    0.1167634
52948361    0.0420176    0.0709399
89604375    0.5544792    0.5404057
13480652    0.2119081    0.1743218
56489170    0.3309727    0.4078813
83197206    0.2185750    0.1946364
65790324    0.0046216    0.0512944
50129364    0.3502489    0.2636838
56124780    0.1965039    0.2464548
20419573    0.2637484    0.1766852
54879302    0.2807025    0.2107496
61792438    0.2751650    0.1954700
34105672    0.1870527    0.0908622
72803641    0.0189457    0.0260462
13658924    0.0792403    0.0775181
19743065    0.0593324    0.1038834
82769514    0.1071274    0.1201335
96302148    0.2372141    0.0765838
65483790    0.0322079    0.1343697
37068241    0.4272806    0.3052034
31254760    0.4422659    0.4461615
16375284    0.2126535    0.2367226
43790281    0.0475672    0.0795162
52634817    0.2849960    0.2262290
84135296    0.0717320    0.0704240
76402381    0.0634703    0.0905608
37419068    0.1121111    0.0996719
85397462    0.1461277    0.1577415
48270965    -0.0273596    0.0236158
71204863    0.2342260    0.2182119
86192507    0.0664135    0.0821980
93270846    0.3896023    0.4133152
56140738    0.3249323    0.2524109
84036972    0.2046254    0.1638799
72153046    0.0292038    -0.0167970
81439706    0.1262791    0.1435199
47812905    0.1007904    0.1122047
74920653    0.4227876    0.3930233
34982675    0.0478840    0.0772656
91052873    0.1417432    0.1113893
98016472    0.1913138    0.2127528
56920873    0.2995450    0.2601620
71465098    0.3067145    0.2840239
12304586    0.2230351    0.1916028
15860437    0.1634063    0.1932800
23074169    0.4747303    0.3374138
94185602    0.0684437    0.0877131
39720486    0.2953125    0.3489847
31286905    0.1618569    0.1674997
63975401    -0.0284755    0.0724052
16943087    0.1024783    0.1650295
78510264    0.0811135    0.1682372
43206985    0.1951650    0.1772436
18967543    0.2637843    0.2395256
63175049    0.2735692    0.1793303
87904612    0.1259729    0.0590539
41253670    0.2920886    0.3678564
10392748    0.1246251    0.0850841
67198240    0.4920497    0.4281769
16504783    0.2812308    0.2480167
51763480    0.4308012    0.4129956
76415208    0.0900140    0.1010146
51398260    0.1249023    0.1569342
50619347    0.3196470    0.3662991
21064358    0.1029364    0.0854381
82139740    0.3176008    0.3270591
16094873    0.0280620    0.0494776
38960417    0.0926794    0.1768380
15780629    0.4336775    0.4958697
97408251    0.0528856    0.0859640
43860715    0.0869390    0.1071313
23750186    0.1395542    0.0939473
12507849    0.1052662    0.0815215
83265941    0.1260843    0.1487776
39062841    0.0944830    0.1147869
95308671    0.2649733    0.3571032
81294637    0.2323228    0.1903580
71453068    0.0661260    0.0801356
58642793    0.1629138    0.0558222
67905128    0.1698469    0.2110286
58346072    0.3937567    0.2721810
41085739    0.2158497    0.1748006
40236598    0.1331878    0.1700758
30694825    0.0365880    0.1052267
98526013    0.1456753    0.2444340
75149062    0.1247694    0.1816511
12374650    0.1772530    0.0734849
57129046    0.0741950    0.0474366
40326571    0.2393876    0.1810073
10857693    0.2848121    0.2271099
68427591    0.0416545    0.0872402
50987241    0.2942135    0.2718924
18325407    0.3715184    0.2695135
95063127    0.3365001    0.2329712
61487350    0.1231352    0.1496186
