47098521    0.1130693    0.1151857
47812905    0.1007904    0.1949583
34681702    0.2408399    0.2059481
81693024    0.1615259    0.1848454
50987241    0.2942135    0.2461222
82354971    0.0228063    0.0955121
94528706    0.1321287    0.1960991
27845619    0.2513606    0.3748643
32450971    0.1140205    0.1403030
59387142    0.2924146    0.2200003
98526013    0.1456753    0.1409397
72150386    -0.0355079    0.0885270
49670328    0.1332543    0.1292925
43972106    0.3626580    0.3850817
52634817    0.2849960    0.1640261
62945318    0.1630607    0.1876489
68427591    0.0416545    0.1444656
31879054    0.3563824    0.3228159
40326571    0.2393876    0.2751662
65349018    0.3772913    0.1533833
83197206    0.2185750    0.1621518
97408251    0.0528856    0.1651528
78691503    0.3143425    0.1490679
45068793    0.0582267    0.1102613
62941037    0.3422488    0.3668353
97428650    0.1566038    0.1250771
35280617    -0.0191183    0.0886055
39186520    0.1250224    0.2678859
84036972    0.2046254    0.2539985
32714856    0.3173793    0.2044092
78351290    0.2346316    0.1739050
81439706    0.1262791    0.1093386
18967543    0.2637843    0.2179680
15860437    0.1634063    0.2626456
94715302    0.3625983    0.3755483
43780952    0.3129933    0.1262587
94185602    0.0684437    0.0459907
59806341    0.3732070    0.3907179
92165478    0.3181673    0.2725062
67409258    0.3510112    0.2880772
42936180    0.4175026    0.2315853
38960417    0.0926794    0.1099856
10378294    0.3021635    0.2671945
65790324    0.0046216    0.0213961
42368795    0.4455477    0.2920857
72015384    0.5095192    0.2939583
50648317    0.3646901    0.4983728
85902746    0.2217552    0.1483968
67435291    0.3115513    0.3849675
87196024    0.1803782    0.1418825
12458390    0.1245855    0.1060030
18952376    0.0941340    0.1023771
93608745    0.2518492    0.1489411
56124780    0.1965039    0.1711162
72803641    0.0189457    0.0464529
41267093    0.0940958    0.1180434
56893071    0.1657909    0.1942644
96138204    0.1449491    0.0867263
43208516    0.2005489    0.2824127
36509124    0.1029860    0.1324835
83429561    0.2568101    0.2549154
82609473    -0.0309462    0.0164481
34209168    0.1613672    0.1471375
50619347    0.3196470    0.3699181
34072651    0.0493279    0.1224703
92057831    0.1228388    0.1008135
60897513    0.1301192    0.1641858
51763480    0.4308012    0.5442407
65374182    0.0248284    0.1064598
39062841    0.0944830    0.0717380
83265941    0.1260843    0.1230836
54879302    0.2807025    0.3396961
12086359    0.0064457    0.1123641
19483527    0.1787383    0.1935761
43065218    0.2726136    0.2798969
19743065    0.0593324    0.0600189
64021875    0.1019267    0.0718718
10857693    0.2848121    0.1926071
69578014    0.2654074    0.2425481
61792438    0.2751650    0.1938824
83764925    0.1711960    0.1228374
58319420    0.0758413    0.0888120
17042638    0.1411405    0.2466496
79648230    0.2436525    0.1691932
41085739    0.2158497    0.3149001
16504783    0.2812308    0.2485010
27156309    0.1905536    0.1016075
34189275    0.0542352    0.1080616
84135296    0.0717320    0.1536481
16958274    0.0291058    0.1070898
79631548    0.1812138    0.0891438
79324150    0.1327389    0.0749999
35842190    0.0440798    0.0855265
95063127    0.3365001    0.2679534
95267031    0.1225485    0.1284071
13658924    0.0792403    0.1142209
21064358    0.1029364    0.0671740
71403958    0.3880658    0.2790718
95240316    0.1675703    0.1306763
23750186    0.1395542    0.0518836
91052873    0.1417432    0.0754796
67905128    0.1698469    0.1712261
72153046    0.0292038    0.1723480
60573841    0.0080028    0.1438382
43206985    0.1951650    0.1567051
57129046    0.0741950    0.0946853
48270965    -0.0273596    0.0816673
74920568    0.0942004    0.0938900
76415208    0.0900140    0.1289669
81294637    0.2323228    0.1544302
50836291    0.1281155    0.1669146
75684932    0.2416156    0.1843484
71453068    0.0661260    0.1323266
40236598    0.1331878    0.1452373
59230168    0.1671241    0.0803943
75149062    0.1247694    0.1362805
23705914    0.1015233    0.1297788
12507849    0.1052662    0.0853485
12904576    0.3852948    0.3264099
54789260    0.0388761    0.1524334
71204863    0.2342260    0.2624744
25976038    0.2738430    0.1827407
62157849    0.1091794    0.1081221
10693257    0.3052177    0.2038354
46752830    0.5220824    0.5156486
50129364    0.3502489    0.3408248
45726190    0.1449229    0.1038873
43790281    0.0475672    0.0170118
41253670    0.2920886    0.3026293
43860715    0.0869390    0.2857713
93507642    0.2040192    0.1999558
13085762    0.3273837    0.2824630
24501987    0.1447957    0.1669125
30975426    0.2825031    0.3123810
50942871    0.0802008    0.0486492
32508179    0.0563334    0.1141158
70251698    0.3058280    0.2314658
86192507    0.0664135    0.1405787
61932785    0.2703631    0.2214839
93270846    0.3896023    0.2671812
