12507849    0.1052662    0.1537321
42368795    0.4455477    0.2902387
87196024    0.1803782    0.1537321
72150386    -0.0355079    0.0624973
43206985    0.1951650    0.1537321
20419573    0.2637484    0.2488072
54789260    0.0388761    0.1415398
36509124    0.1029860    0.1452572
51763480    0.4308012    0.2415138
56893071    0.1657909    0.1625472
43860715    0.0869390    0.1475029
27845619    0.2513606    0.3907717
68427591    0.0416545    0.1568264
67198240    0.4920497    0.2764160
59806341    0.3732070    0.2289845
37068241    0.4272806    0.3612109
41253670    0.2920886    0.2600352
71305486    0.5131515    0.4286521
80163975    -0.0812560    0.1230565
82139740    0.3176008    0.3666376
20694735    0.0069220    0.0689382
30694825    0.0365880    0.1428388
12458390    0.1245855    0.1689589
85709634    0.1365534    0.0780741
92057831    0.1228388    0.1292040
60897513    0.1301192    0.1537321
72015384    0.5095192    0.3646125
43972106    0.3626580    0.4099209
47812905    0.1007904    0.1613841
20819547    0.4023762    0.2801080
41267093    0.0940958    0.1537321
84135296    0.0717320    0.1537321
23074169    0.4747303    0.3612385
48270965    -0.0273596    0.0906084
38549061    0.3059458    0.3034898
13658924    0.0792403    0.1960314
50987241    0.2942135    0.3483988
20519736    0.2078745    0.1573949
93608745    0.2518492    0.2907498
85397462    0.1461277    0.1553715
65349018    0.3772913    0.3162475
57043269    0.2307362    0.1595729
79324150    0.1327389    0.1373575
10693257    0.3052177    0.2643878
91052873    0.1417432    0.0206884
45068793    0.0582267    0.0937607
17042638    0.1411405    0.2260181
54879302    0.2807025    0.2651272
71465098    0.3067145    0.2404461
97183264    0.3591365    0.2951115
34105672    0.1870527    0.1267269
94528706    0.1321287    0.1252592
62897034    0.1620364    0.1869757
71403958    0.3880658    0.3236761
19483527    0.1787383    0.1805791
13085762    0.3273837    0.3283359
95308671    0.2649733    0.2872510
32508179    0.0563334    0.0680814
56489170    0.3309727    0.1831142
16958274    0.0291058    0.0801456
31254760    0.4422659    0.2838140
16375284    0.2126535    0.1600675
32468591    0.2064951    0.1414459
68293104    0.0358413    0.0837562
16943087    0.1024783    0.1697666
21064358    0.1029364    0.1266260
59230168    0.1671241    0.1443762
59387142    0.2924146    0.2338728
94715302    0.3625983    0.2645898
76415208    0.0900140    0.1764165
12064358    0.1449998    0.2267457
38702645    0.1698794    0.1567336
69538402    0.4654601    0.2336043
93507642    0.2040192    0.2540602
17596823    0.0303843    0.1088715
35897402    0.4143970    0.2412667
67851930    0.1565579    0.1688439
32450971    0.1140205    0.1537321
40596718    0.1890510    0.1291500
46879352    0.1105719    0.1297609
52634817    0.2849960    0.1537321
81693024    0.1615259    0.1378257
95063127    0.3365001    0.3646073
15780629    0.4336775    0.2842773
13480652    0.2119081    0.1293078
32875906    0.3579376    0.4094990
83265941    0.1260843    0.0903689
81439706    0.1262791    0.1537321
67381945    0.1065278    0.1408932
74920653    0.4227876    0.3454407
45726190    0.1449229    0.0555525
81294637    0.2323228    0.1077260
85320746    0.3344432    0.3505955
87904612    0.1259729    0.1767787
18967543    0.2637843    0.1839788
81437256    0.3754057    0.2183430
65374182    0.0248284    0.1130970
24501987    0.1447957    0.1612672
60573841    0.0080028    0.0787839
69578014    0.2654074    0.1864479
12904576    0.3852948    0.4182997
40326571    0.2393876    0.2454561
31879054    0.3563824    0.2609307
71204863    0.2342260    0.2547230
65790324    0.0046216    0.0827237
12374650    0.1772530    0.1347056
23705914    0.1015233    0.1404406
10378294    0.3021635    0.2421676
18952376    0.0941340    0.1537321
63975401    -0.0284755    0.0736062
50129364    0.3502489    0.2116983
78510264    0.0811135    0.1537321
20456318    0.0361747    0.1537321
56124780    0.1965039    0.2432680
87932541    0.1275321    0.1289608
31286905    0.1618569    0.0836683
35280617    -0.0191183    0.0063411
67435291    0.3115513    0.2980712
75149062    0.1247694    0.1537321
61792438    0.2751650    0.1537321
43780952    0.3129933    0.1795325
64213980    0.0801635    0.0739854
70843926    0.2776558    0.1710502
19743065    0.0593324    0.1074003
50942871    0.0802008    0.1537321
27156309    0.1905536    0.2494729
12086359    0.0064457    0.1166571
43790281    0.0475672    0.0899600
51398260    0.1249023    0.1537321
96302148    0.2372141    0.1441643
72153046    0.0292038    0.1168412
32714856    0.3173793    0.1924128
58346072    0.3937567    0.3484709
10392748    0.1246251    0.0537710
63175049    0.2735692    0.3083959
34209168    0.1613672    0.1414818
58029641    0.1638877    0.1181384
89231046    0.0701274    0.0812317
58319420    0.0758413    0.1488517
94185602    0.0684437    0.0579467
