6895471    0.5201627    0.3588194
4309715    0.1303742    0.1723754
4750928    0.4639964    0.4405691
7160483    0.4047953    0.4893292
1743698    0.3903206    0.4010301
2941375    0.1039866    0.0917465
8605217    0.2345106    0.2498359
2760143    0.3529654    0.3156410
3296450    0.5973707    0.5917045
5196087    0.4362904    0.3573978
2317805    0.4805482    0.4301972
1098653    0.2683512    0.3019237
6982735    0.1570534    0.1168806
8410523    0.3938945    0.3439284
2739650    0.1539570    0.1873455
2498173    0.3937241    0.4470456
6138297    0.0625853    0.0865643
9321840    0.4420901    0.5323514
9182473    0.1916796    0.2405272
3149850    0.0295857    0.0159808
6530821    0.3380645    0.3735685
5187042    0.1334780    0.1431770
5902371    0.2322153    0.2145788
4127693    0.3656554    0.2906236
3041965    0.4253836    0.3460932
9245670    0.3915895    0.3765275
2514308    0.3364096    0.3459514
2018563    0.3960066    0.4064219
4306815    0.5216363    0.4952292
9605831    0.1809202    0.2224865
9518437    0.1673752    0.1979218
6748193    0.2073776    0.2087511
3215784    0.0695981    0.1082946
4528069    0.1329296    0.2015685
9450781    0.3211172    0.3063642
9461730    0.1967047    0.2208077
8643509    0.4373056    0.4163004
5267094    0.2599849    0.2466789
4203176    0.0868008    0.0713330
8315042    0.3440053    0.2290408
2081546    0.4467185    0.4593682
3092751    0.0439309    0.1027262
6025847    0.3156327    0.3982968
4932856    0.2126629    0.1742285
9084235    0.2844537    0.2456112
3891520    0.3327236    0.3418688
6342708    0.0867694    0.1359080
2453071    0.2434675    0.2134597
6752138    0.1926357    0.1728197
6039182    0.2504354    0.3513210
9583261    0.3440669    0.3887572
7369148    0.4514948    0.4411544
1735482    0.1225054    0.1591862
6594182    0.0526440    0.1784696
9607438    0.1222324    0.1891464
2045968    0.1103608    0.1361920
8290476    0.2635870    0.2916756
5197243    0.5915708    0.6473436
5372069    0.3426059    0.4199804
3280951    0.0553783    0.0827119
8613947    0.2891041    0.2243170
5648371    0.2782824    0.2733640
9603748    0.2451397    0.3054600
6491783    0.2638982    0.2259374
9765234    0.3451286    0.3953990
4768210    0.6686979    0.4549962
2078916    0.2681468    0.2493470
3627410    0.1778646    0.2065442
3514269    0.2860579    0.3218759
3254689    0.3482216    0.4271654
2158347    0.3815083    0.4116369
6703951    0.2923357    0.2702897
3892147    0.0673109    0.1793410
9618250    0.1745989    0.1907082
3582067    0.3364838    0.2572495
2836405    0.2381882    0.2209358
1804532    0.1433767    0.0601539
4328571    0.3664831    0.3446831
4267580    0.4071005    0.3587481
7918026    0.0989480    0.1126906
6930741    0.1099527    0.2214831
2361549    0.1515017    0.1686140
1694783    0.0640252    0.1654510
1932047    0.1806909    0.1308162
7932580    0.4682114    0.3704802
8521307    0.3988584    0.3896252
3741296    0.0530962    0.1672377
8597263    0.1450746    0.1268410
5146839    0.5332805    0.4608381
5732806    0.2107367    0.1550350
3015264    0.2364364    0.1288062
6851203    0.2527070    0.2916550
1059674    0.2535736    0.3125364
2694380    0.2196963    0.2499309
9354761    0.1451593    0.1469017
5693807    0.1703150    0.2606492
1279568    -0.0397060    0.0622499
5140362    0.3208159    0.3062174
3578406    0.1215780    0.1242995
3740286    0.4547719    0.4282917
6271834    0.0263550    0.0479507
5814072    0.1933573    0.1822739
5894621    0.2282716    0.2393067
9425807    0.3096627    0.2631574
5062718    0.3932812    0.3796339
9381746    0.2999753    0.3526662
7254913    0.0828423    0.0963818
6175483    0.4677562    0.5130230
3786905    0.2339949    0.2130933
5718692    0.1730530    0.2085068
5831672    0.2538592    0.2252163
9257083    0.5751210    0.4908983
7985463    0.1468814    0.1810660
9267581    0.1851758    0.2737693
5762910    0.2062399    0.2959160
8927605    0.1242698    0.1697807
4265083    0.3106906    0.2770939
4867502    0.3658697    0.3397793
9180765    0.1868605    0.1855253
4693502    0.1955602    0.1552401
9720165    0.4198961    0.3258204
7243896    0.3525857    0.3493515
9840216    0.0807284    0.1290697
2487590    0.1245996    0.1329061
2568307    0.2370991    0.2440064
9706385    0.3472344    0.3952610
2845369    0.2818527    0.2915070
4123795    -0.0081841    0.0576061
1487932    0.4101857    0.4299608
2943061    0.1322802    0.2224498
7905641    0.2707025    0.2531211
7063891    0.3753386    0.3278139
9501276    0.0174545    0.0695464
9317254    0.3729283    0.3264975
8397402    -0.0295911    0.1215804
3821574    0.3310490    0.3523651
1056832    0.1398216    0.1472145
3469512    0.2516770    0.2333332
2869347    0.3789614    0.4008502
1705239    0.2730497    0.2922652
