50129364    0.3502489    0.3549743
10392748    0.1246251    0.0913619
35280617    -0.0191183    0.0995299
65374182    0.0248284    0.0739541
37419068    0.1121111    0.1116615
4203176    0.0868008    0.1125498
5267094    0.2599849    0.4360345
92057831    0.1228388    0.0959682
37068241    0.4272806    0.3506725
9354761    0.1451593    0.1423901
12374650    0.1772530    0.1990209
43208516    0.2005489    0.1932765
6091584    0.0551016    0.0718808
4165230    0.0664882    0.1552055
2819470    0.3080540    0.4288225
3627410    0.1778646    0.1557299
9720165    0.4198961    0.3575676
9546732    0.3262210    0.2936647
94130527    0.1603314    0.1792862
9618250    0.1745989    0.1484717
16094873    0.0280620    0.1232027
83265941    0.1260843    0.1483714
57043269    0.2307362    0.2473176
52634817    0.2849960    0.1890562
3061874    0.2808881    0.1756351
5683192    0.4733342    0.4608469
49670328    0.1332543    0.1533277
5178439    0.3721354    0.3830656
75149062    0.1247694    0.1914434
94715302    0.3625983    0.4188074
85709634    0.1365534    0.1109691
76402381    0.0634703    0.0549133
6278590    0.0292114    0.0727906
6423907    0.2354790    0.2028988
13480652    0.2119081    0.2764506
96302148    0.2372141    0.1854299
7819360    0.3202660    0.4454229
9317528    0.2727551    0.2102563
81294637    0.2323228    0.2017095
9467830    -0.0446479    0.0125749
61487350    0.1231352    0.0849529
17596823    0.0303843    0.0443149
5140362    0.3208159    0.3081247
2317805    0.4805482    0.5542362
81437256    0.3754057    0.3543233
78691503    0.3143425    0.2726852
19483527    0.1787383    0.2361823
6083594    0.4033448    0.4566663
69538402    0.4654601    0.4502309
12507849    0.1052662    0.1383178
50619347    0.3196470    0.2728592
61784935    0.0502294    0.1486226
6135948    0.4934883    0.4823723
86192507    0.0664135    0.0479172
7521463    0.3398980    0.3346658
9501276    0.0174545    -0.0060063
8496023    0.1516259    0.1550295
35842190    0.0440798    0.0658984
41253670    0.2920886    0.3002951
67435291    0.3115513    0.3084404
5762910    0.2062399    0.2580002
9603748    0.2451397    0.2080135
12064358    0.1449998    0.0955946
4807153    0.1503095    0.1069302
2673845    0.5641396    0.4724285
3469512    0.2516770    0.2486571
7932580    0.4682114    0.4540642
16504783    0.2812308    0.3085413
4352098    0.3358923    0.3758285
2541903    0.3190446    0.3727542
3250478    0.0873304    0.0585912
18967543    0.2637843    0.2894946
43206985    0.1951650    0.2129480
12086359    0.0064457    0.0738730
5062718    0.3932812    0.4218145
31286905    0.1618569    0.1242018
1320567    0.2311754    0.1972844
5749680    0.1812531    0.1220146
2514308    0.3364096    0.3222284
83429561    0.2568101    0.2160236
4637091    0.4661794    0.5624373
9381746    0.2999753    0.4104677
3786905    0.2339949    0.2072028
12304586    0.2230351    0.2524801
5123968    0.5559287    0.4427894
74920568    0.0942004    0.1066869
4750928    0.4639964    0.5602162
62945318    0.1630607    0.1468641
67409258    0.3510112    0.3417041
6752138    0.1926357    0.1637070
5160827    0.1363529    0.1851369
62897034    0.1620364    0.1768225
7243896    0.3525857    0.2962064
43860715    0.0869390    0.0456461
95063127    0.3365001    0.3735697
9328467    0.5027560    0.4895145
72015384    0.5095192    0.4212037
2739650    0.1539570    0.1495618
7126859    0.0000346    0.0248544
4976231    0.4576726    0.4432218
65349018    0.3772913    0.3869299
69578014    0.2654074    0.1815539
67198240    0.4920497    0.3466460
9084235    0.2844537    0.3700923
8317509    0.1872364    0.1953407
84036972    0.2046254    0.1323035
78351290    0.2346316    0.2256485
3041965    0.4253836    0.3750389
58029641    0.1638877    0.2606160
25976038    0.2738430    0.2384366
34209168    0.1613672    0.1778015
71248596    0.0827905    0.1365948
34982675    0.0478840    0.0927958
6319528    0.3046428    0.2502875
6530821    0.3380645    0.4036878
9461730    0.1967047    0.2204283
70264158    0.1874085    0.1814440
7369148    0.4514948    0.5062726
7918026    0.0989480    0.0292010
83764925    0.1711960    0.1177423
92165478    0.3181673    0.2913852
5196087    0.4362904    0.3727204
95240316    0.1675703    0.2083912
4960875    0.1032987    0.1285308
6283704    0.0842864    0.1054209
32714856    0.3173793    0.3507896
72803641    0.0189457    0.0287437
1932047    0.1806909    0.1015097
9706385    0.3472344    0.3841634
6271834    0.0263550    -0.0256708
30975426    0.2825031    0.2947885
5372069    0.3426059    0.3382641
7348562    0.3256060    0.3823472
9765234    0.3451286    0.3645157
18952376    0.0941340    0.1990621
24035867    0.2180151    0.2454432
48270965    -0.0273596    0.0912491
65483790    0.0322079    0.0675313
82139740    0.3176008    0.3165215
4932856    0.2126629    0.2025439
7483150    0.3565000    0.3885441
19436725    0.1565862    0.0930893
97428650    0.1566038    0.1693834
5718692    0.1730530    0.1297343
6594182    0.0526440    0.1216090
72150386    -0.0355079    0.0034939
7803256    0.3907403    0.4205062
56124780    0.1965039    0.1782824
1705239    0.2730497    0.2337190
8927605    0.1242698    0.1621842
4165972    0.2014961    0.1459980
89604375    0.5544792    0.4151224
1340285    0.1161054    0.0871581
15780629    0.4336775    0.3553666
93481752    0.2718664    0.3682877
40326571    0.2393876    0.2748944
10857693    0.2848121    0.3324046
5619803    0.1762386    0.1968694
74920653    0.4227876    0.4780923
10378294    0.3021635    0.2991314
67239801    0.1973108    0.2169438
42368795    0.4455477    0.4592521
5294037    0.3698771    0.2872945
1743698    0.3903206    0.4483260
9425807    0.3096627    0.2686970
56140738    0.3249323    0.3680857
3741296    0.0530962    0.0321829
3015264    0.2364364    0.2384049
96138204    0.1449491    0.1243410
4123795    -0.0081841    0.0908917
4867502    0.3658697    0.3286580
1923504    0.4565430    0.3948241
6315928    0.2469237    0.2725300
97408251    0.0528856    0.0308571
2645180    0.2137118    0.2485588
5738926    0.3573479    0.3548888
27156309    0.1905536    0.1807903
5170386    0.0831770    0.0687085
98016472    0.1913138    0.1864293
27159836    0.0332070    0.0861504
8605217    0.2345106    0.2732399
5732806    0.2107367    0.1267384
8643509    0.4373056    0.4121991
23074169    0.4747303    0.3631668
2941375    0.1039866    0.1552908
16943087    0.1024783    0.1420610
3056417    0.3964929    0.3942254
70251698    0.3058280    0.2229324
2869347    0.3789614    0.3180718
98526013    0.1456753    0.1898877
85320746    0.3344432    0.3514000
4309715    0.1303742    0.1418050
8653417    0.1287219    0.0685933
57129046    0.0741950    0.0387720
12904576    0.3852948    0.3956205
4935860    0.2500624    0.2406432
1365094    0.2127880    0.2135909
7985463    0.1468814    0.1305358
43065218    0.2726136    0.3352622
45726190    0.1449229    0.1264486
2198367    0.0754390    0.1145792
45068793    0.0582267    0.0368746
47812905    0.1007904    0.1056030
6039182    0.2504354    0.2473344
9245670    0.3915895    0.3257137
17042638    0.1411405    0.0957091
6543129    0.4651338    0.5441096
87932541    0.1275321    0.1850222
6175483    0.4677562    0.4465142
68427591    0.0416545    0.1029245
6895471    0.5201627    0.4734863
39062841    0.0944830    0.1623619
61932785    0.2703631    0.2267228
1735482    0.1225054    0.1491367
13085762    0.3273837    0.2789546
2568307    0.2370991    0.2138421
58346072    0.3937567    0.2951988
93270846    0.3896023    0.3871275
2078916    0.2681468    0.2341517
63975401    -0.0284755    0.1246443
1487932    0.4101857    0.3985769
34105672    0.1870527    0.2090697
40596718    0.1890510    0.2846164
61792438    0.2751650    0.2502936
8512390    0.3917661    0.4917622
1059674    0.2535736    0.2789845
18325407    0.3715184    0.4431014
32508179    0.0563334    0.0629252
51763480    0.4308012    0.4005094
9518642    0.5007111    0.5933917
4692830    0.5977371    0.4625371
8054917    0.3262745    0.3100369
4327501    0.2126635    0.2115612
9180765    0.1868605    0.2058891
65790324    0.0046216    0.1354484
38702645    0.1698794    0.1959185
2453071    0.2434675    0.1949327
5197243    0.5915708    0.5372375
58642793    0.1629138    0.1871703
31879054    0.3563824    0.3435974
56920873    0.2995450    0.2890089
64213980    0.0801635    0.0980974
62157849    0.1091794    0.0380711
4857263    0.3738794    0.4043025
5693807    0.1703150    0.2434935
5146839    0.5332805    0.6796200
2487590    0.1245996    0.1394728
5187042    0.1334780    0.1352330
6982735    0.1570534    0.2293165
83197206    0.2185750    0.1881144
31254760    0.4422659    0.4400177
7254913    0.0828423    -0.0024917
1279568    -0.0397060    0.0561035
84135296    0.0717320    0.1114119
6138297    0.0625853    0.1050284
81693024    0.1615259    0.2008687
4127693    0.3656554    0.4975604
16958274    0.0291058    0.1119387
3280951    0.0553783    0.1091544
9157643    0.4749572    0.5057409
21064358    0.1029364    0.1521343
6025847    0.3156327    0.3969048
8521307    0.3988584    0.3592980
2096537    0.5723276    0.6455095
3204167    0.3540025    0.3264299
7804269    0.1723401    0.2071533
3514269    0.2860579    0.3447700
67381945    0.1065278    0.0600940
87904612    0.1259729    0.1265194
9605831    0.1809202    0.2190899
2158347    0.3815083    0.3343245
8397402    -0.0295911    0.0371932
71204863    0.2342260    0.2502785
2943061    0.1322802    0.1940930
32875906    0.3579376    0.3367663
3582067    0.3364838    0.3040150
39720486    0.2953125    0.2431595
9182473    0.1916796    0.2680478
6748193    0.2073776    0.1658202
43780952    0.3129933    0.1894119
