38549061    0.3059458    0.3520211
81437256    0.3754057    0.3362782
58346072    0.3937567    0.2221592
45726190    0.1449229    0.1076145
61792438    0.2751650    0.2648854
43790281    0.0475672    -0.0838130
62945318    0.1630607    0.1222272
12507849    0.1052662    0.1518373
12904576    0.3852948    0.4039119
71465098    0.3067145    0.4834056
32468591    0.2064951    0.2743403
32508179    0.0563334    0.1169498
56140738    0.3249323    0.3150909
50129364    0.3502489    0.2728081
40568932    0.1124073    0.1034219
60897513    0.1301192    0.1572964
26408915    0.1213319    0.1377146
27159836    0.0332070    0.1080300
43780952    0.3129933    0.2487047
91052873    0.1417432    0.1021089
62941037    0.3422488    0.3151076
49670328    0.1332543    0.1848901
87904612    0.1259729    0.1021560
82769514    0.1071274    0.1864899
50648317    0.3646901    0.3701799
17596823    0.0303843    0.0749464
31879054    0.3563824    0.3733786
16958274    0.0291058    0.1162416
68293104    0.0358413    0.1330507
58319420    0.0758413    0.1467852
69538402    0.4654601    0.3663157
71453068    0.0661260    0.0584392
79324150    0.1327389    0.1904085
50987241    0.2942135    0.3250411
39186520    0.1250224    0.1695538
83429561    0.2568101    0.2313163
80163975    -0.0812560    0.0493147
62897034    0.1620364    0.1872378
58029641    0.1638877    0.1431013
31254760    0.4422659    0.3762660
12374650    0.1772530    0.1901728
32714856    0.3173793    0.2638578
15860437    0.1634063    0.1740177
61927503    0.0583740    -0.0026389
43208516    0.2005489    0.2741723
20519736    0.2078745    0.2291213
67851930    0.1565579    0.2280667
67435291    0.3115513    0.3569976
16943087    0.1024783    0.1464620
31286905    0.1618569    0.1958380
64213980    0.0801635    0.0715595
67239801    0.1973108    0.2312516
96138204    0.1449491    0.1518373
95267031    0.1225485    0.1036669
12458390    0.1245855    0.1448990
43065218    0.2726136    0.2740027
69578014    0.2654074    0.1694569
62157849    0.1091794    0.0865934
95240316    0.1675703    0.1850245
40596718    0.1890510    0.2191560
63975401    -0.0284755    0.1048886
19483527    0.1787383    0.2203714
16504783    0.2812308    0.3224830
65790324    0.0046216    0.1060774
83265941    0.1260843    0.1440998
37068241    0.4272806    0.3717604
59387142    0.2924146    0.2447609
39062841    0.0944830    0.1584694
42368795    0.4455477    0.4459574
71204863    0.2342260    0.2065942
93608745    0.2518492    0.2390237
12304586    0.2230351    0.2900210
24501987    0.1447957    0.1361294
37419068    0.1121111    0.1023698
27845619    0.2513606    0.3797383
52948361    0.0420176    0.0715950
41085739    0.2158497    0.0863316
67409258    0.3510112    0.3840380
82139740    0.3176008    0.3195732
95308671    0.2649733    0.3255679
56920873    0.2995450    0.3094566
94185602    0.0684437    0.0803181
79631548    0.1812138    0.1642790
79648230    0.2436525    0.1768335
41253670    0.2920886    0.2359785
54879302    0.2807025    0.3079787
70251698    0.3058280    0.2903963
67905128    0.1698469    0.2154035
19743065    0.0593324    0.0598079
72015384    0.5095192    0.3659079
70843926    0.2776558    0.2179046
18952376    0.0941340    0.1660077
87196024    0.1803782    0.2019437
75684932    0.2416156    0.3038151
10693257    0.3052177    0.2537974
95063127    0.3365001    0.2884276
38960417    0.0926794    0.1354233
40236598    0.1331878    0.1621522
34189275    0.0542352    0.0453118
96302148    0.2372141    0.1554525
25986740    0.1667644    0.1795673
42936180    0.4175026    0.4912622
35280617    -0.0191183    0.1185088
34105672    0.1870527    0.1604532
39720486    0.2953125    0.3882334
47812905    0.1007904    0.1145445
10857693    0.2848121    0.3636029
81294637    0.2323228    0.3245228
78351290    0.2346316    0.2144374
36509124    0.1029860    0.1125687
51763480    0.4308012    0.4198516
54789260    0.0388761    0.1380126
16094873    0.0280620    0.0977591
83197206    0.2185750    0.2225233
12064358    0.1449998    0.1544131
61932785    0.2703631    0.2891225
93481752    0.2718664    0.1958823
19436725    0.1565862    0.1623446
72150386    -0.0355079    0.0626425
61487350    0.1231352    0.1518373
81693024    0.1615259    0.1864306
50619347    0.3196470    0.3414300
85902746    0.2217552    0.2072216
89231046    0.0701274    0.1554592
92057831    0.1228388    0.1511411
98526013    0.1456753    0.1518373
65349018    0.3772913    0.3506775
23074169    0.4747303    0.3786325
13085762    0.3273837    0.3637217
76402381    0.0634703    0.0967387
43972106    0.3626580    0.3594564
34982675    0.0478840    0.0613136
30975426    0.2825031    0.3169874
94528706    0.1321287    0.1431130
81439706    0.1262791    0.1047028
87563140    0.2003200    0.2326120
32450971    0.1140205    0.0976426
45068793    0.0582267    0.1097093
38702645    0.1698794    0.1759031
34012568    0.4028562    0.3212065
