5197243    0.5915708    0.7219539
3645207    0.1910296    0.3162978
9138254    0.2920520    0.1628129
9467830    -0.0446479    0.1628129
9317254    0.3729283    0.2947391
7160483    0.4047953    0.2917261
8512390    0.3917661    0.4426680
9731406    0.1191694    0.1628129
5718692    0.1730530    0.1628129
9583261    0.3440669    0.6099174
4692830    0.5977371    0.4678234
4127693    0.3656554    0.4116485
6138297    0.0625853    0.1628129
4867502    0.3658697    0.3560694
5062718    0.3932812    0.3434610
6930741    0.1099527    0.1956877
5183609    0.5404390    0.4169926
2760143    0.3529654    0.2378319
6895471    0.5201627    0.3955534
3264017    0.1892763    0.1628129
2081546    0.4467185    0.3847985
5160827    0.1363529    0.1628129
8605217    0.2345106    0.1628129
1069425    0.5509495    0.5168874
4328571    0.3664831    0.4708096
2453071    0.2434675    0.2318660
5814072    0.1933573    0.1628129
8410523    0.3938945    0.3941530
1302765    0.3472123    0.3397144
3250478    0.0873304    0.1628129
5619803    0.1762386    0.1628129
7190582    0.5212715    0.2817809
4693502    0.1955602    0.1628129
5732806    0.2107367    0.1628129
4165230    0.0664882    0.1628129
6902314    0.1831756    0.1628129
1735482    0.1225054    0.1628129
9450781    0.3211172    0.2255821
5891230    0.2276907    0.1628129
5683192    0.4733342    0.5306511
7254913    0.0828423    0.1628129
3041965    0.4253836    0.4355539
8521307    0.3988584    0.1628129
3280951    0.0553783    0.1628129
6851203    0.2527070    0.2326957
6703951    0.2923357    0.3161283
6283704    0.0842864    0.1628129
7369148    0.4514948    0.4444547
2045968    0.1103608    0.1628129
9605831    0.1809202    0.1628129
1320567    0.2311754    0.2689525
6530821    0.3380645    0.2405623
6025847    0.3156327    0.3007392
6315928    0.2469237    0.3150007
6083594    0.4033448    0.4267412
5714096    0.3797141    0.3927181
1260374    0.0731026    0.1649581
2941375    0.1039866    0.1628129
2931756    0.2538077    0.2807688
9257083    0.5751210    0.5526953
3469512    0.2516770    0.1822417
7483150    0.3565000    0.5087093
2465970    0.2177032    0.1628129
1705239    0.2730497    0.3301358
6278590    0.0292114    0.1628129
9084235    0.2844537    0.3043713
7803256    0.3907403    0.3182828
6175483    0.4677562    0.5907330
3514269    0.2860579    0.2033000
7130825    0.2484626    0.1628129
4807153    0.1503095    0.1628129
4165972    0.2014961    0.2003930
5902371    0.2322153    0.1628129
6423907    0.2354790    0.1738879
3891520    0.3327236    0.3131914
9328467    0.5027560    0.3746573
9461730    0.1967047    0.2298472
6135948    0.4934883    0.3207090
2541903    0.3190446    0.3427765
4265083    0.3106906    0.2430986
5648371    0.2782824    0.2243447
4960875    0.1032987    0.1628129
4267580    0.4071005    0.3039048
5469827    0.0416673    0.1628129
8290476    0.2635870    0.1628129
6748193    0.2073776    0.1628129
4935860    0.2500624    0.1736040
9546732    0.3262210    0.2956313
5178439    0.3721354    0.4736466
9765234    0.3451286    0.4437736
9084715    0.0584843    0.1628129
3296450    0.5973707    0.3653033
2673845    0.5641396    0.4677954
5831672    0.2538592    0.1628129
5294037    0.3698771    0.3021556
9501276    0.0174545    0.1628129
7126859    0.0000346    0.1628129
9157643    0.4749572    0.3028104
6039182    0.2504354    0.2717640
5372069    0.3426059    0.2433870
1804532    0.1433767    0.1628129
3215784    0.0695981    0.1628129
3578406    0.1215780    0.1766149
7548206    0.3996251    0.4881224
9180765    0.1868605    0.2481102
6491783    0.2638982    0.1628129
6319528    0.3046428    0.2027467
7985463    0.1468814    0.1628129
5187042    0.1334780    0.1628129
8054917    0.3262745    0.4092376
2643098    0.2184954    0.2136293
2514308    0.3364096    0.2370156
9618250    0.1745989    0.1628129
7348562    0.3256060    0.2768986
5170386    0.0831770    0.1628129
4327501    0.2126635    0.1628129
7063891    0.3753386    0.3848917
2819470    0.3080540    0.3317423
5267094    0.2599849    0.2775225
3892147    0.0673109    0.1628129
7905641    0.2707025    0.2724433
2568307    0.2370991    0.1628129
1694783    0.0640252    0.1628129
3092751    0.0439309    0.1628129
9518642    0.5007111    0.3365713
1923504    0.4565430    0.3511308
8496023    0.1516259    0.1633383
5693807    0.1703150    0.2594231
2498173    0.3937241    0.3781408
9267581    0.1851758    0.1905091
9518437    0.1673752    0.1663657
8397402    -0.0295911    0.1628129
1279568    -0.0397060    0.1659092
9354761    0.1451593    0.1628129
3627410    0.1778646    0.1628129
2317805    0.4805482    0.4713750
9321840    0.4420901    0.5510505
7521463    0.3398980    0.4462760
4309715    0.1303742    0.1628129
6982735    0.1570534    0.1628129
