65374182    0.0248284    0.0947506
14387690    0.2061633    0.2350226
31254760    0.4422659    0.3331235
23750186    0.1395542    0.0386311
56893071    0.1657909    0.1086553
92165478    0.3181673    0.2517905
16094873    0.0280620    0.0968100
61932785    0.2703631    0.2508596
68293104    0.0358413    0.1068445
63975401    -0.0284755    0.0308428
56489170    0.3309727    0.3564434
94528706    0.1321287    0.1456085
49670328    0.1332543    0.1787968
19436725    0.1565862    0.1596408
34189275    0.0542352    0.1265981
20519736    0.2078745    0.1693027
83429561    0.2568101    0.2197782
10693257    0.3052177    0.2648698
92057831    0.1228388    0.0772022
50129364    0.3502489    0.2772509
64213980    0.0801635    0.1404067
34012568    0.4028562    0.3314275
87563140    0.2003200    0.2309514
58319420    0.0758413    0.0275926
42368795    0.4455477    0.3333014
47098521    0.1130693    0.1404067
93270846    0.3896023    0.3199832
65483790    0.0322079    0.0676513
34982675    0.0478840    0.0439958
13658924    0.0792403    0.1489506
74920568    0.0942004    0.1416759
50836291    0.1281155    0.0824058
62897034    0.1620364    0.1107892
13085762    0.3273837    0.2144786
95063127    0.3365001    0.4246429
81437256    0.3754057    0.1906827
70264158    0.1874085    0.1373083
62941037    0.3422488    0.2571988
20456318    0.0361747    0.0974992
54789260    0.0388761    0.1456837
19743065    0.0593324    0.0284010
71453068    0.0661260    0.0541602
79648230    0.2436525    0.2884306
89604375    0.5544792    0.5638977
40326571    0.2393876    0.2780581
12086359    0.0064457    0.0640909
32875906    0.3579376    0.3912041
72803641    0.0189457    0.1096248
59230168    0.1671241    0.1404067
85902746    0.2217552    0.1735742
78691503    0.3143425    0.2734018
18967543    0.2637843    0.2328566
65790324    0.0046216    0.1404067
58346072    0.3937567    0.3057951
71305486    0.5131515    0.3294426
61487350    0.1231352    0.1404067
25986740    0.1667644    0.1755690
38549061    0.3059458    0.2774664
34209168    0.1613672    0.1412812
41267093    0.0940958    0.1404067
20694735    0.0069220    0.0587181
84036972    0.2046254    0.1856779
38702645    0.1698794    0.1358279
20419573    0.2637484    0.2241608
15860437    0.1634063    0.2254743
35280617    -0.0191183    0.0845982
12458390    0.1245855    0.1461817
12374650    0.1772530    0.1146095
56920873    0.2995450    0.2592959
59481307    0.1335299    0.0768736
69538402    0.4654601    0.5383099
67905128    0.1698469    0.1313034
76415208    0.0900140    0.1314220
62157849    0.1091794    0.1403399
34105672    0.1870527    0.1559668
40568932    0.1124073    0.0765471
87932541    0.1275321    0.0545671
27159836    0.0332070    0.1031381
85320746    0.3344432    0.3120041
98526013    0.1456753    0.1373394
72153046    0.0292038    0.0594418
12304586    0.2230351    0.2879640
67851930    0.1565579    0.1541709
95240316    0.1675703    0.2119730
87904612    0.1259729    0.1272665
56124780    0.1965039    0.1991400
80163975    -0.0812560    0.0453441
75684932    0.2416156    0.2602261
82139740    0.3176008    0.3413445
24501987    0.1447957    0.1526221
82609473    -0.0309462    0.0992550
95267031    0.1225485    0.0989246
78510264    0.0811135    0.1129120
35842190    0.0440798    0.0960975
41085739    0.2158497    0.1430604
51398260    0.1249023    0.2065538
67381945    0.1065278    0.1014459
85709634    0.1365534    0.1185242
96302148    0.2372141    0.1404067
35897402    0.4143970    0.2484826
56140738    0.3249323    0.3186079
81294637    0.2323228    0.1580445
23074169    0.4747303    0.3972876
75149062    0.1247694    0.1404067
52948361    0.0420176    0.1035372
27845619    0.2513606    0.3166870
74920653    0.4227876    0.6802441
95308671    0.2649733    0.2441813
43790281    0.0475672    0.0959859
31879054    0.3563824    0.3462852
16943087    0.1024783    0.1438892
19483527    0.1787383    0.1968744
34681702    0.2408399    0.2500163
43972106    0.3626580    0.2442493
67239801    0.1973108    0.1606031
82769514    0.1071274    0.1317514
79631548    0.1812138    0.0654155
34072651    0.0493279    0.0667416
50987241    0.2942135    0.3538045
43206985    0.1951650    0.1674135
50619347    0.3196470    0.3342797
83265941    0.1260843    0.0720702
72150386    -0.0355079    0.0889900
93507642    0.2040192    0.2380844
18325407    0.3715184    0.3951476
42936180    0.4175026    0.3397388
52634817    0.2849960    0.1571226
97408251    0.0528856    0.1059450
57129046    0.0741950    0.0295471
43860715    0.0869390    0.1127240
48270965    -0.0273596    0.0569947
93608745    0.2518492    0.2123858
23045176    0.3178396    0.2439009
50942871    0.0802008    0.1404067
71248596    0.0827905    0.1222571
96138204    0.1449491    0.1500594
20819547    0.4023762    0.3093348
13480652    0.2119081    0.2044313
83764925    0.1711960    0.1758545
39720486    0.2953125    0.2016569
