4127693    0.3656554    0.3233140
4807153    0.1503095    0.1932179
1279568    -0.0397060    0.0144806
6543129    0.4651338    0.3233431
3821574    0.3310490    0.3257682
2487590    0.1245996    0.1559587
6319528    0.3046428    0.3246946
3254689    0.3482216    0.3338934
4123795    -0.0081841    0.0332064
5732806    0.2107367    0.1236357
2384019    0.2573606    0.1436025
5308146    0.4128936    0.3429950
2760143    0.3529654    0.2332394
5648371    0.2782824    0.3336787
8512390    0.3917661    0.3455282
5714096    0.3797141    0.2744055
5178439    0.3721354    0.3465183
3015264    0.2364364    0.1412394
2514308    0.3364096    0.2650834
4328571    0.3664831    0.3432852
7932580    0.4682114    0.4204763
9467830    -0.0446479    0.0187249
1340285    0.1161054    0.1096465
9380175    0.2946367    0.2259565
3264017    0.1892763    0.2119797
1694783    0.0640252    0.1063589
5749680    0.1812531    0.2941597
4960875    0.1032987    0.0832077
9257083    0.5751210    0.4003198
2931756    0.2538077    0.2769284
7803256    0.3907403    0.3535969
5762910    0.2062399    0.3154100
3056417    0.3964929    0.4327770
5619803    0.1762386    0.1621917
6271834    0.0263550    0.0186825
4165230    0.0664882    0.1727589
1804532    0.1433767    0.1043225
3061874    0.2808881    0.2943659
9576032    0.5069458    0.4498459
7548206    0.3996251    0.4149456
5469827    0.0416673    0.1230287
5146839    0.5332805    0.4594326
2045968    0.1103608    0.0624452
3891520    0.3327236    0.2650723
6530821    0.3380645    0.3953274
9381746    0.2999753    0.3356976
9138254    0.2920520    0.2010236
2943061    0.1322802    0.1805014
2645180    0.2137118    0.2538199
4857263    0.3738794    0.3587062
7819360    0.3202660    0.3445797
2694380    0.2196963    0.1955709
1895642    0.3019776    0.3139359
1056832    0.1398216    0.1205441
6982735    0.1570534    0.2111304
5902371    0.2322153    0.1895928
2869347    0.3789614    0.3539512
8397402    -0.0295911    -0.0972352
9321840    0.4420901    0.3647799
6423907    0.2354790    0.2046656
7483150    0.3565000    0.3130617
2078916    0.2681468    0.2559842
6748193    0.2073776    0.2475764
8054917    0.3262745    0.3442450
6039182    0.2504354    0.4070269
9731406    0.1191694    0.1926021
5294037    0.3698771    0.2455356
4932856    0.2126629    0.2290655
9461730    0.1967047    0.2555405
9267581    0.1851758    0.2043732
3892147    0.0673109    0.0542935
1365094    0.2127880    0.2309815
9084715    0.0584843    0.0566102
6491783    0.2638982    0.2238322
3514269    0.2860579    0.2376373
6902314    0.1831756    0.0947143
5894621    0.2282716    0.2205924
9603748    0.2451397    0.2138112
2941375    0.1039866    0.1601333
1302765    0.3472123    0.4441923
4265083    0.3106906    0.2702479
2836405    0.2381882    0.2389024
3741296    0.0530962    -0.0241673
9084235    0.2844537    0.3413179
3627410    0.1778646    0.1565724
8317509    0.1872364    0.1619372
3280951    0.0553783    0.1225366
6091584    0.0551016    0.0546786
3149850    0.0295857    0.1481729
4987650    0.2964038    0.2861949
5267094    0.2599849    0.2705016
9546732    0.3262210    0.3455421
5718692    0.1730530    0.1297303
5197243    0.5915708    0.6952192
8290476    0.2635870    0.2877625
8597263    0.1450746    0.1803616
3786905    0.2339949    0.2379240
3296450    0.5973707    0.4781541
6851203    0.2527070    0.2263845
7254913    0.0828423    0.0991117
2819470    0.3080540    0.2505716
9317254    0.3729283    0.3152009
4352098    0.3358923    0.3599589
9840216    0.0807284    0.1575598
9618250    0.1745989    0.1550211
1059674    0.2535736    0.2530021
1487932    0.4101857    0.3027207
8463201    0.3381932    0.2874484
7905641    0.2707025    0.3269235
9328467    0.5027560    0.3636680
4750928    0.4639964    0.4418775
2198367    0.0754390    0.0557005
7243896    0.3525857    0.2570758
8496023    0.1516259    0.0515793
4935860    0.2500624    0.3358749
9450781    0.3211172    0.2799911
9317528    0.2727551    0.1755279
9583261    0.3440669    0.3155916
6083594    0.4033448    0.4267692
2541903    0.3190446    0.3964757
1790246    0.2481418    0.2232851
5693807    0.1703150    0.2341723
4976231    0.4576726    0.3379355
4768210    0.6686979    0.6618641
7521463    0.3398980    0.3402344
6135948    0.4934883    0.3918219
5170386    0.0831770    0.1783801
9518437    0.1673752    0.1361992
4203176    0.0868008    0.1185113
6315928    0.2469237    0.3055628
7369148    0.4514948    0.4994530
9605831    0.1809202    0.1802286
2643098    0.2184954    0.2090276
9180765    0.1868605    0.1883385
2453071    0.2434675    0.1838879
5140362    0.3208159    0.2308538
5183609    0.5404390    0.4449221
9607438    0.1222324    0.0772121
5196087    0.4362904    0.4001447
4693502    0.1955602    0.1330533
