82609473    -0.0309462    -0.0195238
9467830    -0.0446479    0.0468118
8643509    0.4373056    0.3608007
6083594    0.4033448    0.3705935
8290476    0.2635870    0.2389152
1487932    0.4101857    0.4045762
3741296    0.0530962    0.0518744
58319420    0.0758413    0.0353392
61927503    0.0583740    0.1019364
40596718    0.1890510    0.2279818
17596823    0.0303843    0.1897027
5469827    0.0416673    0.0606248
1790246    0.2481418    0.2369703
8496023    0.1516259    0.1452287
1365094    0.2127880    0.1924450
7918026    0.0989480    0.1641312
1895642    0.3019776    0.3571999
7548206    0.3996251    0.4428084
12458390    0.1245855    0.1114500
2453071    0.2434675    0.2710128
2760143    0.3529654    0.2614565
2361549    0.1515017    0.2393896
13085762    0.3273837    0.2548116
81437256    0.3754057    0.3367046
56893071    0.1657909    0.1859497
97428650    0.1566038    0.1455120
7985463    0.1468814    0.1137105
43206985    0.1951650    0.1351379
42368795    0.4455477    0.4311297
18325407    0.3715184    0.4371096
5140362    0.3208159    0.3812653
4693502    0.1955602    0.1356035
3578406    0.1215780    0.1153370
6278590    0.0292114    0.1099008
4309715    0.1303742    0.1602127
72150386    -0.0355079    0.0712094
17042638    0.1411405    0.2097246
71453068    0.0661260    0.0669336
8054917    0.3262745    0.3894804
95267031    0.1225485    0.1022730
2869347    0.3789614    0.3338538
16958274    0.0291058    0.1041183
41085739    0.2158497    0.2118741
50619347    0.3196470    0.2908137
32156478    0.0373923    0.1113163
89604375    0.5544792    0.2978259
50129364    0.3502489    0.2498311
34982675    0.0478840    0.0801113
34012568    0.4028562    0.3818070
8463201    0.3381932    0.4114928
4203176    0.0868008    0.1695352
97408251    0.0528856    0.0991309
16094873    0.0280620    0.1403445
61784935    0.0502294    0.0557343
1056832    0.1398216    0.0606201
9765234    0.3451286    0.2915580
2514308    0.3364096    0.2663352
5619803    0.1762386    0.2012409
92057831    0.1228388    0.1342191
9381746    0.2999753    0.3495491
1069425    0.5509495    0.3853062
9706385    0.3472344    0.4440882
84036972    0.2046254    0.0883759
8317509    0.1872364    0.2009006
6319528    0.3046428    0.2383514
6135948    0.4934883    0.3872465
10392748    0.1246251    0.1057856
3215784    0.0695981    0.0506697
1705239    0.2730497    0.1429882
9317254    0.3729283    0.3093521
3627410    0.1778646    0.1875961
32714856    0.3173793    0.2313348
23750186    0.1395542    0.1237019
20819547    0.4023762    0.4257122
10378294    0.3021635    0.2058112
6930741    0.1099527    0.1230752
3891520    0.3327236    0.3127422
12507849    0.1052662    0.1164189
2568307    0.2370991    0.1217706
7521463    0.3398980    0.2684768
86192507    0.0664135    0.1986719
67239801    0.1973108    0.2415406
65483790    0.0322079    0.0643026
9461730    0.1967047    0.2046098
4528069    0.1329296    0.0843335
6971305    0.4535946    0.4085628
68293104    0.0358413    0.0003528
32468591    0.2064951    0.2322253
3280951    0.0553783    0.0922784
50987241    0.2942135    0.3897658
67851930    0.1565579    0.2520417
6039182    0.2504354    0.3954669
37049621    0.1162308    0.0204096
5762910    0.2062399    0.2685841
70264158    0.1874085    0.1167561
20519736    0.2078745    0.1556208
5294037    0.3698771    0.2729363
6851203    0.2527070    0.1567119
4750928    0.4639964    0.3665196
9576032    0.5069458    0.4704230
80163975    -0.0812560    0.1214938
89231046    0.0701274    0.2236608
6342708    0.0867694    0.1129037
3254689    0.3482216    0.3774020
81294637    0.2323228    0.0925759
3264017    0.1892763    0.2132474
24501987    0.1447957    0.1222819
50648317    0.3646901    0.3195593
41267093    0.0940958    0.1527564
93608745    0.2518492    0.2631454
45726190    0.1449229    0.1229050
5814072    0.1933573    0.1597031
4976231    0.4576726    0.4844198
98526013    0.1456753    0.0881230
34681702    0.2408399    0.2924625
34105672    0.1870527    0.1694936
7932580    0.4682114    0.4527281
4328571    0.3664831    0.3100162
31879054    0.3563824    0.2006902
83197206    0.2185750    0.2160567
35280617    -0.0191183    0.0954368
4935860    0.2500624    0.3743551
19436725    0.1565862    0.1676713
58029641    0.1638877    0.1541285
5894621    0.2282716    0.1999314
82769514    0.1071274    0.2101740
37068241    0.4272806    0.4201867
19483527    0.1787383    0.1967637
9731406    0.1191694    0.0943599
41253670    0.2920886    0.3085470
94130527    0.1603314    0.1491641
5183609    0.5404390    0.4080994
1694783    0.0640252    0.1639850
23705914    0.1015233    0.0900321
6703951    0.2923357    0.2938355
98016472    0.1913138    0.2239705
58346072    0.3937567    0.4047306
9354761    0.1451593    0.1235695
7254913    0.0828423    0.1018496
68427591    0.0416545    0.0933044
1923504    0.4565430    0.4107308
5714096    0.3797141    0.3368977
87904612    0.1259729    0.1502398
61487350    0.1231352    0.1019516
83265941    0.1260843    0.1026238
45628709    0.1130647    0.0417564
43790281    0.0475672    0.0335139
18952376    0.0941340    0.1583268
56920873    0.2995450    0.2966172
7819360    0.3202660    0.3418840
38702645    0.1698794    0.2084218
4857263    0.3738794    0.2950996
2158347    0.3815083    0.1866607
65374182    0.0248284    0.0590419
83764925    0.1711960    0.1122769
81439706    0.1262791    0.0412366
4768210    0.6686979    0.5532912
6982735    0.1570534    0.1692223
42936180    0.4175026    0.3537577
7804269    0.1723401    0.1725997
35842190    0.0440798    0.0779665
10857693    0.2848121    0.3564718
9328467    0.5027560    0.4911884
8927605    0.1242698    0.1083456
9182473    0.1916796    0.2048556
5683192    0.4733342    0.5228161
74920568    0.0942004    0.1178432
67381945    0.1065278    0.1074449
7126859    0.0000346    0.0941455
9450781    0.3211172    0.2994109
71403958    0.3880658    0.4089575
21064358    0.1029364    0.1083951
82354971    0.0228063    0.0796973
5123968    0.5559287    0.4239125
35897402    0.4143970    0.3366246
14387690    0.2061633    0.1120511
1735482    0.1225054    0.1735298
3612974    0.1838014    0.1697439
75149062    0.1247694    0.1312500
59806341    0.3732070    0.2978020
31286905    0.1618569    0.1987500
6807539    0.3188515    0.2754291
4165972    0.2014961    0.2173762
3645207    0.1910296    0.2182819
3740286    0.4547719    0.4577749
46752830    0.5220824    0.4142758
9546732    0.3262210    0.2872192
12086359    0.0064457    0.0880750
5732806    0.2107367    0.2398980
7063891    0.3753386    0.3116913
2739650    0.1539570    0.1885369
23045176    0.3178396    0.2937217
8397402    -0.0295911    0.0241871
5648371    0.2782824    0.2707325
4692830    0.5977371    0.5886280
69538402    0.4654601    0.3375602
34189275    0.0542352    0.0728991
7905641    0.2707025    0.2128454
43208516    0.2005489    0.1352320
2465970    0.2177032    0.1210093
93270846    0.3896023    0.3560963
9618250    0.1745989    0.2162324
8653417    0.1287219    0.1239733
1279568    -0.0397060    0.0755380
63175049    0.2735692    0.2453071
92165478    0.3181673    0.2476079
9180765    0.1868605    0.1859232
63975401    -0.0284755    0.0850739
46879352    0.1105719    0.0369684
32508179    0.0563334    0.0646397
3061874    0.2808881    0.3216581
2943061    0.1322802    0.1211137
60897513    0.1301192    0.1063728
2819470    0.3080540    0.2144246
96302148    0.2372141    0.1565236
4352098    0.3358923    0.2785146
97183264    0.3591365    0.3945963
79324150    0.1327389    0.1161790
1932047    0.1806909    0.1370221
5693807    0.1703150    0.2590222
5738926    0.3573479    0.3560156
95063127    0.3365001    0.3058088
9720165    0.4198961    0.3624835
6530821    0.3380645    0.2548434
67409258    0.3510112    0.3726614
1098653    0.2683512    0.2795278
82139740    0.3176008    0.3809262
56124780    0.1965039    0.2960582
85397462    0.1461277    0.2029042
61792438    0.2751650    0.1412249
93481752    0.2718664    0.1488634
62157849    0.1091794    0.0631761
9518437    0.1673752    0.2238321
71465098    0.3067145    0.1753450
5372069    0.3426059    0.2632403
4932856    0.2126629    0.1472312
15780629    0.4336775    0.3521440
9084235    0.2844537    0.2584719
7130825    0.2484626    0.1350875
8410523    0.3938945    0.2772206
2498173    0.3937241    0.4296839
65790324    0.0046216    0.0827589
51398260    0.1249023    0.1147545
4127693    0.3656554    0.3199744
83429561    0.2568101    0.2176307
3092751    0.0439309    0.1081121
7483150    0.3565000    0.3405344
25976038    0.2738430    0.2169579
20694735    0.0069220    0.1828014
5267094    0.2599849    0.3531412
3582067    0.3364838    0.2232484
1302765    0.3472123    0.3378014
15860437    0.1634063    0.1667792
2931756    0.2538077    0.3568663
12064358    0.1449998    0.1661714
38549061    0.3059458    0.3380265
57129046    0.0741950    0.0726649
76415208    0.0900140    0.0870031
5160827    0.1363529    0.1283765
50942871    0.0802008    0.1704884
70843926    0.2776558    0.3074059
23074169    0.4747303    0.3968802
3296450    0.5973707    0.4348831
4807153    0.1503095    0.1586483
30975426    0.2825031    0.2752080
9607438    0.1222324    0.1721044
85320746    0.3344432    0.3450500
6091584    0.0551016    0.1375457
9157643    0.4749572    0.4942670
1059674    0.2535736    0.2073417
57043269    0.2307362    0.2099823
12904576    0.3852948    0.4545459
6748193    0.2073776    0.1923413
9138254    0.2920520    0.2178373
5178439    0.3721354    0.3618700
94185602    0.0684437    0.2999886
4960875    0.1032987    0.1224620
5308146    0.4128936    0.3316363
2043178    0.4086680    0.4516423
37419068    0.1121111    0.1592992
