67905128    0.1698469    0.2199035
62157849    0.1091794    0.1324313
58029641    0.1638877    0.1694258
93507642    0.2040192    0.2736081
58642793    0.1629138    0.1766693
19743065    0.0593324    0.1196578
15780629    0.4336775    0.3810585
39062841    0.0944830    0.0510687
50129364    0.3502489    0.2205096
57043269    0.2307362    0.2390290
83265941    0.1260843    0.2137312
49670328    0.1332543    0.2091927
56124780    0.1965039    0.1968159
32156478    0.0373923    0.0064313
70251698    0.3058280    0.2858846
92057831    0.1228388    0.0674668
78351290    0.2346316    0.2662086
51398260    0.1249023    0.2450037
82139740    0.3176008    0.2956800
56920873    0.2995450    0.3770333
83197206    0.2185750    0.2252139
35897402    0.4143970    0.4174103
10392748    0.1246251    0.1194737
79324150    0.1327389    0.1366012
19483527    0.1787383    0.2214329
93270846    0.3896023    0.3705405
81693024    0.1615259    0.1964395
60573841    0.0080028    0.0330546
85397462    0.1461277    0.2259727
96302148    0.2372141    0.2362539
97183264    0.3591365    0.2977616
43206985    0.1951650    0.2277608
96138204    0.1449491    0.2036986
43780952    0.3129933    0.2289679
12904576    0.3852948    0.6120628
14387690    0.2061633    0.3181909
78691503    0.3143425    0.1995701
54879302    0.2807025    0.2979762
35842190    0.0440798    -0.1002312
23045176    0.3178396    0.3260520
68293104    0.0358413    -0.0370535
62897034    0.1620364    0.2658024
27156309    0.1905536    0.2022368
59230168    0.1671241    0.1460247
13085762    0.3273837    0.3322629
34209168    0.1613672    0.2024204
25986740    0.1667644    0.1459823
81437256    0.3754057    0.2989893
61792438    0.2751650    0.1263288
20519736    0.2078745    0.2700703
94185602    0.0684437    0.1122644
10857693    0.2848121    0.2212747
56893071    0.1657909    0.1628612
32714856    0.3173793    0.3016114
89231046    0.0701274    0.0773769
85902746    0.2217552    0.1188441
50619347    0.3196470    0.3988072
34681702    0.2408399    0.2954081
67381945    0.1065278    0.1381960
40568932    0.1124073    0.1067057
56140738    0.3249323    0.3006492
12086359    0.0064457    0.1390363
82609473    -0.0309462    0.1840896
45068793    0.0582267    -0.0012836
46752830    0.5220824    0.5180576
98016472    0.1913138    0.2006945
87904612    0.1259729    0.1024912
78510264    0.0811135    0.1563840
34012568    0.4028562    0.4103625
93608745    0.2518492    0.2767951
25976038    0.2738430    0.1940729
17042638    0.1411405    0.2124951
45628709    0.1130647    0.1396168
83429561    0.2568101    0.3134734
37419068    0.1121111    0.1708125
51763480    0.4308012    0.4896033
63975401    -0.0284755    0.0026187
23750186    0.1395542    0.1125143
82769514    0.1071274    0.1395881
59387142    0.2924146    0.2793602
34105672    0.1870527    0.1623566
64213980    0.0801635    0.0584002
57129046    0.0741950    -0.0741130
60897513    0.1301192    0.2017474
67851930    0.1565579    0.0508433
71465098    0.3067145    0.2512153
95063127    0.3365001    0.2561200
13480652    0.2119081    0.1766752
74920653    0.4227876    0.3623871
50648317    0.3646901    0.2669396
41085739    0.2158497    0.1693545
52948361    0.0420176    0.1024143
72015384    0.5095192    0.5611808
58346072    0.3937567    0.2502065
23705914    0.1015233    0.1833730
89604375    0.5544792    0.4245546
70264158    0.1874085    0.2267642
26408915    0.1213319    0.1514714
40236598    0.1331878    0.0336866
61927503    0.0583740    0.1372460
74920568    0.0942004    0.1240920
79648230    0.2436525    0.2643298
82354971    0.0228063    0.0767793
87932541    0.1275321    0.1417433
24501987    0.1447957    0.1702116
40596718    0.1890510    0.1770944
83764925    0.1711960    0.1773611
62941037    0.3422488    0.2770177
71403958    0.3880658    0.3515386
65374182    0.0248284    0.1194191
32508179    0.0563334    0.1280279
37068241    0.4272806    0.6114619
16375284    0.2126535    0.1867464
67239801    0.1973108    0.1952514
56489170    0.3309727    0.2659630
93481752    0.2718664    0.2115082
67409258    0.3510112    0.6413653
20819547    0.4023762    0.4243110
94528706    0.1321287    0.1937676
72803641    0.0189457    0.1163306
81294637    0.2323228    0.1656471
67198240    0.4920497    0.4061428
97428650    0.1566038    0.2009532
50942871    0.0802008    -0.0847319
31879054    0.3563824    0.5104069
24035867    0.2180151    0.2603438
41267093    0.0940958    0.1970146
12507849    0.1052662    0.1236420
95240316    0.1675703    0.2134852
41253670    0.2920886    0.2301873
48270965    -0.0273596    0.0987372
79631548    0.1812138    0.1526606
61487350    0.1231352    0.1187531
71453068    0.0661260    0.1709092
75684932    0.2416156    0.3024124
61932785    0.2703631    0.2138104
23074169    0.4747303    0.6201118
67435291    0.3115513    0.3712291
47098521    0.1130693    0.1301046
50987241    0.2942135    0.4450079
