34189275    0.0542352    0.0827634
14387690    0.2061633    0.1627718
25976038    0.2738430    0.1840670
51763480    0.4308012    0.5582690
1069425    0.5509495    0.4562700
5693807    0.1703150    0.3302448
17042638    0.1411405    0.2203516
43972106    0.3626580    0.4220018
51398260    0.1249023    0.1254570
9381746    0.2999753    0.4054565
4327501    0.2126635    0.2169469
9084715    0.0584843    0.0804345
5738926    0.3573479    0.3898778
59230168    0.1671241    0.1745877
45628709    0.1130647    0.1614871
63175049    0.2735692    0.1966026
5197243    0.5915708    0.4680923
34012568    0.4028562    0.4370006
98016472    0.1913138    0.2098435
9576032    0.5069458    0.3767028
8512390    0.3917661    0.3083940
71403958    0.3880658    0.4166665
91052873    0.1417432    0.1497858
20419573    0.2637484    0.1597959
6138297    0.0625853    0.1168941
18325407    0.3715184    0.3309741
89604375    0.5544792    0.3261473
16958274    0.0291058    0.0917227
5683192    0.4733342    0.3024261
2096537    0.5723276    0.5813975
32714856    0.3173793    0.1657929
12304586    0.2230351    0.2219750
67905128    0.1698469    0.1995439
81294637    0.2323228    0.1308546
85320746    0.3344432    0.3202684
6271834    0.0263550    0.0797768
3254689    0.3482216    0.2905011
2845369    0.2818527    0.1711306
21064358    0.1029364    0.1107963
9257083    0.5751210    0.4888752
5196087    0.4362904    0.4056258
23045176    0.3178396    0.2251419
52948361    0.0420176    0.0417349
2673845    0.5641396    0.3645979
7483150    0.3565000    0.3791228
7932580    0.4682114    0.3866380
20819547    0.4023762    0.4353134
47098521    0.1130693    0.1097140
1260374    0.0731026    0.1585913
3014689    0.2795749    0.2544057
6175483    0.4677562    0.4362077
7905641    0.2707025    0.4136161
50129364    0.3502489    0.1932578
5714096    0.3797141    0.3770728
6594182    0.0526440    0.1920191
1804532    0.1433767    0.1063191
17596823    0.0303843    0.1545163
3015264    0.2364364    0.2234593
2541903    0.3190446    0.3319719
71465098    0.3067145    0.2560829
5372069    0.3426059    0.2934851
4807153    0.1503095    0.1719482
2317805    0.4805482    0.4631891
31254760    0.4422659    0.2967107
2361549    0.1515017    0.2905940
83197206    0.2185750    0.2059976
1056832    0.1398216    0.1914262
19436725    0.1565862    0.1329300
35280617    -0.0191183    0.0502047
59481307    0.1335299    0.0478674
9317528    0.2727551    0.2577151
65374182    0.0248284    0.0870256
9518437    0.1673752    0.2086926
3061874    0.2808881    0.3378605
72153046    0.0292038    0.1562845
41267093    0.0940958    0.1235714
8521307    0.3988584    0.2452757
3264017    0.1892763    0.2269785
50836291    0.1281155    0.2008980
2568307    0.2370991    0.2227824
23074169    0.4747303    0.2796594
9840216    0.0807284    0.1592307
20456318    0.0361747    0.0854087
71248596    0.0827905    0.2215008
13658924    0.0792403    0.2032374
3786905    0.2339949    0.2411089
5891230    0.2276907    0.1922388
83429561    0.2568101    0.2468633
70251698    0.3058280    0.2148687
35842190    0.0440798    0.0808042
67409258    0.3510112    0.2061735
2081546    0.4467185    0.2869646
18967543    0.2637843    0.1232268
40326571    0.2393876    0.2225561
9084235    0.2844537    0.2644009
23750186    0.1395542    0.1709263
5894621    0.2282716    0.2850024
4165972    0.2014961    0.2383091
2514308    0.3364096    0.2894710
43860715    0.0869390    0.2156364
50648317    0.3646901    0.3435999
85397462    0.1461277    0.2217299
1705239    0.2730497    0.1801807
7548206    0.3996251    0.4545219
1895642    0.3019776    0.3684458
82769514    0.1071274    0.1686712
6083594    0.4033448    0.2929638
97408251    0.0528856    0.1233509
71305486    0.5131515    0.4994076
10693257    0.3052177    0.3541642
8397402    -0.0295911    0.1250993
15860437    0.1634063    0.1526566
64213980    0.0801635    0.1351735
61927503    0.0583740    0.2074102
76415208    0.0900140    0.1204803
5648371    0.2782824    0.2231634
94130527    0.1603314    0.2737281
16943087    0.1024783    0.2319707
87563140    0.2003200    0.1916140
54879302    0.2807025    0.3371071
95308671    0.2649733    0.1664716
3280951    0.0553783    0.1040941
71204863    0.2342260    0.1777944
10378294    0.3021635    0.3446684
24501987    0.1447957    0.1658570
2760143    0.3529654    0.2093465
7985463    0.1468814    0.0398122
2018563    0.3960066    0.4328890
48270965    -0.0273596    0.1073770
6491783    0.2638982    0.2186276
4935860    0.2500624    0.2463008
67198240    0.4920497    0.3003232
93481752    0.2718664    0.1208829
3250478    0.0873304    0.2573882
7918026    0.0989480    0.0866632
56920873    0.2995450    0.2263181
5160827    0.1363529    0.0769314
4328571    0.3664831    0.2554706
3296450    0.5973707    0.3002821
5294037    0.3698771    0.2817584
2158347    0.3815083    0.1721383
2198367    0.0754390    0.2010263
85902746    0.2217552    0.3449751
62945318    0.1630607    0.1885284
82354971    0.0228063    0.0967297
49670328    0.1332543    0.1608805
7254913    0.0828423    0.1230017
82609473    -0.0309462    0.0359168
62897034    0.1620364    0.1662621
5732806    0.2107367    0.2221631
59387142    0.2924146    0.2436174
40568932    0.1124073    0.1281833
4352098    0.3358923    0.2229325
6091584    0.0551016    0.0098521
5146839    0.5332805    0.4547912
5718692    0.1730530    0.2380213
32156478    0.0373923    -0.0087596
6315928    0.2469237    0.2607614
70843926    0.2776558    0.1946409
46752830    0.5220824    0.3617030
4267580    0.4071005    0.4330802
19483527    0.1787383    0.2393221
2465970    0.2177032    0.1003605
5187042    0.1334780    0.1189695
16094873    0.0280620    0.0835853
31879054    0.3563824    0.2548682
87904612    0.1259729    0.1931294
9603748    0.2451397    0.2828216
4867502    0.3658697    0.2433731
45068793    0.0582267    0.1674374
34982675    0.0478840    0.0992997
6543129    0.4651338    0.2803787
4165230    0.0664882    0.2773356
4528069    0.1329296    0.1164723
5749680    0.1812531    0.1463296
97183264    0.3591365    0.3854411
3469512    0.2516770    0.2207740
6319528    0.3046428    0.2384043
60573841    0.0080028    0.2076462
2384019    0.2573606    0.2283824
1365094    0.2127880    0.1455177
2941375    0.1039866    0.1601477
61487350    0.1231352    0.1528631
79648230    0.2436525    0.2669953
59806341    0.3732070    0.3637317
4976231    0.4576726    0.2795224
38702645    0.1698794    0.2052805
8927605    0.1242698    0.1639749
5140362    0.3208159    0.3270455
3215784    0.0695981    -0.0082081
1743698    0.3903206    0.2236325
32508179    0.0563334    0.1248989
4960875    0.1032987    0.1476887
2943061    0.1322802    0.3291792
9765234    0.3451286    0.2727468
67239801    0.1973108    0.2107585
92057831    0.1228388    0.1575812
1932047    0.1806909    0.0936701
34105672    0.1870527    0.1696943
2643098    0.2184954    0.2422286
7190582    0.5212715    0.2927309
83265941    0.1260843    0.0966271
56140738    0.3249323    0.1816665
50619347    0.3196470    0.3145892
9501276    0.0174545    0.0916051
61932785    0.2703631    0.2006465
5123968    0.5559287    0.4866858
89231046    0.0701274    0.2020033
7063891    0.3753386    0.4059786
9157643    0.4749572    0.5205772
56893071    0.1657909    0.1756386
8653417    0.1287219    0.2057837
42368795    0.4455477    0.3829481
1320567    0.2311754    0.2368249
43208516    0.2005489    0.1314871
27156309    0.1905536    0.1248962
10392748    0.1246251    0.1708021
58319420    0.0758413    0.0998460
3514269    0.2860579    0.1870542
4932856    0.2126629    0.2016572
5170386    0.0831770    0.2370782
62157849    0.1091794    0.1652035
2739650    0.1539570    0.1848352
43790281    0.0475672    0.1404273
12064358    0.1449998    0.1865452
12374650    0.1772530    0.1822916
2045968    0.1103608    0.1590814
7521463    0.3398980    0.3794967
12507849    0.1052662    0.1345396
32875906    0.3579376    0.2966918
69578014    0.2654074    0.1113330
60897513    0.1301192    0.2607628
5267094    0.2599849    0.3402956
7819360    0.3202660    0.4620776
27845619    0.2513606    0.2729855
72015384    0.5095192    0.3839303
93507642    0.2040192    0.2475369
18952376    0.0941340    0.1275507
72150386    -0.0355079    0.0167364
4637091    0.4661794    0.3816351
6039182    0.2504354    0.3112703
8597263    0.1450746    0.2022744
46879352    0.1105719    0.1003043
43065218    0.2726136    0.1354489
80163975    -0.0812560    -0.0527314
81437256    0.3754057    0.3103412
95267031    0.1225485    0.1951358
4768210    0.6686979    0.4704052
8496023    0.1516259    0.1513792
37419068    0.1121111    0.1759618
16504783    0.2812308    0.3116154
74920568    0.0942004    0.0952888
2836405    0.2381882    0.1916634
1279568    -0.0397060    0.1703378
39186520    0.1250224    0.1886188
8290476    0.2635870    0.2873291
2819470    0.3080540    0.2365368
6930741    0.1099527    0.2048216
9138254    0.2920520    0.2696044
8613947    0.2891041    0.2573592
47812905    0.1007904    0.1575039
65349018    0.3772913    0.3303034
7348562    0.3256060    0.2766922
6278590    0.0292114    0.1498964
27159836    0.0332070    0.0348520
2694380    0.2196963    0.2256511
4203176    0.0868008    0.1536245
30975426    0.2825031    0.3037223
9328467    0.5027560    0.5092940
25986740    0.1667644    0.1538050
6748193    0.2073776    0.2098859
8315042    0.3440053    0.2542466
84135296    0.0717320    0.1253138
9182473    0.1916796    0.2059629
3092751    0.0439309    0.1469859
78691503    0.3143425    0.1903297
9425807    0.3096627    0.1902244
8054917    0.3262745    0.2743756
65483790    0.0322079    0.0907080
75684932    0.2416156    0.2427208
