4692830    0.5977371    0.6984319
9603748    0.2451397    0.2920876
7985463    0.1468814    0.1781490
4867502    0.3658697    0.4107401
4750928    0.4639964    0.4953148
6278590    0.0292114    0.1205926
6807539    0.3188515    0.3290631
3821574    0.3310490    0.3791160
7160483    0.4047953    0.3164936
9467830    -0.0446479    0.0793489
5619803    0.1762386    0.2030879
8521307    0.3988584    0.3172850
7932580    0.4682114    0.6366960
4265083    0.3106906    0.2948263
4768210    0.6686979    0.6859058
5062718    0.3932812    0.2947005
5183609    0.5404390    0.5272006
6342708    0.0867694    0.0582264
7804269    0.1723401    0.1693224
7905641    0.2707025    0.3154695
8653417    0.1287219    0.2052118
4932856    0.2126629    0.2245772
6752138    0.1926357    0.2077272
2018563    0.3960066    0.4332021
3741296    0.0530962    -0.0031209
6895471    0.5201627    0.3830779
3514269    0.2860579    0.2941703
5738926    0.3573479    0.3675011
6039182    0.2504354    0.3263443
8463201    0.3381932    0.2898749
4807153    0.1503095    0.2040509
3740286    0.4547719    0.4168130
8496023    0.1516259    0.1665992
9180765    0.1868605    0.1818833
5178439    0.3721354    0.3387586
4127693    0.3656554    0.3562627
9605831    0.1809202    0.1534451
7130825    0.2484626    0.1982877
2931756    0.2538077    0.2143392
3014689    0.2795749    0.2625247
3578406    0.1215780    0.1317511
2645180    0.2137118    0.1957515
9354761    0.1451593    0.1046337
1056832    0.1398216    0.1417508
9461730    0.1967047    0.2032455
5160827    0.1363529    0.1621137
5372069    0.3426059    0.2551569
6594182    0.0526440    0.1235250
2836405    0.2381882    0.2619867
6138297    0.0625853    0.0573784
5891230    0.2276907    0.2080985
4306815    0.5216363    0.4462497
9321840    0.4420901    0.4753972
1340285    0.1161054    0.1668502
2317805    0.4805482    0.4098810
1365094    0.2127880    0.2303524
3041965    0.4253836    0.4950056
2541903    0.3190446    0.4821545
4063285    0.2597609    0.2814181
6902314    0.1831756    0.2867248
2487590    0.1245996    0.1813028
1743698    0.3903206    0.3532974
6025847    0.3156327    0.2985334
2514308    0.3364096    0.2729669
1279568    -0.0397060    0.0941960
9546732    0.3262210    0.4544350
5718692    0.1730530    0.1937996
6315928    0.2469237    0.2555192
7369148    0.4514948    0.5613295
9267581    0.1851758    0.1710337
9731406    0.1191694    0.1808193
9328467    0.5027560    0.3983265
8397402    -0.0295911    0.0795194
6319528    0.3046428    0.3382261
2869347    0.3789614    0.3546687
8643509    0.4373056    0.4882042
4165230    0.0664882    0.2233392
2760143    0.3529654    0.4546243
1059674    0.2535736    0.2065584
4203176    0.0868008    0.2032455
1320567    0.2311754    0.3289061
9157643    0.4749572    0.5904749
6530821    0.3380645    0.3166334
7803256    0.3907403    0.3772523
9317528    0.2727551    0.2161667
3892147    0.0673109    0.1614037
5902371    0.2322153    0.2455627
6971305    0.4535946    0.4368887
6748193    0.2073776    0.1800556
5714096    0.3797141    0.4286148
4309715    0.1303742    0.1561194
2498173    0.3937241    0.3460004
9706385    0.3472344    0.4140061
2045968    0.1103608    0.1722569
3254689    0.3482216    0.3693045
5308146    0.4128936    0.3983570
5196087    0.4362904    0.3975857
1923504    0.4565430    0.4937004
2384019    0.2573606    0.2155447
5831672    0.2538592    0.1912318
9618250    0.1745989    0.1703622
2361549    0.1515017    0.1565723
9245670    0.3915895    0.3227638
8512390    0.3917661    0.3949478
4857263    0.3738794    0.3011455
3469512    0.2516770    0.2861642
1069425    0.5509495    0.4885868
9720165    0.4198961    0.3871898
2568307    0.2370991    0.1444750
8054917    0.3262745    0.3357734
1694783    0.0640252    0.0750941
9425807    0.3096627    0.2898825
6271834    0.0263550    0.1038923
1790246    0.2481418    0.2597129
9257083    0.5751210    0.5340263
9576032    0.5069458    0.4891083
5197243    0.5915708    0.4334323
9317254    0.3729283    0.3802812
3296450    0.5973707    0.4648274
6423907    0.2354790    0.1715869
8317509    0.1872364    0.1874732
7254913    0.0828423    0.1522700
5146839    0.5332805    0.6230816
2081546    0.4467185    0.4534342
3215784    0.0695981    0.1752875
5683192    0.4733342    0.4297614
5762910    0.2062399    0.2729301
8613947    0.2891041    0.2199492
4528069    0.1329296    0.1569385
5732806    0.2107367    0.1760119
4165972    0.2014961    0.2823151
1705239    0.2730497    0.3473312
6283704    0.0842864    0.1738982
4352098    0.3358923    0.3321938
2096537    0.5723276    0.5573784
6930741    0.1099527    0.1215894
3149850    0.0295857    0.1631786
4987650    0.2964038    0.4008247
1098653    0.2683512    0.3014157
2043178    0.4086680    0.3270940
