4309715    0.1303742    0.1980395
3891520    0.3327236    0.3713655
4768210    0.6686979    0.8876060
2941375    0.1039866    0.1511236
9731406    0.1191694    0.1475961
4693502    0.1955602    0.1745567
2487590    0.1245996    0.1110288
9607438    0.1222324    0.2033181
9157643    0.4749572    0.5432795
6491783    0.2638982    0.2587702
4265083    0.3106906    0.3570670
7063891    0.3753386    0.3263099
6895471    0.5201627    0.5709016
5714096    0.3797141    0.4258654
5891230    0.2276907    0.2699441
7160483    0.4047953    0.3455342
6543129    0.4651338    0.3695694
7130825    0.2484626    0.2999783
7803256    0.3907403    0.4152919
8496023    0.1516259    0.1613059
5831672    0.2538592    0.2750906
9501276    0.0174545    0.1823136
3061874    0.2808881    0.3031933
6083594    0.4033448    0.3767268
6025847    0.3156327    0.3357823
6278590    0.0292114    0.0848297
3204167    0.3540025    0.3366464
9450781    0.3211172    0.3389834
1932047    0.1806909    0.2372413
5308146    0.4128936    0.3495136
2043178    0.4086680    0.4042470
8653417    0.1287219    0.1637227
4328571    0.3664831    0.3073659
4932856    0.2126629    0.2250775
5762910    0.2062399    0.2945280
3582067    0.3364838    0.3424714
4127693    0.3656554    0.3729756
3627410    0.1778646    0.1828256
5732806    0.2107367    0.1995217
3892147    0.0673109    0.1627976
6175483    0.4677562    0.5289621
7190582    0.5212715    0.6618776
4063285    0.2597609    0.2800409
6342708    0.0867694    0.0104665
3056417    0.3964929    0.4063214
3250478    0.0873304    0.0737472
9257083    0.5751210    0.5445045
8463201    0.3381932    0.3279544
5814072    0.1933573    0.1190762
4306815    0.5216363    0.5403473
5372069    0.3426059    0.2801480
2498173    0.3937241    0.4731682
4857263    0.3738794    0.4493823
9518437    0.1673752    0.1993751
9603748    0.2451397    0.2397745
9720165    0.4198961    0.3677516
6319528    0.3046428    0.3242282
2078916    0.2681468    0.3351890
2317805    0.4805482    0.5376594
1320567    0.2311754    0.2447158
9138254    0.2920520    0.2677278
2081546    0.4467185    0.5088323
3215784    0.0695981    0.0486736
6039182    0.2504354    0.2724294
9840216    0.0807284    0.0239441
3469512    0.2516770    0.1985396
2514308    0.3364096    0.3072363
4123795    -0.0081841    0.2060595
6703951    0.2923357    0.2977156
2045968    0.1103608    0.1702547
6930741    0.1099527    0.1638975
9317254    0.3729283    0.4522815
4637091    0.4661794    0.5179565
5178439    0.3721354    0.3521559
2739650    0.1539570    0.2356296
9354761    0.1451593    0.1128997
2694380    0.2196963    0.2274622
1302765    0.3472123    0.3944916
8613947    0.2891041    0.2390392
1487932    0.4101857    0.4193583
5619803    0.1762386    0.1349006
5187042    0.1334780    0.1353231
3514269    0.2860579    0.2572545
2018563    0.3960066    0.3777220
2158347    0.3815083    0.3481671
3296450    0.5973707    0.5217897
9380175    0.2946367    0.2724060
5140362    0.3208159    0.2632877
7819360    0.3202660    0.4140855
6315928    0.2469237    0.2718041
7905641    0.2707025    0.1839985
2760143    0.3529654    0.3440594
4750928    0.4639964    0.5500462
2869347    0.3789614    0.3728139
3612974    0.1838014    0.1661203
9605831    0.1809202    0.2094757
6530821    0.3380645    0.3152232
1365094    0.2127880    0.3636187
9461730    0.1967047    0.2123104
5718692    0.1730530    0.1962212
5902371    0.2322153    0.3002352
4528069    0.1329296    0.1977960
6748193    0.2073776    0.2205731
4935860    0.2500624    0.3606934
7932580    0.4682114    0.4504714
3149850    0.0295857    0.0584249
1260374    0.0731026    0.2301421
8605217    0.2345106    0.2085768
3015264    0.2364364    0.2337774
4976231    0.4576726    0.4296939
4807153    0.1503095    0.2204021
8643509    0.4373056    0.3563929
6851203    0.2527070    0.2325178
9084715    0.0584843    0.1102116
9381746    0.2999753    0.2553044
4692830    0.5977371    0.4185123
2096537    0.5723276    0.4628556
1895642    0.3019776    0.2812293
5267094    0.2599849    0.3003836
8512390    0.3917661    0.3964750
2453071    0.2434675    0.2743900
9180765    0.1868605    0.1550786
6752138    0.1926357    0.1336256
1098653    0.2683512    0.3484485
2198367    0.0754390    0.1592031
8521307    0.3988584    0.3593186
6091584    0.0551016    0.0372621
5146839    0.5332805    0.4926877
4165230    0.0664882    0.1688897
3280951    0.0553783    0.1890595
9706385    0.3472344    0.3474419
8397402    -0.0295911    -0.0967830
6283704    0.0842864    0.2040645
4987650    0.2964038    0.3955333
2384019    0.2573606    0.2708192
7243896    0.3525857    0.3044217
7521463    0.3398980    0.2869549
9467830    -0.0446479    0.1289747
7254913    0.0828423    0.1122738
5693807    0.1703150    0.2532536
