47098521    0.1130693    0.1400183
75149062    0.1247694    0.1421407
40236598    0.1331878    0.1518517
72153046    0.0292038    0.0449669
93608745    0.2518492    0.2076715
96302148    0.2372141    0.2086935
41085739    0.2158497    0.1518811
16375284    0.2126535    0.1866281
93481752    0.2718664    0.2800696
40596718    0.1890510    0.2849036
39720486    0.2953125    0.2099795
35280617    -0.0191183    0.1074202
60573841    0.0080028    0.0941850
39186520    0.1250224    0.2089646
47812905    0.1007904    0.0461148
71204863    0.2342260    0.1855913
31254760    0.4422659    0.4058104
59806341    0.3732070    0.3566687
72015384    0.5095192    0.5405796
67435291    0.3115513    0.3175375
78351290    0.2346316    0.1539948
38960417    0.0926794    0.0813704
67905128    0.1698469    0.1339478
83265941    0.1260843    0.0652504
42368795    0.4455477    0.3488640
12458390    0.1245855    0.1487217
41253670    0.2920886    0.2333699
80163975    -0.0812560    0.0798032
85397462    0.1461277    0.2608797
58642793    0.1629138    0.2234889
81693024    0.1615259    0.1902110
71248596    0.0827905    0.1461079
60897513    0.1301192    0.1611786
20456318    0.0361747    0.1464401
23705914    0.1015233    0.1375073
85902746    0.2217552    0.2253454
54879302    0.2807025    0.3038126
68427591    0.0416545    0.0492710
14387690    0.2061633    0.2369527
92057831    0.1228388    0.1188636
50836291    0.1281155    0.1384237
61927503    0.0583740    0.1002172
70843926    0.2776558    0.2179191
61487350    0.1231352    0.1276322
81439706    0.1262791    0.1006974
41267093    0.0940958    0.1800517
65349018    0.3772913    0.3849367
48270965    -0.0273596    0.0149328
71403958    0.3880658    0.4035193
27156309    0.1905536    0.2166398
12374650    0.1772530    0.1422268
71465098    0.3067145    0.2908453
21064358    0.1029364    0.0746818
30975426    0.2825031    0.2090812
79324150    0.1327389    0.0915005
18967543    0.2637843    0.2010728
23045176    0.3178396    0.2990330
20519736    0.2078745    0.1762065
95308671    0.2649733    0.2255898
13658924    0.0792403    0.0955807
59481307    0.1335299    0.1608027
40326571    0.2393876    0.2435479
20694735    0.0069220    0.1042826
52634817    0.2849960    0.2888525
65374182    0.0248284    0.1062074
67381945    0.1065278    0.0981442
78691503    0.3143425    0.2913004
12086359    0.0064457    0.0021404
38702645    0.1698794    0.2293166
56893071    0.1657909    0.1584240
82139740    0.3176008    0.3442275
91052873    0.1417432    0.1052213
79631548    0.1812138    0.1390824
71453068    0.0661260    0.0935223
43780952    0.3129933    0.2557896
34681702    0.2408399    0.2790058
57129046    0.0741950    0.0618661
70264158    0.1874085    0.1829965
67239801    0.1973108    0.1957654
46879352    0.1105719    0.0817706
67851930    0.1565579    0.1728578
32468591    0.2064951    0.2223449
56489170    0.3309727    0.2905539
95267031    0.1225485    0.1397443
85709634    0.1365534    0.0803601
34105672    0.1870527    0.2064072
67198240    0.4920497    0.4777992
45068793    0.0582267    0.0601923
43206985    0.1951650    0.1231185
32508179    0.0563334    0.1227054
51398260    0.1249023    0.1076113
94715302    0.3625983    0.3623293
65483790    0.0322079    0.0500651
87932541    0.1275321    0.0982826
82609473    -0.0309462    0.0018194
42936180    0.4175026    0.4516059
45726190    0.1449229    0.1162831
23074169    0.4747303    0.4273047
87563140    0.2003200    0.2284307
97408251    0.0528856    0.0804667
10392748    0.1246251    0.0692640
96138204    0.1449491    0.1631673
85320746    0.3344432    0.3134065
12904576    0.3852948    0.5479423
95063127    0.3365001    0.2581948
43065218    0.2726136    0.2509729
45628709    0.1130647    0.0959292
89604375    0.5544792    0.4041013
16094873    0.0280620    0.1100356
82769514    0.1071274    0.1570235
46752830    0.5220824    0.4342745
83764925    0.1711960    0.0773041
20419573    0.2637484    0.2587587
62941037    0.3422488    0.4395946
97428650    0.1566038    0.0874108
12304586    0.2230351    0.1932764
16958274    0.0291058    0.0906206
51763480    0.4308012    0.4252669
16943087    0.1024783    0.1319669
89231046    0.0701274    0.1129040
67409258    0.3510112    0.4066217
27845619    0.2513606    0.3020180
19743065    0.0593324    0.1000378
62945318    0.1630607    0.1680766
98016472    0.1913138    0.1754421
75684932    0.2416156    0.2215935
15780629    0.4336775    0.4115936
95240316    0.1675703    0.2210255
20819547    0.4023762    0.3447184
61784935    0.0502294    0.0172221
86192507    0.0664135    0.0511753
32450971    0.1140205    0.1075667
35897402    0.4143970    0.4485682
61932785    0.2703631    0.2009760
26408915    0.1213319    0.1313485
32156478    0.0373923    0.0864899
87904612    0.1259729    0.1128200
49670328    0.1332543    0.1539660
27159836    0.0332070    0.0183292
43860715    0.0869390    0.1067230
