65790324    0.0046216    0.0609227
95063127    0.3365001    0.3462709
8613947    0.2891041    0.1746167
2836405    0.2381882    0.2153321
6283704    0.0842864    0.1642019
56489170    0.3309727    0.4053646
9518642    0.5007111    0.6175429
16094873    0.0280620    0.0721306
9605831    0.1809202    0.3192005
2453071    0.2434675    0.3114802
45726190    0.1449229    0.0936316
2498173    0.3937241    0.3941851
43790281    0.0475672    -0.0021086
68427591    0.0416545    0.1053205
1804532    0.1433767    0.1314823
6543129    0.4651338    0.4690532
5267094    0.2599849    0.2255692
1735482    0.1225054    0.1378480
1932047    0.1806909    0.1241777
3582067    0.3364838    0.3694582
5197243    0.5915708    0.6051013
36509124    0.1029860    0.1203156
40568932    0.1124073    0.1191679
95240316    0.1675703    0.1909422
71465098    0.3067145    0.3430475
4327501    0.2126635    0.1605549
84036972    0.2046254    0.1568279
2096537    0.5723276    0.6961011
5170386    0.0831770    0.1348411
14387690    0.2061633    0.1353466
12458390    0.1245855    0.1450749
5831672    0.2538592    0.2707287
6025847    0.3156327    0.3094952
9425807    0.3096627    0.2629087
50836291    0.1281155    0.1681369
4328571    0.3664831    0.4224142
39186520    0.1250224    0.1806021
76402381    0.0634703    0.1127445
56920873    0.2995450    0.3331783
20419573    0.2637484    0.2292029
3612974    0.1838014    0.1672536
71248596    0.0827905    0.0792536
56893071    0.1657909    0.1470313
85320746    0.3344432    0.2753716
32468591    0.2064951    0.2013095
5619803    0.1762386    0.2892544
4857263    0.3738794    0.3678444
50987241    0.2942135    0.4351323
5146839    0.5332805    0.4430968
38702645    0.1698794    0.1670305
2941375    0.1039866    0.1084081
69578014    0.2654074    0.2882652
67239801    0.1973108    0.1932449
9450781    0.3211172    0.3535972
6807539    0.3188515    0.3169495
27845619    0.2513606    0.2488335
87563140    0.2003200    0.1869056
27159836    0.0332070    0.1207823
5648371    0.2782824    0.2339692
13658924    0.0792403    0.0533565
65483790    0.0322079    0.1123959
7369148    0.4514948    0.3535285
52948361    0.0420176    0.0962900
8317509    0.1872364    0.1983354
75684932    0.2416156    0.1479138
2081546    0.4467185    0.3336049
58642793    0.1629138    0.1370830
9381746    0.2999753    0.2710478
25986740    0.1667644    0.2062172
32450971    0.1140205    0.1125596
18325407    0.3715184    0.3896744
85902746    0.2217552    0.2200556
9546732    0.3262210    0.3262588
3280951    0.0553783    0.0499753
98016472    0.1913138    0.1727714
2931756    0.2538077    0.2752197
87932541    0.1275321    0.0966282
3645207    0.1910296    0.1743863
61784935    0.0502294    0.1087452
50619347    0.3196470    0.2794778
98526013    0.1456753    0.2042547
6091584    0.0551016    0.1619375
30975426    0.2825031    0.3080331
95308671    0.2649733    0.1649767
6278590    0.0292114    0.0784099
8054917    0.3262745    0.4023229
3891520    0.3327236    0.3405341
13085762    0.3273837    0.3467461
9618250    0.1745989    0.1838455
67409258    0.3510112    0.3293672
7803256    0.3907403    0.4220744
25976038    0.2738430    0.2825488
78691503    0.3143425    0.2335975
94130527    0.1603314    0.1951490
56140738    0.3249323    0.2848118
75149062    0.1247694    0.0940581
35842190    0.0440798    0.1022905
59481307    0.1335299    0.1270987
37068241    0.4272806    0.3722604
91052873    0.1417432    0.1655670
93507642    0.2040192    0.2009401
2694380    0.2196963    0.2223856
67851930    0.1565579    0.1732989
6530821    0.3380645    0.3344567
2043178    0.4086680    0.4810126
39062841    0.0944830    0.1809425
3215784    0.0695981    0.1604305
79648230    0.2436525    0.2735842
4637091    0.4661794    0.4216981
23705914    0.1015233    0.1386830
3821574    0.3310490    0.2780108
67435291    0.3115513    0.3443662
5160827    0.1363529    0.1552011
10378294    0.3021635    0.2912917
74920653    0.4227876    0.2953146
10693257    0.3052177    0.2931832
57043269    0.2307362    0.1630864
9317528    0.2727551    0.2579352
4932856    0.2126629    0.1870119
1302765    0.3472123    0.2864208
3892147    0.0673109    0.1347381
87904612    0.1259729    0.0712283
23074169    0.4747303    0.4112704
1320567    0.2311754    0.2694203
1365094    0.2127880    0.2200468
5196087    0.4362904    0.4882270
1790246    0.2481418    0.2248925
1705239    0.2730497    0.2429529
7063891    0.3753386    0.3946003
7905641    0.2707025    0.3276607
47812905    0.1007904    0.1425514
43972106    0.3626580    0.4943919
42936180    0.4175026    0.4305222
42368795    0.4455477    0.4806038
57129046    0.0741950    0.0927651
16375284    0.2126535    0.1870016
8463201    0.3381932    0.3403130
72150386    -0.0355079    0.0437076
4267580    0.4071005    0.3106566
46752830    0.5220824    0.2886956
34189275    0.0542352    0.1078095
97408251    0.0528856    0.1024291
9720165    0.4198961    0.3664275
71403958    0.3880658    0.3803115
3514269    0.2860579    0.2302915
6138297    0.0625853    0.1028242
82609473    -0.0309462    0.1455270
34209168    0.1613672    0.2381151
83197206    0.2185750    0.2500221
89231046    0.0701274    0.1394485
82139740    0.3176008    0.3378229
92057831    0.1228388    0.1335114
6175483    0.4677562    0.5271400
68293104    0.0358413    0.0198557
6342708    0.0867694    0.0990556
5140362    0.3208159    0.3181174
4306815    0.5216363    0.5059702
5891230    0.2276907    0.1972365
34982675    0.0478840    0.0378197
10392748    0.1246251    0.1075161
9138254    0.2920520    0.2391436
71204863    0.2342260    0.2705492
43208516    0.2005489    0.1487875
3056417    0.3964929    0.3059071
7483150    0.3565000    0.4097520
16943087    0.1024783    0.1183295
3264017    0.1892763    0.1606837
8410523    0.3938945    0.3692459
63975401    -0.0284755    0.0455302
32875906    0.3579376    0.3633460
13480652    0.2119081    0.2264796
47098521    0.1130693    0.1080162
9765234    0.3451286    0.3867777
2869347    0.3789614    0.3440455
12507849    0.1052662    0.1539531
3578406    0.1215780    0.1276317
34012568    0.4028562    0.3382840
9084235    0.2844537    0.3084784
2465970    0.2177032    0.1317654
61932785    0.2703631    0.2308141
27156309    0.1905536    0.1504989
35897402    0.4143970    0.2993521
1260374    0.0731026    0.1184326
2673845    0.5641396    0.5792466
83429561    0.2568101    0.3074489
6703951    0.2923357    0.3337695
81439706    0.1262791    0.1678205
72153046    0.0292038    0.0467584
4987650    0.2964038    0.2728335
4123795    -0.0081841    0.1144262
5123968    0.5559287    0.4597805
41267093    0.0940958    0.1321782
61487350    0.1231352    0.1282728
67905128    0.1698469    0.1778930
9603748    0.2451397    0.2453258
80163975    -0.0812560    -0.0775141
12304586    0.2230351    0.2226949
7548206    0.3996251    0.3378507
2384019    0.2573606    0.1996532
4750928    0.4639964    0.5565344
9267581    0.1851758    0.1514836
59230168    0.1671241    0.1015868
9576032    0.5069458    0.3568832
38549061    0.3059458    0.2740863
2317805    0.4805482    0.5439178
93270846    0.3896023    0.3332309
7804269    0.1723401    0.1751633
58029641    0.1638877    0.1347904
12374650    0.1772530    0.1308729
9380175    0.2946367    0.3020314
8496023    0.1516259    0.1296570
76415208    0.0900140    0.1430500
7918026    0.0989480    0.1306074
7190582    0.5212715    0.5735116
5714096    0.3797141    0.3755537
83764925    0.1711960    0.1329163
26408915    0.1213319    0.1389999
81294637    0.2323228    0.1809926
4935860    0.2500624    0.2940856
19743065    0.0593324    0.1221089
19483527    0.1787383    0.2567970
79324150    0.1327389    0.1481809
17042638    0.1411405    0.1678640
86192507    0.0664135    0.0625957
54879302    0.2807025    0.2937433
72803641    0.0189457    0.1237108
18967543    0.2637843    0.2407888
1743698    0.3903206    0.2437274
15860437    0.1634063    0.1602112
3254689    0.3482216    0.3765202
3469512    0.2516770    0.2285768
34105672    0.1870527    0.1438915
63175049    0.2735692    0.2923392
51398260    0.1249023    0.1615983
24501987    0.1447957    0.1004466
7130825    0.2484626    0.3325296
9317254    0.3729283    0.3079807
31254760    0.4422659    0.5232344
35280617    -0.0191183    -0.0267093
9583261    0.3440669    0.3258760
43860715    0.0869390    0.1634230
4352098    0.3358923    0.3863425
3061874    0.2808881    0.3545593
9607438    0.1222324    0.1595017
34681702    0.2408399    0.2404535
39720486    0.2953125    0.2790753
50648317    0.3646901    0.3277283
20456318    0.0361747    0.1309880
64021875    0.1019267    0.0149167
9518437    0.1673752    0.1277346
78510264    0.0811135    0.0942528
96138204    0.1449491    0.1611154
4807153    0.1503095    0.1952967
3014689    0.2795749    0.2446334
21064358    0.1029364    0.1386306
9461730    0.1967047    0.2253838
3741296    0.0530962    0.1212263
12064358    0.1449998    0.2286703
52634817    0.2849960    0.1841846
3786905    0.2339949    0.2559865
4309715    0.1303742    0.0800134
24035867    0.2180151    0.1992323
43780952    0.3129933    0.1939594
5469827    0.0416673    0.0099739
9182473    0.1916796    0.2366456
23750186    0.1395542    0.1046081
6752138    0.1926357    0.2076030
9257083    0.5751210    0.4547664
62157849    0.1091794    0.0880157
78351290    0.2346316    0.2375415
50942871    0.0802008    0.1214981
2045968    0.1103608    0.1242474
5902371    0.2322153    0.2512359
50129364    0.3502489    0.2335497
85397462    0.1461277    0.1747092
4165972    0.2014961    0.2082720
40236598    0.1331878    0.1605470
9084715    0.0584843    0.0646301
85709634    0.1365534    0.1200577
38960417    0.0926794    0.1132346
