94185602    0.0684437    0.0752363
19436725    0.1565862    0.1504801
16094873    0.0280620    0.1073566
71305486    0.5131515    0.5311518
50942871    0.0802008    0.0910471
56489170    0.3309727    0.3526349
92057831    0.1228388    0.1583758
34189275    0.0542352    0.0743880
32875906    0.3579376    0.4217142
87563140    0.2003200    0.1628565
56920873    0.2995450    0.2778834
60573841    0.0080028    0.0944480
41085739    0.2158497    0.0874237
64021875    0.1019267    0.0831150
17042638    0.1411405    0.1683292
54879302    0.2807025    0.2795299
40236598    0.1331878    0.1251828
23074169    0.4747303    0.5079645
27845619    0.2513606    0.2716554
58346072    0.3937567    0.4641562
54789260    0.0388761    0.1317303
17596823    0.0303843    0.0918949
43065218    0.2726136    0.3330075
61932785    0.2703631    0.2252391
34012568    0.4028562    0.3480707
43972106    0.3626580    0.2356987
31254760    0.4422659    0.3666150
12374650    0.1772530    0.1586276
20419573    0.2637484    0.1919096
91052873    0.1417432    0.0932801
31879054    0.3563824    0.3661821
82769514    0.1071274    0.0922566
62157849    0.1091794    0.1004551
52634817    0.2849960    0.1441056
69578014    0.2654074    0.1791576
32714856    0.3173793    0.3534468
13658924    0.0792403    0.0755645
10857693    0.2848121    0.3265862
96138204    0.1449491    0.0688983
32450971    0.1140205    0.0413464
93481752    0.2718664    0.1933218
61927503    0.0583740    0.0908141
37068241    0.4272806    0.4065512
41253670    0.2920886    0.3193389
34681702    0.2408399    0.2461353
40326571    0.2393876    0.2489441
16943087    0.1024783    0.1015146
65349018    0.3772913    0.3058051
61792438    0.2751650    0.2786850
45068793    0.0582267    0.0187253
56124780    0.1965039    0.1747891
43780952    0.3129933    0.2288412
20456318    0.0361747    -0.0173158
94715302    0.3625983    0.3823855
60897513    0.1301192    0.1216919
16375284    0.2126535    0.1870592
67905128    0.1698469    0.1458250
35280617    -0.0191183    0.0157468
24035867    0.2180151    0.2085072
13085762    0.3273837    0.3088570
12904576    0.3852948    0.5382658
46752830    0.5220824    0.4593207
81294637    0.2323228    0.1837380
68293104    0.0358413    0.0991720
61784935    0.0502294    0.0376537
85320746    0.3344432    0.2712218
21064358    0.1029364    0.0970388
43790281    0.0475672    -0.0205297
32156478    0.0373923    0.0745924
71465098    0.3067145    0.3358613
71248596    0.0827905    0.1081738
75149062    0.1247694    0.1146638
83265941    0.1260843    0.1455922
74920568    0.0942004    0.0935347
43208516    0.2005489    0.2304246
32508179    0.0563334    0.0777399
67198240    0.4920497    0.3931537
59806341    0.3732070    0.3200933
43860715    0.0869390    0.1040458
67851930    0.1565579    0.1490814
51763480    0.4308012    0.4280234
15780629    0.4336775    0.4288863
30975426    0.2825031    0.2714911
42936180    0.4175026    0.3713994
65790324    0.0046216    0.0557403
12086359    0.0064457    -0.0342159
79648230    0.2436525    0.2323178
50129364    0.3502489    0.2675172
27159836    0.0332070    0.1680166
62941037    0.3422488    0.3411055
39186520    0.1250224    0.1046942
56893071    0.1657909    0.1705103
65483790    0.0322079    0.0544323
18325407    0.3715184    0.4302868
68427591    0.0416545    0.1639990
35842190    0.0440798    0.1148344
80163975    -0.0812560    -0.0139328
13480652    0.2119081    0.2467329
76402381    0.0634703    0.1018230
34072651    0.0493279    0.0746046
16504783    0.2812308    0.3555521
31286905    0.1618569    0.1390805
10378294    0.3021635    0.2723387
40568932    0.1124073    0.0495879
67239801    0.1973108    0.1842348
65374182    0.0248284    0.0355590
85902746    0.2217552    0.2206245
83197206    0.2185750    0.2414558
72150386    -0.0355079    0.0421399
48270965    -0.0273596    0.0251780
10392748    0.1246251    0.0539691
20519736    0.2078745    0.2660327
94528706    0.1321287    0.1142338
67435291    0.3115513    0.3487871
51398260    0.1249023    0.1242530
92165478    0.3181673    0.2907310
47098521    0.1130693    0.1262694
36509124    0.1029860    0.0807612
85709634    0.1365534    0.1010287
39720486    0.2953125    0.3551252
87196024    0.1803782    0.1835576
23750186    0.1395542    0.1055584
26408915    0.1213319    0.1815745
78351290    0.2346316    0.2791741
40596718    0.1890510    0.2162635
87932541    0.1275321    0.0196641
97408251    0.0528856    0.0677795
82609473    -0.0309462    0.0367139
84135296    0.0717320    0.0803300
37419068    0.1121111    0.0918746
19743065    0.0593324    0.1098165
74920653    0.4227876    0.3820156
12064358    0.1449998    0.1688257
12458390    0.1245855    0.1313434
32468591    0.2064951    0.1541995
50987241    0.2942135    0.3234050
71204863    0.2342260    0.2692471
83429561    0.2568101    0.3290651
49670328    0.1332543    0.1548434
78510264    0.0811135    0.0967206
