6930741    0.1099527    0.1458516
5683192    0.4733342    0.4069481
6703951    0.2923357    0.3881015
2694380    0.2196963    0.1832111
9245670    0.3915895    0.2664379
2096537    0.5723276    0.4446985
6752138    0.1926357    0.1802122
6091584    0.0551016    0.0365525
3469512    0.2516770    0.2074034
8397402    -0.0295911    -0.0952901
2541903    0.3190446    0.3479749
5187042    0.1334780    0.1535626
8653417    0.1287219    0.1239276
6491783    0.2638982    0.2864586
2931756    0.2538077    0.1829236
1923504    0.4565430    0.3584365
5178439    0.3721354    0.3967480
8054917    0.3262745    0.3342550
3149850    0.0295857    0.0242641
3280951    0.0553783    0.0082412
8927605    0.1242698    0.0909057
9706385    0.3472344    0.2580335
4528069    0.1329296    0.1113238
9720165    0.4198961    0.3473629
6895471    0.5201627    0.3607581
9180765    0.1868605    0.2024655
9731406    0.1191694    0.1375181
5146839    0.5332805    0.5814086
3250478    0.0873304    0.1166788
9138254    0.2920520    0.2640709
3741296    0.0530962    0.0399190
7819360    0.3202660    0.3493343
7063891    0.3753386    0.3890227
6278590    0.0292114    0.0723037
9084235    0.2844537    0.2914962
9518642    0.5007111    0.3863989
1279568    -0.0397060    0.0829132
5294037    0.3698771    0.3114407
9267581    0.1851758    0.1761696
1932047    0.1806909    0.2395139
2643098    0.2184954    0.1774230
6135948    0.4934883    0.5987777
8643509    0.4373056    0.4969391
7369148    0.4514948    0.3909189
6530821    0.3380645    0.3059159
7804269    0.1723401    0.1502049
2198367    0.0754390    0.1056719
2514308    0.3364096    0.3238411
4165972    0.2014961    0.2139438
3645207    0.1910296    0.1883796
1895642    0.3019776    0.4006492
4935860    0.2500624    0.2580589
7905641    0.2707025    0.3059757
5308146    0.4128936    0.3645445
5160827    0.1363529    0.2364708
4768210    0.6686979    0.6946539
8521307    0.3988584    0.2321349
7548206    0.3996251    0.3827735
5693807    0.1703150    0.2528522
1340285    0.1161054    0.1023485
6315928    0.2469237    0.2174001
4203176    0.0868008    0.2257257
6851203    0.2527070    0.2724365
3061874    0.2808881    0.2477175
4267580    0.4071005    0.3874736
1694783    0.0640252    0.0385405
7348562    0.3256060    0.3367295
5140362    0.3208159    0.3175360
5894621    0.2282716    0.2196583
2018563    0.3960066    0.3904244
3627410    0.1778646    0.1781432
8463201    0.3381932    0.2471089
1098653    0.2683512    0.3259636
9317254    0.3729283    0.3330938
6807539    0.3188515    0.2849070
2384019    0.2573606    0.2303085
9257083    0.5751210    0.5122662
8613947    0.2891041    0.2423579
7521463    0.3398980    0.3073680
5732806    0.2107367    0.2118860
5196087    0.4362904    0.4021649
5197243    0.5915708    0.5289912
6025847    0.3156327    0.3034984
1069425    0.5509495    0.3799558
2081546    0.4467185    0.4431883
7130825    0.2484626    0.2220836
2361549    0.1515017    0.1976894
3254689    0.3482216    0.3900593
2487590    0.1245996    0.1251616
5062718    0.3932812    0.3967157
9576032    0.5069458    0.3775988
9321840    0.4420901    0.5170826
2568307    0.2370991    0.2239980
2465970    0.2177032    0.1068856
4987650    0.2964038    0.2825787
4063285    0.2597609    0.3367714
6175483    0.4677562    0.5365020
2043178    0.4086680    0.3473744
6902314    0.1831756    0.2415323
3092751    0.0439309    0.0757520
2645180    0.2137118    0.1946699
5762910    0.2062399    0.1753362
2045968    0.1103608    0.0518095
8410523    0.3938945    0.3290251
2869347    0.3789614    0.2897041
3891520    0.3327236    0.3132018
4960875    0.1032987    0.1779310
7985463    0.1468814    0.0834900
6971305    0.4535946    0.3978815
4867502    0.3658697    0.3065198
1302765    0.3472123    0.3664013
6594182    0.0526440    0.1310331
2158347    0.3815083    0.3727286
6039182    0.2504354    0.2938528
6138297    0.0625853    0.1584743
3015264    0.2364364    0.1838289
8512390    0.3917661    0.4495075
1059674    0.2535736    0.2263836
5648371    0.2782824    0.2694050
9518437    0.1673752    0.2775461
1705239    0.2730497    0.3212797
4352098    0.3358923    0.3820388
9381746    0.2999753    0.3426058
3578406    0.1215780    0.0987720
5372069    0.3426059    0.2923201
4807153    0.1503095    0.1170532
5718692    0.1730530    0.1237935
5619803    0.1762386    0.3144618
6982735    0.1570534    0.1292493
2941375    0.1039866    0.1170652
5738926    0.3573479    0.2874253
8317509    0.1872364    0.1556135
2317805    0.4805482    0.4077528
9425807    0.3096627    0.2489373
2453071    0.2434675    0.1207653
2845369    0.2818527    0.2765231
3264017    0.1892763    0.1988250
7918026    0.0989480    0.1294734
2760143    0.3529654    0.3161545
3014689    0.2795749    0.3101341
