30975426    0.2825031    0.3833305
37419068    0.1121111    0.0863347
7932580    0.4682114    0.4241607
67409258    0.3510112    0.1836689
8512390    0.3917661    0.3562256
89231046    0.0701274    0.2025529
6135948    0.4934883    0.4128205
4637091    0.4661794    0.4350240
2819470    0.3080540    0.3187484
1735482    0.1225054    0.1764170
68427591    0.0416545    0.0904634
61784935    0.0502294    0.1809684
71403958    0.3880658    0.3341084
52634817    0.2849960    0.1509150
46752830    0.5220824    0.4409454
75684932    0.2416156    0.1412950
9618250    0.1745989    0.1729680
2453071    0.2434675    0.2157190
93481752    0.2718664    0.1665916
8496023    0.1516259    0.2408163
7254913    0.0828423    0.1529906
3514269    0.2860579    0.2082055
87196024    0.1803782    0.1756948
34209168    0.1613672    0.1550973
1365094    0.2127880    0.1778699
1790246    0.2481418    0.2384317
7521463    0.3398980    0.3267714
94185602    0.0684437    0.1384473
6342708    0.0867694    0.1125640
43860715    0.0869390    0.1785841
4750928    0.4639964    0.4943500
31254760    0.4422659    0.2756220
9257083    0.5751210    0.4970203
94528706    0.1321287    0.2475677
32875906    0.3579376    0.3887362
6594182    0.0526440    0.2289891
45628709    0.1130647    0.0276894
8317509    0.1872364    0.1291222
15780629    0.4336775    0.3837746
71453068    0.0661260    0.0634143
3056417    0.3964929    0.3758329
9381746    0.2999753    0.2739342
41085739    0.2158497    0.0901088
1098653    0.2683512    0.2683370
5619803    0.1762386    0.2258652
3204167    0.3540025    0.2865762
2384019    0.2573606    0.2348877
67435291    0.3115513    0.3416806
47098521    0.1130693    0.0055755
6423907    0.2354790    0.1824257
50648317    0.3646901    0.2795706
58319420    0.0758413    0.0562917
4692830    0.5977371    0.5096701
6283704    0.0842864    0.2243491
56489170    0.3309727    0.3339401
9084715    0.0584843    0.1270201
5308146    0.4128936    0.3673605
4987650    0.2964038    0.2788126
86192507    0.0664135    0.1916486
34105672    0.1870527    0.2632002
7803256    0.3907403    0.3086107
4352098    0.3358923    0.5001870
7160483    0.4047953    0.3950995
3014689    0.2795749    0.3332887
8410523    0.3938945    0.4154661
62157849    0.1091794    0.0529581
5738926    0.3573479    0.4705335
38960417    0.0926794    0.2029664
12304586    0.2230351    0.2523905
9603748    0.2451397    0.2173124
23074169    0.4747303    0.4056976
59481307    0.1335299    0.0815261
54789260    0.0388761    0.1359067
16094873    0.0280620    0.0106574
4306815    0.5216363    0.6900848
1069425    0.5509495    0.3337395
9317254    0.3729283    0.3314855
83764925    0.1711960    0.0494342
4327501    0.2126635    0.1667275
2760143    0.3529654    0.2017725
5196087    0.4362904    0.4537175
6807539    0.3188515    0.3071803
18952376    0.0941340    0.1532598
87563140    0.2003200    0.1658542
5814072    0.1933573    0.1379599
5062718    0.3932812    0.3254644
37049621    0.1162308    0.2081816
61487350    0.1231352    0.1019491
7190582    0.5212715    0.4923714
62941037    0.3422488    0.2162685
47812905    0.1007904    0.0617000
12064358    0.1449998    0.2145169
75149062    0.1247694    0.1458380
65790324    0.0046216    0.1461502
16943087    0.1024783    0.1735299
5902371    0.2322153    0.2574329
79648230    0.2436525    0.2056461
93507642    0.2040192    0.1867123
1320567    0.2311754    0.2692646
34012568    0.4028562    0.3979520
3821574    0.3310490    0.3724285
5831672    0.2538592    0.1981775
98016472    0.1913138    0.1848134
93270846    0.3896023    0.3778225
6315928    0.2469237    0.2627573
96302148    0.2372141    0.1626609
82609473    -0.0309462    0.0249121
6982735    0.1570534    0.1719595
95240316    0.1675703    0.2942200
4265083    0.3106906    0.2371759
5648371    0.2782824    0.3118501
12374650    0.1772530    0.0990745
12086359    0.0064457    0.0131554
2739650    0.1539570    0.1448603
32714856    0.3173793    0.2761897
2045968    0.1103608    0.0475666
58642793    0.1629138    0.1048501
4165230    0.0664882    0.1504045
6039182    0.2504354    0.2725891
9706385    0.3472344    0.4849682
3469512    0.2516770    0.2431543
4165972    0.2014961    0.3356137
6278590    0.0292114    0.0850902
16504783    0.2812308    0.3156025
21064358    0.1029364    0.1107281
35280617    -0.0191183    -0.0150728
24501987    0.1447957    0.1626986
9840216    0.0807284    0.0941772
43790281    0.0475672    0.0950590
5187042    0.1334780    0.1124154
3296450    0.5973707    0.4079664
9267581    0.1851758    0.1486808
65349018    0.3772913    0.3560607
3092751    0.0439309    0.1352006
96138204    0.1449491    0.0609817
8597263    0.1450746    0.2411039
70251698    0.3058280    0.2447596
3015264    0.2364364    0.2627827
81693024    0.1615259    0.2048845
39186520    0.1250224    0.1838409
3280951    0.0553783    0.1174365
20456318    0.0361747    0.0811382
13085762    0.3273837    0.2770832
8463201    0.3381932    0.2825938
10693257    0.3052177    0.3683311
9328467    0.5027560    0.5037345
5693807    0.1703150    0.1686612
72015384    0.5095192    0.4545537
4960875    0.1032987    0.1102204
65483790    0.0322079    0.0127234
39720486    0.2953125    0.2656903
71305486    0.5131515    0.3247339
3061874    0.2808881    0.2669019
5183609    0.5404390    0.4509070
19436725    0.1565862    0.1927183
2158347    0.3815083    0.2900762
76415208    0.0900140    0.1718711
20819547    0.4023762    0.3492557
2941375    0.1039866    0.1515919
1895642    0.3019776    0.3109200
18967543    0.2637843    0.2305934
6083594    0.4033448    0.5949689
2514308    0.3364096    0.2399308
81439706    0.1262791    0.1086525
4309715    0.1303742    0.1812681
7369148    0.4514948    0.5180762
6025847    0.3156327    0.3313559
71248596    0.0827905    0.1438253
41253670    0.2920886    0.1978114
4857263    0.3738794    0.3704019
72150386    -0.0355079    0.0269081
2694380    0.2196963    0.2462594
5891230    0.2276907    0.2131521
5762910    0.2062399    0.1915080
50942871    0.0802008    0.0350263
5294037    0.3698771    0.5050970
6319528    0.3046428    0.2279288
9607438    0.1222324    0.0536616
4932856    0.2126629    0.2845907
2836405    0.2381882    0.2455148
16958274    0.0291058    0.1109644
62945318    0.1630607    0.1251093
85902746    0.2217552    0.2280603
3786905    0.2339949    0.2334509
2869347    0.3789614    0.3996253
42368795    0.4455477    0.3500106
7819360    0.3202660    0.3833311
31286905    0.1618569    0.1119273
60897513    0.1301192    0.1106614
27159836    0.0332070    0.0328241
68293104    0.0358413    -0.0284607
93608745    0.2518492    0.2088756
61792438    0.2751650    0.1603447
76402381    0.0634703    0.0403318
5267094    0.2599849    0.2726952
6703951    0.2923357    0.3566040
10857693    0.2848121    0.2518971
13658924    0.0792403    0.1474050
2317805    0.4805482    0.5044486
84135296    0.0717320    0.1359800
1260374    0.0731026    0.1467950
34189275    0.0542352    0.1350846
50987241    0.2942135    0.3894599
81437256    0.3754057    0.2931443
1705239    0.2730497    0.2148785
67239801    0.1973108    0.2582980
1279568    -0.0397060    0.0370270
79631548    0.1812138    0.1240743
54879302    0.2807025    0.2100371
3578406    0.1215780    0.1324985
83265941    0.1260843    0.1218970
51398260    0.1249023    0.1700375
9546732    0.3262210    0.2987843
5718692    0.1730530    0.2171763
9317528    0.2727551    0.2892492
4127693    0.3656554    0.4832074
9720165    0.4198961    0.3196448
7243896    0.3525857    0.3070686
5170386    0.0831770    0.2582146
6491783    0.2638982    0.2077184
9467830    -0.0446479    0.0798993
5146839    0.5332805    0.4780716
50129364    0.3502489    0.2937514
74920653    0.4227876    0.3101472
9084235    0.2844537    0.2219452
56920873    0.2995450    0.3377934
40596718    0.1890510    0.1893991
13480652    0.2119081    0.2050499
9576032    0.5069458    0.4296377
3215784    0.0695981    0.2274966
82139740    0.3176008    0.2230726
4203176    0.0868008    0.1763157
5123968    0.5559287    0.5160797
42936180    0.4175026    0.3484530
61932785    0.2703631    0.1679343
20519736    0.2078745    0.2591439
51763480    0.4308012    0.4195232
37068241    0.4272806    0.3604860
9425807    0.3096627    0.2036838
3582067    0.3364838    0.3338748
3740286    0.4547719    0.5612156
18325407    0.3715184    0.2922708
3264017    0.1892763    0.2473179
5714096    0.3797141    0.4306691
84036972    0.2046254    0.1008084
43065218    0.2726136    0.1974459
35842190    0.0440798    0.0638546
40568932    0.1124073    0.0228878
9157643    0.4749572    0.5324996
95308671    0.2649733    0.1977880
78691503    0.3143425    0.2494067
7130825    0.2484626    0.3107555
2673845    0.5641396    0.5722898
8653417    0.1287219    0.0785268
9321840    0.4420901    0.5116012
17596823    0.0303843    0.0879785
1923504    0.4565430    0.4864211
4328571    0.3664831    0.2110318
7985463    0.1468814    0.1371560
97408251    0.0528856    0.0467849
58029641    0.1638877    0.2023835
7483150    0.3565000    0.3622937
32508179    0.0563334    0.1620442
27156309    0.1905536    0.1511474
3149850    0.0295857    0.0654233
4063285    0.2597609    0.2690741
14387690    0.2061633    0.0835365
7905641    0.2707025    0.3457025
10378294    0.3021635    0.3673825
45726190    0.1449229    0.0693377
32156478    0.0373923    0.0660303
3891520    0.3327236    0.2926130
16375284    0.2126535    0.1902570
23045176    0.3178396    0.1770136
30694825    0.0365880    0.0793471
8643509    0.4373056    0.4613507
6752138    0.1926357    0.2516873
34681702    0.2408399    0.2311587
59387142    0.2924146    0.2471193
20419573    0.2637484    0.1859373
