8521307    0.3988584    0.4203954
1340285    0.1161054    0.1380188
6025847    0.3156327    0.3355102
5814072    0.1933573    0.0518683
4123795    -0.0081841    0.1739829
2514308    0.3364096    0.3581203
3280951    0.0553783    0.0643982
5831672    0.2538592    0.3192828
8054917    0.3262745    0.3828083
9328467    0.5027560    0.5399196
1790246    0.2481418    0.3396509
2673845    0.5641396    0.4576693
5693807    0.1703150    0.2368315
9607438    0.1222324    0.1942659
6930741    0.1099527    0.1147817
7804269    0.1723401    0.1923673
5160827    0.1363529    0.1803689
8317509    0.1872364    0.1777104
3582067    0.3364838    0.4392141
5170386    0.0831770    0.0952112
3892147    0.0673109    0.1869627
5294037    0.3698771    0.3742223
6342708    0.0867694    0.1751718
7483150    0.3565000    0.3925590
9731406    0.1191694    0.1487099
4693502    0.1955602    0.2035023
2043178    0.4086680    0.3783854
5891230    0.2276907    0.2108123
8315042    0.3440053    0.3347713
2045968    0.1103608    0.0616662
8653417    0.1287219    0.1397291
2869347    0.3789614    0.3283677
1932047    0.1806909    0.1902257
3056417    0.3964929    0.3457189
9084715    0.0584843    0.0838405
2836405    0.2381882    0.2372437
7190582    0.5212715    0.3580284
3092751    0.0439309    0.1110909
4935860    0.2500624    0.3204042
5619803    0.1762386    0.2098393
8410523    0.3938945    0.3879736
4857263    0.3738794    0.4418008
3254689    0.3482216    0.3165922
9180765    0.1868605    0.1747162
1056832    0.1398216    0.1011655
7126859    0.0000346    0.1340625
3041965    0.4253836    0.3847710
9317528    0.2727551    0.2942771
5683192    0.4733342    0.5192840
9084235    0.2844537    0.2840095
7819360    0.3202660    0.4130007
2078916    0.2681468    0.3336261
2081546    0.4467185    0.4704034
6703951    0.2923357    0.3853571
4267580    0.4071005    0.4707347
8643509    0.4373056    0.5321507
7369148    0.4514948    0.4601654
6278590    0.0292114    0.1181937
6271834    0.0263550    0.0199738
2760143    0.3529654    0.3856408
7063891    0.3753386    0.4314435
7254913    0.0828423    0.0959047
3204167    0.3540025    0.3677873
7918026    0.0989480    0.1347027
5183609    0.5404390    0.5828888
4750928    0.4639964    0.4634754
3149850    0.0295857    0.1310316
6851203    0.2527070    0.2065744
2643098    0.2184954    0.2630756
7803256    0.3907403    0.4687814
3015264    0.2364364    0.2351953
4960875    0.1032987    0.1753781
9618250    0.1745989    0.0986204
1069425    0.5509495    0.4932148
5197243    0.5915708    0.5582488
3469512    0.2516770    0.3007649
3014689    0.2795749    0.2960892
4165230    0.0664882    0.1419205
1098653    0.2683512    0.2767550
2198367    0.0754390    0.1098732
9317254    0.3729283    0.4198114
5714096    0.3797141    0.4157273
9257083    0.5751210    0.5277191
3891520    0.3327236    0.4545184
8927605    0.1242698    0.0810200
6807539    0.3188515    0.3544413
5178439    0.3721354    0.4008422
9321840    0.4420901    0.3428864
7548206    0.3996251    0.3569699
7932580    0.4682114    0.5044141
9461730    0.1967047    0.1950840
2645180    0.2137118    0.2402673
1487932    0.4101857    0.4776458
6491783    0.2638982    0.2635378
1694783    0.0640252    0.1759737
5187042    0.1334780    0.0621549
4807153    0.1503095    0.1922401
2384019    0.2573606    0.2583140
8496023    0.1516259    0.0871412
7243896    0.3525857    0.4145196
5146839    0.5332805    0.4189158
5308146    0.4128936    0.3280962
9583261    0.3440669    0.4143473
6423907    0.2354790    0.2073946
4976231    0.4576726    0.5524151
2096537    0.5723276    0.4452946
8512390    0.3917661    0.4023549
2018563    0.3960066    0.4038922
1320567    0.2311754    0.1707329
2361549    0.1515017    0.1927382
7905641    0.2707025    0.3133886
4352098    0.3358923    0.3266842
9138254    0.2920520    0.3129936
2541903    0.3190446    0.4295551
1804532    0.1433767    0.1548850
6543129    0.4651338    0.4454216
5267094    0.2599849    0.2732964
3786905    0.2339949    0.2329315
8290476    0.2635870    0.2831045
2465970    0.2177032    0.1880224
6319528    0.3046428    0.3148647
7160483    0.4047953    0.3243865
5062718    0.3932812    0.4088843
6594182    0.0526440    0.1006320
7521463    0.3398980    0.2796771
9467830    -0.0446479    -0.3251852
2487590    0.1245996    0.2006834
3264017    0.1892763    0.2131220
4768210    0.6686979    0.7569553
2943061    0.1322802    0.1604768
9450781    0.3211172    0.2958133
2568307    0.2370991    0.2287385
4063285    0.2597609    0.2726192
6283704    0.0842864    0.1422960
8605217    0.2345106    0.2257768
6315928    0.2469237    0.2721246
2931756    0.2538077    0.2168618
5894621    0.2282716    0.2108821
2498173    0.3937241    0.3873817
9576032    0.5069458    0.4866470
