13480652    0.2119081    0.1517162
69578014    0.2654074    0.3040605
64021875    0.1019267    0.1410638
46752830    0.5220824    0.4373741
83429561    0.2568101    0.2312150
69538402    0.4654601    0.3657475
65374182    0.0248284    0.0901234
43780952    0.3129933    0.1869532
38702645    0.1698794    0.1684667
40326571    0.2393876    0.2445134
78691503    0.3143425    0.3782103
58642793    0.1629138    0.0794829
52634817    0.2849960    0.1720966
65349018    0.3772913    0.3287793
82354971    0.0228063    0.0565348
42936180    0.4175026    0.3755146
40568932    0.1124073    0.1337504
62941037    0.3422488    0.3021502
56124780    0.1965039    0.1819859
82769514    0.1071274    0.1176512
32156478    0.0373923    0.1361285
68427591    0.0416545    0.1920019
78510264    0.0811135    0.0987192
76415208    0.0900140    0.0947987
95240316    0.1675703    0.1810170
19483527    0.1787383    0.3722128
71465098    0.3067145    0.2644054
24501987    0.1447957    0.1423946
85902746    0.2217552    0.2578278
43065218    0.2726136    0.2959321
27156309    0.1905536    0.1442724
84135296    0.0717320    0.1170087
89231046    0.0701274    0.1352853
97183264    0.3591365    0.3846324
43972106    0.3626580    0.3144522
60573841    0.0080028    0.1259077
26408915    0.1213319    0.1864190
71248596    0.0827905    0.1287669
67435291    0.3115513    0.3627068
67198240    0.4920497    0.5251015
79324150    0.1327389    0.1491388
85709634    0.1365534    0.1143347
87932541    0.1275321    0.1149396
12064358    0.1449998    0.1333334
94185602    0.0684437    0.0987965
67409258    0.3510112    0.3995652
40596718    0.1890510    0.1902009
85320746    0.3344432    0.2578501
48270965    -0.0273596    0.0891939
20819547    0.4023762    0.4007418
20694735    0.0069220    0.0718123
37068241    0.4272806    0.4231337
65483790    0.0322079    0.0972390
32714856    0.3173793    0.2547702
21064358    0.1029364    0.1261628
71305486    0.5131515    0.3882788
32468591    0.2064951    0.2949170
92057831    0.1228388    0.1067717
81294637    0.2323228    0.1375370
39062841    0.0944830    0.0814110
12507849    0.1052662    0.1459999
20519736    0.2078745    0.2211419
74920653    0.4227876    0.4743524
47812905    0.1007904    0.1243682
83764925    0.1711960    0.1646154
59481307    0.1335299    0.1038217
31879054    0.3563824    0.3961446
41267093    0.0940958    0.1256970
81437256    0.3754057    0.4085257
93608745    0.2518492    0.2016979
61487350    0.1231352    0.1205363
50619347    0.3196470    0.3101973
42368795    0.4455477    0.3120300
10857693    0.2848121    0.2806180
17042638    0.1411405    0.0985937
51763480    0.4308012    0.3285174
36509124    0.1029860    0.1167424
89604375    0.5544792    0.5623794
79631548    0.1812138    0.1656702
76402381    0.0634703    0.0919271
72153046    0.0292038    0.1143347
50942871    0.0802008    0.0397781
56489170    0.3309727    0.3812874
91052873    0.1417432    0.1031447
71204863    0.2342260    0.2890953
47098521    0.1130693    0.1143347
23705914    0.1015233    0.1011350
20456318    0.0361747    0.0057347
12904576    0.3852948    0.2816447
61927503    0.0583740    0.0780701
35897402    0.4143970    0.4851727
34982675    0.0478840    0.0448857
81693024    0.1615259    0.1674077
84036972    0.2046254    0.2371445
15780629    0.4336775    0.4423546
86192507    0.0664135    0.0986422
10392748    0.1246251    0.0967329
71453068    0.0661260    0.0865162
50987241    0.2942135    0.3277028
58029641    0.1638877    0.1414135
27845619    0.2513606    0.3325910
93507642    0.2040192    0.3318099
30694825    0.0365880    0.1143347
12086359    0.0064457    0.0979124
15860437    0.1634063    0.1514486
95308671    0.2649733    0.2677450
75684932    0.2416156    0.2601847
45726190    0.1449229    0.1133248
67851930    0.1565579    0.2870581
35842190    0.0440798    0.1143347
23045176    0.3178396    0.2235554
45068793    0.0582267    0.0517334
72015384    0.5095192    0.3343681
92165478    0.3181673    0.3016041
16943087    0.1024783    0.1923046
70264158    0.1874085    0.1201171
62157849    0.1091794    0.0633123
25986740    0.1667644    0.1414416
83265941    0.1260843    0.1780455
13658924    0.0792403    0.0611253
34105672    0.1870527    0.1938691
50836291    0.1281155    0.1249161
67239801    0.1973108    0.1872877
43206985    0.1951650    0.0633749
67905128    0.1698469    0.1295078
85397462    0.1461277    0.1804200
54789260    0.0388761    0.0924169
35280617    -0.0191183    0.0974029
59230168    0.1671241    0.0932207
34189275    0.0542352    0.0591716
59806341    0.3732070    0.3747220
61932785    0.2703631    0.2662351
39186520    0.1250224    0.1297265
12304586    0.2230351    0.2401572
93270846    0.3896023    0.3865143
23750186    0.1395542    0.1021596
95267031    0.1225485    0.1183693
32450971    0.1140205    0.1376124
79648230    0.2436525    0.3252670
74920568    0.0942004    0.0741040
