39062841    0.0944830    0.0452529
34681702    0.2408399    0.2763800
25986740    0.1667644    0.1320667
67905128    0.1698469    0.2102290
10378294    0.3021635    0.2210514
67239801    0.1973108    0.2205951
72803641    0.0189457    0.0064179
37068241    0.4272806    0.2241970
32450971    0.1140205    0.1153324
81437256    0.3754057    0.2246587
54789260    0.0388761    0.0955964
54879302    0.2807025    0.2206297
23705914    0.1015233    0.1239553
15860437    0.1634063    0.2024012
85320746    0.3344432    0.3796096
43208516    0.2005489    0.2470328
83197206    0.2185750    0.2038436
65374182    0.0248284    0.0307570
65349018    0.3772913    0.4572029
82769514    0.1071274    0.1211290
97408251    0.0528856    0.0727806
42368795    0.4455477    0.3040482
82609473    -0.0309462    -0.0034078
41267093    0.0940958    0.2013694
50129364    0.3502489    0.2890051
19483527    0.1787383    0.1777467
81294637    0.2323228    0.0477796
12458390    0.1245855    0.1350661
84135296    0.0717320    0.0942506
51763480    0.4308012    0.3762583
83429561    0.2568101    0.1767598
83764925    0.1711960    0.1557402
30975426    0.2825031    0.2516527
16943087    0.1024783    0.1155441
72150386    -0.0355079    0.0511578
85902746    0.2217552    0.2389986
30694825    0.0365880    0.1222983
34012568    0.4028562    0.3619383
25976038    0.2738430    0.2734951
39720486    0.2953125    0.3191346
81439706    0.1262791    0.0861016
21064358    0.1029364    0.0924347
38960417    0.0926794    0.1029344
95063127    0.3365001    0.2523723
63175049    0.2735692    0.2662999
38702645    0.1698794    0.1168446
56124780    0.1965039    0.2476660
71453068    0.0661260    0.1068679
46752830    0.5220824    0.4422112
45628709    0.1130647    0.0899686
46879352    0.1105719    0.0778753
32875906    0.3579376    0.3281926
23074169    0.4747303    0.5141132
61927503    0.0583740    0.0991511
16375284    0.2126535    0.2426510
13658924    0.0792403    -0.0163003
62897034    0.1620364    0.1517517
69538402    0.4654601    0.5071720
43206985    0.1951650    0.1840623
34105672    0.1870527    0.1135118
68293104    0.0358413    0.0531516
65483790    0.0322079    0.1112857
31286905    0.1618569    0.1560340
85397462    0.1461277    0.1538671
67851930    0.1565579    0.1065919
93270846    0.3896023    0.3766817
32714856    0.3173793    0.3002115
60573841    0.0080028    0.0786411
65790324    0.0046216    0.0148982
51398260    0.1249023    0.1320303
82139740    0.3176008    0.3007303
96138204    0.1449491    0.1208825
35897402    0.4143970    0.3436586
62941037    0.3422488    0.3386306
58346072    0.3937567    0.3483982
12374650    0.1772530    0.1294072
34072651    0.0493279    0.0899559
70251698    0.3058280    0.2326758
43065218    0.2726136    0.2626399
41085739    0.2158497    0.1837368
20819547    0.4023762    0.4011554
76402381    0.0634703    0.1254251
47812905    0.1007904    0.0747831
67409258    0.3510112    0.3956632
94528706    0.1321287    0.2168258
71248596    0.0827905    0.0960358
36509124    0.1029860    0.0664145
40236598    0.1331878    0.0979719
96302148    0.2372141    0.1859230
58029641    0.1638877    0.1739490
48270965    -0.0273596    0.0197535
78691503    0.3143425    0.2786022
10392748    0.1246251    0.0930305
16094873    0.0280620    0.0975361
24501987    0.1447957    0.1465233
56489170    0.3309727    0.2899271
12086359    0.0064457    0.0143726
32156478    0.0373923    0.0819624
47098521    0.1130693    0.0917556
16958274    0.0291058    0.1014001
87904612    0.1259729    0.0704612
50987241    0.2942135    0.3271585
26408915    0.1213319    0.1168282
62945318    0.1630607    0.1922318
62157849    0.1091794    0.0671093
56893071    0.1657909    0.1605465
10693257    0.3052177    0.3247737
37419068    0.1121111    0.0790858
24035867    0.2180151    0.1917807
87932541    0.1275321    0.0820918
86192507    0.0664135    0.0153059
81693024    0.1615259    0.1893908
50619347    0.3196470    0.3689484
43860715    0.0869390    0.0934218
32508179    0.0563334    0.0858952
15780629    0.4336775    0.4339698
27845619    0.2513606    0.2740057
64213980    0.0801635    0.0907613
10857693    0.2848121    0.2281759
31254760    0.4422659    0.4208497
76415208    0.0900140    0.0899818
69578014    0.2654074    0.1925383
58642793    0.1629138    0.0790924
71204863    0.2342260    0.1755913
52634817    0.2849960    0.1849826
40568932    0.1124073    0.2592693
59387142    0.2924146    0.2642320
39186520    0.1250224    0.2069604
60897513    0.1301192    0.1190798
27159836    0.0332070    0.0392688
17042638    0.1411405    0.1982330
19743065    0.0593324    0.0749974
40326571    0.2393876    0.2322577
23045176    0.3178396    0.2508331
71403958    0.3880658    0.3806008
94715302    0.3625983    0.2978149
89604375    0.5544792    0.5333267
16504783    0.2812308    0.3406264
94130527    0.1603314    0.2613088
93507642    0.2040192    0.1629504
