7063891    0.3753386    0.4124787
4267580    0.4071005    0.3881122
6091584    0.0551016    0.0214262
6039182    0.2504354    0.2934840
2739650    0.1539570    0.2528242
9328467    0.5027560    0.3721021
5197243    0.5915708    0.4948382
6491783    0.2638982    0.2033500
4309715    0.1303742    0.2099731
7483150    0.3565000    0.4834058
6135948    0.4934883    0.4383605
7160483    0.4047953    0.3537049
4935860    0.2500624    0.4323581
7243896    0.3525857    0.2416269
4306815    0.5216363    0.4342521
5683192    0.4733342    0.5331342
6083594    0.4033448    0.4087963
1932047    0.1806909    0.1520847
6807539    0.3188515    0.2821058
9380175    0.2946367    0.2205520
5170386    0.0831770    0.3004930
2078916    0.2681468    0.3361805
6271834    0.0263550    0.0191965
3015264    0.2364364    0.2313764
8054917    0.3262745    0.2813307
7130825    0.2484626    0.1503690
7985463    0.1468814    0.1461459
9706385    0.3472344    0.4896196
6530821    0.3380645    0.3199066
1790246    0.2481418    0.3316542
4265083    0.3106906    0.2979944
9518437    0.1673752    0.1610511
4807153    0.1503095    0.1512773
7254913    0.0828423    0.0961315
2819470    0.3080540    0.2468789
9157643    0.4749572    0.3832897
3627410    0.1778646    0.1956156
2158347    0.3815083    0.2095251
2869347    0.3789614    0.4990846
6748193    0.2073776    0.2068364
7126859    0.0000346    0.1623269
9182473    0.1916796    0.1287369
5693807    0.1703150    0.3737960
8643509    0.4373056    0.4205443
6752138    0.1926357    0.2052581
6319528    0.3046428    0.2492471
9467830    -0.0446479    0.1140292
9381746    0.2999753    0.3282527
2941375    0.1039866    0.2286195
3578406    0.1215780    0.2126684
1059674    0.2535736    0.3723920
2931756    0.2538077    0.1370349
1365094    0.2127880    0.1937209
8290476    0.2635870    0.2849499
9321840    0.4420901    0.3805537
9501276    0.0174545    -0.0074994
1340285    0.1161054    0.1901159
2045968    0.1103608    0.1575903
2568307    0.2370991    0.2179212
5062718    0.3932812    0.3189380
3280951    0.0553783    0.0531991
6982735    0.1570534    0.2435515
2384019    0.2573606    0.2306197
3786905    0.2339949    0.1923393
5714096    0.3797141    0.3446182
5178439    0.3721354    0.4007677
8512390    0.3917661    0.3072823
1895642    0.3019776    0.3405566
4165230    0.0664882    0.2240842
9317254    0.3729283    0.3811429
3645207    0.1910296    0.3007437
4123795    -0.0081841    0.0035328
7804269    0.1723401    0.2572955
6930741    0.1099527    0.2210733
4932856    0.2126629    0.1742274
5469827    0.0416673    0.0688620
3056417    0.3964929    0.2917533
5891230    0.2276907    0.2301692
5123968    0.5559287    0.4073225
9180765    0.1868605    0.3130649
4637091    0.4661794    0.4309915
4127693    0.3656554    0.3756191
1804532    0.1433767    0.0723288
8496023    0.1516259    0.2059734
9765234    0.3451286    0.3222874
8597263    0.1450746    0.2030145
4867502    0.3658697    0.3098094
4857263    0.3738794    0.4312435
1056832    0.1398216    0.1362761
5619803    0.1762386    0.2714959
2081546    0.4467185    0.4877650
5183609    0.5404390    0.3661905
8317509    0.1872364    0.1904320
2453071    0.2434675    0.0648783
9450781    0.3211172    0.2571666
5372069    0.3426059    0.3074512
2694380    0.2196963    0.1982346
7803256    0.3907403    0.4430125
9603748    0.2451397    0.2289862
9317528    0.2727551    0.2601599
2043178    0.4086680    0.4392745
2541903    0.3190446    0.4061877
4693502    0.1955602    0.1701854
1694783    0.0640252    0.2445603
2018563    0.3960066    0.3936614
5762910    0.2062399    0.3611172
4692830    0.5977371    0.5037814
8397402    -0.0295911    0.1417206
2943061    0.1322802    0.1592714
7548206    0.3996251    0.4621583
9583261    0.3440669    0.4571507
1923504    0.4565430    0.5281416
9245670    0.3915895    0.3403274
7521463    0.3398980    0.2800847
5294037    0.3698771    0.3397804
8605217    0.2345106    0.1679144
3250478    0.0873304    0.2222023
1302765    0.3472123    0.3205014
5814072    0.1933573    0.2434294
7348562    0.3256060    0.3791250
5140362    0.3208159    0.2825063
3821574    0.3310490    0.3207831
9084235    0.2844537    0.2940866
5749680    0.1812531    0.2811100
4528069    0.1329296    0.1641994
8613947    0.2891041    0.1992918
6902314    0.1831756    0.2121762
2465970    0.2177032    0.1296294
3296450    0.5973707    0.3927836
3612974    0.1838014    0.1899272
2096537    0.5723276    0.4792490
1705239    0.2730497    0.4816946
7819360    0.3202660    0.4100398
2317805    0.4805482    0.3535656
5308146    0.4128936    0.3713874
8521307    0.3988584    0.2180150
9546732    0.3262210    0.1889479
2514308    0.3364096    0.2601507
2198367    0.0754390    0.0785790
9518642    0.5007111    0.5439290
