92165478    0.3181673    0.3150812
34105672    0.1870527    0.1403262
32450971    0.1140205    0.1894586
32714856    0.3173793    0.1974005
51398260    0.1249023    0.1395707
16504783    0.2812308    0.3762411
65349018    0.3772913    0.2477534
56920873    0.2995450    0.2945896
56489170    0.3309727    0.2523525
45068793    0.0582267    0.1224949
24035867    0.2180151    0.3526622
17042638    0.1411405    0.2371337
72153046    0.0292038    0.0776969
57043269    0.2307362    0.2174187
59481307    0.1335299    0.0902767
12086359    0.0064457    0.0088134
46752830    0.5220824    0.5798745
71465098    0.3067145    0.1559949
34982675    0.0478840    0.1395645
34012568    0.4028562    0.4226851
95308671    0.2649733    0.2900005
42936180    0.4175026    0.3320776
56893071    0.1657909    0.1416489
95240316    0.1675703    0.1824492
72150386    -0.0355079    0.0665648
37068241    0.4272806    0.3115302
62157849    0.1091794    0.1136727
31254760    0.4422659    0.2541325
68293104    0.0358413    0.1144712
27156309    0.1905536    0.1461764
54879302    0.2807025    0.2753659
92057831    0.1228388    0.1299862
67198240    0.4920497    0.2677030
34189275    0.0542352    0.1352957
34681702    0.2408399    0.2141286
17596823    0.0303843    0.0883798
58029641    0.1638877    0.1418850
18325407    0.3715184    0.3663610
96302148    0.2372141    0.2319726
59387142    0.2924146    0.2148802
54789260    0.0388761    0.1843046
83764925    0.1711960    0.1739321
41085739    0.2158497    0.1466997
63175049    0.2735692    0.2142501
13658924    0.0792403    0.1458967
12374650    0.1772530    0.1654890
81439706    0.1262791    0.0315107
61932785    0.2703631    0.1608956
35842190    0.0440798    0.0041872
70843926    0.2776558    0.1499984
36509124    0.1029860    0.1271080
62897034    0.1620364    0.1690380
19436725    0.1565862    0.2108091
20419573    0.2637484    0.1309485
82354971    0.0228063    0.0951973
32875906    0.3579376    0.2190741
76402381    0.0634703    0.1075395
43065218    0.2726136    0.1311120
38702645    0.1698794    0.1360338
12904576    0.3852948    0.5526602
10857693    0.2848121    0.2526613
16958274    0.0291058    0.0815087
32156478    0.0373923    0.0273451
76415208    0.0900140    0.1483302
79648230    0.2436525    0.2768630
87196024    0.1803782    0.1239551
30975426    0.2825031    0.4128782
50648317    0.3646901    0.3695153
18967543    0.2637843    0.1868363
89231046    0.0701274    0.1265770
61784935    0.0502294    0.1086008
19743065    0.0593324    0.1099697
19483527    0.1787383    0.2157794
50942871    0.0802008    0.0824853
39062841    0.0944830    0.0810775
83197206    0.2185750    0.2517028
49670328    0.1332543    0.1500602
96138204    0.1449491    0.1742055
67905128    0.1698469    0.1780707
81294637    0.2323228    0.1969550
93608745    0.2518492    0.2665629
25986740    0.1667644    0.1263198
41267093    0.0940958    0.1470270
74920653    0.4227876    0.3323196
91052873    0.1417432    0.0985774
61487350    0.1231352    0.1878306
61927503    0.0583740    0.0625319
16094873    0.0280620    0.1092307
40236598    0.1331878    0.1639420
42368795    0.4455477    0.3604088
67409258    0.3510112    0.3868731
43860715    0.0869390    0.0222555
94528706    0.1321287    0.1237341
43206985    0.1951650    0.1830789
32468591    0.2064951    0.1841652
16375284    0.2126535    0.1591530
95267031    0.1225485    0.1647762
47812905    0.1007904    0.1068595
64213980    0.0801635    0.0857265
45726190    0.1449229    0.1036094
37049621    0.1162308    0.0934265
52634817    0.2849960    0.2280905
94130527    0.1603314    0.1825258
37419068    0.1121111    0.1354112
23705914    0.1015233    0.2114179
62941037    0.3422488    0.3136847
68427591    0.0416545    0.1217373
65483790    0.0322079    0.1125289
27845619    0.2513606    0.4317336
56140738    0.3249323    0.1543243
80163975    -0.0812560    0.0704151
71453068    0.0661260    0.1269114
71403958    0.3880658    0.4994421
39186520    0.1250224    0.1792507
47098521    0.1130693    0.2190295
93481752    0.2718664    0.2216336
50836291    0.1281155    0.1597276
27159836    0.0332070    0.1184094
83265941    0.1260843    0.1501517
13085762    0.3273837    0.3079109
89604375    0.5544792    0.3558820
20819547    0.4023762    0.4231811
85320746    0.3344432    0.3522686
86192507    0.0664135    0.1094549
72803641    0.0189457    0.1003720
84036972    0.2046254    0.1067413
50619347    0.3196470    0.3402162
93507642    0.2040192    0.2532605
14387690    0.2061633    0.1800187
20456318    0.0361747    0.0825025
12064358    0.1449998    0.1772772
40568932    0.1124073    0.1023692
94715302    0.3625983    0.3734511
67851930    0.1565579    0.1737542
65790324    0.0046216    0.1063824
95063127    0.3365001    0.2369422
10693257    0.3052177    0.2733418
71305486    0.5131515    0.4821008
82139740    0.3176008    0.3454221
21064358    0.1029364    0.0703498
