51763480    0.4308012    0.3568344
9467830    -0.0446479    0.1469550
34189275    0.0542352    0.2903485
2931756    0.2538077    0.2158962
5294037    0.3698771    0.3124624
8315042    0.3440053    0.3398030
3280951    0.0553783    0.1371808
61784935    0.0502294    0.1478737
5197243    0.5915708    0.3333917
65374182    0.0248284    0.2417399
72150386    -0.0355079    0.1469550
9257083    0.5751210    0.4618644
6138297    0.0625853    0.1346213
62897034    0.1620364    0.1135883
98016472    0.1913138    0.1598046
4265083    0.3106906    0.2809336
64021875    0.1019267    0.0912136
59387142    0.2924146    0.2714334
97408251    0.0528856    0.1469550
27845619    0.2513606    0.1750075
8496023    0.1516259    0.1469550
5814072    0.1933573    0.1219726
5683192    0.4733342    0.3542781
40236598    0.1331878    0.1469550
27159836    0.0332070    0.1275714
4857263    0.3738794    0.2287244
47812905    0.1007904    0.1469550
64213980    0.0801635    0.1469550
5619803    0.1762386    0.1933524
94185602    0.0684437    0.1252757
9317254    0.3729283    0.3392265
7804269    0.1723401    0.1634976
65483790    0.0322079    0.0895079
1320567    0.2311754    0.2204023
8463201    0.3381932    0.2292167
67409258    0.3510112    0.2920980
10693257    0.3052177    0.2243854
4528069    0.1329296    0.0892607
68293104    0.0358413    0.0850070
4692830    0.5977371    0.6350843
9576032    0.5069458    0.3736596
65790324    0.0046216    0.1122519
43208516    0.2005489    0.3030389
43780952    0.3129933    0.2602395
7918026    0.0989480    0.1469550
56893071    0.1657909    0.1204687
81294637    0.2323228    0.2136749
4127693    0.3656554    0.2606046
76415208    0.0900140    0.1469550
6971305    0.4535946    0.4750947
9425807    0.3096627    0.2445237
7483150    0.3565000    0.2931902
56920873    0.2995450    0.2514852
70264158    0.1874085    0.2275138
3627410    0.1778646    0.1469550
12458390    0.1245855    0.1469550
6543129    0.4651338    0.3501602
87196024    0.1803782    0.1259319
9518642    0.5007111    0.4131166
3612974    0.1838014    0.1631091
5140362    0.3208159    0.2909298
6851203    0.2527070    0.3410304
34681702    0.2408399    0.2755893
9706385    0.3472344    0.3762664
6423907    0.2354790    0.1929375
3645207    0.1910296    0.1530375
4693502    0.1955602    0.1469550
72153046    0.0292038    0.1469550
3296450    0.5973707    0.4130162
95240316    0.1675703    0.1996897
69538402    0.4654601    0.3463233
1705239    0.2730497    0.1341076
56140738    0.3249323    0.2782686
19743065    0.0593324    0.1511330
9182473    0.1916796    0.2433878
85902746    0.2217552    0.2085354
5183609    0.5404390    0.6464794
5308146    0.4128936    0.3334523
6930741    0.1099527    0.1179960
2541903    0.3190446    0.3357826
34105672    0.1870527    0.1469550
93507642    0.2040192    0.1952300
12904576    0.3852948    0.3492260
5831672    0.2538592    0.2651013
39186520    0.1250224    0.2832634
7160483    0.4047953    0.3919601
58029641    0.1638877    0.2627253
5894621    0.2282716    0.2482786
91052873    0.1417432    0.1280485
24501987    0.1447957    0.1469550
8597263    0.1450746    0.1794912
20519736    0.2078745    0.2007719
30975426    0.2825031    0.3556289
16094873    0.0280620    0.1095690
6594182    0.0526440    0.1035737
7126859    0.0000346    0.1469550
60573841    0.0080028    0.0940935
8613947    0.2891041    0.2514793
37419068    0.1121111    0.1469550
83764925    0.1711960    0.1816895
6703951    0.2923357    0.4362881
4807153    0.1503095    0.2236462
5762910    0.2062399    0.3187923
39720486    0.2953125    0.2882417
85320746    0.3344432    0.3057158
2198367    0.0754390    0.1086941
4123795    -0.0081841    0.1469550
3892147    0.0673109    0.1469550
9157643    0.4749572    0.3914258
2498173    0.3937241    0.3921528
6902314    0.1831756    0.1736746
2943061    0.1322802    0.0947545
9380175    0.2946367    0.2998711
3215784    0.0695981    0.1054182
9084235    0.2844537    0.2421809
26408915    0.1213319    0.1469550
13480652    0.2119081    0.1351285
2078916    0.2681468    0.2730921
3015264    0.2364364    0.3319209
2645180    0.2137118    0.2385416
40568932    0.1124073    0.1469550
68427591    0.0416545    0.1850173
52948361    0.0420176    0.0257241
62941037    0.3422488    0.3084913
30694825    0.0365880    0.1469550
7130825    0.2484626    0.2880426
8290476    0.2635870    0.2388138
7063891    0.3753386    0.4618767
2361549    0.1515017    0.2748312
43790281    0.0475672    0.1469550
83265941    0.1260843    0.1373339
62945318    0.1630607    0.1044151
45628709    0.1130647    0.1078883
3469512    0.2516770    0.2168710
27156309    0.1905536    0.1804421
93481752    0.2718664    0.2076766
2384019    0.2573606    0.2882921
2568307    0.2370991    0.2897948
39062841    0.0944830    0.0807904
6175483    0.4677562    0.7744294
2845369    0.2818527    0.2576035
3264017    0.1892763    0.1299985
16375284    0.2126535    0.2305625
32450971    0.1140205    0.1469550
75684932    0.2416156    0.1495380
80163975    -0.0812560    0.0980594
14387690    0.2061633    0.1564670
20456318    0.0361747    0.1469550
15860437    0.1634063    0.1477672
5146839    0.5332805    0.2736003
82354971    0.0228063    0.0880885
2694380    0.2196963    0.2065382
9607438    0.1222324    0.1504155
9518437    0.1673752    0.1469550
7369148    0.4514948    0.2907381
67905128    0.1698469    0.1472490
72803641    0.0189457    0.0643891
34072651    0.0493279    0.0736757
19483527    0.1787383    0.1522030
95063127    0.3365001    0.2296712
1923504    0.4565430    0.2455947
60897513    0.1301192    0.1469550
13085762    0.3273837    0.2329087
7932580    0.4682114    0.6542656
71204863    0.2342260    0.2801768
4165230    0.0664882    0.0909025
10392748    0.1246251    0.1469550
82769514    0.1071274    0.1469550
2487590    0.1245996    0.1517410
87563140    0.2003200    0.1469550
43860715    0.0869390    0.1469550
9354761    0.1451593    0.1469550
7521463    0.3398980    0.3485813
7243896    0.3525857    0.2271918
61792438    0.2751650    0.1901927
3014689    0.2795749    0.3513159
76402381    0.0634703    0.1469550
84135296    0.0717320    0.1045981
6025847    0.3156327    0.3606499
87904612    0.1259729    0.0471906
5469827    0.0416673    0.1469550
6315928    0.2469237    0.1817794
47098521    0.1130693    0.1469550
5749680    0.1812531    0.2344649
3741296    0.0530962    0.1469550
13658924    0.0792403    0.1469550
95267031    0.1225485    0.1469550
46879352    0.1105719    0.0975479
45726190    0.1449229    0.1469550
2673845    0.5641396    0.4548472
61932785    0.2703631    0.2717402
67239801    0.1973108    0.2271336
10378294    0.3021635    0.2110929
15780629    0.4336775    0.2765490
5738926    0.3573479    0.2596735
19436725    0.1565862    0.1301418
9138254    0.2920520    0.3212413
70843926    0.2776558    0.2116069
9720165    0.4198961    0.3774858
24035867    0.2180151    0.3101667
4867502    0.3658697    0.4145386
9583261    0.3440669    0.3278820
36509124    0.1029860    0.0815253
20694735    0.0069220    0.0733922
85709634    0.1365534    0.1469550
3041965    0.4253836    0.1842334
9381746    0.2999753    0.4281690
9731406    0.1191694    0.1469550
78691503    0.3143425    0.3001252
41267093    0.0940958    0.1665335
72015384    0.5095192    0.2536778
4063285    0.2597609    0.2155324
7905641    0.2707025    0.3548221
8653417    0.1287219    0.1469550
78510264    0.0811135    0.1075778
70251698    0.3058280    0.2630106
78351290    0.2346316    0.1693258
9461730    0.1967047    0.2584955
3254689    0.3482216    0.6793385
9084715    0.0584843    0.1469550
18967543    0.2637843    0.2363825
57043269    0.2307362    0.1118933
8605217    0.2345106    0.1879485
1302765    0.3472123    0.3370644
1735482    0.1225054    0.1469550
12086359    0.0064457    0.0331748
35280617    -0.0191183    0.1469550
18952376    0.0941340    0.1220668
59481307    0.1335299    0.1469550
5160827    0.1363529    0.1608198
17042638    0.1411405    0.1824624
67381945    0.1065278    0.1469550
2045968    0.1103608    0.0793867
6083594    0.4033448    0.3506159
48270965    -0.0273596    0.1469550
5732806    0.2107367    0.2066619
40596718    0.1890510    0.1789971
8317509    0.1872364    0.2160119
8397402    -0.0295911    0.1469550
2643098    0.2184954    0.3199269
9546732    0.3262210    0.3294327
2081546    0.4467185    0.6097385
32468591    0.2064951    0.3354478
92057831    0.1228388    0.1469550
23074169    0.4747303    0.3501810
7985463    0.1468814    0.0992951
6752138    0.1926357    0.1469550
71453068    0.0661260    0.1469550
94715302    0.3625983    0.1559753
31879054    0.3563824    0.3398071
9267581    0.1851758    0.1798664
8927605    0.1242698    0.0932139
3056417    0.3964929    0.2868900
2453071    0.2434675    0.1469550
1260374    0.0731026    0.1173214
9618250    0.1745989    0.1616895
1694783    0.0640252    0.1142119
37068241    0.4272806    0.2826758
71305486    0.5131515    0.4377915
7348562    0.3256060    0.3554910
17596823    0.0303843    0.0812351
96302148    0.2372141    0.3168645
20819547    0.4023762    0.4042289
41253670    0.2920886    0.2510427
6491783    0.2638982    0.1303524
3092751    0.0439309    0.2139608
1069425    0.5509495    0.3677508
32714856    0.3173793    0.2336045
1932047    0.1806909    0.1493307
6135948    0.4934883    0.2332832
4165972    0.2014961    0.1691656
6039182    0.2504354    0.2545016
87932541    0.1275321    0.0808109
2043178    0.4086680    0.3915581
89231046    0.0701274    0.1469550
37049621    0.1162308    0.1469550
79648230    0.2436525    0.3300205
6895471    0.5201627    0.2932582
8643509    0.4373056    0.3629733
6807539    0.3188515    0.2834142
