3149850    0.0295857    0.0531052
1743698    0.3903206    0.2679756
3296450    0.5973707    0.4609969
9425807    0.3096627    0.2176174
9317254    0.3729283    0.3892839
3204167    0.3540025    0.3425685
4127693    0.3656554    0.2953007
9501276    0.0174545    0.0024648
3015264    0.2364364    0.2184845
3014689    0.2795749    0.2897916
4960875    0.1032987    0.0927326
2643098    0.2184954    0.2280558
9084235    0.2844537    0.3204917
8653417    0.1287219    0.0913347
7932580    0.4682114    0.5043420
6543129    0.4651338    0.3566943
5372069    0.3426059    0.2428432
2931756    0.2538077    0.2426665
1487932    0.4101857    0.4748200
6135948    0.4934883    0.4669614
8927605    0.1242698    0.1562450
4750928    0.4639964    0.4796975
5123968    0.5559287    0.4142704
5178439    0.3721354    0.4301303
2568307    0.2370991    0.1833304
2158347    0.3815083    0.2842015
4165230    0.0664882    0.0991318
3056417    0.3964929    0.3329702
2078916    0.2681468    0.2865148
4935860    0.2500624    0.3128766
3740286    0.4547719    0.4438529
9157643    0.4749572    0.4335995
1279568    -0.0397060    -0.0115725
6530821    0.3380645    0.1912884
3250478    0.0873304    0.0822074
5894621    0.2282716    0.2679958
5648371    0.2782824    0.2925378
8290476    0.2635870    0.2150503
9450781    0.3211172    0.2665042
3741296    0.0530962    0.0469670
9317528    0.2727551    0.2196868
4203176    0.0868008    0.0978873
9765234    0.3451286    0.3111848
6752138    0.1926357    0.1968199
1694783    0.0640252    0.1552301
9576032    0.5069458    0.4875565
3264017    0.1892763    0.2355040
6930741    0.1099527    0.1513230
9546732    0.3262210    0.2515873
5693807    0.1703150    0.2102939
4265083    0.3106906    0.2546005
2453071    0.2434675    0.2489384
2941375    0.1039866    0.1803213
2487590    0.1245996    0.0925827
8315042    0.3440053    0.2846496
5814072    0.1933573    0.1691953
4857263    0.3738794    0.3010540
6278590    0.0292114    0.0446527
4327501    0.2126635    0.1618815
7160483    0.4047953    0.3151941
5140362    0.3208159    0.3398457
4528069    0.1329296    0.1880116
1056832    0.1398216    0.0785438
3254689    0.3482216    0.3839562
2869347    0.3789614    0.3818096
8410523    0.3938945    0.4167106
3892147    0.0673109    0.0682403
7483150    0.3565000    0.3379291
6902314    0.1831756    0.0974263
2645180    0.2137118    0.3095280
5749680    0.1812531    0.2238927
6315928    0.2469237    0.2858490
9354761    0.1451593    0.1461987
2317805    0.4805482    0.4575358
4692830    0.5977371    0.5560946
2384019    0.2573606    0.2001076
2081546    0.4467185    0.4440732
5762910    0.2062399    0.2618723
9180765    0.1868605    0.1995282
1098653    0.2683512    0.3466398
6083594    0.4033448    0.3871769
2739650    0.1539570    0.1137881
9380175    0.2946367    0.2696959
4637091    0.4661794    0.4047343
9321840    0.4420901    0.3842530
4768210    0.6686979    0.6600911
3786905    0.2339949    0.1601282
9618250    0.1745989    0.1617243
9467830    -0.0446479    0.0781243
1059674    0.2535736    0.2989978
1895642    0.3019776    0.3234100
6491783    0.2638982    0.2787140
6283704    0.0842864    0.0310088
3612974    0.1838014    0.2179347
5160827    0.1363529    0.0395628
5294037    0.3698771    0.3225081
3041965    0.4253836    0.3072507
3514269    0.2860579    0.2586326
7803256    0.3907403    0.3887768
7190582    0.5212715    0.4328461
6703951    0.2923357    0.2922471
6851203    0.2527070    0.2854495
3280951    0.0553783    -0.0923688
3061874    0.2808881    0.2647416
7254913    0.0828423    0.1981222
9603748    0.2451397    0.2650195
5683192    0.4733342    0.3976738
9840216    0.0807284    0.1869693
1735482    0.1225054    0.0800310
9267581    0.1851758    0.1558631
8605217    0.2345106    0.2762068
9245670    0.3915895    0.3855922
9706385    0.3472344    0.4231709
6175483    0.4677562    0.3616168
2018563    0.3960066    0.3936176
3578406    0.1215780    0.1001623
4352098    0.3358923    0.3738112
1790246    0.2481418    0.2604570
2694380    0.2196963    0.1570236
7521463    0.3398980    0.3264346
6319528    0.3046428    0.2979251
4306815    0.5216363    0.4943041
6807539    0.3188515    0.2944983
4807153    0.1503095    0.2149284
5714096    0.3797141    0.4688810
2514308    0.3364096    0.2875447
3627410    0.1778646    0.1680910
1932047    0.1806909    0.2179826
2198367    0.0754390    0.1876162
4976231    0.4576726    0.5963352
2836405    0.2381882    0.2509713
6594182    0.0526440    0.1755835
5267094    0.2599849    0.3535570
5308146    0.4128936    0.3278510
1260374    0.0731026    0.1000146
9518642    0.5007111    0.3200433
7243896    0.3525857    0.2971783
5197243    0.5915708    0.6281806
1320567    0.2311754    0.1734074
7905641    0.2707025    0.2907679
