6851203    0.2527070    0.1694105
8597263    0.1450746    0.1901293
2465970    0.2177032    0.1688533
6982735    0.1570534    0.1549576
9182473    0.1916796    0.2675298
4309715    0.1303742    0.1260439
9245670    0.3915895    0.3531016
7348562    0.3256060    0.2605166
9425807    0.3096627    0.2517006
6530821    0.3380645    0.3340402
7932580    0.4682114    0.3210214
2487590    0.1245996    0.1744436
3612974    0.1838014    0.1532353
6543129    0.4651338    0.4149710
3469512    0.2516770    0.2388875
5183609    0.5404390    0.4761196
1804532    0.1433767    0.1763356
6271834    0.0263550    0.1521385
3056417    0.3964929    0.3109245
8397402    -0.0295911    -0.0498448
4203176    0.0868008    0.1197585
4976231    0.4576726    0.5106210
9731406    0.1191694    0.1521385
1320567    0.2311754    0.3007857
2931756    0.2538077    0.1906440
9840216    0.0807284    0.0889587
3280951    0.0553783    0.1521385
8317509    0.1872364    0.1560006
5718692    0.1730530    0.1818545
3892147    0.0673109    0.0634400
2643098    0.2184954    0.1539160
4165230    0.0664882    0.1521385
3015264    0.2364364    0.2631363
5123968    0.5559287    0.4810354
6703951    0.2923357    0.1948045
7548206    0.3996251    0.4482677
2453071    0.2434675    0.1608169
1487932    0.4101857    0.3723319
2836405    0.2381882    0.1760864
4857263    0.3738794    0.4177291
6025847    0.3156327    0.3086926
5294037    0.3698771    0.3216596
9084235    0.2844537    0.2175519
7190582    0.5212715    0.3353108
8605217    0.2345106    0.1521385
1279568    -0.0397060    0.1521385
3514269    0.2860579    0.2543453
9317528    0.2727551    0.3682372
9576032    0.5069458    0.3673861
3041965    0.4253836    0.3621942
5902371    0.2322153    0.2769543
3740286    0.4547719    0.4715514
6278590    0.0292114    0.1521385
2045968    0.1103608    0.0901064
8613947    0.2891041    0.2921585
9381746    0.2999753    0.2883651
2081546    0.4467185    0.4108453
6491783    0.2638982    0.1721822
7918026    0.0989480    0.1521385
2845369    0.2818527    0.2726186
5894621    0.2282716    0.1846466
3204167    0.3540025    0.2854845
1705239    0.2730497    0.2845432
2568307    0.2370991    0.2310419
4867502    0.3658697    0.3505056
7130825    0.2484626    0.1536863
4127693    0.3656554    0.4243205
8496023    0.1516259    0.1085694
6594182    0.0526440    0.0924288
1056832    0.1398216    0.1521385
1694783    0.0640252    0.1521385
1790246    0.2481418    0.2204334
3250478    0.0873304    0.1521385
6319528    0.3046428    0.3113890
7126859    0.0000346    0.1415690
9461730    0.1967047    0.1832564
9607438    0.1222324    0.1586654
5308146    0.4128936    0.4335409
6423907    0.2354790    0.2084613
4987650    0.2964038    0.2885380
4352098    0.3358923    0.3158888
9157643    0.4749572    0.4304944
9380175    0.2946367    0.1647893
5814072    0.1933573    0.1521385
1923504    0.4565430    0.3638553
1260374    0.0731026    0.1217922
9180765    0.1868605    0.2209767
7160483    0.4047953    0.4145691
9603748    0.2451397    0.3056920
2869347    0.3789614    0.3340351
1895642    0.3019776    0.2535739
2096537    0.5723276    0.5719736
7985463    0.1468814    0.1359968
6138297    0.0625853    0.1540617
5062718    0.3932812    0.3694981
4165972    0.2014961    0.1534415
4932856    0.2126629    0.2251651
9546732    0.3262210    0.4041730
8463201    0.3381932    0.3800767
6752138    0.1926357    0.1567179
4306815    0.5216363    0.5153157
3092751    0.0439309    0.0754965
5469827    0.0416673    0.1521385
3296450    0.5973707    0.4710176
3627410    0.1778646    0.1521385
1743698    0.3903206    0.3479995
8054917    0.3262745    0.3099840
6315928    0.2469237    0.2881258
9765234    0.3451286    0.2499935
5178439    0.3721354    0.2929056
5732806    0.2107367    0.2267114
4960875    0.1032987    0.0907727
5831672    0.2538592    0.1709996
3645207    0.1910296    0.1797334
2941375    0.1039866    0.1092414
4328571    0.3664831    0.2825562
9720165    0.4198961    0.3282639
7243896    0.3525857    0.2109476
8315042    0.3440053    0.3912533
9467830    -0.0446479    0.1521385
9257083    0.5751210    0.5525938
3582067    0.3364838    0.2814320
4807153    0.1503095    0.1521385
7483150    0.3565000    0.4016934
2694380    0.2196963    0.2585300
7063891    0.3753386    0.2452271
6083594    0.4033448    0.4398415
9618250    0.1745989    0.2299961
1932047    0.1806909    0.1614311
2541903    0.3190446    0.1607059
8653417    0.1287219    0.1521385
3014689    0.2795749    0.2744285
4063285    0.2597609    0.3091657
5648371    0.2782824    0.2868194
7521463    0.3398980    0.3744684
5170386    0.0831770    0.0973425
5267094    0.2599849    0.2113245
5140362    0.3208159    0.2990612
6175483    0.4677562    0.4482408
2198367    0.0754390    0.1777634
