6025847    0.3156327    0.2995752
9706385    0.3472344    0.3187542
7190582    0.5212715    0.5810887
9618250    0.1745989    0.1262367
2096537    0.5723276    0.4287779
5749680    0.1812531    0.2627742
2760143    0.3529654    0.3025410
5267094    0.2599849    0.3045039
2694380    0.2196963    0.2278285
2869347    0.3789614    0.4030412
5140362    0.3208159    0.2554235
9576032    0.5069458    0.4201338
5619803    0.1762386    0.2263395
1743698    0.3903206    0.3234436
9607438    0.1222324    0.2090274
6851203    0.2527070    0.2694087
6319528    0.3046428    0.2925758
2045968    0.1103608    0.1192541
4857263    0.3738794    0.4595796
2568307    0.2370991    0.2528703
7369148    0.4514948    0.3265043
5160827    0.1363529    0.2551674
6807539    0.3188515    0.2453984
3215784    0.0695981    0.0777211
3891520    0.3327236    0.2503968
8927605    0.1242698    0.1155523
6135948    0.4934883    0.3493741
7819360    0.3202660    0.3488657
1279568    -0.0397060    0.0633811
4165230    0.0664882    0.0579630
6423907    0.2354790    0.2310848
4693502    0.1955602    0.1267102
1302765    0.3472123    0.3078414
9180765    0.1868605    0.2333207
5902371    0.2322153    0.3434536
5183609    0.5404390    0.3509313
2465970    0.2177032    0.1817129
1098653    0.2683512    0.2180937
6091584    0.0551016    0.1674595
3092751    0.0439309    0.1270057
7803256    0.3907403    0.3985705
1923504    0.4565430    0.3658735
4123795    -0.0081841    0.0792334
9603748    0.2451397    0.2723137
5648371    0.2782824    0.2568580
4165972    0.2014961    0.2199785
8290476    0.2635870    0.2040232
7348562    0.3256060    0.2587065
1365094    0.2127880    0.2392330
5469827    0.0416673    0.1169163
5062718    0.3932812    0.2704707
6895471    0.5201627    0.5274137
3786905    0.2339949    0.2473611
6342708    0.0867694    0.1585052
9257083    0.5751210    0.5741903
9731406    0.1191694    0.1281149
4267580    0.4071005    0.2656534
2078916    0.2681468    0.2998814
9381746    0.2999753    0.2945434
5123968    0.5559287    0.3822364
2198367    0.0754390    0.1418002
7548206    0.3996251    0.3593389
3061874    0.2808881    0.2250032
6491783    0.2638982    0.2535005
3296450    0.5973707    0.5933717
2739650    0.1539570    0.1718641
9267581    0.1851758    0.1655417
4976231    0.4576726    0.3204518
1059674    0.2535736    0.2572552
7130825    0.2484626    0.2310283
3041965    0.4253836    0.3934321
8512390    0.3917661    0.3131141
5718692    0.1730530    0.2343462
9328467    0.5027560    0.3733969
7254913    0.0828423    0.1820224
4127693    0.3656554    0.2663389
5814072    0.1933573    0.3251505
5714096    0.3797141    0.3593864
6271834    0.0263550    0.0258905
1694783    0.0640252    0.1723053
3612974    0.1838014    0.2024535
4960875    0.1032987    0.1427655
8317509    0.1872364    0.2351127
1790246    0.2481418    0.2796271
2943061    0.1322802    0.1853262
2645180    0.2137118    0.3143736
9157643    0.4749572    0.6193834
9182473    0.1916796    0.2479771
5187042    0.1334780    0.1017372
8410523    0.3938945    0.3941805
1056832    0.1398216    0.1108917
2819470    0.3080540    0.2989581
9501276    0.0174545    0.0611121
6982735    0.1570534    0.2115521
3645207    0.1910296    0.2130845
7905641    0.2707025    0.2499247
1705239    0.2730497    0.2846811
3250478    0.0873304    0.0650518
1804532    0.1433767    0.1818454
1932047    0.1806909    0.2223059
6039182    0.2504354    0.2962234
6930741    0.1099527    0.1087184
4807153    0.1503095    0.1296022
6703951    0.2923357    0.3899390
2845369    0.2818527    0.3072144
9450781    0.3211172    0.3289883
7932580    0.4682114    0.4134168
9583261    0.3440669    0.4136059
2643098    0.2184954    0.2467107
6902314    0.1831756    0.2032003
3514269    0.2860579    0.3055813
1069425    0.5509495    0.4911724
9354761    0.1451593    0.1477221
1340285    0.1161054    0.0992382
2541903    0.3190446    0.3941820
2498173    0.3937241    0.3609473
6278590    0.0292114    0.1444144
4063285    0.2597609    0.2524481
6594182    0.0526440    0.1374297
3821574    0.3310490    0.3371508
3741296    0.0530962    0.1515357
5683192    0.4733342    0.4233525
2941375    0.1039866    0.1077087
8597263    0.1450746    0.1751140
5178439    0.3721354    0.3761849
2931756    0.2538077    0.2147944
3056417    0.3964929    0.3497817
9518642    0.5007111    0.3999945
3204167    0.3540025    0.4850307
9765234    0.3451286    0.3718760
4265083    0.3106906    0.3749852
9380175    0.2946367    0.2602966
3280951    0.0553783    0.1279211
8613947    0.2891041    0.2260118
5308146    0.4128936    0.3337492
6175483    0.4677562    0.4518548
2361549    0.1515017    0.2133412
6283704    0.0842864    0.1754363
3014689    0.2795749    0.2590375
3469512    0.2516770    0.2938733
