5714096    0.3797141    0.2983689
9317528    0.2727551    0.2773635
9138254    0.2920520    0.2763923
7803256    0.3907403    0.3077928
2568307    0.2370991    0.2542750
7063891    0.3753386    0.4070253
9425807    0.3096627    0.2855739
9180765    0.1868605    0.2073951
4352098    0.3358923    0.3181337
4165230    0.0664882    0.1797782
4165972    0.2014961    0.1808814
1056832    0.1398216    0.1459534
4306815    0.5216363    0.3386745
1487932    0.4101857    0.4563140
3582067    0.3364838    0.2707704
7190582    0.5212715    0.3400636
6851203    0.2527070    0.2379896
7548206    0.3996251    0.3488251
2941375    0.1039866    0.1159220
2836405    0.2381882    0.2331085
3149850    0.0295857    0.1797782
6271834    0.0263550    0.0323718
3061874    0.2808881    0.2095171
5160827    0.1363529    0.1797782
4123795    -0.0081841    0.1797782
8512390    0.3917661    0.4309852
4528069    0.1329296    0.1561698
8605217    0.2345106    0.1955751
2043178    0.4086680    0.3024671
4976231    0.4576726    0.3449773
8290476    0.2635870    0.1762255
5146839    0.5332805    0.5486054
9518437    0.1673752    0.2081878
7483150    0.3565000    0.3850369
5831672    0.2538592    0.1832604
6594182    0.0526440    0.1397009
1059674    0.2535736    0.1919149
8643509    0.4373056    0.3489448
2317805    0.4805482    0.3727908
5170386    0.0831770    0.1647651
9267581    0.1851758    0.1797782
9084235    0.2844537    0.2163034
9706385    0.3472344    0.3286022
4960875    0.1032987    0.1426779
6135948    0.4934883    0.3358895
2018563    0.3960066    0.3263523
2673845    0.5641396    0.4615957
2514308    0.3364096    0.2794847
1923504    0.4565430    0.4474286
5308146    0.4128936    0.3137144
7160483    0.4047953    0.3756525
5372069    0.3426059    0.2903945
4309715    0.1303742    0.1693538
2453071    0.2434675    0.1566948
3578406    0.1215780    0.0975903
2498173    0.3937241    0.3751162
6748193    0.2073776    0.2095225
2045968    0.1103608    0.0650772
3015264    0.2364364    0.1797782
4203176    0.0868008    0.1598062
1790246    0.2481418    0.2168492
8496023    0.1516259    0.0931132
3786905    0.2339949    0.1677607
9328467    0.5027560    0.4682476
3264017    0.1892763    0.1936188
6083594    0.4033448    0.3624901
2819470    0.3080540    0.1935310
4692830    0.5977371    0.4186979
6491783    0.2638982    0.2337041
9461730    0.1967047    0.1775633
6278590    0.0292114    0.1595185
5196087    0.4362904    0.3574120
4327501    0.2126635    0.1797782
2465970    0.2177032    0.2344975
4328571    0.3664831    0.2657432
6283704    0.0842864    0.1566577
5738926    0.3573479    0.3295203
2643098    0.2184954    0.1800449
9084715    0.0584843    0.1306608
8927605    0.1242698    0.0096915
2943061    0.1322802    0.1797782
4637091    0.4661794    0.3874961
5693807    0.1703150    0.1889797
4987650    0.2964038    0.3418579
7348562    0.3256060    0.3107813
6971305    0.4535946    0.3164167
1705239    0.2730497    0.2000512
7126859    0.0000346    0.1395743
7521463    0.3398980    0.2988891
2645180    0.2137118    0.2241398
1320567    0.2311754    0.3136556
2760143    0.3529654    0.2462725
6091584    0.0551016    0.1161705
6930741    0.1099527    0.1797782
2869347    0.3789614    0.2509066
4063285    0.2597609    0.2962487
5619803    0.1762386    0.2453744
9182473    0.1916796    0.1773226
2541903    0.3190446    0.3787013
5183609    0.5404390    0.3557027
3612974    0.1838014    0.1797782
5648371    0.2782824    0.2150952
4693502    0.1955602    0.1694010
3204167    0.3540025    0.2615117
7369148    0.4514948    0.3321550
9603748    0.2451397    0.1995839
5123968    0.5559287    0.4475811
7130825    0.2484626    0.2098366
7243896    0.3525857    0.3602020
4932856    0.2126629    0.2025533
9354761    0.1451593    0.1797782
6752138    0.1926357    0.1742486
4265083    0.3106906    0.2838319
3041965    0.4253836    0.3267115
5732806    0.2107367    0.1589783
5718692    0.1730530    0.1575803
5814072    0.1933573    0.1708132
3740286    0.4547719    0.4154647
6025847    0.3156327    0.2732249
9840216    0.0807284    0.1797782
3645207    0.1910296    0.1797782
2739650    0.1539570    0.1797782
5178439    0.3721354    0.3444869
9576032    0.5069458    0.3620840
1804532    0.1433767    0.1517948
6543129    0.4651338    0.3482846
4267580    0.4071005    0.2941630
4768210    0.6686979    0.4334752
1735482    0.1225054    0.0463713
9546732    0.3262210    0.3019939
2158347    0.3815083    0.3152185
3254689    0.3482216    0.3839191
9467830    -0.0446479    0.1797782
5140362    0.3208159    0.3205031
9605831    0.1809202    0.1797782
8410523    0.3938945    0.2864944
5294037    0.3698771    0.3578333
9157643    0.4749572    0.4934246
4935860    0.2500624    0.2275169
6703951    0.2923357    0.2366998
