56124780    0.1965039    0.1568543
69578014    0.2654074    0.1860149
8927605    0.1242698    0.0799810
45068793    0.0582267    0.1393215
59806341    0.3732070    0.2819016
6135948    0.4934883    0.4481966
5714096    0.3797141    0.3180321
2694380    0.2196963    0.0561167
10378294    0.3021635    0.3297664
98526013    0.1456753    0.1467624
5749680    0.1812531    0.2494195
93608745    0.2518492    0.1992936
47098521    0.1130693    0.1676741
95240316    0.1675703    0.1493746
43780952    0.3129933    0.1825862
8512390    0.3917661    0.4860585
31254760    0.4422659    0.4222347
38960417    0.0926794    0.1501635
5160827    0.1363529    0.1823141
13658924    0.0792403    0.0229014
20694735    0.0069220    0.1669891
38702645    0.1698794    0.1442219
1735482    0.1225054    0.2102442
41267093    0.0940958    0.1468072
6025847    0.3156327    0.3877218
95267031    0.1225485    0.1641085
43065218    0.2726136    0.1147647
8496023    0.1516259    0.1157475
37419068    0.1121111    0.0656573
8317509    0.1872364    0.2223075
94528706    0.1321287    0.1400163
76415208    0.0900140    0.1166243
17042638    0.1411405    0.1729729
2645180    0.2137118    0.1869231
19743065    0.0593324    0.0667530
16375284    0.2126535    0.1833347
5140362    0.3208159    0.2871071
9450781    0.3211172    0.3245912
50648317    0.3646901    0.3445616
79324150    0.1327389    0.0727149
4327501    0.2126635    0.1670246
3892147    0.0673109    0.1416290
83265941    0.1260843    0.1584435
9267581    0.1851758    0.3211840
4976231    0.4576726    0.3251451
3786905    0.2339949    0.1478482
75684932    0.2416156    0.1598499
19483527    0.1787383    0.2251533
24035867    0.2180151    0.2273238
50836291    0.1281155    0.1007419
82354971    0.0228063    0.1547622
5178439    0.3721354    0.3812429
65790324    0.0046216    0.1444947
4165230    0.0664882    0.0456545
5294037    0.3698771    0.4115003
68427591    0.0416545    0.0817015
8597263    0.1450746    0.1413036
7243896    0.3525857    0.3869288
9583261    0.3440669    0.3678079
7254913    0.0828423    0.1710336
2760143    0.3529654    0.3159933
41253670    0.2920886    0.2670858
4768210    0.6686979    0.7764885
7932580    0.4682114    0.4549711
34982675    0.0478840    0.0450353
9546732    0.3262210    0.3742833
32875906    0.3579376    0.3703147
91052873    0.1417432    0.1082512
6283704    0.0842864    0.1014013
6982735    0.1570534    0.1644168
68293104    0.0358413    -0.0087932
12374650    0.1772530    0.0757911
23750186    0.1395542    0.1007760
34105672    0.1870527    0.1993363
4807153    0.1503095    0.1833347
25986740    0.1667644    0.2371598
81439706    0.1262791    0.0662689
3250478    0.0873304    0.1451097
70843926    0.2776558    0.2051589
57129046    0.0741950    0.0823359
9731406    0.1191694    0.1755323
2943061    0.1322802    0.1899153
6752138    0.1926357    0.2927254
1694783    0.0640252    0.1802044
95063127    0.3365001    0.2549395
3092751    0.0439309    0.0984428
40326571    0.2393876    0.2196797
1279568    -0.0397060    0.0098028
6271834    0.0263550    0.0174892
1365094    0.2127880    0.1753578
9518642    0.5007111    0.4159215
30975426    0.2825031    0.3622380
8613947    0.2891041    0.3172796
40568932    0.1124073    0.1389772
83429561    0.2568101    0.3009035
70251698    0.3058280    0.3318535
45628709    0.1130647    0.0926953
1320567    0.2311754    0.2309689
2361549    0.1515017    0.3285526
34681702    0.2408399    0.3276251
61487350    0.1231352    0.1400043
26408915    0.1213319    0.1569568
1098653    0.2683512    0.3053936
86192507    0.0664135    0.0801993
3891520    0.3327236    0.2876593
43790281    0.0475672    0.0942528
32714856    0.3173793    0.2521974
9354761    0.1451593    0.1322958
8521307    0.3988584    0.2855326
9720165    0.4198961    0.4568357
7369148    0.4514948    0.4354407
43208516    0.2005489    0.1874797
58029641    0.1638877    0.1739004
5902371    0.2322153    0.2413786
18967543    0.2637843    0.1502223
4063285    0.2597609    0.2730232
23705914    0.1015233    0.1249112
8315042    0.3440053    0.2770566
7521463    0.3398980    0.3401659
51398260    0.1249023    0.1692491
27159836    0.0332070    0.1231269
6895471    0.5201627    0.4108753
79648230    0.2436525    0.2989217
2198367    0.0754390    0.1658121
97428650    0.1566038    0.1379728
8410523    0.3938945    0.3357989
4309715    0.1303742    0.1275731
9182473    0.1916796    0.1833347
72015384    0.5095192    0.6311039
35842190    0.0440798    0.1084659
6930741    0.1099527    0.1991617
6138297    0.0625853    0.1402450
10392748    0.1246251    0.0896320
9425807    0.3096627    0.3018768
1487932    0.4101857    0.3338324
1302765    0.3472123    0.3194833
69538402    0.4654601    0.3349019
2384019    0.2573606    0.3365188
12458390    0.1245855    0.1221643
71465098    0.3067145    0.2151420
92057831    0.1228388    0.0840524
16943087    0.1024783    0.1532952
16504783    0.2812308    0.3308834
16958274    0.0291058    0.0574947
7063891    0.3753386    0.3772261
5693807    0.1703150    0.2964038
5187042    0.1334780    0.0818210
7905641    0.2707025    0.1622091
23074169    0.4747303    0.4347756
3578406    0.1215780    0.1874394
52634817    0.2849960    0.1833347
4127693    0.3656554    0.2100901
12086359    0.0064457    0.0659050
89231046    0.0701274    0.1569335
8605217    0.2345106    0.2683365
4267580    0.4071005    0.4313285
5814072    0.1933573    0.1575066
2453071    0.2434675    0.2734653
9138254    0.2920520    0.2926602
87563140    0.2003200    0.1482558
3821574    0.3310490    0.2950647
70264158    0.1874085    0.1466899
4123795    -0.0081841    0.1249770
85320746    0.3344432    0.4081591
35897402    0.4143970    0.3426057
85709634    0.1365534    0.1513199
31879054    0.3563824    0.3205465
4352098    0.3358923    0.3507282
2643098    0.2184954    0.2226850
1705239    0.2730497    0.3358043
76402381    0.0634703    0.0996342
97408251    0.0528856    0.1205908
51763480    0.4308012    0.4678007
4306815    0.5216363    0.6240911
2078916    0.2681468    0.2734230
5648371    0.2782824    0.2947607
9765234    0.3451286    0.4058603
5762910    0.2062399    0.1806238
98016472    0.1913138    0.1948899
46879352    0.1105719    0.0305120
95308671    0.2649733    0.1403933
5308146    0.4128936    0.5095848
58642793    0.1629138    0.1199545
9605831    0.1809202    0.2330242
93507642    0.2040192    0.2584521
50942871    0.0802008    0.0223707
9576032    0.5069458    0.6740752
3041965    0.4253836    0.3219738
2541903    0.3190446    0.4033270
3015264    0.2364364    0.1380777
3264017    0.1892763    0.2816492
65374182    0.0248284    0.0176756
56893071    0.1657909    0.2793275
2739650    0.1539570    0.1679626
5197243    0.5915708    0.5858317
87904612    0.1259729    0.0750859
9084715    0.0584843    0.0964380
7160483    0.4047953    0.4115503
61784935    0.0502294    0.0785962
9180765    0.1868605    0.2236925
6039182    0.2504354    0.2895640
32468591    0.2064951    0.2183309
6091584    0.0551016    0.1411646
3612974    0.1838014    0.2750496
41085739    0.2158497    0.1542544
34189275    0.0542352    0.1151250
39186520    0.1250224    0.1833347
50987241    0.2942135    0.4281411
8054917    0.3262745    0.2597665
6278590    0.0292114    0.0802391
67381945    0.1065278    0.1312111
84036972    0.2046254    0.1092722
7190582    0.5212715    0.6176495
7804269    0.1723401    0.1482239
84135296    0.0717320    0.0921097
6319528    0.3046428    0.3334976
71403958    0.3880658    0.3841709
93481752    0.2718664    0.1738268
75149062    0.1247694    0.1755920
67905128    0.1698469    0.1886044
9084235    0.2844537    0.3049194
74920653    0.4227876    0.3582579
36509124    0.1029860    0.1631661
4637091    0.4661794    0.4831318
9245670    0.3915895    0.3054700
6175483    0.4677562    0.4237260
4867502    0.3658697    0.3918746
27156309    0.1905536    0.1907060
50129364    0.3502489    0.2585492
2045968    0.1103608    0.1002214
4935860    0.2500624    0.3068939
23045176    0.3178396    0.2593355
1056832    0.1398216    0.0603857
39720486    0.2953125    0.2606447
6594182    0.0526440    0.1437357
3469512    0.2516770    0.2335377
3149850    0.0295857    0.1203781
4960875    0.1032987    0.0986991
15860437    0.1634063    0.2446784
4693502    0.1955602    0.1214889
5183609    0.5404390    0.4595100
2931756    0.2538077    0.3328162
5831672    0.2538592    0.2926883
57043269    0.2307362    0.1740219
8653417    0.1287219    0.1479549
34209168    0.1613672    0.1686165
32508179    0.0563334    0.1366516
94185602    0.0684437    0.1027196
72150386    -0.0355079    0.0486461
62897034    0.1620364    0.1463706
8397402    -0.0295911    0.0916883
63175049    0.2735692    0.0903945
2568307    0.2370991    0.2539753
80163975    -0.0812560    0.0849741
21064358    0.1029364    0.0941424
58319420    0.0758413    0.1529103
18952376    0.0941340    0.2072425
59230168    0.1671241    0.0685063
6971305    0.4535946    0.5394262
62941037    0.3422488    0.3010047
3741296    0.0530962    0.0533562
65483790    0.0322079    0.0645419
7483150    0.3565000    0.4441248
87196024    0.1803782    0.1480425
67851930    0.1565579    0.1422304
83764925    0.1711960    0.1650218
50619347    0.3196470    0.2992063
43860715    0.0869390    0.0997617
65349018    0.3772913    0.3382808
5123968    0.5559287    0.3872817
2498173    0.3937241    0.4296838
2465970    0.2177032    0.2047486
7918026    0.0989480    0.1573648
6703951    0.2923357    0.2842458
13085762    0.3273837    0.3418480
52948361    0.0420176    0.1308677
7126859    0.0000346    0.0722544
2081546    0.4467185    0.3692015
20419573    0.2637484    0.1659243
6851203    0.2527070    0.1244772
