94528706    0.1321287    0.2237440
13480652    0.2119081    0.1506179
83429561    0.2568101    0.2898375
64213980    0.0801635    0.0884708
72015384    0.5095192    0.4356254
82609473    -0.0309462    0.0670687
62941037    0.3422488    0.1731049
92057831    0.1228388    0.1168185
12904576    0.3852948    0.4445530
32714856    0.3173793    0.2120222
40568932    0.1124073    0.0958758
65790324    0.0046216    0.1044984
17042638    0.1411405    0.1734121
93507642    0.2040192    0.2112314
34681702    0.2408399    0.2195392
10378294    0.3021635    0.2349092
62897034    0.1620364    0.1473315
34982675    0.0478840    0.1357636
54789260    0.0388761    0.0995341
32508179    0.0563334    0.1503858
52948361    0.0420176    0.0318967
32156478    0.0373923    0.0332060
20519736    0.2078745    0.1426596
81693024    0.1615259    0.1635936
98016472    0.1913138    0.2087565
83265941    0.1260843    0.0929381
41085739    0.2158497    0.3014638
37068241    0.4272806    0.4519878
95240316    0.1675703    0.2114715
37419068    0.1121111    0.0666379
91052873    0.1417432    0.3154549
95308671    0.2649733    0.2651357
93608745    0.2518492    0.2251417
56489170    0.3309727    0.3034272
67409258    0.3510112    0.4504135
84135296    0.0717320    0.2498978
81294637    0.2323228    0.2017071
37049621    0.1162308    0.1088605
40236598    0.1331878    0.2301725
58346072    0.3937567    0.3168469
80163975    -0.0812560    -0.0243540
74920653    0.4227876    0.3023029
64021875    0.1019267    0.1892723
27159836    0.0332070    0.0811678
38549061    0.3059458    0.2549675
67435291    0.3115513    0.2610282
62157849    0.1091794    0.0567573
65483790    0.0322079    0.0744608
41253670    0.2920886    0.2414367
31286905    0.1618569    0.0779234
61792438    0.2751650    0.2001350
71403958    0.3880658    0.3954632
60573841    0.0080028    0.0985187
19483527    0.1787383    0.2631063
15780629    0.4336775    0.2743762
93270846    0.3896023    0.4115938
67381945    0.1065278    0.1306992
50129364    0.3502489    0.1945745
72150386    -0.0355079    0.1700312
48270965    -0.0273596    0.1435918
31879054    0.3563824    0.2975867
31254760    0.4422659    0.5210699
35897402    0.4143970    0.3392223
60897513    0.1301192    0.2336923
47812905    0.1007904    0.0615120
13658924    0.0792403    0.1506205
78351290    0.2346316    0.2837355
27845619    0.2513606    0.2773986
70251698    0.3058280    0.2602139
40326571    0.2393876    0.2713369
32450971    0.1140205    0.0868808
18325407    0.3715184    0.2587323
87904612    0.1259729    0.1297765
10392748    0.1246251    0.0766843
89604375    0.5544792    0.3476960
16094873    0.0280620    0.0740287
97428650    0.1566038    0.1374364
19743065    0.0593324    0.0846891
12507849    0.1052662    0.1669106
43780952    0.3129933    0.2520613
24035867    0.2180151    0.2519396
62945318    0.1630607    0.1402054
39062841    0.0944830    0.1361263
10857693    0.2848121    0.3651061
61487350    0.1231352    0.1204056
18952376    0.0941340    0.2359747
87196024    0.1803782    0.1164819
79648230    0.2436525    0.1706401
24501987    0.1447957    0.1627721
47098521    0.1130693    0.1706876
52634817    0.2849960    0.2484992
83197206    0.2185750    0.2627787
43065218    0.2726136    0.1314362
59806341    0.3732070    0.4644551
27156309    0.1905536    0.0999777
58642793    0.1629138    0.1838735
20819547    0.4023762    0.3227337
63975401    -0.0284755    0.0779677
75684932    0.2416156    0.2465165
40596718    0.1890510    0.1749886
97183264    0.3591365    0.4291017
34072651    0.0493279    0.0527270
72803641    0.0189457    0.0778634
14387690    0.2061633    0.2908273
97408251    0.0528856    0.0640987
12086359    0.0064457    0.0931803
65349018    0.3772913    0.2522792
39186520    0.1250224    0.1304246
45726190    0.1449229    0.0518328
36509124    0.1029860    0.1266385
75149062    0.1247694    0.1833056
61932785    0.2703631    0.2185358
65374182    0.0248284    0.0291306
26408915    0.1213319    0.2234964
12064358    0.1449998    0.1783059
12458390    0.1245855    0.1274672
21064358    0.1029364    0.0612703
70843926    0.2776558    0.2378125
81437256    0.3754057    0.3228272
45628709    0.1130647    0.0896699
43206985    0.1951650    0.2418704
83764925    0.1711960    0.1327220
61927503    0.0583740    0.0033034
58319420    0.0758413    0.1145465
76402381    0.0634703    0.0518899
93481752    0.2718664    0.2874875
69578014    0.2654074    0.4818043
67198240    0.4920497    0.4932414
43972106    0.3626580    0.4092564
38702645    0.1698794    0.2372364
68293104    0.0358413    0.0974844
71204863    0.2342260    0.1501791
46879352    0.1105719    0.1016050
67851930    0.1565579    0.1227417
30694825    0.0365880    0.0354020
38960417    0.0926794    0.1133289
15860437    0.1634063    0.1624488
50942871    0.0802008    0.1556111
94715302    0.3625983    0.2059148
79631548    0.1812138    0.1494568
