97183264    0.3591365    0.3507915
9380175    0.2946367    0.2656917
6594182    0.0526440    0.1335147
32450971    0.1140205    0.0952888
51763480    0.4308012    0.3194965
39720486    0.2953125    0.3114024
2541903    0.3190446    0.3019559
91052873    0.1417432    0.1408716
37419068    0.1121111    0.0951993
3892147    0.0673109    0.0289327
4976231    0.4576726    0.3421261
61784935    0.0502294    0.0792893
56489170    0.3309727    0.3360494
45628709    0.1130647    0.0469662
8512390    0.3917661    0.3942043
3645207    0.1910296    0.1583925
24501987    0.1447957    0.1353698
6807539    0.3188515    0.2546638
71305486    0.5131515    0.4432627
6491783    0.2638982    0.2278231
34681702    0.2408399    0.2467400
7819360    0.3202660    0.3002695
79324150    0.1327389    0.0876145
5714096    0.3797141    0.3002883
7918026    0.0989480    0.0985063
3582067    0.3364838    0.3617587
16094873    0.0280620    0.1113391
79631548    0.1812138    0.2317007
59230168    0.1671241    0.1767979
4309715    0.1303742    0.1791326
12904576    0.3852948    0.4506186
63975401    -0.0284755    0.0150542
7063891    0.3753386    0.3397064
51398260    0.1249023    0.1737398
6135948    0.4934883    0.5278450
2931756    0.2538077    0.2321921
2869347    0.3789614    0.3396152
9450781    0.3211172    0.2527437
9607438    0.1222324    0.1416239
4692830    0.5977371    0.5170608
12374650    0.1772530    0.0892394
4750928    0.4639964    0.4703239
8643509    0.4373056    0.4153388
9461730    0.1967047    0.0954619
87904612    0.1259729    0.0538576
67239801    0.1973108    0.1854662
57129046    0.0741950    0.0191037
16375284    0.2126535    0.2085251
59806341    0.3732070    0.3677478
71204863    0.2342260    0.2102401
9267581    0.1851758    0.2253527
62157849    0.1091794    0.0702192
4637091    0.4661794    0.4141223
10857693    0.2848121    0.3645978
71248596    0.0827905    0.1163616
63175049    0.2735692    0.3763757
13085762    0.3273837    0.3752982
6091584    0.0551016    0.1226046
71465098    0.3067145    0.2233483
94528706    0.1321287    0.2682874
34072651    0.0493279    0.0756393
67435291    0.3115513    0.2937404
72150386    -0.0355079    0.0257289
40236598    0.1331878    0.1293878
2158347    0.3815083    0.2774526
5123968    0.5559287    0.5744706
87196024    0.1803782    0.1598047
39062841    0.0944830    0.1322291
2498173    0.3937241    0.3730668
3149850    0.0295857    0.0703528
40596718    0.1890510    0.2625426
81437256    0.3754057    0.3601765
94130527    0.1603314    0.1238110
1743698    0.3903206    0.4065543
93608745    0.2518492    0.2250543
3821574    0.3310490    0.2912623
47812905    0.1007904    0.1045758
3092751    0.0439309    0.0891433
9583261    0.3440669    0.3848457
47098521    0.1130693    0.0896054
3296450    0.5973707    0.5645859
84036972    0.2046254    0.1519397
31286905    0.1618569    0.1077379
1923504    0.4565430    0.4550335
7548206    0.3996251    0.3486500
43860715    0.0869390    0.0945432
1340285    0.1161054    0.1105477
6175483    0.4677562    0.4957688
5902371    0.2322153    0.2593334
56893071    0.1657909    0.1789323
9084715    0.0584843    0.1206639
5178439    0.3721354    0.3940767
83429561    0.2568101    0.2659034
24035867    0.2180151    0.2368435
6930741    0.1099527    0.1104407
2317805    0.4805482    0.3876814
67409258    0.3510112    0.2762342
4203176    0.0868008    -0.0255043
75149062    0.1247694    0.0920718
3612974    0.1838014    0.1627037
95240316    0.1675703    0.2219691
9467830    -0.0446479    -0.0093958
5814072    0.1933573    0.1199859
32508179    0.0563334    0.0956428
56124780    0.1965039    0.2424609
5187042    0.1334780    0.0763942
4267580    0.4071005    0.4392406
3578406    0.1215780    0.2016537
81693024    0.1615259    0.2122635
3254689    0.3482216    0.3899423
10392748    0.1246251    0.1647179
8605217    0.2345106    0.2896248
4857263    0.3738794    0.2983595
41253670    0.2920886    0.2643108
58029641    0.1638877    0.1009184
83764925    0.1711960    0.1192769
43972106    0.3626580    0.4492423
93507642    0.2040192    0.2487054
12086359    0.0064457    0.0822281
65349018    0.3772913    0.3369061
9840216    0.0807284    0.2367453
62941037    0.3422488    0.3101402
4867502    0.3658697    0.3539566
2941375    0.1039866    0.1013848
17042638    0.1411405    0.1942727
6025847    0.3156327    0.2666712
5170386    0.0831770    0.1848795
23705914    0.1015233    0.1990897
43208516    0.2005489    0.1678322
71453068    0.0661260    0.0366333
1365094    0.2127880    0.2159142
6851203    0.2527070    0.1945744
5267094    0.2599849    0.2712198
38549061    0.3059458    0.2900532
4807153    0.1503095    0.2195879
94715302    0.3625983    0.3337266
58319420    0.0758413    0.0991770
1790246    0.2481418    0.2505950
95267031    0.1225485    0.1054866
61932785    0.2703631    0.1538227
54879302    0.2807025    0.2576888
2694380    0.2196963    0.2120044
16504783    0.2812308    0.2998687
6319528    0.3046428    0.2529375
7254913    0.0828423    0.1180681
15780629    0.4336775    0.5018010
54789260    0.0388761    0.1093723
8927605    0.1242698    0.0914278
41085739    0.2158497    0.1939330
21064358    0.1029364    0.1034627
23045176    0.3178396    0.1612682
5891230    0.2276907    0.2092979
6423907    0.2354790    0.1391758
1059674    0.2535736    0.2482057
1279568    -0.0397060    -0.0027751
4693502    0.1955602    0.1110015
7905641    0.2707025    0.1776940
61487350    0.1231352    0.1178942
9245670    0.3915895    0.3342751
5831672    0.2538592    0.2144493
62897034    0.1620364    0.1466583
2943061    0.1322802    0.1232547
81439706    0.1262791    0.0952604
4165230    0.0664882    0.0381570
8315042    0.3440053    0.3471584
1932047    0.1806909    0.1773720
2096537    0.5723276    0.6677427
6530821    0.3380645    0.3166319
12458390    0.1245855    0.1794775
7932580    0.4682114    0.3561184
7243896    0.3525857    0.3691490
4063285    0.2597609    0.3191933
20456318    0.0361747    0.0774900
8521307    0.3988584    0.3982996
5718692    0.1730530    0.1916029
9518642    0.5007111    0.4562430
5062718    0.3932812    0.3481238
43206985    0.1951650    0.1336257
23074169    0.4747303    0.4545373
2643098    0.2184954    0.2222144
9257083    0.5751210    0.4993398
56140738    0.3249323    0.1662492
1069425    0.5509495    0.4570060
5738926    0.3573479    0.4333082
52634817    0.2849960    0.1822062
20419573    0.2637484    0.2252946
67198240    0.4920497    0.3598988
9182473    0.1916796    0.2184949
4768210    0.6686979    0.7332284
65790324    0.0046216    0.1378002
32156478    0.0373923    0.0684692
3056417    0.3964929    0.4233466
8597263    0.1450746    0.1886097
9518437    0.1673752    0.1635707
7348562    0.3256060    0.3804550
57043269    0.2307362    0.2555451
93270846    0.3896023    0.4131109
7130825    0.2484626    0.3292131
9317254    0.3729283    0.2893893
40326571    0.2393876    0.2085168
5762910    0.2062399    0.2695987
13480652    0.2119081    0.1532018
5160827    0.1363529    0.1222175
30694825    0.0365880    0.0698178
64021875    0.1019267    0.1931779
7126859    0.0000346    0.0351209
87932541    0.1275321    0.1482668
50987241    0.2942135    0.2838311
26408915    0.1213319    0.2187135
9328467    0.5027560    0.5003009
78351290    0.2346316    0.2108347
30975426    0.2825031    0.3353530
6342708    0.0867694    0.0979235
17596823    0.0303843    0.0604958
9157643    0.4749572    0.4670569
52948361    0.0420176    0.0671381
31254760    0.4422659    0.4210172
78691503    0.3143425    0.2980403
1735482    0.1225054    0.0934646
32714856    0.3173793    0.2954051
8653417    0.1287219    0.1009355
3250478    0.0873304    0.1084629
85902746    0.2217552    0.2406163
2836405    0.2381882    0.2483408
38960417    0.0926794    0.1162465
89604375    0.5544792    0.4610993
97408251    0.0528856    0.0586423
2384019    0.2573606    0.2257001
2487590    0.1245996    0.1338995
7985463    0.1468814    0.0937277
3061874    0.2808881    0.2958727
6039182    0.2504354    0.3360066
9425807    0.3096627    0.3612652
83197206    0.2185750    0.1518355
59481307    0.1335299    0.1058709
97428650    0.1566038    0.1258154
98526013    0.1456753    0.1531765
36509124    0.1029860    -0.0043554
92165478    0.3181673    0.2550528
69578014    0.2654074    0.2337772
40568932    0.1124073    0.0820991
3215784    0.0695981    0.0966658
67905128    0.1698469    0.1920290
8290476    0.2635870    0.2331921
3015264    0.2364364    0.2177759
46752830    0.5220824    0.6179167
12304586    0.2230351    0.1817035
35897402    0.4143970    0.4185824
50648317    0.3646901    0.4019401
20819547    0.4023762    0.4191516
86192507    0.0664135    0.0423116
64213980    0.0801635    0.0477606
59387142    0.2924146    0.1919627
8054917    0.3262745    0.2282886
2453071    0.2434675    0.2299097
25976038    0.2738430    0.2184556
2078916    0.2681468    0.2396633
9603748    0.2451397    0.1613347
85709634    0.1365534    0.1104893
49670328    0.1332543    0.2205895
42368795    0.4455477    0.3597462
3627410    0.1778646    0.1930411
13658924    0.0792403    0.1472272
71403958    0.3880658    0.2827706
92057831    0.1228388    0.1071851
8317509    0.1872364    0.1739530
9084235    0.2844537    0.3606893
6703951    0.2923357    0.2903205
5693807    0.1703150    0.2453564
4960875    0.1032987    0.1756010
6748193    0.2073776    0.1744038
5648371    0.2782824    0.2119905
78510264    0.0811135    0.1362995
20519736    0.2078745    0.1890760
3204167    0.3540025    0.3533118
5469827    0.0416673    0.0410948
87563140    0.2003200    0.1393416
94185602    0.0684437    0.1425488
9765234    0.3451286    0.3362550
7160483    0.4047953    0.4427096
