31254760    0.4422659    0.4360775
42368795    0.4455477    0.3882152
87904612    0.1259729    0.1242111
61932785    0.2703631    0.2091979
85320746    0.3344432    0.3157680
87196024    0.1803782    0.1175053
59806341    0.3732070    0.3034649
37049621    0.1162308    0.0987270
81294637    0.2323228    0.1492902
89604375    0.5544792    0.5590495
81693024    0.1615259    0.1894590
34189275    0.0542352    0.0227379
30975426    0.2825031    0.2829897
50987241    0.2942135    0.2682542
38549061    0.3059458    0.1876575
60897513    0.1301192    0.1333489
95308671    0.2649733    0.3993856
34012568    0.4028562    0.3796337
34681702    0.2408399    0.2206577
23045176    0.3178396    0.2909631
84135296    0.0717320    0.1517655
67198240    0.4920497    0.5153292
10392748    0.1246251    0.0754909
50942871    0.0802008    0.1228383
72150386    -0.0355079    0.0535725
25986740    0.1667644    0.1428872
12374650    0.1772530    0.1270587
92165478    0.3181673    0.2491003
97428650    0.1566038    0.1599853
59481307    0.1335299    0.1022330
72015384    0.5095192    0.4877670
31879054    0.3563824    0.3769450
75684932    0.2416156    0.1810795
79648230    0.2436525    0.3765260
94185602    0.0684437    0.0646652
58642793    0.1629138    0.1041572
65483790    0.0322079    0.0900039
71248596    0.0827905    0.0857250
94130527    0.1603314    0.0923743
57043269    0.2307362    0.1686949
16943087    0.1024783    0.1305381
39720486    0.2953125    0.3468598
10857693    0.2848121    0.2237077
10693257    0.3052177    0.3532015
56140738    0.3249323    0.2985317
51763480    0.4308012    0.3760562
38702645    0.1698794    0.1782108
93608745    0.2518492    0.2131177
52634817    0.2849960    0.1428678
20694735    0.0069220    0.0303317
58029641    0.1638877    0.2168101
71465098    0.3067145    0.1854915
82354971    0.0228063    0.0877701
83265941    0.1260843    0.1546949
67851930    0.1565579    0.1478201
65374182    0.0248284    0.1167004
50648317    0.3646901    0.3765711
43860715    0.0869390    0.1849706
32875906    0.3579376    0.3261507
42936180    0.4175026    0.4398344
71403958    0.3880658    0.3314498
81437256    0.3754057    0.3722404
54879302    0.2807025    0.2883233
94528706    0.1321287    0.1135287
97183264    0.3591365    0.3505648
43972106    0.3626580    0.3061742
67409258    0.3510112    0.2762015
14387690    0.2061633    0.1993272
32714856    0.3173793    0.2952936
46879352    0.1105719    0.0404268
35842190    0.0440798    0.0600401
78351290    0.2346316    0.1588273
51398260    0.1249023    0.1588054
59230168    0.1671241    0.1082472
76415208    0.0900140    0.1043889
56893071    0.1657909    0.1358469
67905128    0.1698469    0.1909618
20456318    0.0361747    0.0903700
50619347    0.3196470    0.3765846
12904576    0.3852948    0.4754120
95267031    0.1225485    0.0824194
54789260    0.0388761    0.1202428
47812905    0.1007904    0.0605018
67435291    0.3115513    0.3494462
15860437    0.1634063    0.1746045
19436725    0.1565862    0.2345116
38960417    0.0926794    0.1449918
52948361    0.0420176    0.0451907
43208516    0.2005489    0.1664622
56920873    0.2995450    0.3313273
17042638    0.1411405    0.1654813
37068241    0.4272806    0.4061680
81439706    0.1262791    0.1063542
63975401    -0.0284755    0.0591628
27156309    0.1905536    0.1359403
82609473    -0.0309462    0.0688937
27845619    0.2513606    0.1986558
85709634    0.1365534    0.0742663
23074169    0.4747303    0.5766307
85902746    0.2217552    0.2470804
65790324    0.0046216    0.0363084
69538402    0.4654601    0.5607024
19483527    0.1787383    0.1430184
41267093    0.0940958    0.1066538
96302148    0.2372141    0.1619039
13480652    0.2119081    0.2922322
65349018    0.3772913    0.4114678
95063127    0.3365001    0.2918492
79324150    0.1327389    0.0915134
19743065    0.0593324    0.0711886
15780629    0.4336775    0.3789938
30694825    0.0365880    0.1154667
37419068    0.1121111    0.1010306
72153046    0.0292038    0.1099573
83764925    0.1711960    0.2264860
75149062    0.1247694    0.1305228
40326571    0.2393876    0.3204191
43065218    0.2726136    0.2498515
40568932    0.1124073    0.1407138
24501987    0.1447957    0.1406064
20519736    0.2078745    0.1866659
45628709    0.1130647    0.0501507
12458390    0.1245855    0.1476904
74920568    0.0942004    0.1011455
93481752    0.2718664    0.2119585
43780952    0.3129933    0.1515472
60573841    0.0080028    0.0973488
72803641    0.0189457    0.0804053
87932541    0.1275321    0.0933236
16094873    0.0280620    0.0652255
50129364    0.3502489    0.2705166
67239801    0.1973108    0.3071151
85397462    0.1461277    0.2101289
61487350    0.1231352    0.1154286
62945318    0.1630607    0.1503478
20419573    0.2637484    0.1826813
97408251    0.0528856    0.0550890
13658924    0.0792403    0.0895373
39186520    0.1250224    0.2079823
68293104    0.0358413    0.0642953
