6091584    0.0551016    0.1444298
3250478    0.0873304    0.1185641
61932785    0.2703631    0.2747660
9138254    0.2920520    0.3682242
8605217    0.2345106    0.1321495
43208516    0.2005489    0.1775253
49670328    0.1332543    0.1739603
72803641    0.0189457    0.1762432
1069425    0.5509495    0.4600227
2045968    0.1103608    0.1118231
18952376    0.0941340    0.1260581
7905641    0.2707025    0.2324114
74920653    0.4227876    0.4813721
71403958    0.3880658    0.3559707
34982675    0.0478840    0.1277085
4987650    0.2964038    0.2459917
6703951    0.2923357    0.3350475
43065218    0.2726136    0.2103583
9245670    0.3915895    0.3310488
4306815    0.5216363    0.5166480
59481307    0.1335299    0.1386850
2845369    0.2818527    0.2703762
3296450    0.5973707    0.5450054
30694825    0.0365880    0.0883855
34189275    0.0542352    0.1555646
72015384    0.5095192    0.4975794
2819470    0.3080540    0.3161715
91052873    0.1417432    0.1168309
89231046    0.0701274    0.0418693
7369148    0.4514948    0.5013034
19436725    0.1565862    0.1410114
3149850    0.0295857    0.1516735
97183264    0.3591365    0.4684222
16094873    0.0280620    0.1672231
21064358    0.1029364    0.0998432
7348562    0.3256060    0.2694036
74920568    0.0942004    0.0925025
3092751    0.0439309    0.1030466
6039182    0.2504354    0.3144281
8054917    0.3262745    0.3013597
4165230    0.0664882    0.0889834
3469512    0.2516770    0.1972983
51763480    0.4308012    0.5026377
35842190    0.0440798    0.1072602
32714856    0.3173793    0.2892039
39062841    0.0944830    0.0425177
79324150    0.1327389    0.1613837
57043269    0.2307362    0.1901568
23074169    0.4747303    0.3060582
2514308    0.3364096    0.3761349
5749680    0.1812531    0.1677508
81439706    0.1262791    0.1344347
8927605    0.1242698    0.0905365
27159836    0.0332070    0.0704169
5894621    0.2282716    0.2231468
59806341    0.3732070    0.4697247
7190582    0.5212715    0.4332986
9084235    0.2844537    0.2493974
76415208    0.0900140    0.1783449
71204863    0.2342260    0.2565509
12904576    0.3852948    0.2916185
96302148    0.2372141    0.3146898
3254689    0.3482216    0.3850223
6423907    0.2354790    0.1856893
4063285    0.2597609    0.3728609
3056417    0.3964929    0.4209138
2541903    0.3190446    0.3473768
81693024    0.1615259    0.2544225
2018563    0.3960066    0.4695521
39186520    0.1250224    0.1774437
3821574    0.3310490    0.3229944
2694380    0.2196963    0.2458725
2361549    0.1515017    0.2869831
7548206    0.3996251    0.4619504
1302765    0.3472123    0.2534825
8597263    0.1450746    0.0897793
54879302    0.2807025    0.2359002
3741296    0.0530962    0.1360631
54789260    0.0388761    0.0972140
75149062    0.1247694    0.1053866
42368795    0.4455477    0.5118131
1340285    0.1161054    0.2138407
40326571    0.2393876    0.2263283
24035867    0.2180151    0.2399427
68293104    0.0358413    0.0604857
31254760    0.4422659    0.4357820
7819360    0.3202660    0.3988793
97428650    0.1566038    0.1184145
87196024    0.1803782    0.1169498
5196087    0.4362904    0.5028304
2739650    0.1539570    0.1740184
5187042    0.1334780    0.1174298
7803256    0.3907403    0.3221691
56893071    0.1657909    0.1522169
37068241    0.4272806    0.4924929
5308146    0.4128936    0.3992459
8410523    0.3938945    0.4500824
56124780    0.1965039    0.2142599
5178439    0.3721354    0.3951270
7160483    0.4047953    0.3662726
1694783    0.0640252    0.1469209
65349018    0.3772913    0.3943319
56920873    0.2995450    0.2861592
5160827    0.1363529    0.1748568
2941375    0.1039866    0.1690962
32875906    0.3579376    0.3948524
40596718    0.1890510    0.1913922
7130825    0.2484626    0.2496107
7063891    0.3753386    0.3228036
59230168    0.1671241    0.1298103
1098653    0.2683512    0.2387869
86192507    0.0664135    0.2557238
4867502    0.3658697    0.4102299
34072651    0.0493279    0.0773175
76402381    0.0634703    0.1508216
8463201    0.3381932    0.3169628
1743698    0.3903206    0.3291286
56489170    0.3309727    0.2850280
9518437    0.1673752    0.1104070
92057831    0.1228388    0.1660933
6138297    0.0625853    0.1947092
3015264    0.2364364    0.3166165
1365094    0.2127880    0.2196649
27156309    0.1905536    0.1272465
60573841    0.0080028    0.1014109
52634817    0.2849960    0.1556140
12374650    0.1772530    0.1762075
58029641    0.1638877    0.2294292
71465098    0.3067145    0.2049495
7521463    0.3398980    0.2452572
9317528    0.2727551    0.2759514
16943087    0.1024783    0.2158218
18967543    0.2637843    0.1572575
94528706    0.1321287    0.1545796
9317254    0.3729283    0.3161134
3740286    0.4547719    0.5822179
62945318    0.1630607    0.2026541
10857693    0.2848121    0.2994708
46879352    0.1105719    0.1249246
5183609    0.5404390    0.5407578
5648371    0.2782824    0.3207544
5831672    0.2538592    0.2721390
47812905    0.1007904    0.0870436
65790324    0.0046216    0.1661806
42936180    0.4175026    0.5179067
5197243    0.5915708    0.5267367
3264017    0.1892763    0.2092913
4960875    0.1032987    0.1508321
83429561    0.2568101    0.1814044
4165972    0.2014961    0.1835638
61784935    0.0502294    0.0912585
9354761    0.1451593    0.1087200
6135948    0.4934883    0.5565124
46752830    0.5220824    0.5654836
16375284    0.2126535    0.1887740
32450971    0.1140205    0.1476335
7243896    0.3525857    0.2158191
8521307    0.3988584    0.2170903
6851203    0.2527070    0.2526579
9321840    0.4420901    0.5161653
95267031    0.1225485    0.1492326
1804532    0.1433767    0.0937760
41267093    0.0940958    0.0827567
50648317    0.3646901    0.4023336
4267580    0.4071005    0.4257162
10392748    0.1246251    0.1505446
5146839    0.5332805    0.4972398
45628709    0.1130647    0.0836682
3014689    0.2795749    0.2996050
43972106    0.3626580    0.4127837
5738926    0.3573479    0.4192955
87932541    0.1275321    0.1286147
8653417    0.1287219    0.1943265
78351290    0.2346316    0.1895220
43860715    0.0869390    0.2531844
2158347    0.3815083    0.1801937
20419573    0.2637484    0.1621450
6025847    0.3156327    0.3566750
41253670    0.2920886    0.2031610
32468591    0.2064951    0.1861855
2317805    0.4805482    0.4212300
6083594    0.4033448    0.5144621
4857263    0.3738794    0.3205755
32508179    0.0563334    0.0964887
58346072    0.3937567    0.2934256
1487932    0.4101857    0.4894474
5140362    0.3208159    0.4388701
93608745    0.2518492    0.2461601
62897034    0.1620364    0.1678920
17596823    0.0303843    0.2460107
43790281    0.0475672    0.1332326
87563140    0.2003200    0.1764242
7932580    0.4682114    0.5317743
9576032    0.5069458    0.4501432
4768210    0.6686979    0.7542307
75684932    0.2416156    0.1607969
8496023    0.1516259    0.1797641
9501276    0.0174545    0.1606703
67381945    0.1065278    0.0096226
38702645    0.1698794    0.1974454
45726190    0.1449229    0.1132712
8613947    0.2891041    0.2796437
70843926    0.2776558    0.1696189
7804269    0.1723401    0.1528803
95063127    0.3365001    0.3284324
69538402    0.4654601    0.4588208
9467830    -0.0446479    0.0314707
9257083    0.5751210    0.5522003
15780629    0.4336775    0.2414390
10378294    0.3021635    0.2953259
5683192    0.4733342    0.4628345
13480652    0.2119081    0.1881645
71248596    0.0827905    0.1382127
6752138    0.1926357    0.1761688
67239801    0.1973108    0.2129848
16504783    0.2812308    0.3157926
84036972    0.2046254    0.2097487
37049621    0.1162308    0.1733947
45068793    0.0582267    0.0800136
67851930    0.1565579    0.1587480
4807153    0.1503095    0.1913728
3582067    0.3364838    0.3176707
70251698    0.3058280    0.2207351
6971305    0.4535946    0.4180374
5902371    0.2322153    0.2129394
2645180    0.2137118    0.1769608
9267581    0.1851758    0.2348055
8290476    0.2635870    0.2443966
2081546    0.4467185    0.4360540
69578014    0.2654074    0.1154552
34681702    0.2408399    0.2019231
2384019    0.2573606    0.1820868
9518642    0.5007111    0.4032506
15860437    0.1634063    0.1815178
20819547    0.4023762    0.4196149
13658924    0.0792403    0.1246179
72153046    0.0292038    0.0544097
20456318    0.0361747    0.0171431
85902746    0.2217552    0.2667503
3061874    0.2808881    0.4263705
2673845    0.5641396    0.4975900
2078916    0.2681468    0.2909915
4309715    0.1303742    0.1451300
50836291    0.1281155    0.1690984
8397402    -0.0295911    0.0639888
67198240    0.4920497    0.5111271
5294037    0.3698771    0.4003406
6283704    0.0842864    0.1580875
7126859    0.0000346    0.1170177
2043178    0.4086680    0.3900158
6271834    0.0263550    0.0914556
50942871    0.0802008    0.0100735
7254913    0.0828423    0.1084046
94185602    0.0684437    0.1589451
50619347    0.3196470    0.3611677
43206985    0.1951650    0.1397543
61792438    0.2751650    0.1667746
5372069    0.3426059    0.3280969
2568307    0.2370991    0.2558804
61487350    0.1231352    0.1454174
9546732    0.3262210    0.4084793
25986740    0.1667644    0.1771231
39720486    0.2953125    0.2377259
9328467    0.5027560    0.5686065
1895642    0.3019776    0.3506976
5714096    0.3797141    0.3755065
5619803    0.1762386    0.2539587
9180765    0.1868605    0.2561608
2096537    0.5723276    0.5060368
3786905    0.2339949    0.1858927
65483790    0.0322079    0.1061141
9765234    0.3451286    0.3296996
72150386    -0.0355079    0.1163732
4692830    0.5977371    0.5552344
9605831    0.1809202    0.3152418
9461730    0.1967047    0.1324039
82139740    0.3176008    0.3514754
1735482    0.1225054    0.0657524
9425807    0.3096627    0.3585423
2943061    0.1322802    0.1516521
