34982675    0.0478840    0.0565543
25986740    0.1667644    0.2568604
32508179    0.0563334    0.1289228
27156309    0.1905536    0.1449009
34681702    0.2408399    0.2114126
31286905    0.1618569    0.1367501
93481752    0.2718664    0.2249727
64213980    0.0801635    0.1032242
50129364    0.3502489    0.2391184
51398260    0.1249023    0.1439500
72015384    0.5095192    0.3989715
95308671    0.2649733    0.2231657
38549061    0.3059458    0.2908861
83265941    0.1260843    0.2125211
32714856    0.3173793    0.2046284
12064358    0.1449998    0.1940460
17042638    0.1411405    0.1811998
35842190    0.0440798    0.1080148
26408915    0.1213319    0.1592467
62157849    0.1091794    0.0780722
60573841    0.0080028    0.1110859
63175049    0.2735692    0.2490273
30694825    0.0365880    0.0573812
72803641    0.0189457    0.0894344
65483790    0.0322079    0.0810161
37419068    0.1121111    0.1059322
17596823    0.0303843    0.0774670
20419573    0.2637484    0.1642210
32156478    0.0373923    0.1037201
91052873    0.1417432    0.0590312
20519736    0.2078745    0.2233549
58346072    0.3937567    0.4538270
39186520    0.1250224    0.1693268
24035867    0.2180151    0.2024303
10392748    0.1246251    0.1182166
12374650    0.1772530    0.1223689
93608745    0.2518492    0.2958785
71453068    0.0661260    0.0777549
27159836    0.0332070    0.1036118
97183264    0.3591365    0.2994181
47812905    0.1007904    0.1459453
67435291    0.3115513    0.3381952
94715302    0.3625983    0.2937572
23705914    0.1015233    0.1464092
56920873    0.2995450    0.3104578
85902746    0.2217552    0.2035212
81294637    0.2323228    0.1384705
79324150    0.1327389    0.0930379
36509124    0.1029860    0.1029907
43780952    0.3129933    0.1873884
58319420    0.0758413    0.0839131
30975426    0.2825031    0.2817630
13658924    0.0792403    0.0830443
65790324    0.0046216    0.0569924
78510264    0.0811135    0.1203953
43208516    0.2005489    0.1551283
68293104    0.0358413    0.0858873
18967543    0.2637843    0.2430810
62945318    0.1630607    0.1869467
71204863    0.2342260    0.2814639
41253670    0.2920886    0.3039775
32468591    0.2064951    0.2476853
95267031    0.1225485    0.0796810
84036972    0.2046254    0.2530317
58029641    0.1638877    0.1285371
71248596    0.0827905    0.0833130
56489170    0.3309727    0.2391757
96138204    0.1449491    0.1123352
18952376    0.0941340    0.1402892
43790281    0.0475672    0.0668328
50619347    0.3196470    0.2976900
40236598    0.1331878    0.1431400
34189275    0.0542352    0.1307318
23750186    0.1395542    0.1085469
70251698    0.3058280    0.2762485
94185602    0.0684437    0.1066340
19436725    0.1565862    0.2015312
74920568    0.0942004    0.0879294
94528706    0.1321287    0.1701854
20456318    0.0361747    0.0098408
65374182    0.0248284    0.0534960
94130527    0.1603314    0.1596411
95063127    0.3365001    0.3021960
43065218    0.2726136    0.2329700
98016472    0.1913138    0.1674428
67409258    0.3510112    0.3446718
31254760    0.4422659    0.3959954
42936180    0.4175026    0.3845407
10857693    0.2848121    0.2508753
75149062    0.1247694    0.1528999
37049621    0.1162308    0.0878212
96302148    0.2372141    0.2128064
82354971    0.0228063    0.0685870
92165478    0.3181673    0.4026428
54879302    0.2807025    0.3130194
83764925    0.1711960    0.1156214
63975401    -0.0284755    0.1062148
70264158    0.1874085    0.2629211
15860437    0.1634063    0.2072423
59806341    0.3732070    0.4039632
13480652    0.2119081    0.2555838
16504783    0.2812308    0.3289293
23074169    0.4747303    0.3470364
16958274    0.0291058    0.1073778
60897513    0.1301192    0.1233239
68427591    0.0416545    0.1016066
41085739    0.2158497    0.2206262
42368795    0.4455477    0.4345918
14387690    0.2061633    0.2076241
93270846    0.3896023    0.3063678
81439706    0.1262791    0.0715451
87904612    0.1259729    0.0530949
20694735    0.0069220    0.0884312
10693257    0.3052177    0.2798656
61784935    0.0502294    0.0763121
71403958    0.3880658    0.5084625
38702645    0.1698794    0.1807847
71305486    0.5131515    0.3772944
81437256    0.3754057    0.3004804
61932785    0.2703631    0.2081416
79648230    0.2436525    0.1843893
21064358    0.1029364    0.1085806
84135296    0.0717320    0.1762680
25976038    0.2738430    0.2147957
27845619    0.2513606    0.2618122
16375284    0.2126535    0.2586224
45726190    0.1449229    0.0386774
97408251    0.0528856    0.0179296
12458390    0.1245855    0.1730904
78351290    0.2346316    0.2430130
12904576    0.3852948    0.3883752
56893071    0.1657909    0.2263000
23045176    0.3178396    0.2488772
51763480    0.4308012    0.3884495
50836291    0.1281155    0.0983043
46752830    0.5220824    0.4218960
24501987    0.1447957    0.2235243
34012568    0.4028562    0.3895085
61792438    0.2751650    0.2678786
34209168    0.1613672    0.2272935
