43860715    0.0869390    0.1690357
7804269    0.1723401    0.0855361
64021875    0.1019267    0.1040199
20819547    0.4023762    0.3501090
9267581    0.1851758    0.1999641
46752830    0.5220824    0.3979129
9603748    0.2451397    0.2746144
1260374    0.0731026    0.1714471
63975401    -0.0284755    0.0960694
96138204    0.1449491    0.1417857
43780952    0.3129933    0.2358611
94715302    0.3625983    0.3121852
3092751    0.0439309    0.1272474
9706385    0.3472344    0.3359524
5187042    0.1334780    0.1369165
63175049    0.2735692    0.2065652
65374182    0.0248284    0.1142344
6135948    0.4934883    0.3498530
72015384    0.5095192    0.6146613
34189275    0.0542352    0.1378834
13658924    0.0792403    0.0974051
8054917    0.3262745    0.3340122
82609473    -0.0309462    0.1008122
81437256    0.3754057    0.3618670
60573841    0.0080028    0.1265564
27159836    0.0332070    0.1370876
85397462    0.1461277    0.2740494
3891520    0.3327236    0.3102769
6039182    0.2504354    0.2292030
84036972    0.2046254    0.2008187
69578014    0.2654074    0.2108161
67198240    0.4920497    0.4209029
78691503    0.3143425    0.3783268
9257083    0.5751210    0.4950314
9765234    0.3451286    0.3671221
25976038    0.2738430    0.3090846
37419068    0.1121111    0.1084891
65790324    0.0046216    0.1020519
4267580    0.4071005    0.4094963
71248596    0.0827905    0.1058921
12086359    0.0064457    0.0531741
5146839    0.5332805    0.3567970
6083594    0.4033448    0.4628983
68427591    0.0416545    0.1527194
7130825    0.2484626    0.1627937
4637091    0.4661794    0.6115160
5749680    0.1812531    0.1475671
50129364    0.3502489    0.5260077
1705239    0.2730497    0.2632160
32875906    0.3579376    0.3142818
3250478    0.0873304    0.0493627
5183609    0.5404390    0.4106594
83197206    0.2185750    0.2229022
61792438    0.2751650    0.2965617
97428650    0.1566038    0.0699758
40596718    0.1890510    0.1815846
59481307    0.1335299    0.0578602
40568932    0.1124073    0.1369762
26408915    0.1213319    0.1293291
34681702    0.2408399    0.3083809
4123795    -0.0081841    0.0765734
52948361    0.0420176    0.1257314
6491783    0.2638982    0.2607489
89231046    0.0701274    0.0957385
67239801    0.1973108    0.1641651
6543129    0.4651338    0.4200901
3514269    0.2860579    0.2350595
7243896    0.3525857    0.3695419
23045176    0.3178396    0.2866499
4987650    0.2964038    0.2796965
4750928    0.4639964    0.4113805
51763480    0.4308012    0.4067788
20419573    0.2637484    0.2896872
2453071    0.2434675    0.1576998
6851203    0.2527070    0.3079071
32468591    0.2064951    0.2153928
9518437    0.1673752    0.1600168
91052873    0.1417432    0.0748537
5738926    0.3573479    0.3848055
81439706    0.1262791    0.1294706
5178439    0.3721354    0.5412794
50648317    0.3646901    0.3750179
9467830    -0.0446479    0.0754834
9138254    0.2920520    0.2743003
25986740    0.1667644    0.2059060
7803256    0.3907403    0.4223866
4976231    0.4576726    0.4034093
60897513    0.1301192    0.1831409
56920873    0.2995450    0.3184267
93270846    0.3896023    0.3237350
5894621    0.2282716    0.2104795
72150386    -0.0355079    0.1265847
67435291    0.3115513    0.3268809
5648371    0.2782824    0.3250597
47098521    0.1130693    0.1253279
2673845    0.5641396    0.5903746
9381746    0.2999753    0.3119419
3041965    0.4253836    0.4510484
6271834    0.0263550    0.1319649
80163975    -0.0812560    0.1624149
82139740    0.3176008    0.3921169
8927605    0.1242698    0.1495676
70843926    0.2776558    0.2615688
16958274    0.0291058    0.1397919
8613947    0.2891041    0.2666768
3014689    0.2795749    0.2496272
5683192    0.4733342    0.4204148
17596823    0.0303843    0.0927602
37049621    0.1162308    0.1776017
32714856    0.3173793    0.2754874
85902746    0.2217552    0.2571608
40326571    0.2393876    0.2993387
7126859    0.0000346    0.0812145
5469827    0.0416673    0.0942032
56140738    0.3249323    0.3266468
3627410    0.1778646    0.1490883
3204167    0.3540025    0.3147561
97408251    0.0528856    0.1337866
9157643    0.4749572    0.4107285
7160483    0.4047953    0.3348983
12507849    0.1052662    0.2231252
15780629    0.4336775    0.3559040
71453068    0.0661260    0.0924309
10392748    0.1246251    0.1623326
6319528    0.3046428    0.2443005
9461730    0.1967047    0.1302414
2096537    0.5723276    0.5001884
84135296    0.0717320    0.1142355
9501276    0.0174545    0.1629125
4063285    0.2597609    0.3073727
2465970    0.2177032    0.1695531
69538402    0.4654601    0.4747682
92057831    0.1228388    0.1678790
61932785    0.2703631    0.2854918
35897402    0.4143970    0.4725085
19483527    0.1787383    0.2973908
3296450    0.5973707    0.3318463
27156309    0.1905536    0.1539412
2941375    0.1039866    0.1350360
14387690    0.2061633    0.1524923
71305486    0.5131515    0.4171857
3786905    0.2339949    0.2113991
3740286    0.4547719    0.3290213
2643098    0.2184954    0.1456032
6530821    0.3380645    0.2662804
9618250    0.1745989    0.2063183
92165478    0.3181673    0.3213336
4807153    0.1503095    0.0979612
4306815    0.5216363    0.4488584
1743698    0.3903206    0.3912357
36509124    0.1029860    0.2985638
8605217    0.2345106    0.1799458
1279568    -0.0397060    -0.0563375
1895642    0.3019776    0.2998369
21064358    0.1029364    0.1015304
24035867    0.2180151    0.2291841
59230168    0.1671241    0.1474918
9317254    0.3729283    0.3766330
12374650    0.1772530    0.1241717
2081546    0.4467185    0.4088953
2568307    0.2370991    0.2063903
75684932    0.2416156    0.1733513
9245670    0.3915895    0.3768435
65483790    0.0322079    0.1203693
1694783    0.0640252    0.1008142
41085739    0.2158497    0.2150613
98526013    0.1456753    0.1964881
7348562    0.3256060    0.3873807
9450781    0.3211172    0.3239734
62945318    0.1630607    0.1063152
64213980    0.0801635    0.1102526
3215784    0.0695981    0.0721381
10378294    0.3021635    0.3142169
42368795    0.4455477    0.5015532
9182473    0.1916796    0.1108513
17042638    0.1411405    0.2004878
34012568    0.4028562    0.3642033
9840216    0.0807284    0.1557398
7905641    0.2707025    0.2907610
34982675    0.0478840    0.0972654
1069425    0.5509495    0.4165874
47812905    0.1007904    0.1576711
5718692    0.1730530    0.1565171
2158347    0.3815083    0.3520858
20456318    0.0361747    0.0503283
18325407    0.3715184    0.3847337
9321840    0.4420901    0.3988239
72803641    0.0189457    0.0875223
43065218    0.2726136    0.2462830
3645207    0.1910296    0.1726957
45068793    0.0582267    0.1171789
3061874    0.2808881    0.3314032
2836405    0.2381882    0.2910650
1340285    0.1161054    0.1404242
78510264    0.0811135    0.1564508
3892147    0.0673109    0.0906014
10857693    0.2848121    0.2882603
8463201    0.3381932    0.3057545
50836291    0.1281155    0.1323139
8653417    0.1287219    0.1405209
5902371    0.2322153    0.2147158
71465098    0.3067145    0.2985051
4265083    0.3106906    0.3122562
8496023    0.1516259    0.1868528
5140362    0.3208159    0.4720615
52634817    0.2849960    0.2127411
13480652    0.2119081    0.2934212
2317805    0.4805482    0.4746733
4857263    0.3738794    0.4875801
7483150    0.3565000    0.3878075
7548206    0.3996251    0.3740720
4867502    0.3658697    0.3666030
7254913    0.0828423    0.1360814
9720165    0.4198961    0.4904389
9180765    0.1868605    0.2506863
96302148    0.2372141    0.2043512
7985463    0.1468814    0.1486646
16375284    0.2126535    0.2554078
1790246    0.2481418    0.2369345
5308146    0.4128936    0.4288266
4352098    0.3358923    0.2949275
87563140    0.2003200    0.1755455
85320746    0.3344432    0.3561940
31879054    0.3563824    0.3924977
9583261    0.3440669    0.4567292
2198367    0.0754390    0.1330964
4165972    0.2014961    0.2063847
6138297    0.0625853    0.1781723
3280951    0.0553783    -0.0187050
2760143    0.3529654    0.3423447
83265941    0.1260843    0.1548774
3264017    0.1892763    0.1518335
4528069    0.1329296    0.0969529
48270965    -0.0273596    0.0930951
49670328    0.1332543    0.2637615
5732806    0.2107367    0.2608603
93481752    0.2718664    0.3068396
7932580    0.4682114    0.3494397
3056417    0.3964929    0.3479772
6895471    0.5201627    0.4983441
7190582    0.5212715    0.6005809
82354971    0.0228063    0.2127411
87932541    0.1275321    0.1642379
65349018    0.3772913    0.3312833
9605831    0.1809202    0.0761834
9425807    0.3096627    0.3517687
2498173    0.3937241    0.4473911
23705914    0.1015233    0.1849582
4932856    0.2126629    0.2659231
6930741    0.1099527    0.1300580
6748193    0.2073776    0.1541195
83764925    0.1711960    0.1318368
6025847    0.3156327    0.3581238
4692830    0.5977371    0.5226982
12064358    0.1449998    0.2627778
2869347    0.3789614    0.3326591
58346072    0.3937567    0.3760813
2931756    0.2538077    0.2748474
6175483    0.4677562    0.3808139
5160827    0.1363529    0.1221707
79648230    0.2436525    0.1772697
20519736    0.2078745    0.2466214
6594182    0.0526440    0.1292822
18967543    0.2637843    0.2978045
1059674    0.2535736    0.2534339
3821574    0.3310490    0.3306737
1923504    0.4565430    0.5177751
6091584    0.0551016    0.1347513
13085762    0.3273837    0.3834603
8290476    0.2635870    0.2404230
95308671    0.2649733    0.2866890
34105672    0.1870527    0.2050277
58029641    0.1638877    0.1798868
7819360    0.3202660    0.3986611
9084715    0.0584843    0.1483794
1056832    0.1398216    0.0973976
59387142    0.2924146    0.2499334
81294637    0.2323228    0.2452278
4327501    0.2126635    0.2125898
6423907    0.2354790    0.1663108
