2453071    0.2434675    0.2513048
7905641    0.2707025    0.2421781
8521307    0.3988584    0.3207857
5714096    0.3797141    0.4020799
3741296    0.0530962    0.1947083
3892147    0.0673109    0.1193805
1302765    0.3472123    0.2969338
9605831    0.1809202    0.2089658
2739650    0.1539570    0.1913185
9425807    0.3096627    0.2679655
9257083    0.5751210    0.5571389
4750928    0.4639964    0.6030297
6982735    0.1570534    0.2452876
2568307    0.2370991    0.2000505
3582067    0.3364838    0.3441367
3469512    0.2516770    0.2103316
4306815    0.5216363    0.4795745
3786905    0.2339949    0.1761697
2645180    0.2137118    0.2658527
2836405    0.2381882    0.2845844
3821574    0.3310490    0.2496730
4987650    0.2964038    0.3498886
1895642    0.3019776    0.3888153
7160483    0.4047953    0.3280582
5197243    0.5915708    0.5826188
5140362    0.3208159    0.3189473
6135948    0.4934883    0.5230762
8315042    0.3440053    0.3437339
3264017    0.1892763    0.2938178
6091584    0.0551016    0.0606709
1790246    0.2481418    0.2920308
8605217    0.2345106    0.2455349
2514308    0.3364096    0.3102232
1340285    0.1161054    0.0516394
7369148    0.4514948    0.3822255
6342708    0.0867694    0.2024359
6315928    0.2469237    0.2818558
7190582    0.5212715    0.4313797
3627410    0.1778646    0.2746222
4768210    0.6686979    0.5714989
4165230    0.0664882    0.0947904
4867502    0.3658697    0.3887289
6752138    0.1926357    0.2818991
3578406    0.1215780    0.0719404
5372069    0.3426059    0.2710466
3645207    0.1910296    0.2322832
1365094    0.2127880    0.2609085
6807539    0.3188515    0.3093047
2845369    0.2818527    0.2430245
1059674    0.2535736    0.2916544
3612974    0.1838014    0.2387491
3250478    0.0873304    0.1661833
6175483    0.4677562    0.3502873
7918026    0.0989480    0.1298197
6594182    0.0526440    0.1728483
6138297    0.0625853    0.1662770
9381746    0.2999753    0.2862966
8512390    0.3917661    0.3889114
2694380    0.2196963    0.1626300
9182473    0.1916796    0.2211276
1923504    0.4565430    0.4097269
5648371    0.2782824    0.2798332
9720165    0.4198961    0.3830690
1320567    0.2311754    0.2027835
2043178    0.4086680    0.3746310
9840216    0.0807284    0.1425329
2869347    0.3789614    0.3727028
4327501    0.2126635    0.2229951
5294037    0.3698771    0.3711746
7932580    0.4682114    0.4884291
7804269    0.1723401    0.1904999
8290476    0.2635870    0.2903705
8463201    0.3381932    0.3185640
3891520    0.3327236    0.3057051
6971305    0.4535946    0.3543240
5469827    0.0416673    0.2115619
5749680    0.1812531    0.2410950
3215784    0.0695981    0.1396770
2096537    0.5723276    0.4940398
9518437    0.1673752    0.2148139
9765234    0.3451286    0.3483277
2643098    0.2184954    0.3300772
9245670    0.3915895    0.4134815
6543129    0.4651338    0.3889889
3514269    0.2860579    0.2934493
6902314    0.1831756    0.2320694
5062718    0.3932812    0.4665450
4063285    0.2597609    0.3579281
5187042    0.1334780    0.2249199
9450781    0.3211172    0.2927278
2158347    0.3815083    0.2881932
2943061    0.1322802    0.2184144
5308146    0.4128936    0.4249113
7819360    0.3202660    0.3250557
5146839    0.5332805    0.4383476
5683192    0.4733342    0.4289792
6530821    0.3380645    0.2660134
2198367    0.0754390    0.0990260
5762910    0.2062399    0.2567318
3296450    0.5973707    0.6611608
3014689    0.2795749    0.2694346
7548206    0.3996251    0.4629955
1056832    0.1398216    0.1559650
9267581    0.1851758    0.1908007
9501276    0.0174545    0.0076148
2673845    0.5641396    0.5562285
3254689    0.3482216    0.3146278
9157643    0.4749572    0.4305362
9603748    0.2451397    0.2374242
5814072    0.1933573    0.2996374
9618250    0.1745989    0.1849347
6930741    0.1099527    0.1793545
8496023    0.1516259    0.1766043
2498173    0.3937241    0.3396409
9317254    0.3729283    0.3351854
9084235    0.2844537    0.2575619
5738926    0.3573479    0.4117787
2819470    0.3080540    0.3262148
4265083    0.3106906    0.2505983
6278590    0.0292114    0.0691174
1260374    0.0731026    0.1536080
9518642    0.5007111    0.4316595
7243896    0.3525857    0.3676278
2018563    0.3960066    0.4593456
6703951    0.2923357    0.2735454
6025847    0.3156327    0.3792783
1743698    0.3903206    0.4192725
2541903    0.3190446    0.4532808
1098653    0.2683512    0.2654494
1487932    0.4101857    0.4345620
7348562    0.3256060    0.2922913
1804532    0.1433767    0.1327810
3015264    0.2364364    0.2308603
4807153    0.1503095    0.1624797
6083594    0.4033448    0.3682641
2487590    0.1245996    0.1562190
1735482    0.1225054    0.1350252
7985463    0.1468814    0.0974745
7521463    0.3398980    0.2818091
8653417    0.1287219    0.1956797
