45628709    0.1130647    0.0844877
32875906    0.3579376    0.3074880
67198240    0.4920497    0.4982193
43208516    0.2005489    0.2229208
82354971    0.0228063    0.0680924
19436725    0.1565862    0.1657191
59230168    0.1671241    0.1948417
40596718    0.1890510    0.1922861
31286905    0.1618569    0.1947562
63175049    0.2735692    0.1696505
10693257    0.3052177    0.2899671
24501987    0.1447957    0.1787013
67851930    0.1565579    0.1842258
91052873    0.1417432    0.1152010
37068241    0.4272806    0.3599059
10392748    0.1246251    0.0971269
95240316    0.1675703    0.1977776
76402381    0.0634703    0.1378738
97408251    0.0528856    0.0321633
97183264    0.3591365    0.3693419
75149062    0.1247694    0.1720534
56893071    0.1657909    0.1543414
54879302    0.2807025    0.2880770
32156478    0.0373923    0.0483647
27159836    0.0332070    0.0822527
67239801    0.1973108    0.2572999
71403958    0.3880658    0.3792032
72803641    0.0189457    0.0757977
95063127    0.3365001    0.2834150
31254760    0.4422659    0.3246301
23705914    0.1015233    0.1182850
92057831    0.1228388    0.1253610
24035867    0.2180151    0.2238467
37049621    0.1162308    0.1249863
95308671    0.2649733    0.3067849
25986740    0.1667644    0.1195943
60897513    0.1301192    0.1106646
74920653    0.4227876    0.4384027
94130527    0.1603314    0.1046304
71305486    0.5131515    0.3319096
12904576    0.3852948    0.4128478
86192507    0.0664135    0.0230458
46879352    0.1105719    0.0806544
93608745    0.2518492    0.2260635
34012568    0.4028562    0.3946534
17596823    0.0303843    0.0482487
81439706    0.1262791    0.1437884
10378294    0.3021635    0.2731716
85902746    0.2217552    0.2332812
39062841    0.0944830    -0.0005883
62941037    0.3422488    0.3429282
16504783    0.2812308    0.2523581
70843926    0.2776558    0.1953082
45726190    0.1449229    0.1228338
15780629    0.4336775    0.4350159
87563140    0.2003200    0.1450868
41267093    0.0940958    0.0965096
83197206    0.2185750    0.2102175
34072651    0.0493279    0.1014441
94185602    0.0684437    0.1033409
37419068    0.1121111    0.0955893
32508179    0.0563334    0.0685255
43780952    0.3129933    0.1981037
98526013    0.1456753    0.1823407
72015384    0.5095192    0.4909235
82139740    0.3176008    0.3327386
60573841    0.0080028    0.0897102
98016472    0.1913138    0.1749862
32468591    0.2064951    0.1913544
62157849    0.1091794    0.0917983
81437256    0.3754057    0.2923943
79648230    0.2436525    0.1767101
38960417    0.0926794    0.0440648
92165478    0.3181673    0.3287252
61784935    0.0502294    0.0841805
61792438    0.2751650    0.2031438
81693024    0.1615259    0.1871023
47098521    0.1130693    0.0986331
89604375    0.5544792    0.3775785
16943087    0.1024783    0.0992250
85709634    0.1365534    0.0904844
93270846    0.3896023    0.3210077
94528706    0.1321287    0.1060587
23750186    0.1395542    0.0967626
65349018    0.3772913    0.2922579
64021875    0.1019267    0.1129900
82769514    0.1071274    0.1042834
19743065    0.0593324    0.0660488
50942871    0.0802008    0.0730316
79324150    0.1327389    0.1112469
83265941    0.1260843    0.1053607
34681702    0.2408399    0.2488040
69578014    0.2654074    0.3157929
20419573    0.2637484    0.1858767
50619347    0.3196470    0.2950349
34189275    0.0542352    0.0675624
70251698    0.3058280    0.3547929
71465098    0.3067145    0.2723690
21064358    0.1029364    0.0972575
72150386    -0.0355079    -0.0431284
32714856    0.3173793    0.2614730
50836291    0.1281155    0.0794201
68293104    0.0358413    0.0242206
78510264    0.0811135    0.1481851
12304586    0.2230351    0.2073227
43065218    0.2726136    0.2143894
58642793    0.1629138    0.1901333
64213980    0.0801635    0.1290223
71204863    0.2342260    0.2689077
38702645    0.1698794    0.1971505
43790281    0.0475672    0.1560376
38549061    0.3059458    0.2320344
93507642    0.2040192    0.1495787
63975401    -0.0284755    0.0455074
87932541    0.1275321    0.1344817
13085762    0.3273837    0.3578334
25976038    0.2738430    0.2676896
35897402    0.4143970    0.3129423
43860715    0.0869390    0.2079074
83429561    0.2568101    0.2061679
69538402    0.4654601    0.3467442
61927503    0.0583740    0.0300115
12086359    0.0064457    0.0754575
40326571    0.2393876    0.2058484
62897034    0.1620364    0.1873622
12374650    0.1772530    0.2101242
58346072    0.3937567    0.3309724
76415208    0.0900140    0.0787773
79631548    0.1812138    0.1668100
57129046    0.0741950    0.0854691
14387690    0.2061633    0.2071050
23074169    0.4747303    0.3679899
39186520    0.1250224    0.1537517
35842190    0.0440798    0.1115617
67381945    0.1065278    0.0589914
20819547    0.4023762    0.3727227
20694735    0.0069220    0.0385039
42936180    0.4175026    0.3067026
94715302    0.3625983    0.3518029
56489170    0.3309727    0.3736510
