15780629    0.4336775    0.2807235
46879352    0.1105719    0.0501079
62897034    0.1620364    0.1598996
96302148    0.2372141    0.1945771
68427591    0.0416545    0.0824216
12458390    0.1245855    0.1362579
67239801    0.1973108    0.2710119
56124780    0.1965039    0.2148599
93481752    0.2718664    0.2083905
40326571    0.2393876    0.2559115
61792438    0.2751650    0.2124183
25986740    0.1667644    0.1311954
61932785    0.2703631    0.2815822
13085762    0.3273837    0.3867217
70843926    0.2776558    0.2452565
67851930    0.1565579    0.1585230
62945318    0.1630607    0.1929325
17042638    0.1411405    0.1565982
38549061    0.3059458    0.2699354
81294637    0.2323228    0.2078798
37419068    0.1121111    0.0827313
59806341    0.3732070    0.3528112
13658924    0.0792403    0.0564490
65790324    0.0046216    0.0142851
97183264    0.3591365    0.2963730
79631548    0.1812138    0.1515578
59230168    0.1671241    0.1241476
34105672    0.1870527    0.1862611
38960417    0.0926794    0.1164930
85320746    0.3344432    0.2454728
59481307    0.1335299    0.0861831
27156309    0.1905536    0.2206037
82609473    -0.0309462    0.0284776
87196024    0.1803782    0.1310773
10378294    0.3021635    0.3518086
61927503    0.0583740    0.1113126
75149062    0.1247694    0.1235314
12304586    0.2230351    0.2465968
50836291    0.1281155    0.0778302
31286905    0.1618569    0.0817677
26408915    0.1213319    0.1379490
92057831    0.1228388    0.1335201
16094873    0.0280620    0.0051376
74920653    0.4227876    0.4444978
70251698    0.3058280    0.2523893
12374650    0.1772530    0.0887861
83197206    0.2185750    0.2128041
32508179    0.0563334    0.0748550
23074169    0.4747303    0.2858592
97408251    0.0528856    0.0480340
19743065    0.0593324    0.0472216
68293104    0.0358413    -0.0032291
43780952    0.3129933    0.2634612
86192507    0.0664135    0.0850208
23045176    0.3178396    0.2409043
71403958    0.3880658    0.2857313
67435291    0.3115513    0.3995912
47098521    0.1130693    0.1209866
20694735    0.0069220    0.0029402
35280617    -0.0191183    0.0285933
80163975    -0.0812560    0.0645116
30975426    0.2825031    0.2475345
30694825    0.0365880    0.0090846
21064358    0.1029364    0.0340205
76415208    0.0900140    0.1021655
34982675    0.0478840    0.0268987
72150386    -0.0355079    0.0226717
76402381    0.0634703    0.1068258
94528706    0.1321287    0.1256592
20456318    0.0361747    0.0283949
56489170    0.3309727    0.3654296
49670328    0.1332543    0.1767157
16504783    0.2812308    0.3207330
69538402    0.4654601    0.3314964
18325407    0.3715184    0.3914767
93507642    0.2040192    0.2087029
83429561    0.2568101    0.2315720
40568932    0.1124073    0.1150789
71453068    0.0661260    0.0733790
69578014    0.2654074    0.2869519
42368795    0.4455477    0.4073901
41267093    0.0940958    0.2304715
87932541    0.1275321    0.0804193
43065218    0.2726136    0.3128792
23705914    0.1015233    0.1320250
98526013    0.1456753    0.1767952
97428650    0.1566038    0.0954270
39062841    0.0944830    0.1210960
47812905    0.1007904    0.0758669
64021875    0.1019267    0.0734406
23750186    0.1395542    0.0964247
15860437    0.1634063    0.1613178
93608745    0.2518492    0.2116025
94130527    0.1603314    0.2725802
67381945    0.1065278    0.0840509
72803641    0.0189457    0.0001087
50987241    0.2942135    0.3237990
51398260    0.1249023    0.1248232
32468591    0.2064951    0.2322869
63975401    -0.0284755    0.0010373
16958274    0.0291058    0.0926443
39186520    0.1250224    0.1492914
78351290    0.2346316    0.2002913
19483527    0.1787383    0.2752748
85902746    0.2217552    0.2132959
75684932    0.2416156    0.2694086
43972106    0.3626580    0.3405396
71204863    0.2342260    0.2192560
95308671    0.2649733    0.3050381
58319420    0.0758413    0.0331446
50619347    0.3196470    0.2944432
52634817    0.2849960    0.2234002
17596823    0.0303843    0.0487192
83265941    0.1260843    0.1039173
79324150    0.1327389    0.0919125
63175049    0.2735692    0.3100266
81437256    0.3754057    0.4162815
43208516    0.2005489    0.2149265
72153046    0.0292038    0.1303198
41253670    0.2920886    0.2556396
40236598    0.1331878    0.0925533
12064358    0.1449998    0.1494100
96138204    0.1449491    0.1698059
52948361    0.0420176    0.0960358
87904612    0.1259729    0.0795641
95267031    0.1225485    0.1226976
74920568    0.0942004    0.0653517
20819547    0.4023762    0.3004591
50648317    0.3646901    0.4203292
37068241    0.4272806    0.3537307
61784935    0.0502294    0.0968082
43206985    0.1951650    0.2341490
87563140    0.2003200    0.2165910
34072651    0.0493279    0.0760364
34189275    0.0542352    0.0759540
31254760    0.4422659    0.2796004
35897402    0.4143970    0.4303064
48270965    -0.0273596    -0.0078371
58029641    0.1638877    0.1255389
50942871    0.0802008    0.1099430
