9317254    0.3729283    0.3703271
9501276    0.0174545    0.0353644
1098653    0.2683512    0.3454629
3204167    0.3540025    0.2908022
8054917    0.3262745    0.2698469
1694783    0.0640252    0.1705434
7985463    0.1468814    0.0775606
9450781    0.3211172    0.4568679
6895471    0.5201627    0.4489954
3215784    0.0695981    0.0930524
1302765    0.3472123    0.4065678
6982735    0.1570534    0.1527873
7803256    0.3907403    0.4237209
8317509    0.1872364    0.2180563
6851203    0.2527070    0.1866964
3280951    0.0553783    0.0938958
2941375    0.1039866    0.2218498
5831672    0.2538592    0.2881752
4750928    0.4639964    0.3812844
4935860    0.2500624    0.4303876
2694380    0.2196963    0.1309702
3741296    0.0530962    0.0958902
2317805    0.4805482    0.5016813
1056832    0.1398216    0.1407688
7932580    0.4682114    0.4658184
9084715    0.0584843    0.0455720
1705239    0.2730497    0.3536532
6902314    0.1831756    0.1170202
7905641    0.2707025    0.3032523
5714096    0.3797141    0.4518382
6135948    0.4934883    0.4824396
6315928    0.2469237    0.2863376
3056417    0.3964929    0.3217182
4265083    0.3106906    0.2668431
5308146    0.4128936    0.4487439
7804269    0.1723401    0.1903678
2943061    0.1322802    0.0847950
4768210    0.6686979    0.6400295
5160827    0.1363529    0.2105656
1487932    0.4101857    0.3899724
9840216    0.0807284    0.1273413
1365094    0.2127880    0.2380654
6748193    0.2073776    0.2369406
5469827    0.0416673    0.1636000
3612974    0.1838014    0.2312160
2760143    0.3529654    0.1524349
7243896    0.3525857    0.2303069
9603748    0.2451397    0.3367422
5749680    0.1812531    0.3280205
5732806    0.2107367    0.0913617
3264017    0.1892763    0.2378015
7130825    0.2484626    0.1107059
9706385    0.3472344    0.3709733
9180765    0.1868605    0.3359013
3254689    0.3482216    0.4519862
5170386    0.0831770    0.2290758
4807153    0.1503095    0.1267837
9381746    0.2999753    0.3201984
6319528    0.3046428    0.2924644
3627410    0.1778646    0.2226325
2465970    0.2177032    0.1369355
5146839    0.5332805    0.5020512
4987650    0.2964038    0.2795281
5762910    0.2062399    0.3415748
3014689    0.2795749    0.2537124
1895642    0.3019776    0.3200243
8643509    0.4373056    0.3611018
4165230    0.0664882    0.1948422
6930741    0.1099527    0.2733269
6594182    0.0526440    0.1002924
5902371    0.2322153    0.2499292
2078916    0.2681468    0.3042337
1260374    0.0731026    -0.0130263
7126859    0.0000346    0.1279802
2739650    0.1539570    0.1543669
6039182    0.2504354    0.2457988
2198367    0.0754390    0.1760786
9380175    0.2946367    0.2336878
2081546    0.4467185    0.4197488
6703951    0.2923357    0.4694653
2645180    0.2137118    0.2388753
3786905    0.2339949    0.2524374
7348562    0.3256060    0.4204606
4693502    0.1955602    0.2046101
5123968    0.5559287    0.4778200
5738926    0.3573479    0.4114422
4327501    0.2126635    0.2344787
7190582    0.5212715    0.4561745
9618250    0.1745989    0.3377436
2158347    0.3815083    0.1521468
4692830    0.5977371    0.3374495
7918026    0.0989480    0.0747309
4637091    0.4661794    0.4500856
9321840    0.4420901    0.3373603
9354761    0.1451593    0.1140788
6138297    0.0625853    0.0684462
4528069    0.1329296    0.1456580
2568307    0.2370991    0.2412949
9605831    0.1809202    0.1586228
9518437    0.1673752    0.1705467
3296450    0.5973707    0.4363702
5693807    0.1703150    0.3131203
6342708    0.0867694    0.1117080
8927605    0.1242698    0.1315502
8496023    0.1516259    0.0567050
3645207    0.1910296    0.2531675
5178439    0.3721354    0.5539962
3015264    0.2364364    0.1453527
9731406    0.1191694    0.1967923
1340285    0.1161054    0.0533789
4063285    0.2597609    0.3423390
4932856    0.2126629    0.1888733
2836405    0.2381882    0.2483282
4309715    0.1303742    0.1961625
3891520    0.3327236    0.3059778
8512390    0.3917661    0.2632542
5683192    0.4733342    0.5369947
9576032    0.5069458    0.6064715
5648371    0.2782824    0.2601906
2487590    0.1245996    0.1487309
2045968    0.1103608    0.1823316
5891230    0.2276907    0.2029018
9583261    0.3440669    0.4542913
6543129    0.4651338    0.3416147
4328571    0.3664831    0.3814823
9157643    0.4749572    0.5494729
8463201    0.3381932    0.2173268
3578406    0.1215780    0.1815325
3892147    0.0673109    0.1605360
6807539    0.3188515    0.2964392
6278590    0.0292114    0.0391546
1069425    0.5509495    0.4464081
8521307    0.3988584    0.2040107
6083594    0.4033448    0.4556332
8613947    0.2891041    0.1900755
3250478    0.0873304    0.1108557
9328467    0.5027560    0.4447762
4867502    0.3658697    0.3026974
1735482    0.1225054    0.1729175
2498173    0.3937241    0.3512737
