4127693    0.3656554    0.2722483
32508179    0.0563334    0.1230014
54879302    0.2807025    0.3492496
39062841    0.0944830    0.1452570
75149062    0.1247694    0.1453668
43860715    0.0869390    0.1585841
4807153    0.1503095    0.1403553
7369148    0.4514948    0.3784665
2643098    0.2184954    0.3427536
59806341    0.3732070    0.3972132
7918026    0.0989480    0.1607583
79324150    0.1327389    0.1424416
2941375    0.1039866    0.1799766
84135296    0.0717320    0.1914254
12507849    0.1052662    0.1133013
85320746    0.3344432    0.3547491
20694735    0.0069220    0.1034020
2198367    0.0754390    0.2027769
8605217    0.2345106    0.1870590
5160827    0.1363529    0.1819179
9765234    0.3451286    0.2932180
58642793    0.1629138    0.0932569
79631548    0.1812138    0.3625768
64213980    0.0801635    0.0655056
71403958    0.3880658    0.4592833
5183609    0.5404390    0.5664674
8643509    0.4373056    0.3922669
37068241    0.4272806    0.5354120
3627410    0.1778646    0.1217320
6283704    0.0842864    0.2186220
12304586    0.2230351    0.2503105
1804532    0.1433767    0.1399733
5123968    0.5559287    0.4127071
67198240    0.4920497    0.4002784
7804269    0.1723401    0.1992692
3041965    0.4253836    0.3231072
67851930    0.1565579    0.1844027
9381746    0.2999753    0.2421745
14387690    0.2061633    0.1992225
5738926    0.3573479    0.4579509
9321840    0.4420901    0.5051470
7126859    0.0000346    0.2208649
27156309    0.1905536    0.2067472
3740286    0.4547719    0.5201062
20419573    0.2637484    0.1264904
16094873    0.0280620    0.0858214
8290476    0.2635870    0.2527473
2096537    0.5723276    0.5559708
87932541    0.1275321    0.0319613
42368795    0.4455477    0.3669640
4265083    0.3106906    0.2269763
52948361    0.0420176    0.0579172
57129046    0.0741950    0.0456097
4309715    0.1303742    0.1913923
5814072    0.1933573    0.2181405
5146839    0.5332805    0.5335906
72803641    0.0189457    0.1465849
2931756    0.2538077    0.1957780
1743698    0.3903206    0.2182185
43790281    0.0475672    0.1009365
10857693    0.2848121    0.2553856
61927503    0.0583740    0.1401292
81439706    0.1262791    0.0628996
18952376    0.0941340    0.1325468
36509124    0.1029860    0.1785502
41267093    0.0940958    0.1429624
61487350    0.1231352    0.1245696
25986740    0.1667644    0.1379936
92057831    0.1228388    0.1290732
35897402    0.4143970    0.2636905
42936180    0.4175026    0.4191937
10378294    0.3021635    0.3412878
3469512    0.2516770    0.1407989
62941037    0.3422488    0.2180481
46752830    0.5220824    0.4654198
5187042    0.1334780    0.0920765
2760143    0.3529654    0.1666586
5714096    0.3797141    0.4027349
51398260    0.1249023    0.1204097
76415208    0.0900140    0.1224805
3149850    0.0295857    0.1392317
3741296    0.0530962    0.1334097
95063127    0.3365001    0.2659858
7985463    0.1468814    0.1275361
1340285    0.1161054    0.1416696
5894621    0.2282716    0.1586680
82769514    0.1071274    0.1688940
40326571    0.2393876    0.2908701
2739650    0.1539570    0.1800471
9257083    0.5751210    0.3842567
25976038    0.2738430    0.2091933
96138204    0.1449491    0.1271800
45628709    0.1130647    0.1714019
6175483    0.4677562    0.4393449
50836291    0.1281155    0.1829756
2465970    0.2177032    0.1402402
56124780    0.1965039    0.2181682
3514269    0.2860579    0.2830257
81693024    0.1615259    0.1523296
61792438    0.2751650    0.1474290
15860437    0.1634063    0.1273826
59230168    0.1671241    0.1189755
60897513    0.1301192    0.3205254
9267581    0.1851758    0.1986730
7254913    0.0828423    0.1153273
9501276    0.0174545    0.1297372
5308146    0.4128936    0.4498406
51763480    0.4308012    0.4527310
7348562    0.3256060    0.3095342
23750186    0.1395542    0.2839449
1059674    0.2535736    0.3767933
4165230    0.0664882    0.1916064
38549061    0.3059458    0.3885224
30975426    0.2825031    0.3982262
12086359    0.0064457    0.0491025
8496023    0.1516259    0.1539495
93507642    0.2040192    0.1778661
17596823    0.0303843    0.1060979
19483527    0.1787383    0.3084857
3892147    0.0673109    0.2012759
34982675    0.0478840    0.1233966
1790246    0.2481418    0.1929987
56140738    0.3249323    0.1429444
7063891    0.3753386    0.3809066
67381945    0.1065278    0.0957063
2673845    0.5641396    0.4266781
9380175    0.2946367    0.1826867
39186520    0.1250224    0.2118689
5062718    0.3932812    0.3110999
1932047    0.1806909    0.1102327
34012568    0.4028562    0.4631205
4692830    0.5977371    0.3825154
85709634    0.1365534    0.1446185
35280617    -0.0191183    0.0706592
5469827    0.0416673    0.1570759
3056417    0.3964929    0.2705364
6807539    0.3188515    0.3049020
16375284    0.2126535    0.1794675
2043178    0.4086680    0.3948895
71453068    0.0661260    0.1572806
1694783    0.0640252    0.1506524
70843926    0.2776558    0.1969165
43972106    0.3626580    0.3426426
7243896    0.3525857    0.2201098
9138254    0.2920520    0.2280452
24501987    0.1447957    0.1423165
3250478    0.0873304    0.1972868
9461730    0.1967047    0.2198793
20819547    0.4023762    0.3453132
5178439    0.3721354    0.4569622
5683192    0.4733342    0.3599028
9618250    0.1745989    0.2169896
7190582    0.5212715    0.4702758
8521307    0.3988584    0.1894770
46879352    0.1105719    0.1195373
5831672    0.2538592    0.1851578
62897034    0.1620364    0.1474975
75684932    0.2416156    0.1567757
40596718    0.1890510    0.2934219
5372069    0.3426059    0.2203024
2078916    0.2681468    0.2597989
5648371    0.2782824    0.3573195
5693807    0.1703150    0.2564586
4637091    0.4661794    0.4537106
87904612    0.1259729    0.1601385
72015384    0.5095192    0.4787700
82354971    0.0228063    0.0873648
6423907    0.2354790    0.1963191
4857263    0.3738794    0.4333044
4267580    0.4071005    0.2728826
7130825    0.2484626    0.2333252
61932785    0.2703631    0.2086438
93608745    0.2518492    0.2931302
2081546    0.4467185    0.3880851
26408915    0.1213319    0.2157931
34189275    0.0542352    0.0840339
2869347    0.3789614    0.2450945
5140362    0.3208159    0.3545437
2836405    0.2381882    0.2262145
1056832    0.1398216    0.1839597
47812905    0.1007904    0.0721565
3821574    0.3310490    0.3031367
98016472    0.1913138    0.1380929
95308671    0.2649733    0.1292228
10392748    0.1246251    0.1285045
67409258    0.3510112    0.2859538
47098521    0.1130693    0.1455264
13480652    0.2119081    0.1560778
9546732    0.3262210    0.2470336
6491783    0.2638982    0.1720197
3582067    0.3364838    0.3247730
1923504    0.4565430    0.5202286
2819470    0.3080540    0.2624465
9182473    0.1916796    0.1622986
3215784    0.0695981    0.0780969
6594182    0.0526440    0.2469258
62157849    0.1091794    0.0938210
49670328    0.1332543    0.2141830
8927605    0.1242698    0.1341027
5267094    0.2599849    0.2093997
71248596    0.0827905    0.1317026
43780952    0.3129933    0.1851496
37049621    0.1162308    0.0932874
93481752    0.2718664    0.1444540
50619347    0.3196470    0.3950298
1260374    0.0731026    0.1237045
68427591    0.0416545    0.1063269
2568307    0.2370991    0.2131386
89604375    0.5544792    0.2666405
94528706    0.1321287    0.1331996
5762910    0.2062399    0.2357670
4123795    -0.0081841    0.1891997
9328467    0.5027560    0.4109071
97408251    0.0528856    0.1154231
3280951    0.0553783    0.1339685
4987650    0.2964038    0.2771139
69578014    0.2654074    0.1706937
5294037    0.3698771    0.2780462
5619803    0.1762386    0.3081897
83265941    0.1260843    0.1418197
4693502    0.1955602    0.2024011
52634817    0.2849960    0.1209396
6895471    0.5201627    0.4224731
5732806    0.2107367    0.2105766
8463201    0.3381932    0.3556376
6930741    0.1099527    0.1967992
23045176    0.3178396    0.1884741
2845369    0.2818527    0.1922376
9583261    0.3440669    0.3362095
4528069    0.1329296    0.1081605
81294637    0.2323228    0.1244290
21064358    0.1029364    0.1170375
6138297    0.0625853    0.1437304
91052873    0.1417432    0.1885057
80163975    -0.0812560    0.0610536
83764925    0.1711960    0.1136079
82139740    0.3176008    0.2627102
5749680    0.1812531    0.2389424
37419068    0.1121111    0.1246425
57043269    0.2307362    0.1985684
5891230    0.2276907    0.2020484
2498173    0.3937241    0.4156353
9084715    0.0584843    0.1289612
6319528    0.3046428    0.1939319
2158347    0.3815083    0.1565614
41253670    0.2920886    0.2758082
65790324    0.0046216    0.1058640
4203176    0.0868008    0.1438606
9518437    0.1673752    0.1877860
74920568    0.0942004    0.1950916
8613947    0.2891041    0.1802944
58346072    0.3937567    0.3987863
31254760    0.4422659    0.2733253
82609473    -0.0309462    0.0942106
16504783    0.2812308    0.3216990
50648317    0.3646901    0.2796327
5718692    0.1730530    0.2209603
34209168    0.1613672    0.2002499
71305486    0.5131515    0.3263400
61784935    0.0502294    0.1254936
10693257    0.3052177    0.2693650
18325407    0.3715184    0.2610058
3296450    0.5973707    0.5685069
3578406    0.1215780    0.0997717
9607438    0.1222324    0.1972005
62945318    0.1630607    0.1802083
3786905    0.2339949    0.2494797
6530821    0.3380645    0.2631878
31286905    0.1618569    0.1319181
7548206    0.3996251    0.3906983
9180765    0.1868605    0.3821253
8410523    0.3938945    0.4378429
4750928    0.4639964    0.4960777
30694825    0.0365880    0.1506049
39720486    0.2953125    0.2769756
78510264    0.0811135    0.2525928
3014689    0.2795749    0.2356172
2045968    0.1103608    0.1170146
1735482    0.1225054    0.2004762
3645207    0.1910296    0.2402053
