12458390    0.1245855    0.1095345
18967543    0.2637843    0.2425208
93507642    0.2040192    0.3546968
67409258    0.3510112    0.2359044
34982675    0.0478840    0.1117148
64021875    0.1019267    0.1538680
93481752    0.2718664    0.1210845
41253670    0.2920886    0.2208139
67905128    0.1698469    0.1843482
95267031    0.1225485    0.0943972
41267093    0.0940958    0.1287908
27156309    0.1905536    0.1519602
31254760    0.4422659    0.4040951
50619347    0.3196470    0.3711726
34012568    0.4028562    0.3991585
93608745    0.2518492    0.2301015
64213980    0.0801635    0.0902885
23074169    0.4747303    0.3230330
20456318    0.0361747    0.1073075
43065218    0.2726136    0.0952201
34681702    0.2408399    0.2155021
50942871    0.0802008    0.0607008
97408251    0.0528856    0.0837188
38549061    0.3059458    0.2279840
46752830    0.5220824    0.6210183
10392748    0.1246251    0.0762436
58319420    0.0758413    0.0932771
56893071    0.1657909    0.1175233
12507849    0.1052662    0.1246456
45726190    0.1449229    0.1116045
89231046    0.0701274    0.0630959
37419068    0.1121111    0.1075064
65790324    0.0046216    0.0952023
80163975    -0.0812560    -0.0486729
52948361    0.0420176    0.0793296
32875906    0.3579376    0.3216347
94185602    0.0684437    0.1240416
32508179    0.0563334    0.1140515
76402381    0.0634703    0.0958855
12064358    0.1449998    0.0980779
67239801    0.1973108    0.1273391
12304586    0.2230351    0.2385461
32156478    0.0373923    0.0378300
16504783    0.2812308    0.3040008
63175049    0.2735692    0.2109541
95308671    0.2649733    0.4188370
83265941    0.1260843    0.1287762
26408915    0.1213319    0.1232830
39062841    0.0944830    0.1477686
70251698    0.3058280    0.2666683
17596823    0.0303843    0.0677314
54789260    0.0388761    0.1448554
70843926    0.2776558    0.1813855
72153046    0.0292038    0.0403428
30975426    0.2825031    0.4004791
71248596    0.0827905    0.2026452
39186520    0.1250224    0.1101494
57043269    0.2307362    0.1978202
47812905    0.1007904    0.1579867
49670328    0.1332543    0.1266023
27159836    0.0332070    0.0989874
15780629    0.4336775    0.3748673
23705914    0.1015233    0.1480405
35842190    0.0440798    0.0509166
40236598    0.1331878    0.0915756
78351290    0.2346316    0.2567801
98526013    0.1456753    0.1185345
47098521    0.1130693    0.1724173
67435291    0.3115513    0.2869659
82354971    0.0228063    0.0935560
10693257    0.3052177    0.2067984
40568932    0.1124073    0.0718030
67851930    0.1565579    0.1493326
70264158    0.1874085    0.2396499
92165478    0.3181673    0.3530655
50648317    0.3646901    0.3795455
59481307    0.1335299    0.0962552
35897402    0.4143970    0.2372655
42368795    0.4455477    0.2299744
41085739    0.2158497    0.1892229
81693024    0.1615259    0.1463624
31286905    0.1618569    0.0950388
38702645    0.1698794    0.1044605
87196024    0.1803782    0.1516770
20519736    0.2078745    0.2419516
75149062    0.1247694    0.2016630
34105672    0.1870527    0.1495090
86192507    0.0664135    0.1047422
50836291    0.1281155    0.1046391
62941037    0.3422488    0.3619699
17042638    0.1411405    0.2628840
60897513    0.1301192    0.1650500
58029641    0.1638877    0.1896279
61487350    0.1231352    0.1148137
23750186    0.1395542    0.0831620
61927503    0.0583740    0.0711983
16375284    0.2126535    0.1430507
34189275    0.0542352    0.0822439
16958274    0.0291058    0.0935844
45068793    0.0582267    0.1126177
45628709    0.1130647    0.1728926
65374182    0.0248284    0.0614830
85397462    0.1461277    0.1249283
39720486    0.2953125    0.3326994
94715302    0.3625983    0.3957473
51398260    0.1249023    0.1060701
19436725    0.1565862    0.1515649
72015384    0.5095192    0.3449818
71453068    0.0661260    0.1947220
12374650    0.1772530    0.1392411
24035867    0.2180151    0.3234259
74920568    0.0942004    0.1300940
12904576    0.3852948    0.4828193
19483527    0.1787383    0.2071697
18952376    0.0941340    0.0519157
13085762    0.3273837    0.3064829
91052873    0.1417432    0.0549875
81294637    0.2323228    0.1802515
76415208    0.0900140    0.0893949
21064358    0.1029364    0.0717008
16943087    0.1024783    0.1214162
54879302    0.2807025    0.2678247
20694735    0.0069220    0.0744950
40596718    0.1890510    0.1682368
87932541    0.1275321    0.0770244
72803641    0.0189457    0.1457631
42936180    0.4175026    0.4258564
78691503    0.3143425    0.2035113
38960417    0.0926794    0.1876329
58346072    0.3937567    0.4184039
83197206    0.2185750    0.1382473
71305486    0.5131515    0.3328018
74920653    0.4227876    0.3759140
34209168    0.1613672    0.1837360
87563140    0.2003200    0.1409833
71465098    0.3067145    0.2227367
56140738    0.3249323    0.2432948
85320746    0.3344432    0.1925368
20419573    0.2637484    0.1661044
97428650    0.1566038    0.1579093
