60573841    0.0080028    0.1757961
6319528    0.3046428    0.2713298
3280951    0.0553783    0.0972070
2453071    0.2434675    0.2474909
67381945    0.1065278    0.1414127
70843926    0.2776558    0.1806487
2845369    0.2818527    0.1594331
9257083    0.5751210    0.3491328
5140362    0.3208159    0.2338173
18952376    0.0941340    0.1594331
69538402    0.4654601    0.2108331
95308671    0.2649733    0.1250520
1804532    0.1433767    0.1594331
6135948    0.4934883    0.2442067
24035867    0.2180151    0.2034935
1705239    0.2730497    0.2835369
9157643    0.4749572    0.4228591
3891520    0.3327236    0.2880396
5891230    0.2276907    0.1960901
1365094    0.2127880    0.1528900
95267031    0.1225485    0.1594331
58319420    0.0758413    0.1594331
8054917    0.3262745    0.2375577
45628709    0.1130647    0.0937284
2869347    0.3789614    0.2351768
84036972    0.2046254    0.1582476
5683192    0.4733342    0.2988722
39720486    0.2953125    0.2191260
5619803    0.1762386    0.1629696
4327501    0.2126635    0.2299098
75149062    0.1247694    0.1594331
61932785    0.2703631    0.2467815
7348562    0.3256060    0.2893234
92165478    0.3181673    0.3170717
50942871    0.0802008    0.1594331
7932580    0.4682114    0.4426371
2384019    0.2573606    0.1921286
52634817    0.2849960    0.1594331
5814072    0.1933573    0.1426912
5902371    0.2322153    0.2170956
70251698    0.3058280    0.2687447
40326571    0.2393876    0.1718515
7254913    0.0828423    0.1594331
16375284    0.2126535    0.2234367
87563140    0.2003200    0.2006651
56140738    0.3249323    0.3863862
8315042    0.3440053    0.2036597
2931756    0.2538077    0.3117791
17596823    0.0303843    0.1594331
4352098    0.3358923    0.2332361
9706385    0.3472344    0.3257447
16504783    0.2812308    0.3193578
19743065    0.0593324    0.1594331
97183264    0.3591365    0.3311692
34209168    0.1613672    0.1687022
2045968    0.1103608    0.1594331
7130825    0.2484626    0.2192394
36509124    0.1029860    0.1594331
61487350    0.1231352    0.1594331
38702645    0.1698794    0.1895109
7243896    0.3525857    0.3010122
83764925    0.1711960    0.1122748
5693807    0.1703150    0.1637994
68293104    0.0358413    0.1594331
75684932    0.2416156    0.1356517
3204167    0.3540025    0.3326311
3250478    0.0873304    0.1561790
3582067    0.3364838    0.3002433
78510264    0.0811135    0.1594331
6491783    0.2638982    0.2312019
56920873    0.2995450    0.1935662
9461730    0.1967047    0.1476044
12374650    0.1772530    0.1500069
4309715    0.1303742    0.1594331
3740286    0.4547719    0.4467474
51398260    0.1249023    0.1594331
39062841    0.0944830    0.1594331
20419573    0.2637484    0.2428824
63175049    0.2735692    0.2016608
96302148    0.2372141    0.1594331
93481752    0.2718664    0.1594331
6278590    0.0292114    0.1594331
43065218    0.2726136    0.2810291
6283704    0.0842864    0.1276665
5732806    0.2107367    0.1594331
2760143    0.3529654    0.1844020
72015384    0.5095192    0.3191656
52948361    0.0420176    0.1302147
83265941    0.1260843    0.1594331
4165230    0.0664882    0.1400681
6342708    0.0867694    0.1594331
43780952    0.3129933    0.1782036
71204863    0.2342260    0.1987957
32875906    0.3579376    0.3040186
2943061    0.1322802    0.1594331
41267093    0.0940958    0.1594331
8597263    0.1450746    0.1594331
35842190    0.0440798    0.1594331
5183609    0.5404390    0.5076892
47812905    0.1007904    0.1594331
57129046    0.0741950    0.1594331
2043178    0.4086680    0.3556947
6895471    0.5201627    0.5695688
40236598    0.1331878    0.1594331
3014689    0.2795749    0.3200654
94185602    0.0684437    0.1594331
67905128    0.1698469    0.1709377
57043269    0.2307362    0.1435875
5196087    0.4362904    0.3699135
7803256    0.3907403    0.3309762
4127693    0.3656554    0.3932168
10378294    0.3021635    0.3054304
69578014    0.2654074    0.2237211
9321840    0.4420901    0.3408066
59387142    0.2924146    0.2925275
4265083    0.3106906    0.2466629
20456318    0.0361747    0.1594331
6423907    0.2354790    0.1594331
50836291    0.1281155    0.1534352
5123968    0.5559287    0.2362573
6851203    0.2527070    0.1729800
12064358    0.1449998    0.1594331
3627410    0.1778646    0.1594331
7063891    0.3753386    0.4049988
4528069    0.1329296    0.1594331
59481307    0.1335299    0.1594331
37049621    0.1162308    0.1262559
7819360    0.3202660    0.3004601
43860715    0.0869390    0.2033940
1487932    0.4101857    0.5624372
5146839    0.5332805    0.5037034
1694783    0.0640252    0.1387180
6543129    0.4651338    0.3121674
76402381    0.0634703    0.0906966
95063127    0.3365001    0.2054297
9603748    0.2451397    0.2775228
1895642    0.3019776    0.3011881
10392748    0.1246251    0.1022729
54879302    0.2807025    0.3103082
8397402    -0.0295911    -0.0040834
86192507    0.0664135    0.0983281
3061874    0.2808881    0.2728294
41253670    0.2920886    0.2458422
60897513    0.1301192    0.1594331
12458390    0.1245855    0.1508146
4960875    0.1032987    0.1594331
25986740    0.1667644    0.1552697
13085762    0.3273837    0.3692987
2836405    0.2381882    0.2212675
8605217    0.2345106    0.1720166
51763480    0.4308012    0.5027348
56893071    0.1657909    0.1727477
5267094    0.2599849    0.2428402
25976038    0.2738430    0.2356187
1059674    0.2535736    0.2792648
50648317    0.3646901    0.4484267
97408251    0.0528856    0.1594331
7160483    0.4047953    0.3595980
3264017    0.1892763    0.1839228
61792438    0.2751650    0.2035804
2673845    0.5641396    0.2818851
50987241    0.2942135    0.3107685
9605831    0.1809202    0.1594331
9317528    0.2727551    0.2471552
94715302    0.3625983    0.3730439
20694735    0.0069220    0.1214960
4328571    0.3664831    0.2848072
38549061    0.3059458    0.2212493
72803641    0.0189457    0.1594331
1923504    0.4565430    0.4429159
2541903    0.3190446    0.3008265
82139740    0.3176008    0.2440637
5372069    0.3426059    0.2886554
3645207    0.1910296    0.2167113
2018563    0.3960066    0.3704709
95240316    0.1675703    0.1754959
76415208    0.0900140    0.1260654
71305486    0.5131515    0.3638254
7369148    0.4514948    0.2903076
34982675    0.0478840    0.0056232
40568932    0.1124073    0.1359184
89231046    0.0701274    0.1594331
96138204    0.1449491    0.1594331
9765234    0.3451286    0.3762989
67435291    0.3115513    0.2700279
8653417    0.1287219    0.1383812
9618250    0.1745989    0.1568104
34681702    0.2408399    0.2735643
9317254    0.3729283    0.3336036
2158347    0.3815083    0.3561319
87196024    0.1803782    0.2126191
3296450    0.5973707    0.4826109
49670328    0.1332543    0.1516140
6594182    0.0526440    0.1601446
37068241    0.4272806    0.3345204
61784935    0.0502294    0.1594331
4807153    0.1503095    0.1594331
3092751    0.0439309    0.1199136
2694380    0.2196963    0.1594331
56124780    0.1965039    0.2587919
93608745    0.2518492    0.1835474
8317509    0.1872364    0.1602487
1320567    0.2311754    0.1864170
83197206    0.2185750    0.1713064
13658924    0.0792403    0.1516631
9607438    0.1222324    0.1751309
62945318    0.1630607    0.1479052
6175483    0.4677562    0.4637320
31254760    0.4422659    0.2655298
42368795    0.4455477    0.3646958
23045176    0.3178396    0.2550746
63975401    -0.0284755    0.1037962
65374182    0.0248284    0.1594331
34072651    0.0493279    0.1594331
5718692    0.1730530    0.1465974
59230168    0.1671241    0.1594331
4987650    0.2964038    0.2508383
32714856    0.3173793    0.2773621
85320746    0.3344432    0.4453434
5294037    0.3698771    0.3299927
6703951    0.2923357    0.2208505
9084715    0.0584843    0.0983180
1743698    0.3903206    0.2770708
5469827    0.0416673    0.1594331
15780629    0.4336775    0.3784435
8613947    0.2891041    0.3202367
74920568    0.0942004    0.1594331
9720165    0.4198961    0.5471089
83429561    0.2568101    0.2230681
74920653    0.4227876    0.2402033
4750928    0.4639964    0.4037416
7521463    0.3398980    0.4793462
20819547    0.4023762    0.4134868
7190582    0.5212715    0.4176350
8643509    0.4373056    0.4100631
9425807    0.3096627    0.2675896
5762910    0.2062399    0.1848232
40596718    0.1890510    0.1594331
9245670    0.3915895    0.3068449
8496023    0.1516259    0.1460278
2568307    0.2370991    0.1673443
87904612    0.1259729    0.1652011
19483527    0.1787383    0.1758882
67409258    0.3510112    0.3211106
23705914    0.1015233    0.1594331
8521307    0.3988584    0.3119078
71403958    0.3880658    0.3107878
12086359    0.0064457    0.1048609
4976231    0.4576726    0.5366548
7918026    0.0989480    0.1594331
15860437    0.1634063    0.2218243
4063285    0.2597609    0.1963516
98016472    0.1913138    0.1348812
32468591    0.2064951    0.1834538
2198367    0.0754390    0.2625234
42936180    0.4175026    0.3732021
5062718    0.3932812    0.2962487
9354761    0.1451593    0.1594331
35280617    -0.0191183    0.1439666
2096537    0.5723276    0.3657278
1098653    0.2683512    0.3224305
46879352    0.1105719    0.1594331
12304586    0.2230351    0.2116538
6315928    0.2469237    0.2486749
8463201    0.3381932    0.2287200
54789260    0.0388761    0.1594331
1340285    0.1161054    0.1594331
9380175    0.2946367    0.2208894
45726190    0.1449229    0.1594331
17042638    0.1411405    0.1633283
43208516    0.2005489    0.1859784
56489170    0.3309727    0.4496534
9731406    0.1191694    0.3170644
65349018    0.3772913    0.2859179
21064358    0.1029364    0.1551038
31286905    0.1618569    0.1840576
9328467    0.5027560    0.3969316
5749680    0.1812531    0.1594331
10857693    0.2848121    0.2766950
19436725    0.1565862    0.1547448
