5693807    0.1703150    0.2263134
2514308    0.3364096    0.3190972
2078916    0.2681468    0.3192185
1895642    0.3019776    0.2826019
1694783    0.0640252    0.0795402
4203176    0.0868008    0.0520450
4750928    0.4639964    0.4537437
1790246    0.2481418    0.2674709
6902314    0.1831756    0.2017577
5648371    0.2782824    0.2787588
2096537    0.5723276    0.4882831
4932856    0.2126629    0.1967095
5831672    0.2538592    0.2229444
5718692    0.1730530    0.2179148
3041965    0.4253836    0.3162650
2081546    0.4467185    0.3385316
9467830    -0.0446479    0.1430759
2043178    0.4086680    0.4338281
9157643    0.4749572    0.4154312
3612974    0.1838014    0.2345354
1735482    0.1225054    0.1044127
2498173    0.3937241    0.3164608
4960875    0.1032987    0.0915802
6491783    0.2638982    0.2076992
6530821    0.3380645    0.2571405
1932047    0.1806909    0.2487257
7548206    0.3996251    0.4588169
7918026    0.0989480    0.1308789
2045968    0.1103608    0.1449794
9501276    0.0174545    0.0215011
6135948    0.4934883    0.3699054
7243896    0.3525857    0.2479606
7985463    0.1468814    0.2114749
1743698    0.3903206    0.2978436
8521307    0.3988584    0.3803629
9607438    0.1222324    0.1188218
3092751    0.0439309    0.1645150
4127693    0.3656554    0.3439632
8597263    0.1450746    0.1824931
5196087    0.4362904    0.4229724
3264017    0.1892763    0.1857160
1302765    0.3472123    0.3003659
1320567    0.2311754    0.1799425
9518437    0.1673752    0.1517586
5619803    0.1762386    0.2333862
9317528    0.2727551    0.2645168
9425807    0.3096627    0.2017135
3296450    0.5973707    0.4097980
3892147    0.0673109    0.1363980
6851203    0.2527070    0.2348596
5372069    0.3426059    0.2214060
2453071    0.2434675    0.1630640
2869347    0.3789614    0.3532290
5197243    0.5915708    0.5224231
4768210    0.6686979    0.5521132
3891520    0.3327236    0.3575852
6971305    0.4535946    0.4624270
1059674    0.2535736    0.2640131
7804269    0.1723401    0.1258077
8290476    0.2635870    0.2433576
8410523    0.3938945    0.3303989
4867502    0.3658697    0.2948177
2361549    0.1515017    0.2102203
5294037    0.3698771    0.4299450
5732806    0.2107367    0.1545699
4692830    0.5977371    0.4001828
6703951    0.2923357    0.3034221
5308146    0.4128936    0.3436797
9317254    0.3729283    0.3973093
8512390    0.3917661    0.3951138
6283704    0.0842864    0.1523488
8643509    0.4373056    0.6094519
2465970    0.2177032    0.1132857
9706385    0.3472344    0.3727081
6752138    0.1926357    0.1329014
2931756    0.2538077    0.2541068
4857263    0.3738794    0.3076724
1056832    0.1398216    0.1672838
5814072    0.1933573    0.2085456
2819470    0.3080540    0.2792681
4637091    0.4661794    0.4239749
9603748    0.2451397    0.2416957
9182473    0.1916796    0.2419665
6342708    0.0867694    0.1436179
5267094    0.2599849    0.3601559
8605217    0.2345106    0.2011717
8927605    0.1242698    0.1793656
7905641    0.2707025    0.2385044
8397402    -0.0295911    0.1101598
3204167    0.3540025    0.3235037
6807539    0.3188515    0.2560234
9576032    0.5069458    0.4200426
7190582    0.5212715    0.4025227
2018563    0.3960066    0.4701524
4328571    0.3664831    0.3343852
4987650    0.2964038    0.3106115
2643098    0.2184954    0.1931959
9720165    0.4198961    0.3468590
6543129    0.4651338    0.3972582
1098653    0.2683512    0.3012146
2943061    0.1322802    0.1052713
3015264    0.2364364    0.1668361
3014689    0.2795749    0.2320288
6175483    0.4677562    0.4222793
1365094    0.2127880    0.2351192
3149850    0.0295857    0.1754685
3215784    0.0695981    0.0865578
6748193    0.2073776    0.2167191
2836405    0.2381882    0.2034414
9583261    0.3440669    0.4260437
4976231    0.4576726    0.3889732
7063891    0.3753386    0.3559814
3250478    0.0873304    0.1816157
6982735    0.1570534    0.2500018
9084715    0.0584843    0.1738640
2941375    0.1039866    0.1337129
2845369    0.2818527    0.3130716
4063285    0.2597609    0.2802291
3645207    0.1910296    0.2261383
4123795    -0.0081841    0.1239113
9138254    0.2920520    0.3539711
2568307    0.2370991    0.2980575
3254689    0.3482216    0.3722778
9354761    0.1451593    0.1199027
6930741    0.1099527    0.1353376
4352098    0.3358923    0.3506849
1923504    0.4565430    0.4622617
3056417    0.3964929    0.2846947
8613947    0.2891041    0.1953001
8315042    0.3440053    0.3151364
9180765    0.1868605    0.2236314
5187042    0.1334780    0.1299090
9267581    0.1851758    0.1736700
8653417    0.1287219    0.0313636
3514269    0.2860579    0.3739282
7348562    0.3256060    0.3915057
7803256    0.3907403    0.3626286
6138297    0.0625853    0.1889336
8317509    0.1872364    0.1662433
1804532    0.1433767    0.2161325
