16094873    0.0280620    0.0471198
59806341    0.3732070    0.3209941
69538402    0.4654601    0.4923621
94185602    0.0684437    0.1508061
43860715    0.0869390    0.1895370
51398260    0.1249023    0.1485220
83265941    0.1260843    0.0801436
21064358    0.1029364    0.0477327
97428650    0.1566038    0.1297222
12904576    0.3852948    0.4090579
50648317    0.3646901    0.3938385
76415208    0.0900140    0.1126750
16958274    0.0291058    0.0639502
62157849    0.1091794    0.0740812
94715302    0.3625983    0.3507479
98016472    0.1913138    0.1529801
54789260    0.0388761    0.1237709
50836291    0.1281155    0.1959503
37049621    0.1162308    0.1078647
62945318    0.1630607    0.1397201
43790281    0.0475672    0.0621765
39186520    0.1250224    0.1655679
12086359    0.0064457    0.0518803
67851930    0.1565579    0.1574143
27159836    0.0332070    0.0117154
34072651    0.0493279    0.0349009
81294637    0.2323228    0.1430546
93270846    0.3896023    0.4534047
71248596    0.0827905    0.1541668
32508179    0.0563334    0.0331755
56124780    0.1965039    0.1786147
23705914    0.1015233    0.1517637
97183264    0.3591365    0.4111862
43206985    0.1951650    0.2088067
83197206    0.2185750    0.2244313
12064358    0.1449998    0.1424721
93608745    0.2518492    0.1505224
50619347    0.3196470    0.3046678
67381945    0.1065278    0.0603140
16504783    0.2812308    0.2681326
52948361    0.0420176    0.0131953
56893071    0.1657909    0.1624988
71465098    0.3067145    0.2943500
65483790    0.0322079    0.0595200
95267031    0.1225485    0.1339302
63175049    0.2735692    0.2627179
34982675    0.0478840    0.0149057
20694735    0.0069220    0.0358059
38549061    0.3059458    0.2584592
18325407    0.3715184    0.3046210
61784935    0.0502294    0.0622991
72015384    0.5095192    0.3822862
93481752    0.2718664    0.1597027
16943087    0.1024783    0.1387818
67239801    0.1973108    0.1494072
60573841    0.0080028    0.1396417
10378294    0.3021635    0.1881374
46752830    0.5220824    0.6379768
25986740    0.1667644    0.1565287
50129364    0.3502489    0.3713381
31879054    0.3563824    0.3234966
39720486    0.2953125    0.2175677
23074169    0.4747303    0.3557504
58346072    0.3937567    0.4728264
67435291    0.3115513    0.3790770
23750186    0.1395542    0.0779894
67409258    0.3510112    0.2765616
35897402    0.4143970    0.4464813
82609473    -0.0309462    0.0494375
24501987    0.1447957    0.1401135
81693024    0.1615259    0.1793985
34012568    0.4028562    0.4730699
75149062    0.1247694    0.1269602
62941037    0.3422488    0.2774694
85397462    0.1461277    0.1895466
13658924    0.0792403    -0.0110066
34209168    0.1613672    0.1611813
70264158    0.1874085    0.1276455
45068793    0.0582267    -0.0507100
47098521    0.1130693    0.1507262
67198240    0.4920497    0.4343366
30975426    0.2825031    0.2495237
56920873    0.2995450    0.3214890
87563140    0.2003200    0.2219863
12304586    0.2230351    0.2298760
45628709    0.1130647    0.0907308
38702645    0.1698794    0.1894714
12458390    0.1245855    0.1277350
72803641    0.0189457    0.0259694
91052873    0.1417432    0.1111515
94130527    0.1603314    0.1787569
50987241    0.2942135    0.2642748
15860437    0.1634063    0.1534908
41253670    0.2920886    0.2361798
70251698    0.3058280    0.2131734
31254760    0.4422659    0.3322361
37068241    0.4272806    0.2819967
52634817    0.2849960    0.2003260
56489170    0.3309727    0.2876607
80163975    -0.0812560    -0.0664827
79324150    0.1327389    0.1259218
47812905    0.1007904    0.0317083
20419573    0.2637484    0.2388115
96138204    0.1449491    0.1227087
61792438    0.2751650    0.2344768
92165478    0.3181673    0.2467426
40596718    0.1890510    0.2953015
64213980    0.0801635    0.0727024
89604375    0.5544792    0.4641543
62897034    0.1620364    0.1104004
46879352    0.1105719    0.0981362
43208516    0.2005489    0.1977545
71403958    0.3880658    0.3767326
57043269    0.2307362    0.1594647
97408251    0.0528856    0.0724825
20519736    0.2078745    0.1679461
58642793    0.1629138    0.1750758
24035867    0.2180151    0.2571817
71453068    0.0661260    0.0710264
78691503    0.3143425    0.2672445
59481307    0.1335299    0.0759937
20819547    0.4023762    0.3500856
68427591    0.0416545    0.1000687
45726190    0.1449229    0.0936364
43065218    0.2726136    0.1766747
86192507    0.0664135    0.0543055
95240316    0.1675703    0.1708319
41085739    0.2158497    0.1149310
30694825    0.0365880    0.1142006
79631548    0.1812138    0.1296217
65790324    0.0046216    0.1045891
48270965    -0.0273596    0.0528329
10857693    0.2848121    0.2820952
41267093    0.0940958    0.1905119
40236598    0.1331878    0.1205836
74920568    0.0942004    0.1111314
71305486    0.5131515    0.5038986
54879302    0.2807025    0.2085846
59230168    0.1671241    0.1937173
82769514    0.1071274    0.0670722
