5738926    0.3573479    0.4337624
9380175    0.2946367    0.2158799
4976231    0.4576726    0.3725508
1302765    0.3472123    0.2752548
5683192    0.4733342    0.3724488
7243896    0.3525857    0.3480667
3215784    0.0695981    0.0602013
7160483    0.4047953    0.3690221
9605831    0.1809202    0.2000491
4306815    0.5216363    0.3627127
2819470    0.3080540    0.2405530
3514269    0.2860579    0.3316142
2514308    0.3364096    0.3271925
9840216    0.0807284    0.0448067
9267581    0.1851758    0.1619953
6530821    0.3380645    0.3195509
5187042    0.1334780    0.1498602
7190582    0.5212715    0.5945880
6319528    0.3046428    0.2834041
8605217    0.2345106    0.2017598
5469827    0.0416673    -0.0338359
2361549    0.1515017    0.2082266
4203176    0.0868008    0.1134285
2931756    0.2538077    0.2298339
6543129    0.4651338    0.4396617
4309715    0.1303742    0.1381097
1098653    0.2683512    0.3453773
9461730    0.1967047    0.2233862
5308146    0.4128936    0.4695190
6752138    0.1926357    0.1770479
2487590    0.1245996    0.1210565
7985463    0.1468814    0.1513060
9765234    0.3451286    0.3735514
2568307    0.2370991    0.2090116
7254913    0.0828423    0.1002208
3014689    0.2795749    0.2900862
8410523    0.3938945    0.4262630
2045968    0.1103608    0.0515242
6315928    0.2469237    0.1634256
5178439    0.3721354    0.3938308
1059674    0.2535736    0.2576647
6703951    0.2923357    0.2437135
3469512    0.2516770    0.2542852
4987650    0.2964038    0.2708240
6930741    0.1099527    0.1037707
4807153    0.1503095    0.1682092
3741296    0.0530962    0.1003311
3578406    0.1215780    0.0870248
2694380    0.2196963    0.2105591
5619803    0.1762386    0.2474940
5146839    0.5332805    0.4087308
4867502    0.3658697    0.3111699
7126859    0.0000346    0.0523164
9381746    0.2999753    0.3041768
7369148    0.4514948    0.4097873
5170386    0.0831770    0.1062288
5160827    0.1363529    0.1684618
6491783    0.2638982    0.3046089
1340285    0.1161054    0.1142300
4750928    0.4639964    0.5008958
3204167    0.3540025    0.3939919
4265083    0.3106906    0.2655669
1487932    0.4101857    0.4375631
9607438    0.1222324    0.1735782
8290476    0.2635870    0.2885136
5891230    0.2276907    0.2059682
6135948    0.4934883    0.6095829
9576032    0.5069458    0.4116022
2096537    0.5723276    0.4381620
6851203    0.2527070    0.2661077
2845369    0.2818527    0.3829910
6278590    0.0292114    0.1152657
3645207    0.1910296    0.2117016
6594182    0.0526440    0.1065139
6039182    0.2504354    0.2346414
7348562    0.3256060    0.3279803
9084715    0.0584843    0.1536653
3015264    0.2364364    0.1518210
3254689    0.3482216    0.4618607
7521463    0.3398980    0.3388932
5197243    0.5915708    0.6176239
7804269    0.1723401    0.1507849
6982735    0.1570534    0.1563447
1069425    0.5509495    0.5026003
9450781    0.3211172    0.2929781
4932856    0.2126629    0.1822193
8496023    0.1516259    0.1422103
9467830    -0.0446479    0.0103235
6175483    0.4677562    0.5387515
5372069    0.3426059    0.3399395
8643509    0.4373056    0.4239986
9618250    0.1745989    0.1528947
7548206    0.3996251    0.4015416
6748193    0.2073776    0.2211608
7905641    0.2707025    0.2580965
6138297    0.0625853    0.1724533
2541903    0.3190446    0.2928557
4637091    0.4661794    0.4023985
4352098    0.3358923    0.5526862
1804532    0.1433767    0.1203736
5894621    0.2282716    0.2010195
9328467    0.5027560    0.4156396
2836405    0.2381882    0.2141367
6283704    0.0842864    0.1623386
2078916    0.2681468    0.2894581
9257083    0.5751210    0.6324245
3892147    0.0673109    0.1419776
7803256    0.3907403    0.3660356
5648371    0.2782824    0.2939970
3786905    0.2339949    0.2316800
2317805    0.4805482    0.5190712
3612974    0.1838014    0.2417073
9518437    0.1673752    0.1374935
2943061    0.1322802    0.1597987
6342708    0.0867694    0.1110806
1743698    0.3903206    0.3297602
1279568    -0.0397060    0.0512661
2941375    0.1039866    0.1257285
1056832    0.1398216    0.0354180
3891520    0.3327236    0.3822697
3149850    0.0295857    0.1268671
5693807    0.1703150    0.2122357
3296450    0.5973707    0.4209521
8317509    0.1872364    0.1994272
2465970    0.2177032    0.1920668
7130825    0.2484626    0.1747723
2198367    0.0754390    0.0487371
7063891    0.3753386    0.3058252
5123968    0.5559287    0.6479068
2673845    0.5641396    0.4596464
9084235    0.2844537    0.2850878
9603748    0.2451397    0.3538675
5062718    0.3932812    0.3849683
4123795    -0.0081841    0.1251749
9546732    0.3262210    0.2512301
6902314    0.1831756    0.1312119
9501276    0.0174545    0.0403110
5183609    0.5404390    0.4773960
3264017    0.1892763    0.2341921
9731406    0.1191694    0.1427075
