7243896    0.3525857    0.2458983
5619803    0.1762386    0.1738772
6982735    0.1570534    0.0399185
9381746    0.2999753    0.2444764
1735482    0.1225054    0.1416963
5648371    0.2782824    0.3520730
3149850    0.0295857    0.0732555
5140362    0.3208159    0.2494614
7905641    0.2707025    0.3116360
3741296    0.0530962    0.1087285
6342708    0.0867694    0.0621842
4768210    0.6686979    0.5451418
3014689    0.2795749    0.3053382
6278590    0.0292114    -0.0411699
4932856    0.2126629    0.2304016
1069425    0.5509495    0.4271444
2018563    0.3960066    0.5594367
2645180    0.2137118    0.2183218
5267094    0.2599849    0.3137746
9501276    0.0174545    0.0689644
6039182    0.2504354    0.2827935
4976231    0.4576726    0.4335093
2078916    0.2681468    0.2488909
7190582    0.5212715    0.3941739
4267580    0.4071005    0.3572696
8054917    0.3262745    0.2120364
1320567    0.2311754    0.1896767
7521463    0.3398980    0.3087745
8521307    0.3988584    0.1547398
2317805    0.4805482    0.4897566
7254913    0.0828423    0.0733070
2739650    0.1539570    0.0846339
3514269    0.2860579    0.2316129
1694783    0.0640252    0.2487250
9182473    0.1916796    0.2325495
6135948    0.4934883    0.3471197
7932580    0.4682114    0.4157367
4750928    0.4639964    0.4035341
4987650    0.2964038    0.2368599
9084715    0.0584843    0.0629147
1743698    0.3903206    0.3181474
8613947    0.2891041    0.1574580
7985463    0.1468814    0.1143202
6971305    0.4535946    0.4371256
2694380    0.2196963    0.1294875
5891230    0.2276907    0.2602580
6319528    0.3046428    0.2521838
9467830    -0.0446479    0.1009720
1365094    0.2127880    0.2317064
5894621    0.2282716    0.2841861
9720165    0.4198961    0.3042075
1302765    0.3472123    0.3006222
8597263    0.1450746    0.1787981
4127693    0.3656554    0.3038912
6138297    0.0625853    0.0799403
9618250    0.1745989    0.2001794
9450781    0.3211172    0.3742597
5831672    0.2538592    0.2128385
6895471    0.5201627    0.4301499
3891520    0.3327236    0.2271730
3041965    0.4253836    0.2422101
6543129    0.4651338    0.4396050
9546732    0.3262210    0.1674086
8397402    -0.0295911    0.0768905
4692830    0.5977371    0.4527641
7348562    0.3256060    0.3112448
1923504    0.4565430    0.4538229
3254689    0.3482216    0.4222173
4265083    0.3106906    0.1831200
2943061    0.1322802    0.0889177
5170386    0.0831770    0.3280460
1895642    0.3019776    0.3508712
9317528    0.2727551    0.1331775
6902314    0.1831756    0.2258425
9840216    0.0807284    0.0738233
4309715    0.1303742    0.0946259
3469512    0.2516770    0.1714109
5294037    0.3698771    0.3430730
6025847    0.3156327    0.3705744
7483150    0.3565000    0.3969211
7803256    0.3907403    0.3221515
6594182    0.0526440    0.0463561
3296450    0.5973707    0.4202131
3786905    0.2339949    0.2443688
4935860    0.2500624    0.3440922
5814072    0.1933573    0.2210097
3740286    0.4547719    0.6060371
6091584    0.0551016    0.0559394
7160483    0.4047953    0.2616436
4528069    0.1329296    0.2000026
3204167    0.3540025    0.3514092
3061874    0.2808881    0.1947130
6748193    0.2073776    0.2293626
5183609    0.5404390    0.4698777
6315928    0.2469237    0.2899988
5160827    0.1363529    0.1593201
3582067    0.3364838    0.3550318
8410523    0.3938945    0.2849377
3821574    0.3310490    0.2885496
5749680    0.1812531    0.2523123
7130825    0.2484626    -0.0003835
9317254    0.3729283    0.3235786
1260374    0.0731026    0.0864206
1790246    0.2481418    0.2483634
1487932    0.4101857    0.4094425
9603748    0.2451397    0.2986083
9605831    0.1809202    0.2417965
2096537    0.5723276    0.5262527
2487590    0.1245996    0.1247386
1056832    0.1398216    0.0388031
9731406    0.1191694    0.1606657
7804269    0.1723401    0.1283033
3645207    0.1910296    0.2254707
1279568    -0.0397060    0.0613458
9321840    0.4420901    0.3340033
4165972    0.2014961    0.1908740
5902371    0.2322153    0.2828963
3892147    0.0673109    0.0907791
2498173    0.3937241    0.2887377
2845369    0.2818527    0.3310482
2643098    0.2184954    0.2714525
2465970    0.2177032    0.0938449
5372069    0.3426059    0.2421408
9765234    0.3451286    0.2044898
3092751    0.0439309    0.2363646
3250478    0.0873304    0.1407506
8643509    0.4373056    0.3048392
9157643    0.4749572    0.3524134
5178439    0.3721354    0.3258584
5693807    0.1703150    0.3289827
9180765    0.1868605    0.2782672
5308146    0.4128936    0.2625695
7918026    0.0989480    0.0508714
1340285    0.1161054    0.0248225
6271834    0.0263550    0.0313513
6752138    0.1926357    0.1783927
5469827    0.0416673    0.0324270
5718692    0.1730530    0.2413324
4857263    0.3738794    0.3383961
5187042    0.1334780    0.0850874
