6748193    0.2073776    0.1251747
3514269    0.2860579    0.2053281
59481307    0.1335299    0.1120322
5762910    0.2062399    0.2875495
59387142    0.2924146    0.2742364
87563140    0.2003200    0.1676086
43972106    0.3626580    0.5896056
97428650    0.1566038    0.0890303
6342708    0.0867694    0.1077250
9267581    0.1851758    0.3156990
6902314    0.1831756    0.1929603
52634817    0.2849960    0.1734794
67409258    0.3510112    0.1979838
5140362    0.3208159    0.4120195
4352098    0.3358923    0.3724484
32714856    0.3173793    0.1730272
59230168    0.1671241    0.1399586
87932541    0.1275321    0.0326695
42368795    0.4455477    0.3926619
8512390    0.3917661    0.4192863
62157849    0.1091794    0.2005495
1069425    0.5509495    0.5265160
58642793    0.1629138    0.1017650
3741296    0.0530962    0.0997953
80163975    -0.0812560    0.0303545
16375284    0.2126535    0.1653899
8290476    0.2635870    0.3302457
70251698    0.3058280    0.2443024
9245670    0.3915895    0.3439785
39720486    0.2953125    0.2667479
9765234    0.3451286    0.3020877
8463201    0.3381932    0.4093584
1923504    0.4565430    0.5352588
38549061    0.3059458    0.3075325
12086359    0.0064457    0.0737955
69538402    0.4654601    0.4235063
24501987    0.1447957    0.1443488
9467830    -0.0446479    0.1748008
43065218    0.2726136    0.0974929
50619347    0.3196470    0.2726173
3821574    0.3310490    0.3116478
54879302    0.2807025    0.3546920
4768210    0.6686979    0.4926161
7243896    0.3525857    0.1669154
4267580    0.4071005    0.3368097
2739650    0.1539570    0.1658223
3264017    0.1892763    0.1932278
1340285    0.1161054    0.0579200
4932856    0.2126629    0.1760110
20456318    0.0361747    0.0556544
63175049    0.2735692    0.2042174
16958274    0.0291058    0.0930559
2836405    0.2381882    0.1956469
89604375    0.5544792    0.3937869
9084715    0.0584843    0.0789383
2845369    0.2818527    0.1881559
68427591    0.0416545    0.1429957
50987241    0.2942135    0.3217578
2645180    0.2137118    0.1826795
67198240    0.4920497    0.4202856
94185602    0.0684437    0.1194915
84036972    0.2046254    0.1560786
47812905    0.1007904    0.0696997
42936180    0.4175026    0.2589163
3041965    0.4253836    0.2700746
96138204    0.1449491    0.0685643
97408251    0.0528856    0.1531714
1260374    0.0731026    0.1554210
95267031    0.1225485    0.1612546
1279568    -0.0397060    0.1876772
25976038    0.2738430    0.1194412
9576032    0.5069458    0.5906782
94528706    0.1321287    0.1500762
6135948    0.4934883    0.3223068
75684932    0.2416156    0.2625942
93608745    0.2518492    0.2229028
46752830    0.5220824    0.3704038
4309715    0.1303742    0.1064096
3280951    0.0553783    0.0758174
12458390    0.1245855    0.1800040
89231046    0.0701274    0.1573928
85397462    0.1461277    0.1948103
95063127    0.3365001    0.1916349
38960417    0.0926794    0.1824461
9450781    0.3211172    0.4717281
64021875    0.1019267    0.1602840
5894621    0.2282716    0.2921937
3254689    0.3482216    0.3837447
62945318    0.1630607    0.1915621
6543129    0.4651338    0.3127481
6491783    0.2638982    0.1536223
3014689    0.2795749    0.2961759
6315928    0.2469237    0.3297304
9840216    0.0807284    0.0782130
74920568    0.0942004    0.2125292
86192507    0.0664135    0.1459560
78510264    0.0811135    0.1802907
87904612    0.1259729    0.1782081
5062718    0.3932812    0.3126457
2514308    0.3364096    0.2670507
6530821    0.3380645    0.3057086
2643098    0.2184954    0.2219284
9605831    0.1809202    0.3477737
32875906    0.3579376    0.3013902
9317254    0.3729283    0.4193388
81693024    0.1615259    0.1789208
49670328    0.1332543    0.2099456
4165972    0.2014961    0.1633055
3250478    0.0873304    0.2152282
3612974    0.1838014    0.2226624
8496023    0.1516259    0.1033171
3061874    0.2808881    0.2820067
71204863    0.2342260    0.1865454
43860715    0.0869390    0.2255622
9138254    0.2920520    0.3697191
93507642    0.2040192    0.1923890
9518642    0.5007111    0.4133303
72150386    -0.0355079    0.0531616
34209168    0.1613672    0.1624641
72015384    0.5095192    0.4646764
75149062    0.1247694    0.0971245
6278590    0.0292114    0.0979415
27159836    0.0332070    0.0273058
1694783    0.0640252    0.0974810
10857693    0.2848121    0.1496345
5267094    0.2599849    0.2362805
2465970    0.2177032    0.0808153
5814072    0.1933573    0.2062992
4637091    0.4661794    0.5012748
7803256    0.3907403    0.3539928
8521307    0.3988584    0.2642998
23750186    0.1395542    0.1294901
2018563    0.3960066    0.4606549
50942871    0.0802008    0.0766751
5308146    0.4128936    0.3108571
6271834    0.0263550    0.1015839
23705914    0.1015233    0.2078422
9380175    0.2946367    0.1946829
2487590    0.1245996    0.1760872
43208516    0.2005489    0.0641466
30694825    0.0365880    0.1495209
35842190    0.0440798    0.1284173
2453071    0.2434675    0.2199487
56893071    0.1657909    0.1569390
4750928    0.4639964    0.3997501
37068241    0.4272806    0.6012092
56140738    0.3249323    0.1629161
50129364    0.3502489    0.1514707
19483527    0.1787383    0.2034266
40326571    0.2393876    0.2164465
20419573    0.2637484    0.1114228
62941037    0.3422488    0.2450864
6091584    0.0551016    0.1554945
32156478    0.0373923    0.0680142
38702645    0.1698794    0.1669972
5718692    0.1730530    0.2041799
3645207    0.1910296    0.2331502
93270846    0.3896023    0.4182708
13085762    0.3273837    0.3431673
4935860    0.2500624    0.2878898
40596718    0.1890510    0.2318557
41267093    0.0940958    0.1750943
82769514    0.1071274    0.2451259
3740286    0.4547719    0.3948626
3296450    0.5973707    0.4200205
82354971    0.0228063    0.1441103
93481752    0.2718664    0.1696800
2941375    0.1039866    0.1658562
43206985    0.1951650    0.1031824
6971305    0.4535946    0.4445089
5183609    0.5404390    0.5010647
96302148    0.2372141    0.2181344
34012568    0.4028562    0.4208118
2931756    0.2538077    0.2402723
17042638    0.1411405    0.1934842
9583261    0.3440669    0.3681457
79324150    0.1327389    0.1334171
23045176    0.3178396    0.3422024
8927605    0.1242698    0.0996425
5693807    0.1703150    0.4025873
78351290    0.2346316    0.3360047
95308671    0.2649733    0.1188339
4063285    0.2597609    0.3233695
4528069    0.1329296    0.1104948
17596823    0.0303843    0.1456268
34982675    0.0478840    0.0569615
4327501    0.2126635    0.1949642
9425807    0.3096627    0.3485153
4265083    0.3106906    0.2517495
82609473    -0.0309462    0.0925889
9328467    0.5027560    0.4374259
19436725    0.1565862    0.1465025
12507849    0.1052662    0.1304401
32450971    0.1140205    0.1325695
31254760    0.4422659    0.3066713
52948361    0.0420176    0.0831236
9618250    0.1745989    0.2239178
9546732    0.3262210    0.3311673
51398260    0.1249023    0.1536729
68293104    0.0358413    0.0437690
6594182    0.0526440    0.0896718
35280617    -0.0191183    0.1209676
84135296    0.0717320    0.1482785
54789260    0.0388761    0.1741715
4328571    0.3664831    0.3169391
1705239    0.2730497    0.2978702
2819470    0.3080540    0.2572718
7190582    0.5212715    0.2681869
6752138    0.1926357    0.2243484
2043178    0.4086680    0.4431746
63975401    -0.0284755    0.0711940
50836291    0.1281155    0.2014825
3469512    0.2516770    0.1942286
4306815    0.5216363    0.4672911
9706385    0.3472344    0.3267299
5683192    0.4733342    0.3744825
51763480    0.4308012    0.4660219
43780952    0.3129933    0.1484141
70843926    0.2776558    0.1481082
7160483    0.4047953    0.3783050
57129046    0.0741950    0.0880811
2045968    0.1103608    0.1362856
20819547    0.4023762    0.3341517
41085739    0.2158497    0.1410378
65483790    0.0322079    0.0673496
6175483    0.4677562    0.3668290
7130825    0.2484626    0.1395597
7985463    0.1468814    0.1693788
14387690    0.2061633    0.1896616
61487350    0.1231352    0.1578938
32508179    0.0563334    0.0896450
8653417    0.1287219    0.3108585
13480652    0.2119081    0.1418490
3149850    0.0295857    0.0484263
5902371    0.2322153    0.2158468
1790246    0.2481418    0.3091881
6423907    0.2354790    0.1470145
9518437    0.1673752    0.1930284
48270965    -0.0273596    0.0497395
7369148    0.4514948    0.4100369
72153046    0.0292038    0.2234302
5294037    0.3698771    0.2962795
1365094    0.2127880    0.2723394
62897034    0.1620364    0.1806322
97183264    0.3591365    0.3532157
94130527    0.1603314    0.2460676
3582067    0.3364838    0.3386628
85709634    0.1365534    0.1225421
6319528    0.3046428    0.2253269
82139740    0.3176008    0.2054299
13658924    0.0792403    0.1152751
7932580    0.4682114    0.4673616
2198367    0.0754390    0.1937441
56124780    0.1965039    0.1486513
71453068    0.0661260    0.1765971
2568307    0.2370991    0.3213832
6138297    0.0625853    0.1305131
4123795    -0.0081841    0.1568944
83197206    0.2185750    0.1734296
56489170    0.3309727    0.1880743
9321840    0.4420901    0.4067173
7521463    0.3398980    0.3663353
26408915    0.1213319    0.1850864
7905641    0.2707025    0.3304478
78691503    0.3143425    0.1096609
15780629    0.4336775    0.2192904
71465098    0.3067145    0.2909621
27845619    0.2513606    0.3498798
34189275    0.0542352    0.1425112
71248596    0.0827905    0.1214820
9720165    0.4198961    0.3005721
81294637    0.2323228    0.2270853
92165478    0.3181673    0.3108308
61932785    0.2703631    0.2171760
2317805    0.4805482    0.4925816
83265941    0.1260843    0.1261763
21064358    0.1029364    0.1179768
65349018    0.3772913    0.2607137
9607438    0.1222324    0.1479053
85902746    0.2217552    0.3043719
