5619803    0.1762386    0.2347852
2845369    0.2818527    0.2630130
1279568    -0.0397060    -0.1241964
6039182    0.2504354    0.1715849
2673845    0.5641396    0.5479227
4309715    0.1303742    0.1569448
7130825    0.2484626    0.2204389
3578406    0.1215780    0.0987074
7803256    0.3907403    0.3543553
5469827    0.0416673    0.0853506
5140362    0.3208159    0.3411679
9180765    0.1868605    0.2061069
4127693    0.3656554    0.2728967
4976231    0.4576726    0.4236212
5814072    0.1933573    0.1071892
2078916    0.2681468    0.2734739
8597263    0.1450746    0.1894509
3250478    0.0873304    0.1563267
2869347    0.3789614    0.3257996
5902371    0.2322153    0.2704054
5170386    0.0831770    0.1458682
4857263    0.3738794    0.3912891
3254689    0.3482216    0.2871175
6135948    0.4934883    0.3780220
5762910    0.2062399    0.3551713
4807153    0.1503095    0.1823844
2760143    0.3529654    0.2698017
1320567    0.2311754    0.2198625
8397402    -0.0295911    -0.0207216
9381746    0.2999753    0.2979009
5683192    0.4733342    0.4204167
9461730    0.1967047    0.1974114
8410523    0.3938945    0.3048556
5831672    0.2538592    0.2575967
5267094    0.2599849    0.3269562
9257083    0.5751210    0.4605292
5197243    0.5915708    0.3679868
6930741    0.1099527    0.1425701
1790246    0.2481418    0.3376655
9317528    0.2727551    0.1838765
8290476    0.2635870    0.2675339
3740286    0.4547719    0.5509709
2819470    0.3080540    0.2712448
9380175    0.2946367    0.2076877
7254913    0.0828423    0.0941974
2694380    0.2196963    0.2628141
6138297    0.0625853    0.1150954
5183609    0.5404390    0.5237949
4165230    0.0664882    0.2033994
2384019    0.2573606    0.2382996
1340285    0.1161054    0.0703493
2198367    0.0754390    0.1901890
3215784    0.0695981    0.0325883
2836405    0.2381882    0.2507262
2643098    0.2184954    0.2143269
1059674    0.2535736    0.3064048
4867502    0.3658697    0.3317983
5178439    0.3721354    0.3292133
9583261    0.3440669    0.3019126
7932580    0.4682114    0.4048288
6491783    0.2638982    0.2277963
9518642    0.5007111    0.4462865
1365094    0.2127880    0.2343332
7819360    0.3202660    0.3715853
3821574    0.3310490    0.2819093
3264017    0.1892763    0.2056935
1923504    0.4565430    0.3809427
2045968    0.1103608    0.1344128
5891230    0.2276907    0.1999252
6594182    0.0526440    0.0796339
7243896    0.3525857    0.3509141
2018563    0.3960066    0.3724781
9720165    0.4198961    0.2889381
7918026    0.0989480    0.0820150
6851203    0.2527070    0.2295941
2568307    0.2370991    0.1434793
6271834    0.0263550    0.1191801
1069425    0.5509495    0.4615849
3627410    0.1778646    0.1693435
9546732    0.3262210    0.2320606
7190582    0.5212715    0.3378344
9182473    0.1916796    0.2106523
9576032    0.5069458    0.4366475
3296450    0.5973707    0.4783239
5749680    0.1812531    0.2469922
2487590    0.1245996    0.1110321
1705239    0.2730497    0.2189305
5160827    0.1363529    0.2375206
6423907    0.2354790    0.1715113
9084715    0.0584843    -0.0241581
6752138    0.1926357    0.2023611
8463201    0.3381932    0.3700856
9328467    0.5027560    0.4677660
2453071    0.2434675    0.2371827
2043178    0.4086680    0.3293726
4987650    0.2964038    0.2925473
8521307    0.3988584    0.2589304
2931756    0.2538077    0.2756171
5196087    0.4362904    0.3748237
4063285    0.2597609    0.3227540
4165972    0.2014961    0.1816898
7483150    0.3565000    0.3319600
9138254    0.2920520    0.2870478
7905641    0.2707025    0.2929312
2317805    0.4805482    0.3095206
9450781    0.3211172    0.2517182
2158347    0.3815083    0.3571802
4306815    0.5216363    0.4084811
4693502    0.1955602    0.2201738
9765234    0.3451286    0.3601460
4267580    0.4071005    0.4347758
9354761    0.1451593    0.1071478
4352098    0.3358923    0.3984716
1487932    0.4101857    0.4676273
4935860    0.2500624    0.2906230
5062718    0.3932812    0.3438359
5308146    0.4128936    0.3786380
3741296    0.0530962    0.0136231
7521463    0.3398980    0.3302592
2943061    0.1322802    0.2313608
2465970    0.2177032    0.1371103
6175483    0.4677562    0.3852306
7369148    0.4514948    0.4117536
6278590    0.0292114    0.0197591
9731406    0.1191694    0.1571560
9607438    0.1222324    0.1072068
7985463    0.1468814    0.1051918
4265083    0.3106906    0.3247868
3280951    0.0553783    -0.0452584
4528069    0.1329296    0.0790991
5714096    0.3797141    0.3341898
9157643    0.4749572    0.3452809
3469512    0.2516770    0.2213502
2541903    0.3190446    0.3212988
6091584    0.0551016    -0.0643740
1804532    0.1433767    0.1110144
5372069    0.3426059    0.2838505
3891520    0.3327236    0.3016728
9084235    0.2844537    0.2470418
3149850    0.0295857    0.0143399
