4165972    0.2014961    0.1935712
6091584    0.0551016    0.1875376
8927605    0.1242698    0.1824202
9354761    0.1451593    0.2021026
9380175    0.2946367    0.3558638
4807153    0.1503095    0.1893596
3740286    0.4547719    0.3523945
6315928    0.2469237    0.2011279
4987650    0.2964038    0.3311173
1056832    0.1398216    0.0472936
2081546    0.4467185    0.3886346
4127693    0.3656554    0.3476988
2673845    0.5641396    0.4437734
9706385    0.3472344    0.4385406
3578406    0.1215780    0.0971242
2943061    0.1322802    0.1354807
5902371    0.2322153    0.2155346
3891520    0.3327236    0.3396857
2078916    0.2681468    0.3271568
7160483    0.4047953    0.3470701
9317528    0.2727551    0.3112405
8397402    -0.0295911    0.0963462
9267581    0.1851758    0.2030932
5196087    0.4362904    0.4110542
6895471    0.5201627    0.3703519
8290476    0.2635870    0.2468958
1069425    0.5509495    0.4345938
2845369    0.2818527    0.3159987
1743698    0.3903206    0.3307645
7369148    0.4514948    0.4311432
5732806    0.2107367    0.1674104
3149850    0.0295857    0.1324894
6342708    0.0867694    -0.0288549
6175483    0.4677562    0.4427290
4768210    0.6686979    0.6684438
8317509    0.1872364    0.1177123
4328571    0.3664831    0.3639790
4693502    0.1955602    0.1759633
2096537    0.5723276    0.4301084
2931756    0.2538077    0.2321495
5714096    0.3797141    0.4308867
2514308    0.3364096    0.3231766
2819470    0.3080540    0.2515578
6025847    0.3156327    0.2661954
3786905    0.2339949    0.2011671
9501276    0.0174545    0.0347436
9583261    0.3440669    0.4295060
7483150    0.3565000    0.4474354
7803256    0.3907403    0.4281444
9180765    0.1868605    0.1858812
1705239    0.2730497    0.2656609
1059674    0.2535736    0.2308038
2453071    0.2434675    0.1901061
5831672    0.2538592    0.2650570
6039182    0.2504354    0.2316956
4692830    0.5977371    0.5103240
1790246    0.2481418    0.2456996
5308146    0.4128936    0.4037225
7548206    0.3996251    0.3758650
5894621    0.2282716    0.2870120
8410523    0.3938945    0.4066285
4165230    0.0664882    0.1178734
6283704    0.0842864    0.1447494
5619803    0.1762386    0.0873243
7985463    0.1468814    0.0804058
4976231    0.4576726    0.3706849
5372069    0.3426059    0.2592284
5469827    0.0416673    0.1641151
2198367    0.0754390    0.1062851
1694783    0.0640252    0.0247804
9765234    0.3451286    0.3162318
2018563    0.3960066    0.3487472
9328467    0.5027560    0.5029663
6271834    0.0263550    0.1933413
1279568    -0.0397060    0.0768253
5718692    0.1730530    0.2069431
9450781    0.3211172    0.2882549
2498173    0.3937241    0.4454794
7905641    0.2707025    0.2938108
5183609    0.5404390    0.2974127
5197243    0.5915708    0.5777781
9518642    0.5007111    0.4570897
3061874    0.2808881    0.2731278
4265083    0.3106906    0.2550497
6851203    0.2527070    0.1894791
4857263    0.3738794    0.3896486
8653417    0.1287219    0.1600107
9467830    -0.0446479    -0.0221791
6703951    0.2923357    0.2975769
9731406    0.1191694    0.1435344
4637091    0.4661794    0.3890921
9607438    0.1222324    0.1791096
7254913    0.0828423    0.1292104
1260374    0.0731026    -0.0221971
8315042    0.3440053    0.3955613
2043178    0.4086680    0.4153020
1923504    0.4565430    0.3836583
5648371    0.2782824    0.3340110
4750928    0.4639964    0.4184494
6423907    0.2354790    0.2299782
5683192    0.4733342    0.5193942
9461730    0.1967047    0.1987643
3514269    0.2860579    0.3113393
6319528    0.3046428    0.3775857
3056417    0.3964929    0.3282824
2384019    0.2573606    0.2072965
5187042    0.1334780    0.1701904
1098653    0.2683512    0.2839425
4867502    0.3658697    0.3183722
5178439    0.3721354    0.3848338
8496023    0.1516259    0.1147499
3645207    0.1910296    0.1690300
9182473    0.1916796    0.3902437
2941375    0.1039866    0.1199629
4203176    0.0868008    0.1154101
8512390    0.3917661    0.4547597
2361549    0.1515017    0.2471412
5146839    0.5332805    0.5911598
8054917    0.3262745    0.3086310
4123795    -0.0081841    0.0318467
6278590    0.0292114    0.1265943
6807539    0.3188515    0.3135770
5738926    0.3573479    0.3849474
7130825    0.2484626    0.1973478
9138254    0.2920520    0.3003105
6748193    0.2073776    0.2128708
1320567    0.2311754    0.2081580
9245670    0.3915895    0.2974425
3612974    0.1838014    0.1885186
1302765    0.3472123    0.3509932
9518437    0.1673752    0.1966589
5062718    0.3932812    0.4069064
3014689    0.2795749    0.2532490
7918026    0.0989480    0.0192190
4267580    0.4071005    0.4521639
7348562    0.3256060    0.3802651
5762910    0.2062399    0.1529811
3280951    0.0553783    0.0472355
5814072    0.1933573    0.1508735
9576032    0.5069458    0.5172341
