37049621    0.1162308    0.2063349
2931756    0.2538077    0.2388905
5619803    0.1762386    0.1619155
2453071    0.2434675    0.2091327
20819547    0.4023762    0.3913344
5469827    0.0416673    0.1657632
4328571    0.3664831    0.3482486
45068793    0.0582267    0.0978838
32714856    0.3173793    0.3115710
3741296    0.0530962    0.0970117
2869347    0.3789614    0.4413478
9518437    0.1673752    0.2614472
71305486    0.5131515    0.3547762
7126859    0.0000346    0.1202229
5308146    0.4128936    0.4269781
1260374    0.0731026    0.1125501
71248596    0.0827905    0.2063349
5170386    0.0831770    0.1301183
9245670    0.3915895    0.2600439
6175483    0.4677562    0.3205267
3014689    0.2795749    0.1667270
9354761    0.1451593    0.0878669
6283704    0.0842864    0.1372993
56920873    0.2995450    0.2841052
3740286    0.4547719    0.2707663
9138254    0.2920520    0.2229031
6271834    0.0263550    0.0521409
3149850    0.0295857    0.1698849
27159836    0.0332070    0.1508621
12086359    0.0064457    0.1396205
1069425    0.5509495    0.2657615
94185602    0.0684437    0.2273230
2018563    0.3960066    0.4564481
5762910    0.2062399    0.2770886
4693502    0.1955602    0.1757853
9518642    0.5007111    0.6029682
1694783    0.0640252    0.0950484
4352098    0.3358923    0.2907138
5160827    0.1363529    0.1407841
2760143    0.3529654    0.2626140
72803641    0.0189457    0.0824574
6491783    0.2638982    0.2270116
81693024    0.1615259    0.1841111
47812905    0.1007904    0.1038401
32875906    0.3579376    0.3432263
51763480    0.4308012    0.2063349
20694735    0.0069220    0.2063349
13658924    0.0792403    0.1370315
37068241    0.4272806    0.3762876
4692830    0.5977371    0.4678798
8653417    0.1287219    0.1376605
39062841    0.0944830    0.1179567
2043178    0.4086680    0.3676907
24035867    0.2180151    0.2714053
6319528    0.3046428    0.2455103
30975426    0.2825031    0.2625520
10857693    0.2848121    0.2283386
5902371    0.2322153    0.3118416
75149062    0.1247694    0.1405139
85709634    0.1365534    0.1730537
7521463    0.3398980    0.3088037
83265941    0.1260843    0.1580673
32508179    0.0563334    0.1261765
78691503    0.3143425    0.3091398
1279568    -0.0397060    0.1651938
1743698    0.3903206    0.3013272
12064358    0.1449998    0.0971081
5749680    0.1812531    0.1856002
6930741    0.1099527    0.1649772
2694380    0.2196963    0.1050151
9180765    0.1868605    0.2063349
69578014    0.2654074    0.2667361
4976231    0.4576726    0.3657901
93481752    0.2718664    0.2429633
2836405    0.2381882    0.2726847
70251698    0.3058280    0.2635869
43208516    0.2005489    0.2389068
48270965    -0.0273596    0.1126793
4327501    0.2126635    0.2401712
2943061    0.1322802    0.1296523
2158347    0.3815083    0.2777457
6752138    0.1926357    0.1733337
3280951    0.0553783    -0.0502403
43790281    0.0475672    0.1337896
97408251    0.0528856    0.1640184
3296450    0.5973707    0.3494342
3892147    0.0673109    0.2063349
65483790    0.0322079    0.0787090
5146839    0.5332805    0.4234553
4987650    0.2964038    0.2711830
4265083    0.3106906    0.2886121
3514269    0.2860579    0.3454218
7918026    0.0989480    0.1278142
12507849    0.1052662    0.1992413
2198367    0.0754390    0.1326027
6748193    0.2073776    0.2697013
1923504    0.4565430    0.5007445
62941037    0.3422488    0.4263457
68427591    0.0416545    0.1226609
68293104    0.0358413    0.1464713
6083594    0.4033448    0.3363438
46752830    0.5220824    0.4280396
5187042    0.1334780    0.2063349
5891230    0.2276907    0.2231330
71403958    0.3880658    0.3962067
50836291    0.1281155    0.1851927
3215784    0.0695981    0.1748254
13085762    0.3273837    0.3658337
7243896    0.3525857    0.3748446
7130825    0.2484626    0.1632974
38549061    0.3059458    0.2609040
3627410    0.1778646    0.1907508
92165478    0.3181673    0.3036609
2845369    0.2818527    0.2841610
34209168    0.1613672    0.1779326
18967543    0.2637843    0.1359432
2645180    0.2137118    0.2063349
82609473    -0.0309462    0.1901862
61792438    0.2751650    0.2063349
40236598    0.1331878    0.1660834
2514308    0.3364096    0.3326850
9605831    0.1809202    0.1383072
3578406    0.1215780    0.1717747
2465970    0.2177032    0.2390324
94715302    0.3625983    0.3639306
8521307    0.3988584    0.3221200
4309715    0.1303742    0.2072458
2487590    0.1245996    0.2002542
45628709    0.1130647    0.1420217
43860715    0.0869390    0.1814894
81437256    0.3754057    0.4104970
3015264    0.2364364    0.2063349
95308671    0.2649733    0.1295922
34982675    0.0478840    0.1654153
3786905    0.2339949    0.2063349
85397462    0.1461277    0.2393014
17042638    0.1411405    0.2063349
93608745    0.2518492    0.2547476
5693807    0.1703150    0.2006950
40568932    0.1124073    0.0877718
42936180    0.4175026    0.4319041
9607438    0.1222324    0.2063349
4528069    0.1329296    0.0835130
96302148    0.2372141    0.2925449
13480652    0.2119081    0.2517561
5732806    0.2107367    0.2392861
2498173    0.3937241    0.2520683
8613947    0.2891041    0.2063349
38702645    0.1698794    0.1268795
8290476    0.2635870    0.1797217
4123795    -0.0081841    0.1497712
6342708    0.0867694    0.1699981
70843926    0.2776558    0.1795709
62945318    0.1630607    0.1726896
23750186    0.1395542    0.1345896
65374182    0.0248284    0.1360536
5267094    0.2599849    0.4161043
12904576    0.3852948    0.3501430
5894621    0.2282716    0.2417061
7932580    0.4682114    0.3912015
2568307    0.2370991    0.2063349
56893071    0.1657909    0.1934396
82354971    0.0228063    0.1168900
34681702    0.2408399    0.2590284
3821574    0.3310490    0.2883906
82139740    0.3176008    0.2187727
61927503    0.0583740    0.0866007
39186520    0.1250224    0.2029025
35897402    0.4143970    0.3160096
27156309    0.1905536    0.2550083
23045176    0.3178396    0.3335573
4768210    0.6686979    0.4421169
3891520    0.3327236    0.2059030
9840216    0.0807284    0.2063349
25986740    0.1667644    0.2352535
5814072    0.1933573    0.0866521
3056417    0.3964929    0.2929732
3061874    0.2808881    0.3199764
54789260    0.0388761    0.1046450
9380175    0.2946367    0.2196694
79324150    0.1327389    0.1843888
3204167    0.3540025    0.4023053
45726190    0.1449229    0.1459772
67198240    0.4920497    0.4169754
6543129    0.4651338    0.4514332
6982735    0.1570534    0.2577279
78510264    0.0811135    0.1516826
32450971    0.1140205    0.1771812
4750928    0.4639964    0.4791886
52948361    0.0420176    0.1461884
92057831    0.1228388    0.1990915
84036972    0.2046254    0.1838776
2673845    0.5641396    0.6212533
5831672    0.2538592    0.2837376
85902746    0.2217552    0.2233687
2739650    0.1539570    0.2063349
93507642    0.2040192    0.2063349
6703951    0.2923357    0.3028511
4960875    0.1032987    0.1682116
71204863    0.2342260    0.2333000
1320567    0.2311754    0.3154010
16375284    0.2126535    0.1783408
8315042    0.3440053    0.2692045
50942871    0.0802008    0.1725441
50129364    0.3502489    0.2944790
4165230    0.0664882    0.1228685
5062718    0.3932812    0.2760594
67851930    0.1565579    0.1746632
3645207    0.1910296    0.1585331
76402381    0.0634703    0.1636023
6851203    0.2527070    0.2968388
96138204    0.1449491    0.1580841
2081546    0.4467185    0.3578676
20456318    0.0361747    0.2063349
4935860    0.2500624    0.2787520
7063891    0.3753386    0.3705255
79631548    0.1812138    0.2092381
59806341    0.3732070    0.4150476
7804269    0.1723401    0.1875142
5123968    0.5559287    0.3620440
2384019    0.2573606    0.3219586
62897034    0.1620364    0.2011549
1735482    0.1225054    0.1271403
40326571    0.2393876    0.2200656
87932541    0.1275321    0.0416578
14387690    0.2061633    0.0761198
43065218    0.2726136    0.2063349
50648317    0.3646901    0.3746319
82769514    0.1071274    0.1570663
61784935    0.0502294    0.0827506
41253670    0.2920886    0.2544272
58642793    0.1629138    0.1331820
15860437    0.1634063    0.2039165
79648230    0.2436525    0.3673888
8927605    0.1242698    0.2067477
4306815    0.5216363    0.3583676
46879352    0.1105719    0.0998328
62157849    0.1091794    0.1433583
8605217    0.2345106    0.2527579
4637091    0.4661794    0.4091381
9317254    0.3729283    0.3960204
16943087    0.1024783    0.1614033
1302765    0.3472123    0.3512607
63175049    0.2735692    0.2597972
9425807    0.3096627    0.3370535
85320746    0.3344432    0.2430358
72150386    -0.0355079    0.1277050
9501276    0.0174545    0.1212026
3254689    0.3482216    0.3035691
2643098    0.2184954    0.2718365
74920568    0.0942004    0.2063349
4127693    0.3656554    0.3610823
54879302    0.2807025    0.3760502
10392748    0.1246251    0.0653111
1487932    0.4101857    0.3327303
9618250    0.1745989    0.1551152
9084715    0.0584843    0.0826791
7369148    0.4514948    0.2063349
20519736    0.2078745    0.1469840
31254760    0.4422659    0.4286399
80163975    -0.0812560    0.1023005
17596823    0.0303843    0.1481066
4267580    0.4071005    0.3352355
1895642    0.3019776    0.3192425
4932856    0.2126629    0.2420283
8496023    0.1516259    0.1638499
78351290    0.2346316    0.3415188
6594182    0.0526440    0.2373797
27845619    0.2513606    0.3259407
4203176    0.0868008    0.1536951
9317528    0.2727551    0.2346699
6902314    0.1831756    0.2868766
6530821    0.3380645    0.2973342
74920653    0.4227876    0.4193092
5183609    0.5404390    0.4445932
1790246    0.2481418    0.2404164
1705239    0.2730497    0.2402068
9461730    0.1967047    0.1629364
50619347    0.3196470    0.2440361
4063285    0.2597609    0.2429261
