58029641    0.1638877    0.1419695
75149062    0.1247694    0.1393159
18952376    0.0941340    0.1647611
9461730    0.1967047    0.1955435
9328467    0.5027560    0.5844529
32508179    0.0563334    0.1654817
13658924    0.0792403    0.1141362
3280951    0.0553783    0.1335214
43972106    0.3626580    0.4590325
56920873    0.2995450    0.2639434
2361549    0.1515017    0.2087110
2541903    0.3190446    0.2871346
26408915    0.1213319    0.1275863
27156309    0.1905536    0.1973990
84135296    0.0717320    0.1581819
40326571    0.2393876    0.3228936
9381746    0.2999753    0.3974656
9257083    0.5751210    0.4159063
61487350    0.1231352    0.1015785
3015264    0.2364364    0.1149264
3061874    0.2808881    0.2254319
87196024    0.1803782    0.1015136
2018563    0.3960066    0.3657674
31254760    0.4422659    0.3505934
6752138    0.1926357    0.1144878
2045968    0.1103608    0.0879663
50648317    0.3646901    0.4547696
5894621    0.2282716    0.2016909
67435291    0.3115513    0.3660944
6083594    0.4033448    0.3608183
67198240    0.4920497    0.3929957
3149850    0.0295857    0.0883201
45628709    0.1130647    0.1235688
5160827    0.1363529    0.1926221
3582067    0.3364838    0.3300695
10378294    0.3021635    0.2758197
84036972    0.2046254    0.1514762
1340285    0.1161054    0.1486693
43780952    0.3129933    0.1106652
20819547    0.4023762    0.3848373
40596718    0.1890510    0.2254891
12374650    0.1772530    0.1373956
76402381    0.0634703    0.1348372
8605217    0.2345106    0.1822863
4857263    0.3738794    0.2337151
65374182    0.0248284    0.1654817
3514269    0.2860579    0.2718735
5814072    0.1933573    0.0434093
2465970    0.2177032    0.1591942
7804269    0.1723401    0.1995427
50129364    0.3502489    0.1896346
34072651    0.0493279    0.1013386
4935860    0.2500624    0.4880061
9518642    0.5007111    0.3370203
12064358    0.1449998    0.1305277
10857693    0.2848121    0.2781178
4750928    0.4639964    0.4996095
38960417    0.0926794    0.1230963
58319420    0.0758413    -0.0138325
6025847    0.3156327    0.3082522
5187042    0.1334780    0.1789015
8597263    0.1450746    0.1593201
2760143    0.3529654    0.2939777
1932047    0.1806909    0.1311367
94528706    0.1321287    0.0768061
59806341    0.3732070    0.4599261
4976231    0.4576726    0.4322281
47812905    0.1007904    0.1069027
58346072    0.3937567    0.3518767
30694825    0.0365880    0.1198257
71465098    0.3067145    0.2741218
87563140    0.2003200    0.2315277
5738926    0.3573479    0.3352603
6271834    0.0263550    0.0801346
71403958    0.3880658    0.4213516
41085739    0.2158497    0.1411650
57129046    0.0741950    -0.0606986
5831672    0.2538592    0.2977487
6283704    0.0842864    0.1453642
34209168    0.1613672    0.1316929
4960875    0.1032987    0.1090136
3645207    0.1910296    0.1942741
5294037    0.3698771    0.2549348
74920653    0.4227876    0.3702354
98016472    0.1913138    0.1654817
81439706    0.1262791    0.1654817
2645180    0.2137118    0.2585454
10693257    0.3052177    0.2953128
2739650    0.1539570    0.1684864
7063891    0.3753386    0.3351563
9180765    0.1868605    0.2181260
9425807    0.3096627    0.1679055
69538402    0.4654601    0.3815742
32156478    0.0373923    0.0304355
71453068    0.0661260    0.0650866
54789260    0.0388761    0.0293076
3469512    0.2516770    0.2904491
92057831    0.1228388    0.1110859
15780629    0.4336775    0.4978366
97183264    0.3591365    0.3811527
87932541    0.1275321    0.0643441
5749680    0.1812531    0.2087379
9450781    0.3211172    0.2333747
20694735    0.0069220    0.1168493
5683192    0.4733342    0.4165608
7369148    0.4514948    0.5023296
83764925    0.1711960    0.1024365
5196087    0.4362904    0.4511571
5714096    0.3797141    0.2790413
19743065    0.0593324    0.0814594
16958274    0.0291058    0.1030524
3014689    0.2795749    0.3001912
8521307    0.3988584    0.3067089
93270846    0.3896023    0.4245064
74920568    0.0942004    0.0889356
5146839    0.5332805    0.3346527
12086359    0.0064457    0.0619482
79631548    0.1812138    0.1370834
4352098    0.3358923    0.3713264
97428650    0.1566038    0.1010136
8317509    0.1872364    0.1896177
2514308    0.3364096    0.2402875
32875906    0.3579376    0.3463642
6543129    0.4651338    0.3919443
4265083    0.3106906    0.2522021
3627410    0.1778646    0.1158036
8290476    0.2635870    0.2987941
5762910    0.2062399    0.2079298
8463201    0.3381932    0.2615134
4123795    -0.0081841    0.0765058
98526013    0.1456753    0.1841380
2081546    0.4467185    0.4087007
96302148    0.2372141    0.1654817
18967543    0.2637843    0.2207186
9518437    0.1673752    0.1574240
5469827    0.0416673    0.0665249
4327501    0.2126635    0.3374302
9182473    0.1916796    0.1924019
5619803    0.1762386    0.2112176
81437256    0.3754057    0.3773077
3741296    0.0530962    0.0851773
85397462    0.1461277    0.1601356
3891520    0.3327236    0.3675368
76415208    0.0900140    0.0456870
9501276    0.0174545    0.1244416
9380175    0.2946367    0.3744364
2673845    0.5641396    0.3811140
7126859    0.0000346    0.0431131
3254689    0.3482216    0.3893193
4203176    0.0868008    0.0768731
7819360    0.3202660    0.4265560
1279568    -0.0397060    0.1123107
37049621    0.1162308    0.0551833
9317254    0.3729283    0.3582467
61932785    0.2703631    0.2356246
1059674    0.2535736    0.2597543
9267581    0.1851758    0.1831179
4165230    0.0664882    0.0331781
31879054    0.3563824    0.3064245
16094873    0.0280620    0.1300009
8613947    0.2891041    0.2380047
69578014    0.2654074    0.1401577
5183609    0.5404390    0.5531561
16375284    0.2126535    0.2396498
2498173    0.3937241    0.4438749
79648230    0.2436525    0.1815548
6039182    0.2504354    0.2179552
7521463    0.3398980    0.3599630
24501987    0.1447957    0.1416093
6135948    0.4934883    0.3804666
23750186    0.1395542    0.1265326
57043269    0.2307362    0.1993016
4165972    0.2014961    0.1532890
4309715    0.1303742    0.1498399
9607438    0.1222324    0.1344065
42936180    0.4175026    0.3238567
43208516    0.2005489    0.1603646
1098653    0.2683512    0.2551486
25976038    0.2738430    0.1894135
4267580    0.4071005    0.3268453
62897034    0.1620364    0.1972591
6138297    0.0625853    0.0644717
1705239    0.2730497    0.1979697
32468591    0.2064951    0.2729355
51398260    0.1249023    0.1654817
89231046    0.0701274    0.1237392
3092751    0.0439309    0.1145813
7803256    0.3907403    0.3589788
7130825    0.2484626    0.2246549
20456318    0.0361747    0.1138029
6423907    0.2354790    0.1445608
6703951    0.2923357    0.3815197
1487932    0.4101857    0.3263696
34982675    0.0478840    0.0375778
9321840    0.4420901    0.5283971
1923504    0.4565430    0.4826291
79324150    0.1327389    0.1770211
62157849    0.1091794    0.0811373
46752830    0.5220824    0.3571407
2317805    0.4805482    0.3358945
75684932    0.2416156    0.1376555
72803641    0.0189457    0.0338956
39062841    0.0944830    0.1020980
5140362    0.3208159    0.3692182
9583261    0.3440669    0.3001428
35897402    0.4143970    0.3441993
67239801    0.1973108    0.2543861
52634817    0.2849960    0.1545146
70251698    0.3058280    0.1915334
71204863    0.2342260    0.2915789
32714856    0.3173793    0.2898633
95240316    0.1675703    0.1654817
35280617    -0.0191183    0.0356051
2643098    0.2184954    0.2701555
2845369    0.2818527    0.2436109
4807153    0.1503095    0.1550747
70264158    0.1874085    0.1796784
2694380    0.2196963    0.2337926
5267094    0.2599849    0.2296561
67851930    0.1565579    0.1735617
31286905    0.1618569    0.1295792
3204167    0.3540025    0.2705459
72153046    0.0292038    0.1077880
6315928    0.2469237    0.2297806
56489170    0.3309727    0.3682029
2096537    0.5723276    0.4936931
8315042    0.3440053    0.2452832
20419573    0.2637484    0.2489872
9618250    0.1745989    0.1507909
2198367    0.0754390    0.1417529
61784935    0.0502294    0.1654817
17042638    0.1411405    0.2030400
7985463    0.1468814    0.1654817
8653417    0.1287219    0.1236834
36509124    0.1029860    0.0982995
3264017    0.1892763    0.1252336
1804532    0.1433767    0.1744301
83197206    0.2185750    0.1642953
45726190    0.1449229    0.1654817
97408251    0.0528856    0.0661091
27845619    0.2513606    0.3483052
6982735    0.1570534    0.1675936
2941375    0.1039866    0.1489446
1365094    0.2127880    0.1803661
89604375    0.5544792    0.4384953
3250478    0.0873304    0.1352093
67409258    0.3510112    0.3509258
61792438    0.2751650    0.2365346
3821574    0.3310490    0.2872823
2931756    0.2538077    0.2878132
8512390    0.3917661    0.4945825
1320567    0.2311754    0.2326317
7918026    0.0989480    0.1654817
39186520    0.1250224    0.1901708
82609473    -0.0309462    0.0630139
5178439    0.3721354    0.3652206
18325407    0.3715184    0.2527868
80163975    -0.0812560    0.1292955
3041965    0.4253836    0.3374582
39720486    0.2953125    0.2515618
7483150    0.3565000    0.2870061
49670328    0.1332543    0.1794912
16504783    0.2812308    0.3516264
56124780    0.1965039    0.2588926
9138254    0.2920520    0.2758638
67905128    0.1698469    0.1325664
50836291    0.1281155    0.1285758
5732806    0.2107367    0.3050051
9720165    0.4198961    0.3523939
4987650    0.2964038    0.3082943
6594182    0.0526440    0.1101194
2384019    0.2573606    0.1796651
3740286    0.4547719    0.3776657
7254913    0.0828423    0.0953141
14387690    0.2061633    0.1248170
43860715    0.0869390    0.0990259
38702645    0.1698794    0.2464249
62945318    0.1630607    0.1714589
6175483    0.4677562    0.7782798
82139740    0.3176008    0.2897010
