13480652    0.2119081    0.1543043
71305486    0.5131515    0.4632243
19483527    0.1787383    0.1897576
38549061    0.3059458    0.2615160
85902746    0.2217552    0.2457128
56893071    0.1657909    0.2003172
39720486    0.2953125    0.3153740
75684932    0.2416156    0.3382740
83197206    0.2185750    0.1721856
12374650    0.1772530    0.1698043
58346072    0.3937567    0.3373041
65349018    0.3772913    0.1621117
18325407    0.3715184    0.3397266
32714856    0.3173793    0.2284426
97183264    0.3591365    0.3710050
79324150    0.1327389    0.1285008
89231046    0.0701274    0.2126540
43860715    0.0869390    0.2467256
98016472    0.1913138    0.2606403
39186520    0.1250224    0.3110290
18952376    0.0941340    0.2955061
95308671    0.2649733    0.3291589
69578014    0.2654074    0.2498880
23750186    0.1395542    0.1526399
27156309    0.1905536    0.1654845
40236598    0.1331878    0.2588680
36509124    0.1029860    0.1371676
96302148    0.2372141    0.3780174
97428650    0.1566038    0.1793231
94130527    0.1603314    0.2168826
72803641    0.0189457    0.1691648
58029641    0.1638877    0.1720790
61792438    0.2751650    0.1756075
69538402    0.4654601    0.4510485
10378294    0.3021635    0.2926326
62941037    0.3422488    0.3364643
61487350    0.1231352    0.2819020
83429561    0.2568101    0.3937987
43790281    0.0475672    0.2077317
60897513    0.1301192    0.1539288
54789260    0.0388761    0.1240206
82139740    0.3176008    0.2390327
83265941    0.1260843    0.1584148
79631548    0.1812138    0.2676847
70251698    0.3058280    0.2123117
16943087    0.1024783    0.1499023
39062841    0.0944830    0.1680566
19436725    0.1565862    0.1696391
54879302    0.2807025    0.4242339
94528706    0.1321287    0.1591076
67435291    0.3115513    0.3206034
72015384    0.5095192    0.4541736
16958274    0.0291058    0.0817694
85709634    0.1365534    0.1072415
40568932    0.1124073    0.1629727
12458390    0.1245855    0.1839199
16094873    0.0280620    0.2269453
59481307    0.1335299    0.1473187
15860437    0.1634063    0.2903191
45628709    0.1130647    0.1301860
63975401    -0.0284755    0.0292654
19743065    0.0593324    0.1120408
94715302    0.3625983    0.4538092
82354971    0.0228063    0.1179353
71248596    0.0827905    0.1249733
20819547    0.4023762    0.4998504
50619347    0.3196470    0.3179693
51763480    0.4308012    0.5493566
56140738    0.3249323    0.1688230
16375284    0.2126535    0.1879495
76402381    0.0634703    0.1530853
97408251    0.0528856    0.1244805
87196024    0.1803782    0.0816461
50648317    0.3646901    0.3299689
85397462    0.1461277    0.2128094
34189275    0.0542352    0.1625137
20519736    0.2078745    0.1960543
93481752    0.2718664    0.2737301
23705914    0.1015233    0.2268260
31879054    0.3563824    0.2814946
43780952    0.3129933    0.1462116
32468591    0.2064951    0.3048166
31254760    0.4422659    0.3665453
38960417    0.0926794    0.1353302
26408915    0.1213319    0.1695788
57129046    0.0741950    0.1127396
75149062    0.1247694    0.1854731
46879352    0.1105719    0.0692770
43972106    0.3626580    0.4778303
30975426    0.2825031    0.3190087
23045176    0.3178396    0.3272139
95063127    0.3365001    0.2034802
52948361    0.0420176    0.1460575
76415208    0.0900140    0.1085013
25986740    0.1667644    0.1161163
64213980    0.0801635    0.1144209
59387142    0.2924146    0.2493491
42936180    0.4175026    0.3666098
87563140    0.2003200    0.1988785
50129364    0.3502489    0.2063966
86192507    0.0664135    0.1673978
12064358    0.1449998    0.1734369
20419573    0.2637484    0.1078291
41085739    0.2158497    0.2472619
92165478    0.3181673    0.3650078
50942871    0.0802008    0.1848694
13085762    0.3273837    0.3635817
56124780    0.1965039    0.1676659
27845619    0.2513606    0.3259051
78510264    0.0811135    0.1797702
83764925    0.1711960    0.2157744
91052873    0.1417432    0.1191059
18967543    0.2637843    0.3200203
67905128    0.1698469    0.2134545
32508179    0.0563334    0.2122540
93608745    0.2518492    0.2438052
87904612    0.1259729    0.1441796
13658924    0.0792403    0.1742955
46752830    0.5220824    0.4688284
96138204    0.1449491    0.2116859
61927503    0.0583740    0.1734458
20694735    0.0069220    0.0166259
51398260    0.1249023    0.2379488
61932785    0.2703631    0.2381635
65483790    0.0322079    0.0537690
16504783    0.2812308    0.2512606
24035867    0.2180151    0.2432554
59806341    0.3732070    0.3517443
56920873    0.2995450    0.3583775
49670328    0.1332543    0.2095935
15780629    0.4336775    0.3331651
84135296    0.0717320    0.2740638
47812905    0.1007904    0.1592289
40326571    0.2393876    0.3039893
43206985    0.1951650    0.2022572
57043269    0.2307362    0.2737597
43065218    0.2726136    0.1929660
71204863    0.2342260    0.1909862
81693024    0.1615259    0.1803740
14387690    0.2061633    0.3438478
