15780629    0.4336775    0.3144230
5294037    0.3698771    0.3282589
1923504    0.4565430    0.4630287
42368795    0.4455477    0.4030219
39186520    0.1250224    0.2066813
6895471    0.5201627    0.4663835
9576032    0.5069458    0.3988377
38960417    0.0926794    0.1498616
68293104    0.0358413    0.0817991
12064358    0.1449998    0.1206353
68427591    0.0416545    0.0996150
3015264    0.2364364    0.1718531
9467830    -0.0446479    0.0973349
64213980    0.0801635    0.0752406
95267031    0.1225485    0.0425293
62897034    0.1620364    0.1443276
34681702    0.2408399    0.2291149
57129046    0.0741950    0.0617098
6902314    0.1831756    0.2175498
5183609    0.5404390    0.4438288
5469827    0.0416673    0.1176543
1098653    0.2683512    0.2471139
6175483    0.4677562    0.4899492
7369148    0.4514948    0.4641643
43860715    0.0869390    0.1144654
95240316    0.1675703    0.2472152
8927605    0.1242698    0.0867824
9518437    0.1673752    0.1910103
9603748    0.2451397    0.1887887
6982735    0.1570534    0.1204847
6135948    0.4934883    0.3615273
5196087    0.4362904    0.4204387
64021875    0.1019267    -0.0056808
61792438    0.2751650    0.2982641
9840216    0.0807284    0.1420182
8463201    0.3381932    0.3539556
85397462    0.1461277    0.2133130
9317254    0.3729283    0.4034952
3149850    0.0295857    0.0610483
9084235    0.2844537    0.2585680
34012568    0.4028562    0.3271547
3204167    0.3540025    0.3274435
61487350    0.1231352    0.1310699
51398260    0.1249023    0.1660242
70843926    0.2776558    0.2525441
4352098    0.3358923    0.3047939
1260374    0.0731026    -0.0239814
2078916    0.2681468    0.2383822
3296450    0.5973707    0.4920693
85320746    0.3344432    0.2337303
9328467    0.5027560    0.5018293
1735482    0.1225054    0.1329984
4306815    0.5216363    0.5133484
40326571    0.2393876    0.2599461
7348562    0.3256060    0.3437967
3578406    0.1215780    0.1978554
12458390    0.1245855    0.1908077
7918026    0.0989480    0.0958554
94715302    0.3625983    0.3481505
34072651    0.0493279    0.0535690
8290476    0.2635870    0.2036730
6039182    0.2504354    0.2634225
18952376    0.0941340    0.1724670
5648371    0.2782824    0.2668828
56920873    0.2995450    0.2798068
82354971    0.0228063    0.0873170
4265083    0.3106906    0.1699810
71248596    0.0827905    0.1553957
2673845    0.5641396    0.4989926
9180765    0.1868605    0.1467205
4692830    0.5977371    0.4610567
5738926    0.3573479    0.3717077
87932541    0.1275321    0.1348168
71204863    0.2342260    0.1531781
38549061    0.3059458    0.3300327
62157849    0.1091794    0.0854382
56893071    0.1657909    0.1654140
82769514    0.1071274    0.1391659
9425807    0.3096627    0.2455691
5170386    0.0831770    0.1045580
3014689    0.2795749    0.2578364
1895642    0.3019776    0.2948084
3061874    0.2808881    0.3312686
7803256    0.3907403    0.4861977
9720165    0.4198961    0.3214900
23074169    0.4747303    0.4311935
95308671    0.2649733    0.1812017
8054917    0.3262745    0.2472565
59230168    0.1671241    0.1470065
9461730    0.1967047    0.2299165
96138204    0.1449491    0.0964803
9381746    0.2999753    0.2630786
2158347    0.3815083    0.4317675
24035867    0.2180151    0.1847739
7063891    0.3753386    0.3808796
67409258    0.3510112    0.3544560
2869347    0.3789614    0.4257845
84135296    0.0717320    0.1424238
56124780    0.1965039    0.1771992
32508179    0.0563334    0.0603238
3645207    0.1910296    0.1508974
98016472    0.1913138    0.1619487
54879302    0.2807025    0.2061661
61784935    0.0502294    0.0712032
13658924    0.0792403    0.0423777
67851930    0.1565579    0.1244851
2361549    0.1515017    0.1591412
13480652    0.2119081    0.1573016
46752830    0.5220824    0.4184922
2943061    0.1322802    0.0849936
75149062    0.1247694    0.0877555
96302148    0.2372141    0.1559326
72153046    0.0292038    0.1417627
9354761    0.1451593    0.1542817
6423907    0.2354790    0.3040716
2739650    0.1539570    0.1868455
8613947    0.2891041    0.2136388
92057831    0.1228388    0.1326543
6748193    0.2073776    0.1843123
8605217    0.2345106    0.2237841
9245670    0.3915895    0.3275416
34209168    0.1613672    0.1512962
9607438    0.1222324    0.1352193
36509124    0.1029860    0.1509216
91052873    0.1417432    0.1191199
5714096    0.3797141    0.2827791
3892147    0.0673109    0.0624906
81294637    0.2323228    0.1617615
43208516    0.2005489    0.1975450
7985463    0.1468814    0.1323767
81437256    0.3754057    0.3059135
59387142    0.2924146    0.2459940
82609473    -0.0309462    0.1147649
8653417    0.1287219    0.1800668
8315042    0.3440053    0.3288469
43206985    0.1951650    0.1364132
2541903    0.3190446    0.3605277
72803641    0.0189457    0.0112990
1804532    0.1433767    0.1507043
6283704    0.0842864    0.1441498
25986740    0.1667644    0.1668920
63175049    0.2735692    0.2225980
97408251    0.0528856    -0.0090305
9501276    0.0174545    0.0481114
43065218    0.2726136    0.2507806
4867502    0.3658697    0.3588890
84036972    0.2046254    0.2191415
5683192    0.4733342    0.5055796
78691503    0.3143425    0.2458334
12304586    0.2230351    0.2438492
7819360    0.3202660    0.3441856
19743065    0.0593324    0.0932332
3741296    0.0530962    0.0527217
50987241    0.2942135    0.3201772
59806341    0.3732070    0.3313185
98526013    0.1456753    0.1269038
89231046    0.0701274    0.1104509
10392748    0.1246251    0.1115565
3215784    0.0695981    0.1603098
3612974    0.1838014    0.1884294
27156309    0.1905536    0.1453225
70264158    0.1874085    0.1628280
31286905    0.1618569    0.1361485
60897513    0.1301192    0.0594347
16375284    0.2126535    0.1866915
5178439    0.3721354    0.4445961
9731406    0.1191694    0.0713754
32714856    0.3173793    0.2076178
4807153    0.1503095    0.1880935
1705239    0.2730497    0.2607151
79631548    0.1812138    0.1457426
2819470    0.3080540    0.3410675
82139740    0.3176008    0.3008708
4932856    0.2126629    0.1626613
9546732    0.3262210    0.2681498
9583261    0.3440669    0.2942568
67905128    0.1698469    0.1565905
20456318    0.0361747    0.0552361
23045176    0.3178396    0.2439776
2941375    0.1039866    0.1737909
41085739    0.2158497    0.2107630
6025847    0.3156327    0.3231496
2760143    0.3529654    0.3322231
35897402    0.4143970    0.2988070
1487932    0.4101857    0.4375931
4328571    0.3664831    0.2588596
8397402    -0.0295911    0.1634291
2384019    0.2573606    0.2151345
57043269    0.2307362    0.2623596
34189275    0.0542352    0.0997706
1059674    0.2535736    0.2481800
31254760    0.4422659    0.4666782
42936180    0.4175026    0.3515892
3264017    0.1892763    0.2195726
4976231    0.4576726    0.4040221
9138254    0.2920520    0.2476098
69578014    0.2654074    0.1636649
37419068    0.1121111    0.1106354
56140738    0.3249323    0.2992422
65790324    0.0046216    0.0333669
71403958    0.3880658    0.3204186
3056417    0.3964929    0.3006511
4327501    0.2126635    0.1950499
61927503    0.0583740    0.0061378
6278590    0.0292114    0.0495835
40236598    0.1331878    0.1389537
5902371    0.2322153    0.1916790
58319420    0.0758413    0.1806968
3254689    0.3482216    0.3373809
71305486    0.5131515    0.4539467
18967543    0.2637843    0.2534872
6594182    0.0526440    0.1269410
23705914    0.1015233    0.1645762
9321840    0.4420901    0.3633079
13085762    0.3273837    0.3208700
19436725    0.1565862    0.1091454
59481307    0.1335299    0.1098961
3250478    0.0873304    0.1810437
50942871    0.0802008    0.1058513
93270846    0.3896023    0.3259181
7804269    0.1723401    0.2607306
16943087    0.1024783    0.0762756
9317528    0.2727551    0.3050280
26408915    0.1213319    0.1973038
4165972    0.2014961    0.2792696
37068241    0.4272806    0.3134949
2453071    0.2434675    0.2405743
2568307    0.2370991    0.2128392
8512390    0.3917661    0.3723338
5749680    0.1812531    0.1660105
34105672    0.1870527    0.1406677
9618250    0.1745989    0.1789648
20819547    0.4023762    0.4254587
6083594    0.4033448    0.4066153
2498173    0.3937241    0.3127507
3469512    0.2516770    0.2036426
20694735    0.0069220    0.0233058
74920653    0.4227876    0.3612767
85902746    0.2217552    0.3015950
58346072    0.3937567    0.3303177
5693807    0.1703150    0.3106006
58642793    0.1629138    0.0969199
93507642    0.2040192    0.2174791
74920568    0.0942004    0.0779147
5146839    0.5332805    0.4115964
50836291    0.1281155    0.1591556
1694783    0.0640252    0.0921678
40596718    0.1890510    0.2247132
72015384    0.5095192    0.4424449
6703951    0.2923357    0.2947282
10693257    0.3052177    0.2794046
15860437    0.1634063    0.1967141
16958274    0.0291058    0.0286615
8521307    0.3988584    0.3786437
34982675    0.0478840    -0.0682732
76415208    0.0900140    0.1087518
5187042    0.1334780    0.1068725
83429561    0.2568101    0.2178817
4203176    0.0868008    0.1082694
30975426    0.2825031    0.2936007
6807539    0.3188515    0.2528223
2643098    0.2184954    0.1251006
81693024    0.1615259    0.2942587
1340285    0.1161054    0.0863260
2845369    0.2818527    0.2605751
3092751    0.0439309    0.1373959
5814072    0.1933573    0.1016271
6271834    0.0263550    0.0711095
7126859    0.0000346    0.1646919
5718692    0.1730530    0.1444249
35842190    0.0440798    0.0729136
4935860    0.2500624    0.2200104
45068793    0.0582267    0.0440909
5062718    0.3932812    0.2345439
40568932    0.1124073    0.1612350
5619803    0.1762386    0.2637324
27845619    0.2513606    0.2913212
5894621    0.2282716    0.0871091
7521463    0.3398980    0.4123472
16094873    0.0280620    0.0644975
