6315928    0.2469237    0.2813774
1365094    0.2127880    0.1838390
6083594    0.4033448    0.2931191
52634817    0.2849960    0.2834787
8927605    0.1242698    0.0998747
2045968    0.1103608    0.1088057
9467830    -0.0446479    0.0091649
9765234    0.3451286    0.3200415
7918026    0.0989480    0.1374931
93507642    0.2040192    0.1875664
43780952    0.3129933    0.2451939
24501987    0.1447957    0.1430381
76415208    0.0900140    0.1054389
43208516    0.2005489    0.2669141
8597263    0.1450746    0.1476563
3014689    0.2795749    0.2730227
43206985    0.1951650    0.2068718
3056417    0.3964929    0.3424171
76402381    0.0634703    0.1040970
2836405    0.2381882    0.1722386
3215784    0.0695981    0.0379794
5619803    0.1762386    0.2323471
37049621    0.1162308    0.0840505
70264158    0.1874085    0.1668299
92057831    0.1228388    0.0972892
95267031    0.1225485    0.1182658
50648317    0.3646901    0.3703798
2941375    0.1039866    0.1815705
63175049    0.2735692    0.2357804
97183264    0.3591365    0.3709747
40568932    0.1124073    0.1100300
1804532    0.1433767    0.1573061
38549061    0.3059458    0.2982652
5267094    0.2599849    0.2252587
9257083    0.5751210    0.4070198
61927503    0.0583740    0.0396378
4528069    0.1329296    0.0661735
94715302    0.3625983    0.3771846
9461730    0.1967047    0.1238053
96138204    0.1449491    0.1607435
41253670    0.2920886    0.2510566
18325407    0.3715184    0.3459361
16375284    0.2126535    0.2377099
87904612    0.1259729    0.0892707
1059674    0.2535736    0.3202201
2453071    0.2434675    0.3299834
4857263    0.3738794    0.3425401
19483527    0.1787383    0.2472325
58642793    0.1629138    0.1234277
95063127    0.3365001    0.2872805
2931756    0.2538077    0.2604206
54879302    0.2807025    0.2438466
84135296    0.0717320    -0.0323941
9354761    0.1451593    0.1207643
4976231    0.4576726    0.3064327
4750928    0.4639964    0.4356970
97408251    0.0528856    0.0573789
5714096    0.3797141    0.3047249
6543129    0.4651338    0.3479233
6091584    0.0551016    0.0507728
36509124    0.1029860    0.1105984
58319420    0.0758413    0.0457623
4063285    0.2597609    0.2604961
5648371    0.2782824    0.2676325
31254760    0.4422659    0.3611177
4165972    0.2014961    0.2371532
3892147    0.0673109    0.0751008
62941037    0.3422488    0.2847998
5140362    0.3208159    0.3231936
60897513    0.1301192    0.1507234
2514308    0.3364096    0.3379532
2198367    0.0754390    0.0786511
79631548    0.1812138    0.1882816
34072651    0.0493279    0.0592274
65790324    0.0046216    0.0930742
7905641    0.2707025    0.2097232
20419573    0.2637484    0.2362286
4309715    0.1303742    0.1420046
78351290    0.2346316    0.1863913
79324150    0.1327389    0.1000458
71453068    0.0661260    0.0844220
4637091    0.4661794    0.5082617
6175483    0.4677562    0.4888548
72803641    0.0189457    0.0495800
9720165    0.4198961    0.3848572
56920873    0.2995450    0.2929237
5693807    0.1703150    0.2136524
8653417    0.1287219    0.1010522
5814072    0.1933573    0.1269781
91052873    0.1417432    0.1663105
38960417    0.0926794    0.0755314
51763480    0.4308012    0.4270372
4693502    0.1955602    0.1118549
9518437    0.1673752    0.1807625
4165230    0.0664882    0.0885059
1705239    0.2730497    0.2313698
83429561    0.2568101    0.2352269
1694783    0.0640252    0.1421502
7985463    0.1468814    0.1430844
9603748    0.2451397    0.2691809
57129046    0.0741950    -0.0006249
26408915    0.1213319    0.1143115
67435291    0.3115513    0.3188418
43860715    0.0869390    0.1188461
64021875    0.1019267    0.0221838
31286905    0.1618569    0.1336076
2645180    0.2137118    0.2913000
5469827    0.0416673    0.0273728
62157849    0.1091794    0.1052770
62945318    0.1630607    0.0870142
2361549    0.1515017    0.1888384
16958274    0.0291058    0.0588186
6807539    0.3188515    0.2395189
4123795    -0.0081841    0.0248694
10378294    0.3021635    0.2768214
87196024    0.1803782    0.1668677
8397402    -0.0295911    0.0691793
3740286    0.4547719    0.4459135
12507849    0.1052662    0.1145442
5891230    0.2276907    0.1665778
7483150    0.3565000    0.2468403
98016472    0.1913138    0.1994642
34189275    0.0542352    0.0825296
93481752    0.2718664    0.2023087
8496023    0.1516259    0.0677839
12304586    0.2230351    0.2531551
6971305    0.4535946    0.3585967
6530821    0.3380645    0.3122988
5749680    0.1812531    0.2145756
47812905    0.1007904    0.1172985
35897402    0.4143970    0.4733398
45628709    0.1130647    0.1194159
67239801    0.1973108    0.2173184
4265083    0.3106906    0.2845176
19743065    0.0593324    0.0712095
5372069    0.3426059    0.3154054
89231046    0.0701274    0.1312234
83764925    0.1711960    0.1716068
1340285    0.1161054    0.1551754
58346072    0.3937567    0.4025216
41085739    0.2158497    0.1485252
16943087    0.1024783    0.1346464
7803256    0.3907403    0.3211913
6930741    0.1099527    0.1281406
71403958    0.3880658    0.3410534
4960875    0.1032987    0.1294851
95240316    0.1675703    0.2009029
64213980    0.0801635    0.1251111
82769514    0.1071274    0.0703648
81294637    0.2323228    0.2761787
70251698    0.3058280    0.2740222
32468591    0.2064951    0.2521417
13480652    0.2119081    0.1234695
58029641    0.1638877    0.1893610
94185602    0.0684437    0.1496770
9317528    0.2727551    0.2562732
92165478    0.3181673    0.3022463
8463201    0.3381932    0.2681631
40326571    0.2393876    0.1539943
9180765    0.1868605    0.1815707
65349018    0.3772913    0.3262635
9546732    0.3262210    0.2964602
32508179    0.0563334    0.0746538
9576032    0.5069458    0.3128945
45726190    0.1449229    0.0675629
6703951    0.2923357    0.3444260
2158347    0.3815083    0.2917810
52948361    0.0420176    0.1403647
85397462    0.1461277    0.1809253
1487932    0.4101857    0.4395361
43972106    0.3626580    0.2393964
8054917    0.3262745    0.2715346
56140738    0.3249323    0.3302919
4807153    0.1503095    0.1095307
1056832    0.1398216    0.0421227
9425807    0.3096627    0.3901086
6283704    0.0842864    0.0940455
72015384    0.5095192    0.4191997
5178439    0.3721354    0.3908756
45068793    0.0582267    0.0856041
5894621    0.2282716    0.2536219
41267093    0.0940958    0.1384437
32156478    0.0373923    0.0407674
10693257    0.3052177    0.2822119
3821574    0.3310490    0.3322340
81693024    0.1615259    0.2052309
50836291    0.1281155    0.1818171
2694380    0.2196963    0.2281146
5294037    0.3698771    0.2865000
9317254    0.3729283    0.3160911
72150386    -0.0355079    0.0126400
3612974    0.1838014    0.2575185
1743698    0.3903206    0.2882100
65483790    0.0322079    0.0192575
5738926    0.3573479    0.3231915
7819360    0.3202660    0.3600455
49670328    0.1332543    0.1920625
9380175    0.2946367    0.2365645
1279568    -0.0397060    0.0394221
9518642    0.5007111    0.3142327
37068241    0.4272806    0.4208748
2078916    0.2681468    0.2264183
5308146    0.4128936    0.2611206
61932785    0.2703631    0.1902279
75684932    0.2416156    0.2452345
39062841    0.0944830    0.0761835
1895642    0.3019776    0.2762559
61487350    0.1231352    0.1267403
78691503    0.3143425    0.2226685
6491783    0.2638982    0.2476376
67409258    0.3510112    0.3526061
9328467    0.5027560    0.3969449
23045176    0.3178396    0.3323907
9840216    0.0807284    0.1119547
18967543    0.2637843    0.2400799
27156309    0.1905536    0.1417284
93270846    0.3896023    0.2731852
23705914    0.1015233    0.1576610
2465970    0.2177032    0.1069405
7369148    0.4514948    0.3701630
67198240    0.4920497    0.4092022
82139740    0.3176008    0.3565378
8605217    0.2345106    0.2081332
84036972    0.2046254    0.1822336
30694825    0.0365880    0.0417901
9267581    0.1851758    0.1702950
2487590    0.1245996    0.2327106
82354971    0.0228063    0.0804506
6982735    0.1570534    0.2250885
81437256    0.3754057    0.3487292
78510264    0.0811135    0.1094670
3204167    0.3540025    0.3308275
7190582    0.5212715    0.4856299
30975426    0.2825031    0.2658643
71465098    0.3067145    0.2290635
13658924    0.0792403    0.0746065
69578014    0.2654074    0.2378512
3627410    0.1778646    0.1262893
80163975    -0.0812560    -0.0191971
3149850    0.0295857    0.0707831
62897034    0.1620364    0.1166196
3645207    0.1910296    0.2143683
85320746    0.3344432    0.2993008
31879054    0.3563824    0.3302566
12064358    0.1449998    0.1281625
2018563    0.3960066    0.3928438
34681702    0.2408399    0.2402853
4932856    0.2126629    0.2135411
67851930    0.1565579    0.1278652
2317805    0.4805482    0.4477933
3786905    0.2339949    0.2123106
16094873    0.0280620    0.1003839
85709634    0.1365534    0.1661447
38702645    0.1698794    0.1720679
3041965    0.4253836    0.3755726
24035867    0.2180151    0.2674577
5196087    0.4362904    0.3406203
9450781    0.3211172    0.2661863
5683192    0.4733342    0.3563046
7348562    0.3256060    0.2710046
20519736    0.2078745    0.1704280
23074169    0.4747303    0.4025992
2739650    0.1539570    0.2391397
6748193    0.2073776    0.2523311
9182473    0.1916796    0.1900000
85902746    0.2217552    0.2028496
9381746    0.2999753    0.3261802
65374182    0.0248284    0.0637011
9321840    0.4420901    0.4212015
4692830    0.5977371    0.5409504
1790246    0.2481418    0.2211313
74920653    0.4227876    0.4266825
9706385    0.3472344    0.3432358
5762910    0.2062399    0.1664338
61792438    0.2751650    0.3161476
43790281    0.0475672    0.0559330
1260374    0.0731026    0.0705452
9583261    0.3440669    0.3239384
2541903    0.3190446    0.2972502
71305486    0.5131515    0.5115402
