38549061    0.3059458    0.3253937
59230168    0.1671241    0.1567637
67435291    0.3115513    0.4422183
91052873    0.1417432    -0.1036888
41267093    0.0940958    0.1308493
67239801    0.1973108    0.2173100
95063127    0.3365001    0.2420723
78351290    0.2346316    0.2278471
94130527    0.1603314    0.2090166
34209168    0.1613672    0.1714502
12458390    0.1245855    0.1586176
58346072    0.3937567    0.2852158
39062841    0.0944830    0.0607413
76415208    0.0900140    0.1164362
12086359    0.0064457    0.0113672
10693257    0.3052177    0.2655948
79324150    0.1327389    0.1594665
51763480    0.4308012    0.3530492
98016472    0.1913138    0.1719943
82769514    0.1071274    0.1163795
35842190    0.0440798    0.1115247
39720486    0.2953125    0.3302896
71204863    0.2342260    0.1435345
38702645    0.1698794    0.2005216
87563140    0.2003200    0.1558422
60573841    0.0080028    0.0795013
61487350    0.1231352    0.1254155
34105672    0.1870527    0.1754050
37419068    0.1121111    0.1579669
32508179    0.0563334    0.0658806
61784935    0.0502294    0.0684968
34072651    0.0493279    0.0622148
95308671    0.2649733    0.3856716
24501987    0.1447957    0.1812181
30975426    0.2825031    0.3035559
31879054    0.3563824    0.3973457
56920873    0.2995450    0.2651784
94528706    0.1321287    0.1808044
10378294    0.3021635    0.2392165
89604375    0.5544792    0.3892869
13085762    0.3273837    0.3797020
26408915    0.1213319    0.1518634
59806341    0.3732070    0.3143875
34012568    0.4028562    0.4736799
85320746    0.3344432    0.3409021
14387690    0.2061633    0.2180369
89231046    0.0701274    0.1605504
71453068    0.0661260    0.0947407
98526013    0.1456753    0.1904668
43790281    0.0475672    0.1196744
12064358    0.1449998    0.1763563
45628709    0.1130647    0.0704620
96138204    0.1449491    0.1532088
20694735    0.0069220    0.0356592
21064358    0.1029364    0.1564075
50836291    0.1281155    0.1386810
86192507    0.0664135    0.0936307
59481307    0.1335299    0.0966086
83429561    0.2568101    0.2040209
56140738    0.3249323    0.1647539
58029641    0.1638877    0.1908017
68293104    0.0358413    0.0312216
72803641    0.0189457    -0.0697871
67851930    0.1565579    0.1547357
25976038    0.2738430    0.1297483
18952376    0.0941340    0.0962596
19483527    0.1787383    0.3517427
36509124    0.1029860    0.1401093
43206985    0.1951650    0.1500862
46879352    0.1105719    0.0941470
16504783    0.2812308    0.2836010
40568932    0.1124073    0.1854420
43208516    0.2005489    0.4681706
97408251    0.0528856    0.0438323
75149062    0.1247694    0.1784624
62941037    0.3422488    0.2695930
56893071    0.1657909    0.1242335
38960417    0.0926794    0.1358348
84036972    0.2046254    0.1828655
12304586    0.2230351    0.2783630
81294637    0.2323228    0.2637292
82354971    0.0228063    0.0804849
63175049    0.2735692    0.2194300
83265941    0.1260843    0.1520823
65349018    0.3772913    0.2447948
23705914    0.1015233    0.1092949
16958274    0.0291058    0.0471049
35897402    0.4143970    0.4236492
42936180    0.4175026    0.3399753
19743065    0.0593324    0.0620632
81439706    0.1262791    0.1226988
72150386    -0.0355079    0.0215157
71305486    0.5131515    0.3775330
31286905    0.1618569    0.0746014
40326571    0.2393876    0.2723489
64213980    0.0801635    0.0436910
61927503    0.0583740    -0.0205906
79631548    0.1812138    0.1438469
81437256    0.3754057    0.3941075
68427591    0.0416545    0.1016596
23074169    0.4747303    0.4152783
60897513    0.1301192    0.1548899
67198240    0.4920497    0.4715383
18325407    0.3715184    0.2855920
47098521    0.1130693    0.0859697
16375284    0.2126535    0.2083043
13480652    0.2119081    0.2775027
24035867    0.2180151    0.2098604
37068241    0.4272806    0.3958285
20819547    0.4023762    0.2902805
78691503    0.3143425    0.2462743
92057831    0.1228388    0.1721385
51398260    0.1249023    0.1963632
62945318    0.1630607    0.1636400
75684932    0.2416156    0.1597015
12374650    0.1772530    0.0894360
61792438    0.2751650    0.1733655
70843926    0.2776558    0.2311423
50619347    0.3196470    0.3038225
39186520    0.1250224    0.1377267
83197206    0.2185750    0.3155170
71465098    0.3067145    0.2099958
93481752    0.2718664    0.3484334
43780952    0.3129933    0.1182543
47812905    0.1007904    0.0765074
96302148    0.2372141    0.1583878
10392748    0.1246251    0.0957017
58319420    0.0758413    0.0521469
70251698    0.3058280    0.3243025
67409258    0.3510112    0.3517065
52948361    0.0420176    0.0598542
41253670    0.2920886    0.2950517
65483790    0.0322079    0.0789571
94715302    0.3625983    0.3620082
95240316    0.1675703    0.3505889
71403958    0.3880658    0.3915319
32875906    0.3579376    0.3985620
52634817    0.2849960    0.1982528
62897034    0.1620364    0.1382191
48270965    -0.0273596    -0.0095297
