67435291    0.3115513    0.2855216
95063127    0.3365001    0.2739910
87932541    0.1275321    0.1478120
60573841    0.0080028    0.0731739
83429561    0.2568101    0.2216772
59387142    0.2924146    0.3611441
83764925    0.1711960    0.1381741
14387690    0.2061633    0.2389966
12904576    0.3852948    0.4146543
52948361    0.0420176    0.0462735
32875906    0.3579376    0.3548426
85709634    0.1365534    0.1133712
89231046    0.0701274    0.1108213
50942871    0.0802008    0.1132702
93481752    0.2718664    0.2223399
18952376    0.0941340    0.2772359
78691503    0.3143425    0.3449776
63975401    -0.0284755    0.0071587
39720486    0.2953125    0.2535428
12304586    0.2230351    0.2317723
34072651    0.0493279    0.1053319
38549061    0.3059458    0.2669583
76415208    0.0900140    0.1322484
69538402    0.4654601    0.3334124
12507849    0.1052662    0.1198027
10392748    0.1246251    0.1041527
81693024    0.1615259    0.2005461
61784935    0.0502294    0.0323749
93270846    0.3896023    0.2814394
57129046    0.0741950    0.1175999
16504783    0.2812308    0.2690204
68427591    0.0416545    0.0843780
71204863    0.2342260    0.2191485
94185602    0.0684437    0.0543392
50648317    0.3646901    0.3693426
61792438    0.2751650    0.2007946
85320746    0.3344432    0.2666967
58029641    0.1638877    0.1307753
71465098    0.3067145    0.2482467
91052873    0.1417432    0.0587389
58642793    0.1629138    0.1427771
51398260    0.1249023    0.1800630
61927503    0.0583740    0.1045163
51763480    0.4308012    0.5700516
82769514    0.1071274    0.1113461
31254760    0.4422659    0.3044954
64021875    0.1019267    0.1361880
43206985    0.1951650    0.1648218
13658924    0.0792403    -0.0025986
39062841    0.0944830    0.0708159
72153046    0.0292038    0.0084322
34012568    0.4028562    0.3230339
81437256    0.3754057    0.3187766
43065218    0.2726136    0.2347245
67851930    0.1565579    0.1226910
61487350    0.1231352    0.1397194
16375284    0.2126535    0.1736327
38702645    0.1698794    0.2229394
19436725    0.1565862    0.1255360
34105672    0.1870527    0.1500205
32714856    0.3173793    0.2775439
95240316    0.1675703    0.0974092
85902746    0.2217552    0.3077973
74920653    0.4227876    0.3494731
63175049    0.2735692    0.3035620
12064358    0.1449998    0.2063185
32156478    0.0373923    0.0636155
35897402    0.4143970    0.3720134
81294637    0.2323228    0.1707593
60897513    0.1301192    0.1034584
20819547    0.4023762    0.4327573
43860715    0.0869390    0.1631677
12086359    0.0064457    0.0179386
47812905    0.1007904    0.0211151
68293104    0.0358413    0.0723815
67905128    0.1698469    0.1884741
92057831    0.1228388    0.1197232
17042638    0.1411405    0.2483777
45726190    0.1449229    0.1007857
10857693    0.2848121    0.2560236
67409258    0.3510112    0.3072755
87563140    0.2003200    0.2383094
39186520    0.1250224    0.1580305
27845619    0.2513606    0.2608844
93608745    0.2518492    0.2426759
96138204    0.1449491    0.1844176
65374182    0.0248284    0.0439131
16094873    0.0280620    0.0276749
43790281    0.0475672    0.1298144
84135296    0.0717320    0.0993483
30694825    0.0365880    0.0983490
50129364    0.3502489    0.3504755
15860437    0.1634063    0.1600279
81439706    0.1262791    0.1037291
26408915    0.1213319    0.1316084
20694735    0.0069220    0.0324686
13085762    0.3273837    0.3312433
32468591    0.2064951    0.2657180
94528706    0.1321287    0.1084549
45628709    0.1130647    0.0526145
72150386    -0.0355079    -0.0480256
69578014    0.2654074    0.2211150
37419068    0.1121111    0.1134657
20519736    0.2078745    0.2461800
56140738    0.3249323    0.2680365
45068793    0.0582267    0.0373174
74920568    0.0942004    0.1434395
50836291    0.1281155    0.2159429
62945318    0.1630607    0.1646622
48270965    -0.0273596    0.0949409
83265941    0.1260843    0.1421876
43972106    0.3626580    0.3753616
65483790    0.0322079    0.0378121
13480652    0.2119081    0.1083488
24035867    0.2180151    0.2484397
27156309    0.1905536    0.1929173
20419573    0.2637484    0.1879007
18967543    0.2637843    0.2263910
72015384    0.5095192    0.4531775
83197206    0.2185750    0.2412460
19743065    0.0593324    0.0866536
30975426    0.2825031    0.3567691
35842190    0.0440798    0.0786747
37049621    0.1162308    0.1235976
71403958    0.3880658    0.3549791
46752830    0.5220824    0.4752962
54789260    0.0388761    0.0957008
79648230    0.2436525    0.1872678
58346072    0.3937567    0.3942806
96302148    0.2372141    0.1423261
27159836    0.0332070    0.0598852
93507642    0.2040192    0.1943858
87196024    0.1803782    0.1676500
40596718    0.1890510    0.1778621
82139740    0.3176008    0.2708861
47098521    0.1130693    0.1611130
31879054    0.3563824    0.2984478
64213980    0.0801635    0.0950354
57043269    0.2307362    0.2032461
16943087    0.1024783    0.0822192
