6319528    0.3046428    0.2764196
5648371    0.2782824    0.2534650
3578406    0.1215780    0.1964946
5469827    0.0416673    0.1770650
2836405    0.2381882    0.2166298
1340285    0.1161054    0.1770650
2673845    0.5641396    0.2955224
3215784    0.0695981    0.1770650
2643098    0.2184954    0.2483873
2869347    0.3789614    0.4235348
1923504    0.4565430    0.4736168
1932047    0.1806909    0.1788066
2498173    0.3937241    0.3967026
2694380    0.2196963    0.2257869
7521463    0.3398980    0.3291073
3740286    0.4547719    0.3398114
3264017    0.1892763    0.2313468
8315042    0.3440053    0.3079332
7063891    0.3753386    0.2994102
5814072    0.1933573    0.2691254
4750928    0.4639964    0.4015540
9157643    0.4749572    0.3521980
2158347    0.3815083    0.3060169
9425807    0.3096627    0.3066494
6530821    0.3380645    0.2552589
2078916    0.2681468    0.3176754
7548206    0.3996251    0.3761708
9840216    0.0807284    0.0567723
9603748    0.2451397    0.2382119
6175483    0.4677562    0.3389933
8317509    0.1872364    0.1770650
8512390    0.3917661    0.3460150
5140362    0.3208159    0.2067575
9607438    0.1222324    0.1770650
9354761    0.1451593    0.1770650
5718692    0.1730530    0.1770650
6491783    0.2638982    0.2917588
3250478    0.0873304    0.0618237
5693807    0.1703150    0.1770650
4165230    0.0664882    0.0766400
4692830    0.5977371    0.6015753
8410523    0.3938945    0.3311133
2361549    0.1515017    0.1770650
2198367    0.0754390    0.1770650
1365094    0.2127880    0.3184914
6971305    0.4535946    0.2216620
1279568    -0.0397060    0.1770650
7819360    0.3202660    0.3539561
6039182    0.2504354    0.1899182
5178439    0.3721354    0.3128160
4693502    0.1955602    0.1295456
3014689    0.2795749    0.2519627
9501276    0.0174545    0.1770650
5619803    0.1762386    0.0768641
3254689    0.3482216    0.4611043
3645207    0.1910296    0.2019804
9257083    0.5751210    0.3553154
5732806    0.2107367    0.1898606
7985463    0.1468814    0.0942381
3892147    0.0673109    0.0528539
4528069    0.1329296    0.1770650
4987650    0.2964038    0.3154681
8290476    0.2635870    0.2053188
9576032    0.5069458    0.3221753
5160827    0.1363529    0.3034176
5749680    0.1812531    0.1049656
2384019    0.2573606    0.3246188
6283704    0.0842864    0.0825487
1260374    0.0731026    0.1054284
8496023    0.1516259    0.1770650
4165972    0.2014961    0.2107251
1743698    0.3903206    0.3869719
7126859    0.0000346    0.1770650
9245670    0.3915895    0.3026999
2819470    0.3080540    0.3585503
5891230    0.2276907    0.2249038
2453071    0.2434675    0.1865968
4932856    0.2126629    0.1862976
1895642    0.3019776    0.3398704
7160483    0.4047953    0.4456780
2018563    0.3960066    0.3821903
4807153    0.1503095    0.1215194
4857263    0.3738794    0.3510545
7243896    0.3525857    0.3654714
9706385    0.3472344    0.3533150
4265083    0.3106906    0.2767215
8397402    -0.0295911    0.0919059
2514308    0.3364096    0.4221048
5762910    0.2062399    0.1392885
8605217    0.2345106    0.0936511
6752138    0.1926357    0.1031972
2760143    0.3529654    0.3098951
3092751    0.0439309    0.2752030
3786905    0.2339949    0.2898976
2931756    0.2538077    0.1899032
9765234    0.3451286    0.4020049
1790246    0.2481418    0.2322779
9518437    0.1673752    0.0666378
6423907    0.2354790    0.3326352
8054917    0.3262745    0.3421473
6930741    0.1099527    0.1770650
9321840    0.4420901    0.2893491
6703951    0.2923357    0.3542185
4352098    0.3358923    0.3765607
6807539    0.3188515    0.1990369
9328467    0.5027560    0.6228095
4867502    0.3658697    0.2973192
2317805    0.4805482    0.3331942
6271834    0.0263550    0.1770650
2845369    0.2818527    0.2496620
6342708    0.0867694    0.0800003
8521307    0.3988584    0.3377127
4327501    0.2126635    0.2521707
6748193    0.2073776    0.1870726
5183609    0.5404390    0.3482286
9182473    0.1916796    0.2023632
6091584    0.0551016    0.1983767
2081546    0.4467185    0.3534972
5197243    0.5915708    0.6287782
6982735    0.1570534    0.1973887
4203176    0.0868008    0.1770650
9084235    0.2844537    0.2742916
1056832    0.1398216    0.1085104
3280951    0.0553783    0.1770650
3891520    0.3327236    0.2070474
2568307    0.2370991    0.1540738
5894621    0.2282716    0.2339496
2096537    0.5723276    0.5956768
3627410    0.1778646    0.1770650
3741296    0.0530962    0.0517161
6025847    0.3156327    0.2826937
3469512    0.2516770    0.1505609
2465970    0.2177032    0.2153344
5062718    0.3932812    0.3817644
5294037    0.3698771    0.3345142
3015264    0.2364364    0.1908575
9084715    0.0584843    0.0588245
1735482    0.1225054    0.0463331
6138297    0.0625853    0.0808049
7254913    0.0828423    0.1770650
