69538402    0.4654601    0.3797757
7985463    0.1468814    0.1599488
6342708    0.0867694    0.1342321
89604375    0.5544792    0.5103254
30975426    0.2825031    0.2911777
7932580    0.4682114    0.4007040
8410523    0.3938945    0.4237478
81294637    0.2323228    0.1749006
61927503    0.0583740    0.0750668
13480652    0.2119081    0.3640755
62897034    0.1620364    0.1284259
5197243    0.5915708    0.5293621
26408915    0.1213319    0.1072763
9576032    0.5069458    0.4518681
19483527    0.1787383    0.2498713
5762910    0.2062399    0.2472058
3645207    0.1910296    0.1912049
45068793    0.0582267    0.0321561
23074169    0.4747303    0.3688602
43780952    0.3129933    0.2558017
50836291    0.1281155    0.1429107
8290476    0.2635870    0.2276633
6135948    0.4934883    0.4490423
71403958    0.3880658    0.3173254
46752830    0.5220824    0.4754550
6083594    0.4033448    0.4534475
46879352    0.1105719    0.1060149
43860715    0.0869390    0.1435436
72015384    0.5095192    0.4189882
20519736    0.2078745    0.2348915
8054917    0.3262745    0.2951782
5683192    0.4733342    0.3550790
37049621    0.1162308    0.1273383
6271834    0.0263550    0.0795275
1260374    0.0731026    0.1122830
32875906    0.3579376    0.3305697
1365094    0.2127880    0.2598578
3741296    0.0530962    0.0406271
85397462    0.1461277    0.1951160
6175483    0.4677562    0.4666269
17596823    0.0303843    0.0857372
8315042    0.3440053    0.2454170
40596718    0.1890510    0.2338712
67239801    0.1973108    0.2126933
85320746    0.3344432    0.3901436
82609473    -0.0309462    0.0134223
9267581    0.1851758    0.1611355
68293104    0.0358413    0.0673455
43790281    0.0475672    0.1361191
2568307    0.2370991    0.1998211
63175049    0.2735692    0.2664069
37068241    0.4272806    0.4031131
34072651    0.0493279    0.0093399
20419573    0.2637484    0.2532218
8605217    0.2345106    0.2086203
9425807    0.3096627    0.2363349
2081546    0.4467185    0.3628284
2045968    0.1103608    0.1385869
38549061    0.3059458    0.2952055
35897402    0.4143970    0.3171147
9354761    0.1451593    0.1255080
84036972    0.2046254    0.2246483
9467830    -0.0446479    -0.0085366
5294037    0.3698771    0.2836211
4309715    0.1303742    0.1164023
6851203    0.2527070    0.2647364
1705239    0.2730497    0.2162876
9731406    0.1191694    0.1106645
5718692    0.1730530    0.1731114
20456318    0.0361747    0.0193177
31879054    0.3563824    0.3083992
5648371    0.2782824    0.2929981
7126859    0.0000346    0.0425020
9546732    0.3262210    0.3128607
25986740    0.1667644    0.0848671
4976231    0.4576726    0.3534478
32468591    0.2064951    0.2236862
6138297    0.0625853    0.0501493
98526013    0.1456753    0.1643430
4165972    0.2014961    0.2177962
3149850    0.0295857    -0.0082063
76415208    0.0900140    0.1407451
67198240    0.4920497    0.5086167
4306815    0.5216363    0.5103939
1735482    0.1225054    0.1195597
23045176    0.3178396    0.2557302
9605831    0.1809202    0.2293572
2453071    0.2434675    0.1256369
93507642    0.2040192    0.1595077
5749680    0.1812531    0.1601834
5308146    0.4128936    0.2578067
3891520    0.3327236    0.3163339
4693502    0.1955602    0.0593461
31286905    0.1618569    0.0934350
65790324    0.0046216    0.1003823
3264017    0.1892763    0.2687837
9257083    0.5751210    0.5036370
1923504    0.4565430    0.5026721
15860437    0.1634063    0.2612859
3612974    0.1838014    0.1608190
3215784    0.0695981    -0.0674560
15780629    0.4336775    0.4060487
5891230    0.2276907    0.1872310
71204863    0.2342260    0.1867535
4265083    0.3106906    0.2453019
57043269    0.2307362    0.2502264
3786905    0.2339949    0.1543220
4960875    0.1032987    0.1965555
61792438    0.2751650    0.1858412
50987241    0.2942135    0.3027248
7803256    0.3907403    0.3516750
5619803    0.1762386    0.2210639
57129046    0.0741950    0.0827401
35280617    -0.0191183    0.0445997
81437256    0.3754057    0.2925490
2845369    0.2818527    0.2123579
6902314    0.1831756    0.1268314
27845619    0.2513606    0.2541320
18967543    0.2637843    0.2223230
2198367    0.0754390    0.1102121
7905641    0.2707025    0.2507928
3582067    0.3364838    0.2697086
9317528    0.2727551    0.2577379
3296450    0.5973707    0.4869562
5140362    0.3208159    0.2810389
65483790    0.0322079    0.1403981
12374650    0.1772530    0.1591523
7548206    0.3996251    0.3789784
65374182    0.0248284    0.0420631
62945318    0.1630607    0.1944396
34982675    0.0478840    0.0385186
82354971    0.0228063    0.0603253
98016472    0.1913138    0.1593421
4267580    0.4071005    0.3838214
31254760    0.4422659    0.3752466
39720486    0.2953125    0.2668900
9138254    0.2920520    0.2742818
67381945    0.1065278    0.1030462
56124780    0.1965039    0.1858291
32714856    0.3173793    0.3212575
9380175    0.2946367    0.2386580
2941375    0.1039866    0.0848169
96302148    0.2372141    0.2312896
10693257    0.3052177    0.2256938
12086359    0.0064457    0.0308169
4867502    0.3658697    0.3458644
1302765    0.3472123    0.4078229
9381746    0.2999753    0.2533583
34681702    0.2408399    0.3088583
4123795    -0.0081841    -0.0253381
27156309    0.1905536    0.1541634
12507849    0.1052662    0.1484904
40568932    0.1124073    0.0613400
5831672    0.2538592    0.1991809
8643509    0.4373056    0.3677439
94185602    0.0684437    0.1142246
1320567    0.2311754    0.2546438
42936180    0.4175026    0.4022872
95063127    0.3365001    0.2355319
6807539    0.3188515    0.2448492
85902746    0.2217552    0.1784546
93608745    0.2518492    0.3469127
97183264    0.3591365    0.3169556
16375284    0.2126535    0.1894288
47812905    0.1007904    0.1097320
6025847    0.3156327    0.3730211
82769514    0.1071274    0.0804667
4807153    0.1503095    0.1853466
1932047    0.1806909    0.1543309
38702645    0.1698794    0.1744906
20694735    0.0069220    0.0058396
32450971    0.1140205    0.0535753
5372069    0.3426059    0.2851213
83764925    0.1711960    0.1612308
71453068    0.0661260    0.0633599
3821574    0.3310490    0.2723099
5894621    0.2282716    0.2133487
5714096    0.3797141    0.3525841
6895471    0.5201627    0.4229083
58346072    0.3937567    0.3305575
59806341    0.3732070    0.3847934
16094873    0.0280620    0.0836544
2645180    0.2137118    0.1464347
51398260    0.1249023    0.1678342
4327501    0.2126635    0.1890589
87904612    0.1259729    0.1386358
2869347    0.3789614    0.3793857
54789260    0.0388761    0.1434703
64213980    0.0801635    0.0682910
7804269    0.1723401    0.0941808
76402381    0.0634703    0.0957322
8496023    0.1516259    0.1777827
3280951    0.0553783    0.0922480
10378294    0.3021635    0.2809855
5738926    0.3573479    0.2642826
13085762    0.3273837    0.3596205
82139740    0.3176008    0.3065799
4857263    0.3738794    0.4366381
4063285    0.2597609    0.2340198
58642793    0.1629138    0.1091800
9182473    0.1916796    0.2097776
92165478    0.3181673    0.3718678
3578406    0.1215780    0.1473790
70251698    0.3058280    0.2703857
71248596    0.0827905    0.1383706
7348562    0.3256060    0.3717997
42368795    0.4455477    0.4298170
8653417    0.1287219    0.1257290
8512390    0.3917661    0.4792461
1069425    0.5509495    0.6458535
3014689    0.2795749    0.3360767
4328571    0.3664831    0.3741200
6703951    0.2923357    0.3085976
5187042    0.1334780    0.1263110
2694380    0.2196963    0.1410001
5062718    0.3932812    0.4147441
1790246    0.2481418    0.2329467
81693024    0.1615259    0.1784653
34105672    0.1870527    0.1690128
5814072    0.1933573    0.1280771
2096537    0.5723276    0.3933067
9607438    0.1222324    0.1077338
93481752    0.2718664    0.1931464
41085739    0.2158497    0.1428135
2943061    0.1322802    0.1571526
6039182    0.2504354    0.2644973
5178439    0.3721354    0.4017724
17042638    0.1411405    0.2066307
6543129    0.4651338    0.4140213
9321840    0.4420901    0.4845291
50942871    0.0802008    0.0503457
6319528    0.3046428    0.2737893
5146839    0.5332805    0.5542470
43972106    0.3626580    0.3228089
74920568    0.0942004    0.0667273
9840216    0.0807284    0.1204040
12064358    0.1449998    0.1839160
4203176    0.0868008    0.1722320
2487590    0.1245996    0.1314072
39186520    0.1250224    0.1893751
3061874    0.2808881    0.2543172
6278590    0.0292114    0.0321444
7369148    0.4514948    0.3629068
58319420    0.0758413    0.0460051
67851930    0.1565579    0.1550364
34012568    0.4028562    0.4116833
16958274    0.0291058    0.1083126
94130527    0.1603314    0.1574956
2043178    0.4086680    0.3364941
1804532    0.1433767    0.0783495
5902371    0.2322153    0.2102253
1487932    0.4101857    0.4216636
6091584    0.0551016    -0.0268634
79648230    0.2436525    0.2967596
25976038    0.2738430    0.2599394
3015264    0.2364364    0.1607790
81439706    0.1262791    0.1452853
2514308    0.3364096    0.3129965
4165230    0.0664882    0.0682186
3514269    0.2860579    0.2683135
5196087    0.4362904    0.3418091
45726190    0.1449229    0.1570655
2836405    0.2381882    0.2050726
64021875    0.1019267    0.1735163
4750928    0.4639964    0.4240790
72153046    0.0292038    0.1137421
35842190    0.0440798    0.0451346
9180765    0.1868605    0.2163108
2317805    0.4805482    0.5128116
1279568    -0.0397060    0.0612526
3254689    0.3482216    0.3478157
38960417    0.0926794    0.1263776
9084235    0.2844537    0.2708376
9765234    0.3451286    0.3233100
85709634    0.1365534    0.1386916
9618250    0.1745989    0.1452500
79631548    0.1812138    0.1381974
7063891    0.3753386    0.3583341
18325407    0.3715184    0.3298588
6315928    0.2469237    0.2708265
