5183609    0.5404390    0.5248663
5831672    0.2538592    0.2244980
2081546    0.4467185    0.4429090
6930741    0.1099527    0.1456251
1340285    0.1161054    0.1553544
7160483    0.4047953    0.4779704
3215784    0.0695981    -0.0101743
1056832    0.1398216    0.1155033
2541903    0.3190446    0.4002539
5693807    0.1703150    0.2194934
4267580    0.4071005    0.4111217
2198367    0.0754390    0.1474439
9381746    0.2999753    0.2964649
5762910    0.2062399    0.2494387
2643098    0.2184954    0.2604375
9257083    0.5751210    0.5539250
2943061    0.1322802    0.1568646
9583261    0.3440669    0.4369679
9317528    0.2727551    0.2915468
8605217    0.2345106    0.2428069
9380175    0.2946367    0.2041946
9765234    0.3451286    0.2620384
9461730    0.1967047    0.1668442
3296450    0.5973707    0.6460125
8512390    0.3917661    0.3182804
8317509    0.1872364    0.2153032
3204167    0.3540025    0.3383813
2453071    0.2434675    0.1718731
8597263    0.1450746    0.1739423
4693502    0.1955602    0.1366864
3514269    0.2860579    0.2850588
5683192    0.4733342    0.4469086
3469512    0.2516770    0.1815863
1735482    0.1225054    0.1143732
5372069    0.3426059    0.2425824
8290476    0.2635870    0.3348145
7819360    0.3202660    0.3616759
9501276    0.0174545    0.1587171
7985463    0.1468814    0.0373357
9840216    0.0807284    0.0845421
4750928    0.4639964    0.5102500
3612974    0.1838014    0.1788688
3264017    0.1892763    0.2167888
5902371    0.2322153    0.2514386
1932047    0.1806909    0.2036318
4123795    -0.0081841    0.0194037
9245670    0.3915895    0.4585720
4692830    0.5977371    0.6155887
4857263    0.3738794    0.4434472
1069425    0.5509495    0.6486430
2045968    0.1103608    0.1855174
9731406    0.1191694    0.1193704
6530821    0.3380645    0.3834944
3627410    0.1778646    0.1904515
5714096    0.3797141    0.4113431
9317254    0.3729283    0.3452879
2096537    0.5723276    0.4591786
5267094    0.2599849    0.2325223
3821574    0.3310490    0.4295667
5197243    0.5915708    0.5074377
1804532    0.1433767    0.1860591
8643509    0.4373056    0.4798745
9267581    0.1851758    0.2430878
3250478    0.0873304    0.1320158
9084715    0.0584843    0.1706311
8613947    0.2891041    0.2541749
1260374    0.0731026    0.0384413
9084235    0.2844537    0.2632703
7521463    0.3398980    0.3608200
6138297    0.0625853    0.1829587
3061874    0.2808881    0.3064584
3578406    0.1215780    0.0136956
9450781    0.3211172    0.2941120
8521307    0.3988584    0.3856821
3056417    0.3964929    0.3404509
4807153    0.1503095    0.1478099
4987650    0.2964038    0.3351558
9618250    0.1745989    0.2120234
8054917    0.3262745    0.3830943
4203176    0.0868008    0.1411302
4935860    0.2500624    0.2507241
8927605    0.1242698    0.1518119
2739650    0.1539570    0.1649124
2673845    0.5641396    0.4621170
6342708    0.0867694    0.1255924
6895471    0.5201627    0.4246261
9576032    0.5069458    0.4836453
5738926    0.3573479    0.3331600
7803256    0.3907403    0.3869250
2941375    0.1039866    0.1719956
3149850    0.0295857    0.0986699
3041965    0.4253836    0.3994868
3891520    0.3327236    0.2432375
2568307    0.2370991    0.2679007
4867502    0.3658697    0.3569757
2760143    0.3529654    0.2761458
5294037    0.3698771    0.3202752
6283704    0.0842864    0.0692051
2498173    0.3937241    0.3896613
4265083    0.3106906    0.3023478
1790246    0.2481418    0.2877652
6982735    0.1570534    0.1266672
2645180    0.2137118    0.1419476
6971305    0.4535946    0.5591152
1694783    0.0640252    0.1055143
2158347    0.3815083    0.3700384
7369148    0.4514948    0.3984666
3092751    0.0439309    0.0358070
5749680    0.1812531    0.1853612
6091584    0.0551016    0.1436855
9603748    0.2451397    0.1838041
5170386    0.0831770    0.1032011
6175483    0.4677562    0.4899316
8653417    0.1287219    0.0616775
3582067    0.3364838    0.3124836
9138254    0.2920520    0.3271370
7348562    0.3256060    0.3343379
6315928    0.2469237    0.2152569
5160827    0.1363529    0.1745246
8315042    0.3440053    0.3154260
5062718    0.3932812    0.2852780
6902314    0.1831756    0.1996643
9546732    0.3262210    0.2668737
9354761    0.1451593    0.1286187
2836405    0.2381882    0.2176624
8463201    0.3381932    0.3269064
9328467    0.5027560    0.4313969
9157643    0.4749572    0.3955187
8496023    0.1516259    0.0527389
4309715    0.1303742    0.1922441
1365094    0.2127880    0.1898977
8410523    0.3938945    0.3741801
2465970    0.2177032    0.1668188
4306815    0.5216363    0.6162665
6703951    0.2923357    0.3648050
5619803    0.1762386    0.1304087
2819470    0.3080540    0.3111290
3014689    0.2795749    0.2683082
2845369    0.2818527    0.2409905
4127693    0.3656554    0.2729803
