43065218    0.2726136    0.2366101
2198367    0.0754390    0.1713302
40236598    0.1331878    0.0126273
50987241    0.2942135    0.2868550
5619803    0.1762386    0.2176129
7243896    0.3525857    0.3204399
94185602    0.0684437    0.0861530
2836405    0.2381882    0.2244089
2643098    0.2184954    0.3025202
82609473    -0.0309462    0.0344967
41085739    0.2158497    0.2656758
30694825    0.0365880    0.0593784
3582067    0.3364838    0.3615797
3015264    0.2364364    0.2196566
4693502    0.1955602    0.2019422
64021875    0.1019267    0.0111167
69578014    0.2654074    0.2151094
4692830    0.5977371    0.5778028
3627410    0.1778646    0.1232349
85902746    0.2217552    0.2175525
12086359    0.0064457    0.0707621
6039182    0.2504354    0.3775126
43860715    0.0869390    0.1753489
2498173    0.3937241    0.4166690
6278590    0.0292114    0.0675985
82354971    0.0228063    0.0698715
85397462    0.1461277    0.2020161
52948361    0.0420176    0.0394378
2045968    0.1103608    0.0695440
4306815    0.5216363    0.3767137
19436725    0.1565862    0.2088675
3092751    0.0439309    0.1896431
8315042    0.3440053    0.3516646
4309715    0.1303742    0.1311222
1279568    -0.0397060    -0.0203604
6902314    0.1831756    0.2193376
13480652    0.2119081    0.1673420
2645180    0.2137118    0.1987796
4637091    0.4661794    0.3796557
71403958    0.3880658    0.2541282
51398260    0.1249023    0.1725661
20419573    0.2637484    0.1684070
2694380    0.2196963    0.1774945
32156478    0.0373923    0.0328009
5197243    0.5915708    0.4892703
1923504    0.4565430    0.4383948
2514308    0.3364096    0.3595837
9267581    0.1851758    0.1435185
8317509    0.1872364    0.1674009
5894621    0.2282716    0.2045450
61927503    0.0583740    0.0310003
40568932    0.1124073    0.0650174
2043178    0.4086680    0.4890546
9518642    0.5007111    0.5704260
16094873    0.0280620    0.1003411
60573841    0.0080028    0.0322854
82769514    0.1071274    0.0834092
35280617    -0.0191183    0.0677862
5267094    0.2599849    0.3352373
93507642    0.2040192    0.1561146
68427591    0.0416545    0.0535714
3014689    0.2795749    0.3177666
6895471    0.5201627    0.5920438
4987650    0.2964038    0.2789189
67851930    0.1565579    0.2092499
9257083    0.5751210    0.4623966
38549061    0.3059458    0.2685969
43790281    0.0475672    0.0758434
17042638    0.1411405    0.1747134
65790324    0.0046216    0.1240111
1260374    0.0731026    0.1147042
9450781    0.3211172    0.3310498
6083594    0.4033448    0.3337631
83429561    0.2568101    0.2730223
12507849    0.1052662    0.1137652
56920873    0.2995450    0.2128148
89231046    0.0701274    0.1519084
83197206    0.2185750    0.1182235
5140362    0.3208159    0.3240351
7932580    0.4682114    0.5073389
9605831    0.1809202    0.2555344
3786905    0.2339949    0.2175550
50648317    0.3646901    0.4165537
81437256    0.3754057    0.3686969
6543129    0.4651338    0.3862485
49670328    0.1332543    0.1577653
2384019    0.2573606    0.1833561
32468591    0.2064951    0.2427419
52634817    0.2849960    0.2179973
56124780    0.1965039    0.2524681
3578406    0.1215780    0.1741825
9317528    0.2727551    0.2904950
4960875    0.1032987    0.1193971
61487350    0.1231352    0.1538153
96302148    0.2372141    0.1943337
1932047    0.1806909    0.2351677
12904576    0.3852948    0.3594271
5183609    0.5404390    0.4359642
3741296    0.0530962    0.1718336
67905128    0.1698469    0.2002333
5762910    0.2062399    0.1601445
9157643    0.4749572    0.3772325
78691503    0.3143425    0.1377760
6851203    0.2527070    0.3074831
1320567    0.2311754    0.2748437
92057831    0.1228388    0.1005701
8653417    0.1287219    0.1150699
67435291    0.3115513    0.3875870
72150386    -0.0355079    0.0655072
61792438    0.2751650    0.2793893
5749680    0.1812531    0.2059535
8597263    0.1450746    0.3016386
16375284    0.2126535    0.1354068
8613947    0.2891041    0.2453685
7483150    0.3565000    0.3470328
4807153    0.1503095    0.1356788
9501276    0.0174545    0.1771952
35897402    0.4143970    0.3279766
6703951    0.2923357    0.4161255
12304586    0.2230351    0.2483535
6971305    0.4535946    0.3739217
7369148    0.4514948    0.5532707
2760143    0.3529654    0.4319560
1098653    0.2683512    0.3330784
50619347    0.3196470    0.2423899
7548206    0.3996251    0.4683536
9706385    0.3472344    0.3511842
6175483    0.4677562    0.4938804
40596718    0.1890510    0.2330980
78351290    0.2346316    0.1975364
10378294    0.3021635    0.2763569
5187042    0.1334780    0.1715890
14387690    0.2061633    0.2101434
5648371    0.2782824    0.4166554
1365094    0.2127880    0.1807492
2465970    0.2177032    0.1613906
32508179    0.0563334    0.1124701
81439706    0.1262791    0.0933755
94130527    0.1603314    0.1984040
39720486    0.2953125    0.3019392
45628709    0.1130647    0.0237273
68293104    0.0358413    0.0731602
15860437    0.1634063    0.2421683
67198240    0.4920497    0.5412868
6982735    0.1570534    0.1204584
6315928    0.2469237    0.1816395
35842190    0.0440798    0.0194057
6091584    0.0551016    0.0590768
3740286    0.4547719    0.4414062
1056832    0.1398216    0.1549852
71453068    0.0661260    0.0433765
81294637    0.2323228    0.1935373
6271834    0.0263550    -0.0464234
1705239    0.2730497    0.2816494
4352098    0.3358923    0.3938832
86192507    0.0664135    0.0382549
4857263    0.3738794    0.4679024
1302765    0.3472123    0.3459936
10392748    0.1246251    0.1207319
23750186    0.1395542    0.0787852
56489170    0.3309727    0.3030142
2943061    0.1322802    0.1814205
9381746    0.2999753    0.3882892
9518437    0.1673752    0.1998104
31286905    0.1618569    0.0921842
2361549    0.1515017    0.1618400
95240316    0.1675703    0.2031297
2453071    0.2434675    0.3081937
7126859    0.0000346    0.0317144
42368795    0.4455477    0.5774966
19483527    0.1787383    0.2510245
3061874    0.2808881    0.3897433
6594182    0.0526440    0.1474504
27845619    0.2513606    0.2913855
27156309    0.1905536    0.1218457
2869347    0.3789614    0.3982419
72015384    0.5095192    0.6170093
5718692    0.1730530    0.1933647
9546732    0.3262210    0.2716910
74920653    0.4227876    0.3662034
6748193    0.2073776    0.2260350
7160483    0.4047953    0.4115868
9731406    0.1191694    0.2020668
38702645    0.1698794    0.2402084
47098521    0.1130693    0.0907203
17596823    0.0303843    0.0874673
98016472    0.1913138    0.2093082
24035867    0.2180151    0.2297152
34681702    0.2408399    0.2922173
95308671    0.2649733    0.2598985
5062718    0.3932812    0.2992283
7905641    0.2707025    0.2711300
46879352    0.1105719    0.0631526
85320746    0.3344432    0.4149782
20456318    0.0361747    0.0299929
3891520    0.3327236    0.3249974
32875906    0.3579376    0.4286940
3204167    0.3540025    0.4350027
8410523    0.3938945    0.3664758
9425807    0.3096627    0.3018362
89604375    0.5544792    0.7249284
34189275    0.0542352    0.0923752
9138254    0.2920520    0.2990702
4328571    0.3664831    0.2975535
15780629    0.4336775    0.3244783
5178439    0.3721354    0.5230786
8054917    0.3262745    0.3800623
2081546    0.4467185    0.3362834
79631548    0.1812138    0.2044681
2568307    0.2370991    0.2052623
7985463    0.1468814    0.1260754
9467830    -0.0446479    0.0973074
2158347    0.3815083    0.2564909
9084235    0.2844537    0.2938483
3056417    0.3964929    0.3192218
74920568    0.0942004    -0.0170587
5693807    0.1703150    0.2253415
18967543    0.2637843    0.2833910
43208516    0.2005489    0.2426094
5738926    0.3573479    0.3756615
8463201    0.3381932    0.3747683
6138297    0.0625853    0.1419956
7130825    0.2484626    0.3332682
20819547    0.4023762    0.3795999
8643509    0.4373056    0.6125978
3254689    0.3482216    0.4578474
6025847    0.3156327    0.3424140
6283704    0.0842864    0.1415070
9380175    0.2946367    0.2598529
3612974    0.1838014    0.2858531
47812905    0.1007904    0.0635353
6319528    0.3046428    0.1966260
37068241    0.4272806    0.3368585
5902371    0.2322153    0.2570321
9840216    0.0807284    0.1526769
4165230    0.0664882    0.1627680
71248596    0.0827905    0.1476415
93481752    0.2718664    0.1428222
4935860    0.2500624    0.2619531
76402381    0.0634703    0.0184040
50942871    0.0802008    0.0266118
1743698    0.3903206    0.3804554
54789260    0.0388761    0.0656175
84036972    0.2046254    0.2087539
65349018    0.3772913    0.3437403
63975401    -0.0284755    -0.0333371
62945318    0.1630607    0.0682592
59481307    0.1335299    0.0761542
59806341    0.3732070    0.3273886
83265941    0.1260843    0.0923094
72153046    0.0292038    0.0776536
71465098    0.3067145    0.2355600
39062841    0.0944830    0.0595977
8521307    0.3988584    0.3479075
7348562    0.3256060    0.3535908
34209168    0.1613672    0.1480106
9607438    0.1222324    0.0727301
7063891    0.3753386    0.3871691
3215784    0.0695981    0.0852764
70843926    0.2776558    0.1912605
45726190    0.1449229    0.1286016
1487932    0.4101857    0.2944407
9182473    0.1916796    0.2745606
56893071    0.1657909    0.2213164
19743065    0.0593324    0.0465430
20694735    0.0069220    0.0685864
12374650    0.1772530    0.0826260
16958274    0.0291058    0.1149771
79324150    0.1327389    0.1388240
27159836    0.0332070    0.0537178
21064358    0.1029364    0.1003688
5891230    0.2276907    0.2000103
4528069    0.1329296    0.1433156
9765234    0.3451286    0.3302848
76415208    0.0900140    0.0764832
57043269    0.2307362    0.3216936
6807539    0.3188515    0.3460116
39186520    0.1250224    0.2300631
2941375    0.1039866    0.2234074
2845369    0.2818527    0.2782182
