2096537    0.5723276    0.4716592
6971305    0.4535946    0.4464849
2931756    0.2538077    0.2125839
5894621    0.2282716    0.1732703
6895471    0.5201627    0.3800739
4867502    0.3658697    0.3949774
2845369    0.2818527    0.3434578
5693807    0.1703150    0.1732703
2078916    0.2681468    0.3251117
2673845    0.5641396    0.4174137
5749680    0.1812531    0.1732703
9840216    0.0807284    0.1732703
7985463    0.1468814    0.1732703
2568307    0.2370991    0.2921802
2941375    0.1039866    0.1766811
4692830    0.5977371    0.3076151
5814072    0.1933573    0.1882917
7254913    0.0828423    0.1732703
6315928    0.2469237    0.3126510
3254689    0.3482216    0.3849381
1743698    0.3903206    0.3075118
9180765    0.1868605    0.1732703
4328571    0.3664831    0.3145231
5187042    0.1334780    0.1732703
9576032    0.5069458    0.2675588
3892147    0.0673109    0.1732703
5140362    0.3208159    0.3465128
2643098    0.2184954    0.2365871
8290476    0.2635870    0.3961599
7918026    0.0989480    0.1732703
5714096    0.3797141    0.4237273
9245670    0.3915895    0.2491520
4528069    0.1329296    0.1732703
5123968    0.5559287    0.3855857
2453071    0.2434675    0.1732703
9084715    0.0584843    0.1732703
7803256    0.3907403    0.3720950
4768210    0.6686979    0.4726393
2487590    0.1245996    0.1732703
4127693    0.3656554    0.3171679
3514269    0.2860579    0.2946712
6283704    0.0842864    0.1732703
7369148    0.4514948    0.3491714
7819360    0.3202660    0.3506614
6543129    0.4651338    0.2934003
1932047    0.1806909    0.1732703
5762910    0.2062399    0.1853789
2198367    0.0754390    0.1732703
8397402    -0.0295911    0.1732703
6748193    0.2073776    0.2670731
9157643    0.4749572    0.2533658
3786905    0.2339949    0.2447299
3056417    0.3964929    0.3897713
7548206    0.3996251    0.4205675
1895642    0.3019776    0.2297020
6752138    0.1926357    0.1732703
1302765    0.3472123    0.2905005
2465970    0.2177032    0.1732703
9518437    0.1673752    0.1807351
5732806    0.2107367    0.1732703
8463201    0.3381932    0.2900403
9257083    0.5751210    0.4520795
2541903    0.3190446    0.3467510
7521463    0.3398980    0.2801997
4165972    0.2014961    0.2027691
9461730    0.1967047    0.1732703
4267580    0.4071005    0.3204835
3645207    0.1910296    0.1732703
1365094    0.2127880    0.2072034
5170386    0.0831770    0.1732703
2018563    0.3960066    0.4187313
2317805    0.4805482    0.3643863
8597263    0.1450746    0.1732703
9425807    0.3096627    0.3214868
4352098    0.3358923    0.3298019
4935860    0.2500624    0.2256560
5902371    0.2322153    0.1889649
3015264    0.2364364    0.1732703
7130825    0.2484626    0.2545442
1069425    0.5509495    0.3765919
5738926    0.3573479    0.1732703
2384019    0.2573606    0.3019016
6982735    0.1570534    0.1732703
6278590    0.0292114    0.1732703
7160483    0.4047953    0.2679036
6342708    0.0867694    0.1732703
9084235    0.2844537    0.3382924
9328467    0.5027560    0.5349808
4960875    0.1032987    0.1732703
8613947    0.2891041    0.3004744
4857263    0.3738794    0.4028765
9607438    0.1222324    0.1732703
6902314    0.1831756    0.1732703
2694380    0.2196963    0.1732703
7126859    0.0000346    0.1732703
4165230    0.0664882    0.1732703
9706385    0.3472344    0.4409760
3891520    0.3327236    0.3307117
7804269    0.1723401    0.1732703
8643509    0.4373056    0.4432798
3469512    0.2516770    0.1934696
4327501    0.2126635    0.1732703
3612974    0.1838014    0.1808605
5619803    0.1762386    0.1732703
3204167    0.3540025    0.3840872
9317254    0.3729283    0.4403545
8927605    0.1242698    0.1732703
5648371    0.2782824    0.3184431
3280951    0.0553783    0.1732703
5160827    0.1363529    0.1732703
9583261    0.3440669    0.3013227
2158347    0.3815083    0.2702231
1735482    0.1225054    0.1732703
6175483    0.4677562    0.4399195
4265083    0.3106906    0.3307356
8605217    0.2345106    0.1821903
3092751    0.0439309    0.1732703
3014689    0.2795749    0.2500812
4063285    0.2597609    0.3173685
5196087    0.4362904    0.4777693
3149850    0.0295857    0.1732703
7905641    0.2707025    0.2593203
3582067    0.3364838    0.3275979
3041965    0.4253836    0.4082139
4693502    0.1955602    0.1732703
9450781    0.3211172    0.4786364
1705239    0.2730497    0.2584843
6138297    0.0625853    0.1732703
8521307    0.3988584    0.2980978
9354761    0.1451593    0.1732703
6039182    0.2504354    0.1732703
5062718    0.3932812    0.4479665
5831672    0.2538592    0.1732703
9720165    0.4198961    0.3161952
9618250    0.1745989    0.1732703
6851203    0.2527070    0.1732703
9317528    0.2727551    0.2669333
8410523    0.3938945    0.4490877
6319528    0.3046428    0.3154627
6135948    0.4934883    0.4291439
