25986740    0.1667644    0.1477555
4327501    0.2126635    0.1853814
7063891    0.3753386    0.2958515
67198240    0.4920497    0.4632017
6283704    0.0842864    0.1195716
42368795    0.4455477    0.4721256
4857263    0.3738794    0.3001662
1069425    0.5509495    0.6960173
10392748    0.1246251    0.0232022
1056832    0.1398216    0.1314868
38960417    0.0926794    0.1742652
34681702    0.2408399    0.1481246
74920568    0.0942004    0.1393513
43860715    0.0869390    0.1235534
2541903    0.3190446    0.2865359
42936180    0.4175026    0.3788732
58319420    0.0758413    0.0656653
6851203    0.2527070    0.2715800
6530821    0.3380645    0.3486255
2645180    0.2137118    0.2242742
57043269    0.2307362    0.1921499
4987650    0.2964038    0.2967450
60573841    0.0080028    0.1260711
6423907    0.2354790    0.2073986
43780952    0.3129933    0.1419099
6807539    0.3188515    0.3017461
30975426    0.2825031    0.2726639
31254760    0.4422659    0.3727401
89231046    0.0701274    0.0773789
9840216    0.0807284    0.2441695
4352098    0.3358923    0.3096907
85902746    0.2217552    0.2334137
5902371    0.2322153    0.1823090
47812905    0.1007904    0.0442072
81439706    0.1262791    0.0857562
19743065    0.0593324    0.0679831
65483790    0.0322079    0.1742652
40596718    0.1890510    0.2110467
6982735    0.1570534    0.2117757
9317528    0.2727551    0.2180873
85397462    0.1461277    0.2157603
93608745    0.2518492    0.1825043
9267581    0.1851758    0.2276762
9518642    0.5007111    0.4480254
4309715    0.1303742    0.0957688
1790246    0.2481418    0.2295461
4693502    0.1955602    0.1616821
89604375    0.5544792    0.4661002
2514308    0.3364096    0.3855791
3612974    0.1838014    0.2231038
9257083    0.5751210    0.5259531
5187042    0.1334780    0.0575851
1694783    0.0640252    0.0091551
2694380    0.2196963    0.2486701
35280617    -0.0191183    0.1385756
6278590    0.0292114    0.1179313
63175049    0.2735692    0.2811374
65374182    0.0248284    0.0647706
71248596    0.0827905    0.1051865
5749680    0.1812531    0.1607278
8653417    0.1287219    0.0615067
9450781    0.3211172    0.3720539
5197243    0.5915708    0.4812870
4063285    0.2597609    0.3200856
2760143    0.3529654    0.3265598
6025847    0.3156327    0.4205608
71453068    0.0661260    0.1742652
9501276    0.0174545    0.1577616
5683192    0.4733342    0.5066874
14387690    0.2061633    0.1848790
49670328    0.1332543    0.1657832
97408251    0.0528856    0.0524570
10378294    0.3021635    0.3461230
3092751    0.0439309    0.0857292
8496023    0.1516259    0.1064773
67381945    0.1065278    0.1651051
91052873    0.1417432    0.0897129
3296450    0.5973707    0.4823507
9328467    0.5027560    0.5909789
2158347    0.3815083    0.3970421
4935860    0.2500624    0.2780445
5196087    0.4362904    0.2537527
24501987    0.1447957    0.1580868
87563140    0.2003200    0.1913736
2845369    0.2818527    0.2229086
79324150    0.1327389    0.1492338
2078916    0.2681468    0.3249050
25976038    0.2738430    0.2059827
2453071    0.2434675    0.2882882
9731406    0.1191694    0.0934653
9720165    0.4198961    0.3251678
61784935    0.0502294    0.0807101
1260374    0.0731026    0.1535371
6971305    0.4535946    0.3863698
30694825    0.0365880    0.0718045
4203176    0.0868008    0.1101226
4750928    0.4639964    0.4229527
51763480    0.4308012    0.3924202
18325407    0.3715184    0.2273714
98526013    0.1456753    0.2075486
1279568    -0.0397060    0.1041502
12304586    0.2230351    0.3193498
16094873    0.0280620    0.1742652
5140362    0.3208159    0.3710585
50648317    0.3646901    0.3454464
32450971    0.1140205    0.1742652
7521463    0.3398980    0.3505498
2941375    0.1039866    0.1602084
68427591    0.0416545    0.1058465
4932856    0.2126629    0.1614393
2018563    0.3960066    0.3857541
2673845    0.5641396    0.3576269
72150386    -0.0355079    -0.1151378
56920873    0.2995450    0.3211863
59230168    0.1671241    0.0999064
9321840    0.4420901    0.4047890
85320746    0.3344432    0.4119472
9605831    0.1809202    0.1959333
3204167    0.3540025    0.2954576
61927503    0.0583740    0.1366705
93507642    0.2040192    0.2157570
8597263    0.1450746    0.1615901
98016472    0.1913138    0.2182887
5294037    0.3698771    0.2997179
47098521    0.1130693    0.0328912
18952376    0.0941340    0.1969311
1735482    0.1225054    0.1226260
19436725    0.1565862    0.1747612
6543129    0.4651338    0.4404803
34982675    0.0478840    0.1742652
8410523    0.3938945    0.3977839
2045968    0.1103608    0.1087677
15860437    0.1634063    0.1654644
21064358    0.1029364    0.1395865
32714856    0.3173793    0.2453055
58642793    0.1629138    0.1781624
8605217    0.2345106    0.2543658
2739650    0.1539570    0.2142252
94130527    0.1603314    0.1306830
9180765    0.1868605    0.2418723
12374650    0.1772530    0.0859994
4768210    0.6686979    0.4896305
5146839    0.5332805    0.4403716
50987241    0.2942135    0.2713277
43065218    0.2726136    0.2821745
8054917    0.3262745    0.4651530
82354971    0.0228063    0.0658503
6039182    0.2504354    0.3413994
1487932    0.4101857    0.4565169
10693257    0.3052177    0.2487891
16504783    0.2812308    0.3462327
5762910    0.2062399    0.2651966
20519736    0.2078745    0.2254629
7803256    0.3907403    0.3308558
3740286    0.4547719    0.4863524
67905128    0.1698469    0.1742652
38549061    0.3059458    0.2395099
9084715    0.0584843    0.1258224
35842190    0.0440798    -0.2161801
52634817    0.2849960    0.2082822
2931756    0.2538077    0.2276711
79631548    0.1812138    0.1421301
7483150    0.3565000    0.3527352
9576032    0.5069458    0.3672529
92057831    0.1228388    0.1380626
20419573    0.2637484    0.2071026
5160827    0.1363529    0.2273830
8643509    0.4373056    0.5005565
40568932    0.1124073    0.0673289
15780629    0.4336775    0.3639629
87932541    0.1275321    0.1711407
7348562    0.3256060    0.3014131
3892147    0.0673109    0.1540191
69538402    0.4654601    0.4672830
56893071    0.1657909    0.1659275
2836405    0.2381882    0.1944377
37419068    0.1121111    -0.0280911
37049621    0.1162308    0.0297488
9467830    -0.0446479    0.1312924
62157849    0.1091794    0.0996848
6083594    0.4033448    0.3790044
6175483    0.4677562    0.5247059
23045176    0.3178396    0.3198763
3582067    0.3364838    0.3084079
5372069    0.3426059    0.2857482
7819360    0.3202660    0.3728367
34072651    0.0493279    0.0407173
32468591    0.2064951    0.1935907
3061874    0.2808881    0.3274012
6091584    0.0551016    0.1335637
67239801    0.1973108    0.2449491
94185602    0.0684437    0.1167174
5469827    0.0416673    0.0984350
5894621    0.2282716    0.2538507
7369148    0.4514948    0.3631820
19483527    0.1787383    0.1305390
5814072    0.1933573    0.1801360
48270965    -0.0273596    -0.1131710
5738926    0.3573479    0.4461685
52948361    0.0420176    0.1742652
2568307    0.2370991    0.2816027
54879302    0.2807025    0.2970887
3645207    0.1910296    0.1291502
46752830    0.5220824    0.6504865
61932785    0.2703631    0.2527091
8521307    0.3988584    0.3973977
7243896    0.3525857    0.3566612
20456318    0.0361747    -0.0247000
2465970    0.2177032    0.2347100
9317254    0.3729283    0.3115141
2819470    0.3080540    0.2324733
5714096    0.3797141    0.3957327
34012568    0.4028562    0.4439234
62941037    0.3422488    0.3261251
1705239    0.2730497    0.3725300
5123968    0.5559287    0.3347208
68293104    0.0358413    0.0606770
4265083    0.3106906    0.2578504
9603748    0.2451397    0.1804079
6902314    0.1831756    0.2065891
5891230    0.2276907    0.2629880
9618250    0.1745989    0.1440119
20819547    0.4023762    0.2824699
7932580    0.4682114    0.4302011
9245670    0.3915895    0.5214743
3250478    0.0873304    0.0476838
7160483    0.4047953    0.3060122
8463201    0.3381932    0.2129988
60897513    0.1301192    0.1497634
43972106    0.3626580    0.3971614
50836291    0.1281155    0.0804751
5062718    0.3932812    0.3412769
72015384    0.5095192    0.3350966
41085739    0.2158497    0.1641160
7905641    0.2707025    0.3797447
9084235    0.2844537    0.3067268
79648230    0.2436525    0.2434387
27845619    0.2513606    0.3446025
39186520    0.1250224    0.1870147
51398260    0.1249023    0.1742652
16943087    0.1024783    0.0040700
87196024    0.1803782    0.2435682
5267094    0.2599849    0.2564149
6319528    0.3046428    0.3346375
3469512    0.2516770    0.2053139
23705914    0.1015233    0.1446865
6752138    0.1926357    0.1718087
5308146    0.4128936    0.3903731
83197206    0.2185750    0.1656869
2943061    0.1322802    0.1623202
8315042    0.3440053    0.3061984
9518437    0.1673752    0.1313379
50129364    0.3502489    0.3384013
50942871    0.0802008    0.0795764
72153046    0.0292038    0.0005260
31286905    0.1618569    0.0912619
54789260    0.0388761    0.0924457
8512390    0.3917661    0.5611742
92165478    0.3181673    0.3537905
96302148    0.2372141    0.1622313
62945318    0.1630607    0.1235658
9354761    0.1451593    0.1094911
4165230    0.0664882    0.1074788
83429561    0.2568101    0.3085484
1320567    0.2311754    0.1903038
65349018    0.3772913    0.4209745
7918026    0.0989480    0.1149779
2869347    0.3789614    0.3334052
8613947    0.2891041    0.2944239
82609473    -0.0309462    0.0728832
71204863    0.2342260    0.1967152
81294637    0.2323228    0.1821913
96138204    0.1449491    0.1580109
86192507    0.0664135    0.0648428
5170386    0.0831770    0.0900173
71403958    0.3880658    0.3314657
3741296    0.0530962    0.0753589
45726190    0.1449229    0.1445767
1932047    0.1806909    0.1523762
6135948    0.4934883    0.5413349
