4123795    -0.0081841    0.0599478
85320746    0.3344432    0.3327670
5170386    0.0831770    0.2448858
41253670    0.2920886    0.2145673
4932856    0.2126629    0.1714609
7190582    0.5212715    0.4278955
26408915    0.1213319    0.2528655
2931756    0.2538077    0.3989588
5619803    0.1762386    0.1255363
50987241    0.2942135    0.3591200
86192507    0.0664135    0.2454496
4976231    0.4576726    0.4964414
46879352    0.1105719    0.0565726
8317509    0.1872364    0.1451054
43780952    0.3129933    0.1761924
82609473    -0.0309462    -0.0392853
98016472    0.1913138    0.2324173
15860437    0.1634063    0.1635371
24501987    0.1447957    0.1262590
97408251    0.0528856    0.1494541
13085762    0.3273837    0.4055168
5831672    0.2538592    0.2903892
5902371    0.2322153    0.2911296
92165478    0.3181673    0.2704626
1735482    0.1225054    0.0736635
1260374    0.0731026    0.1397436
32450971    0.1140205    0.0851393
2081546    0.4467185    0.3815087
58319420    0.0758413    0.1408698
78691503    0.3143425    0.3138138
59806341    0.3732070    0.4985285
76402381    0.0634703    0.1012953
5738926    0.3573479    0.3471924
1743698    0.3903206    0.3043487
87904612    0.1259729    0.1126221
6530821    0.3380645    0.2811166
95063127    0.3365001    0.2609594
6752138    0.1926357    0.2175962
58029641    0.1638877    0.3306960
3296450    0.5973707    0.5635171
38702645    0.1698794    0.1270932
1059674    0.2535736    0.3228850
98526013    0.1456753    0.1441457
9546732    0.3262210    0.2406235
3014689    0.2795749    0.2774753
7521463    0.3398980    0.3430858
83429561    0.2568101    0.2448114
6135948    0.4934883    0.4581261
9084235    0.2844537    0.3570178
8521307    0.3988584    0.2948853
38960417    0.0926794    0.1783880
7803256    0.3907403    0.4112647
9706385    0.3472344    0.4666227
60897513    0.1301192    0.0923055
1340285    0.1161054    0.0936458
54879302    0.2807025    0.2344996
9267581    0.1851758    0.2985678
2694380    0.2196963    0.1241066
37049621    0.1162308    0.2354744
40596718    0.1890510    0.1068843
4987650    0.2964038    0.3367299
4327501    0.2126635    0.2039379
16504783    0.2812308    0.2967623
82139740    0.3176008    0.3007790
34209168    0.1613672    0.0926198
12374650    0.1772530    0.1188420
36509124    0.1029860    0.1358754
78510264    0.0811135    0.1441251
3740286    0.4547719    0.4532984
3891520    0.3327236    0.2332418
7905641    0.2707025    0.3189507
2514308    0.3364096    0.3550418
35897402    0.4143970    0.0979272
61932785    0.2703631    0.2315574
49670328    0.1332543    0.1572929
5267094    0.2599849    0.3746930
52948361    0.0420176    0.0360985
18967543    0.2637843    0.1757126
13480652    0.2119081    0.1364251
43206985    0.1951650    0.1952903
5196087    0.4362904    0.3902771
2078916    0.2681468    0.3723202
15780629    0.4336775    0.2995158
81439706    0.1262791    0.1426722
27159836    0.0332070    0.0485026
7126859    0.0000346    0.0645182
5648371    0.2782824    0.2757642
17596823    0.0303843    0.1747745
4692830    0.5977371    0.5727782
47812905    0.1007904    0.0862640
20694735    0.0069220    0.1773974
3892147    0.0673109    0.1500421
7254913    0.0828423    0.0859291
1790246    0.2481418    0.2407744
6175483    0.4677562    0.4651974
1705239    0.2730497    0.3156016
24035867    0.2180151    0.3057474
5762910    0.2062399    0.3699096
69538402    0.4654601    0.6077405
25986740    0.1667644    0.2105877
12304586    0.2230351    0.2739400
9354761    0.1451593    0.0961585
10378294    0.3021635    0.3540931
4693502    0.1955602    0.2055513
75684932    0.2416156    0.1998559
9317528    0.2727551    0.3382679
12507849    0.1052662    0.1747266
65790324    0.0046216    0.1170186
34982675    0.0478840    0.0083197
6319528    0.3046428    0.2689506
4807153    0.1503095    0.1271810
71305486    0.5131515    0.4378033
9157643    0.4749572    0.4777660
63175049    0.2735692    0.1899362
25976038    0.2738430    0.2046517
6315928    0.2469237    0.3535455
94528706    0.1321287    0.1722079
82354971    0.0228063    0.1573517
71204863    0.2342260    0.1776632
46752830    0.5220824    0.5942934
95240316    0.1675703    0.2195150
19743065    0.0593324    0.1321660
9720165    0.4198961    0.3764142
30694825    0.0365880    0.0899251
3250478    0.0873304    0.1382708
79631548    0.1812138    0.2169689
7160483    0.4047953    0.4634835
5718692    0.1730530    0.1293837
67409258    0.3510112    0.3286990
72153046    0.0292038    0.0782474
70264158    0.1874085    0.0184264
32468591    0.2064951    0.1708820
9321840    0.4420901    0.3928494
8315042    0.3440053    0.2343218
12904576    0.3852948    0.5475853
84135296    0.0717320    0.1520220
16094873    0.0280620    0.0474701
60573841    0.0080028    0.1156195
8613947    0.2891041    0.2043584
9180765    0.1868605    0.2346939
20419573    0.2637484    0.0844567
6025847    0.3156327    0.3588415
5732806    0.2107367    0.3166249
40568932    0.1124073    0.0562034
45068793    0.0582267    0.1803565
58642793    0.1629138    0.1081151
9607438    0.1222324    0.1335417
65349018    0.3772913    0.2604573
56920873    0.2995450    0.3909950
71453068    0.0661260    0.1175906
1279568    -0.0397060    -0.0218439
62945318    0.1630607    0.1464792
8463201    0.3381932    0.3812976
68427591    0.0416545    0.0765030
1804532    0.1433767    0.1373790
6971305    0.4535946    0.5205222
2317805    0.4805482    0.4478260
16375284    0.2126535    0.1655145
6930741    0.1099527    0.1535151
2819470    0.3080540    0.3439764
4265083    0.3106906    0.2643286
39720486    0.2953125    0.3030950
9380175    0.2946367    0.2434996
12086359    0.0064457    0.0862468
6902314    0.1831756    0.3176826
5469827    0.0416673    0.1156197
5693807    0.1703150    0.1906370
59387142    0.2924146    0.2835189
10392748    0.1246251    0.1986640
1069425    0.5509495    0.3907174
2739650    0.1539570    0.1343815
72015384    0.5095192    0.3541647
4960875    0.1032987    0.1351496
14387690    0.2061633    0.1201812
20519736    0.2078745    0.2907985
52634817    0.2849960    0.1967608
2643098    0.2184954    0.2378349
93507642    0.2040192    0.1610312
4267580    0.4071005    0.4243619
18952376    0.0941340    0.1254511
97183264    0.3591365    0.2820587
6423907    0.2354790    0.1574568
50129364    0.3502489    0.3523530
75149062    0.1247694    0.1449741
9765234    0.3451286    0.3997313
32508179    0.0563334    0.0994972
67381945    0.1065278    0.0671035
72150386    -0.0355079    0.0233202
5308146    0.4128936    0.3760221
54789260    0.0388761    0.1586215
82769514    0.1071274    0.1261460
45726190    0.1449229    0.1036564
89231046    0.0701274    0.2407900
97428650    0.1566038    0.0923074
57043269    0.2307362    0.2942204
95308671    0.2649733    0.2026398
8397402    -0.0295911    -0.1188647
3041965    0.4253836    0.3573469
85397462    0.1461277    0.2269800
76415208    0.0900140    0.1521102
5123968    0.5559287    0.5002983
1302765    0.3472123    0.3618221
18325407    0.3715184    0.2913091
7483150    0.3565000    0.3288027
5187042    0.1334780    0.0827097
62157849    0.1091794    0.1113879
6851203    0.2527070    0.2176440
74920568    0.0942004    0.1180570
40326571    0.2393876    0.2133195
43208516    0.2005489    0.1699026
8290476    0.2635870    0.2762040
65483790    0.0322079    0.0568679
32714856    0.3173793    0.2246073
71248596    0.0827905    0.1352482
6342708    0.0867694    0.1365695
3514269    0.2860579    0.2706493
6083594    0.4033448    0.5053461
3612974    0.1838014    0.2381604
5146839    0.5332805    0.5092051
4857263    0.3738794    0.2959820
3786905    0.2339949    0.1542836
7348562    0.3256060    0.3213327
12064358    0.1449998    0.1402566
59481307    0.1335299    0.1382745
4867502    0.3658697    0.3201445
48270965    -0.0273596    0.1893806
50942871    0.0802008    0.2105418
5683192    0.4733342    0.4778058
4203176    0.0868008    0.0953862
9425807    0.3096627    0.3049449
34681702    0.2408399    0.2415576
64021875    0.1019267    0.1943186
23045176    0.3178396    0.3399368
62941037    0.3422488    0.2557757
1923504    0.4565430    0.4819251
63975401    -0.0284755    0.0281307
50648317    0.3646901    0.4319250
5160827    0.1363529    0.1576152
65374182    0.0248284    0.0999113
7243896    0.3525857    0.3418450
4768210    0.6686979    0.7080086
5749680    0.1812531    0.1395702
71403958    0.3880658    0.3200679
37419068    0.1121111    0.0953164
3469512    0.2516770    0.2206465
95267031    0.1225485    0.1619548
3254689    0.3482216    0.3622835
1895642    0.3019776    0.3443208
38549061    0.3059458    0.2925584
94130527    0.1603314    0.1001222
2869347    0.3789614    0.3724854
43065218    0.2726136    0.2257935
21064358    0.1029364    0.0925940
6271834    0.0263550    0.0946435
43860715    0.0869390    0.0756700
64213980    0.0801635    0.1424553
3578406    0.1215780    0.1342899
20456318    0.0361747    0.0808370
9518642    0.5007111    0.4888892
8927605    0.1242698    0.0982579
1365094    0.2127880    0.2213549
9245670    0.3915895    0.3686146
81693024    0.1615259    0.2246739
6039182    0.2504354    0.2337422
6748193    0.2073776    0.1893943
8496023    0.1516259    0.1467956
1487932    0.4101857    0.3501720
2943061    0.1322802    0.2962946
2043178    0.4086680    0.4643720
9257083    0.5751210    0.6874878
37068241    0.4272806    0.3542001
67905128    0.1698469    0.2010324
2384019    0.2573606    0.3793909
6982735    0.1570534    0.1254887
56489170    0.3309727    0.2149639
4306815    0.5216363    0.5343210
5372069    0.3426059    0.4107573
2836405    0.2381882    0.3074159
9583261    0.3440669    0.2858273
5062718    0.3932812    0.3183647
