1320567    0.2311754    0.1573896
9084235    0.2844537    0.3431976
6895471    0.5201627    0.5791151
9182473    0.1916796    0.2302613
6039182    0.2504354    0.3061689
7985463    0.1468814    0.1373312
5718692    0.1730530    0.2162711
6138297    0.0625853    0.1652287
1279568    -0.0397060    0.1603825
5146839    0.5332805    0.5197377
2943061    0.1322802    0.1675066
8927605    0.1242698    0.1228231
3645207    0.1910296    0.1529854
2845369    0.2818527    0.1871944
5062718    0.3932812    0.4439065
1340285    0.1161054    0.1655900
2673845    0.5641396    0.5995662
4768210    0.6686979    0.8631298
6135948    0.4934883    0.4266361
4528069    0.1329296    0.1318712
9765234    0.3451286    0.3070664
8653417    0.1287219    0.1908251
4693502    0.1955602    0.2428240
3041965    0.4253836    0.2613495
9546732    0.3262210    0.2949445
6530821    0.3380645    0.2846213
5831672    0.2538592    0.2577210
5714096    0.3797141    0.3060380
7369148    0.4514948    0.4468246
3061874    0.2808881    0.3671049
3149850    0.0295857    0.0513728
3741296    0.0530962    -0.0214367
6083594    0.4033448    0.3561193
7348562    0.3256060    0.2440141
4960875    0.1032987    0.1106498
2317805    0.4805482    0.3562974
5762910    0.2062399    0.1259575
7063891    0.3753386    0.4228941
3612974    0.1838014    0.2567006
4857263    0.3738794    0.4853835
9267581    0.1851758    0.2575427
4750928    0.4639964    0.5196937
5619803    0.1762386    0.2092935
4165230    0.0664882    0.1728331
9157643    0.4749572    0.3668761
9518437    0.1673752    0.2305588
2760143    0.3529654    0.2575843
9518642    0.5007111    0.3988518
5196087    0.4362904    0.4246483
3215784    0.0695981    0.1681492
6851203    0.2527070    0.2190265
8512390    0.3917661    0.4080236
3469512    0.2516770    0.2254695
4306815    0.5216363    0.4394599
6315928    0.2469237    0.3597183
5160827    0.1363529    0.2279642
7918026    0.0989480    0.1099909
1790246    0.2481418    0.3416499
3280951    0.0553783    0.1665447
2498173    0.3937241    0.3964437
3740286    0.4547719    0.4943660
4807153    0.1503095    0.1628976
9328467    0.5027560    0.3875457
2361549    0.1515017    0.2563324
9317254    0.3729283    0.3034528
9138254    0.2920520    0.2985358
7126859    0.0000346    0.0701453
2096537    0.5723276    0.5241895
9257083    0.5751210    0.5435895
7932580    0.4682114    0.4595286
5738926    0.3573479    0.4104308
8315042    0.3440053    0.3144709
1056832    0.1398216    0.0932562
5891230    0.2276907    0.1548516
2643098    0.2184954    0.3759190
6283704    0.0842864    0.1496940
9467830    -0.0446479    -0.0036030
1365094    0.2127880    0.2257166
2869347    0.3789614    0.3619611
5894621    0.2282716    0.2244147
2645180    0.2137118    0.2543733
6930741    0.1099527    0.1898425
2941375    0.1039866    0.1534328
5693807    0.1703150    0.2145113
6752138    0.1926357    0.1654414
2514308    0.3364096    0.2225820
6982735    0.1570534    0.2570287
9180765    0.1868605    0.2941822
6748193    0.2073776    0.1338960
4267580    0.4071005    0.3244749
1743698    0.3903206    0.2873550
3786905    0.2339949    0.2451814
6594182    0.0526440    0.1673544
4265083    0.3106906    0.2689348
7243896    0.3525857    0.2543727
4637091    0.4661794    0.5236742
5294037    0.3698771    0.3462892
6543129    0.4651338    0.3546695
4327501    0.2126635    0.1994824
5648371    0.2782824    0.2916366
8613947    0.2891041    0.2974171
1260374    0.0731026    -0.0007798
4165972    0.2014961    0.3486825
6091584    0.0551016    -0.1293817
9706385    0.3472344    0.4671017
8521307    0.3988584    0.2137777
8597263    0.1450746    0.2307393
5267094    0.2599849    0.3351812
9084715    0.0584843    0.1175826
1694783    0.0640252    -0.0526925
5187042    0.1334780    0.0861094
9425807    0.3096627    0.1857372
6491783    0.2638982    0.2701887
2158347    0.3815083    0.1574368
9840216    0.0807284    0.0411931
1069425    0.5509495    0.4054248
8605217    0.2345106    0.1950237
9731406    0.1191694    0.2561182
7190582    0.5212715    0.5515032
6175483    0.4677562    0.5415868
2078916    0.2681468    0.2266349
5749680    0.1812531    0.2243655
8054917    0.3262745    0.3808386
9450781    0.3211172    0.2592529
3014689    0.2795749    0.2772539
4867502    0.3658697    0.2882119
6342708    0.0867694    0.0538126
8290476    0.2635870    0.2724800
2694380    0.2196963    0.1987806
3514269    0.2860579    0.3318921
6971305    0.4535946    0.4958196
9245670    0.3915895    0.4301499
2819470    0.3080540    0.3478595
6807539    0.3188515    0.3155345
2836405    0.2381882    0.3068599
9576032    0.5069458    0.5395719
4932856    0.2126629    0.1774994
4692830    0.5977371    0.4040816
1923504    0.4565430    0.4307311
8643509    0.4373056    0.4244480
