20694735    0.0069220    0.0280968
19436725    0.1565862    0.1531884
86192507    0.0664135    0.0820864
63175049    0.2735692    0.2301681
74920653    0.4227876    0.2310341
56124780    0.1965039    0.2257953
43860715    0.0869390    0.1620833
63975401    -0.0284755    0.0106653
87932541    0.1275321    0.1107076
95267031    0.1225485    0.0987889
97428650    0.1566038    0.1411151
83429561    0.2568101    0.3101592
12507849    0.1052662    0.2370431
10378294    0.3021635    0.2017652
32156478    0.0373923    0.1110475
40568932    0.1124073    0.1242598
40596718    0.1890510    0.2784602
68293104    0.0358413    0.0962937
85709634    0.1365534    0.1036729
13480652    0.2119081    0.1839153
17596823    0.0303843    0.0750741
93270846    0.3896023    0.3812407
34072651    0.0493279    0.0733287
60573841    0.0080028    0.0968052
82609473    -0.0309462    0.0674457
30694825    0.0365880    0.0448272
32468591    0.2064951    0.1620037
93481752    0.2718664    0.1884315
56893071    0.1657909    0.1409908
79648230    0.2436525    0.1649832
89231046    0.0701274    0.1294826
27159836    0.0332070    0.0479180
12904576    0.3852948    0.3295601
35897402    0.4143970    0.4190025
24035867    0.2180151    0.2372346
12458390    0.1245855    0.1648764
50648317    0.3646901    0.3444348
67851930    0.1565579    0.1399416
62945318    0.1630607    0.1576535
58029641    0.1638877    0.1479131
54879302    0.2807025    0.2634238
18967543    0.2637843    0.2597957
56489170    0.3309727    0.3232362
13085762    0.3273837    0.2983587
16094873    0.0280620    0.0924165
62157849    0.1091794    0.0844900
26408915    0.1213319    0.1332360
72153046    0.0292038    0.1053240
81693024    0.1615259    0.2010013
41085739    0.2158497    0.2200523
78691503    0.3143425    0.2279643
12064358    0.1449998    0.1711132
12086359    0.0064457    0.0892533
27845619    0.2513606    0.2682947
16958274    0.0291058    0.0956459
12304586    0.2230351    0.1677717
35842190    0.0440798    0.0319785
65790324    0.0046216    0.0745734
67198240    0.4920497    0.4511762
50836291    0.1281155    0.1098240
43972106    0.3626580    0.2645147
74920568    0.0942004    0.0836913
56920873    0.2995450    0.3286580
94715302    0.3625983    0.3504432
70251698    0.3058280    0.2639551
38549061    0.3059458    0.2300040
38702645    0.1698794    0.1507670
10392748    0.1246251    0.1145792
19483527    0.1787383    0.1668782
65374182    0.0248284    0.0881510
70843926    0.2776558    0.2359762
54789260    0.0388761    0.0421700
34189275    0.0542352    0.1034326
62941037    0.3422488    0.3292229
70264158    0.1874085    0.2246208
96138204    0.1449491    0.1377020
94130527    0.1603314    0.1601232
76415208    0.0900140    0.1188120
60897513    0.1301192    0.1113792
34105672    0.1870527    0.1657430
38960417    0.0926794    0.1561501
43790281    0.0475672    0.0089737
10693257    0.3052177    0.2610696
52634817    0.2849960    0.2330526
67905128    0.1698469    0.2091928
84135296    0.0717320    0.0893098
16943087    0.1024783    0.0836485
93608745    0.2518492    0.2253827
92057831    0.1228388    0.1145400
83764925    0.1711960    0.2204880
98016472    0.1913138    0.1431274
59230168    0.1671241    0.1778771
19743065    0.0593324    0.1056045
39062841    0.0944830    0.0967480
20419573    0.2637484    0.2942296
32714856    0.3173793    0.2659189
62897034    0.1620364    0.1333111
50619347    0.3196470    0.2278188
56140738    0.3249323    0.2251516
97183264    0.3591365    0.3130214
23045176    0.3178396    0.2580216
20456318    0.0361747    0.0707646
78510264    0.0811135    0.0914992
31286905    0.1618569    0.2072752
47812905    0.1007904    0.1251618
25986740    0.1667644    0.1208049
42368795    0.4455477    0.3726073
95063127    0.3365001    0.3098968
79324150    0.1327389    0.0847457
58346072    0.3937567    0.2613193
45726190    0.1449229    0.0868151
82769514    0.1071274    0.1000860
67435291    0.3115513    0.2924567
95308671    0.2649733    0.1665826
30975426    0.2825031    0.2836927
52948361    0.0420176    0.0441879
76402381    0.0634703    0.0949197
61784935    0.0502294    0.1235330
15860437    0.1634063    0.1146587
80163975    -0.0812560    -0.1431879
57043269    0.2307362    0.2245079
25976038    0.2738430    0.2662822
17042638    0.1411405    0.1353400
81437256    0.3754057    0.3864152
94528706    0.1321287    0.0995893
18952376    0.0941340    0.1316859
61927503    0.0583740    0.0922794
59481307    0.1335299    0.1258308
37068241    0.4272806    0.3088717
41253670    0.2920886    0.2772450
75149062    0.1247694    0.1053240
13658924    0.0792403    0.0968532
65349018    0.3772913    0.4519579
91052873    0.1417432    0.1306450
46879352    0.1105719    0.0845132
23074169    0.4747303    0.4192546
43065218    0.2726136    0.1965815
16375284    0.2126535    0.1995211
32450971    0.1140205    0.0882234
46752830    0.5220824    0.4020212
