5619803    0.1762386    0.2107175
5814072    0.1933573    0.1357116
6083594    0.4033448    0.5270524
83197206    0.2185750    0.2115705
72153046    0.0292038    0.1402500
12086359    0.0064457    0.0652646
3014689    0.2795749    0.2609201
4063285    0.2597609    0.3912312
4328571    0.3664831    0.2767357
71453068    0.0661260    0.0732488
6971305    0.4535946    0.4138157
76402381    0.0634703    0.1378927
1059674    0.2535736    0.3856499
7804269    0.1723401    0.1553992
1694783    0.0640252    0.1241580
17596823    0.0303843    -0.0174651
8653417    0.1287219    0.1807667
5196087    0.4362904    0.3869113
96138204    0.1449491    0.1309275
17042638    0.1411405    0.1844714
97428650    0.1566038    0.1096155
2943061    0.1322802    0.2388335
5902371    0.2322153    0.1744399
8290476    0.2635870    0.1966779
65349018    0.3772913    0.2121274
6594182    0.0526440    0.1491079
16958274    0.0291058    0.0643614
32875906    0.3579376    0.3443978
5714096    0.3797141    0.3963404
4309715    0.1303742    0.1340709
3092751    0.0439309    0.1383750
40568932    0.1124073    0.1039534
2514308    0.3364096    0.4673368
71204863    0.2342260    0.2254519
2941375    0.1039866    0.1341474
7483150    0.3565000    0.3372733
3891520    0.3327236    0.3505868
12507849    0.1052662    0.0958312
83764925    0.1711960    0.1055366
5140362    0.3208159    0.2601970
71248596    0.0827905    0.1561454
43860715    0.0869390    0.0947441
4352098    0.3358923    0.2813687
59481307    0.1335299    0.1327956
9840216    0.0807284    0.0497070
79324150    0.1327389    0.0989427
6135948    0.4934883    0.3174891
38702645    0.1698794    0.1758523
71465098    0.3067145    0.2451392
4932856    0.2126629    0.2091838
68293104    0.0358413    0.0815343
3254689    0.3482216    0.3476532
34072651    0.0493279    0.1084031
2081546    0.4467185    0.3539786
51763480    0.4308012    0.3369747
1098653    0.2683512    0.2834949
39186520    0.1250224    0.1528698
7985463    0.1468814    0.1280404
4987650    0.2964038    0.2634963
9731406    0.1191694    0.1994675
98526013    0.1456753    0.1580532
8315042    0.3440053    0.3055220
3149850    0.0295857    0.0699296
54789260    0.0388761    0.1283987
5762910    0.2062399    0.2090936
67409258    0.3510112    0.4032727
97408251    0.0528856    0.1015478
10392748    0.1246251    0.1446461
6982735    0.1570534    0.2145043
95267031    0.1225485    0.1189633
10693257    0.3052177    0.3301973
4528069    0.1329296    0.1653727
9317528    0.2727551    0.1969869
82354971    0.0228063    0.0863399
97183264    0.3591365    0.3056235
56140738    0.3249323    0.1659393
3056417    0.3964929    0.3480586
10378294    0.3021635    0.3056320
9182473    0.1916796    0.2219951
9381746    0.2999753    0.3431472
1895642    0.3019776    0.2674015
2673845    0.5641396    0.3874659
59806341    0.3732070    0.4392889
1056832    0.1398216    0.0781399
61784935    0.0502294    0.0657733
94185602    0.0684437    0.1057840
3740286    0.4547719    0.4679040
7130825    0.2484626    0.1688256
61487350    0.1231352    0.1426021
67381945    0.1065278    0.0771234
67198240    0.4920497    0.4788784
27159836    0.0332070    0.0981868
5170386    0.0831770    0.1849362
27156309    0.1905536    0.2050930
6902314    0.1831756    0.1546750
1804532    0.1433767    0.0917811
5372069    0.3426059    0.3660539
3061874    0.2808881    0.2568168
9245670    0.3915895    0.4542481
1735482    0.1225054    0.1741384
2694380    0.2196963    0.1652233
42936180    0.4175026    0.4385707
13085762    0.3273837    0.3863574
8927605    0.1242698    0.1745546
8643509    0.4373056    0.3338066
43208516    0.2005489    0.2114181
12374650    0.1772530    0.1342000
7521463    0.3398980    0.2547545
36509124    0.1029860    0.1271269
5749680    0.1812531    0.2044940
82769514    0.1071274    0.1302284
8317509    0.1872364    0.1764309
64021875    0.1019267    0.1670878
9354761    0.1451593    0.0854720
34681702    0.2408399    0.2313048
67851930    0.1565579    0.2004223
9706385    0.3472344    0.3413026
4807153    0.1503095    0.2012521
6175483    0.4677562    0.4776187
65374182    0.0248284    0.1209615
4165972    0.2014961    0.2545753
1069425    0.5509495    0.6260516
13658924    0.0792403    0.0487070
83429561    0.2568101    0.2791817
9576032    0.5069458    0.6051204
19743065    0.0593324    0.0701124
5187042    0.1334780    0.0648050
5123968    0.5559287    0.6074233
4960875    0.1032987    0.1010779
84036972    0.2046254    0.2119397
5894621    0.2282716    0.2024726
41267093    0.0940958    0.1030639
50619347    0.3196470    0.3111316
79648230    0.2436525    0.1869271
6423907    0.2354790    0.1752570
6752138    0.1926357    0.1781121
34209168    0.1613672    0.1556677
4976231    0.4576726    0.4772992
54879302    0.2807025    0.2389201
70251698    0.3058280    0.2615166
32714856    0.3173793    0.3948210
8397402    -0.0295911    0.0454725
16094873    0.0280620    0.0656004
1279568    -0.0397060    0.0146980
3215784    0.0695981    0.1624933
8597263    0.1450746    0.1738351
5891230    0.2276907    0.1797329
3627410    0.1778646    0.1919599
3469512    0.2516770    0.1727405
6319528    0.3046428    0.2565920
56893071    0.1657909    0.1405092
26408915    0.1213319    0.1291565
6851203    0.2527070    0.1381361
37419068    0.1121111    0.1047842
1302765    0.3472123    0.2825742
2078916    0.2681468    0.2341116
34982675    0.0478840    0.0423925
7254913    0.0828423    0.1394707
56124780    0.1965039    0.2402778
1743698    0.3903206    0.2856343
84135296    0.0717320    0.1620310
2198367    0.0754390    0.0835366
4935860    0.2500624    0.2635713
6491783    0.2638982    0.2363636
87932541    0.1275321    0.1697322
2541903    0.3190446    0.3389147
5718692    0.1730530    0.1554047
8605217    0.2345106    0.1952916
12458390    0.1245855    0.1544187
45068793    0.0582267    0.1153365
72150386    -0.0355079    -0.0489836
5294037    0.3698771    0.3279840
74920568    0.0942004    0.0540903
50836291    0.1281155    0.1341584
78510264    0.0811135    0.0451618
1487932    0.4101857    0.4693052
46752830    0.5220824    0.5035559
71403958    0.3880658    0.3077437
20819547    0.4023762    0.3906242
62897034    0.1620364    0.1194221
39062841    0.0944830    0.1514277
93270846    0.3896023    0.4108267
75684932    0.2416156    0.1737452
78691503    0.3143425    0.2034560
5308146    0.4128936    0.4129316
6271834    0.0263550    0.0728603
8496023    0.1516259    0.0906440
2568307    0.2370991    0.1578109
21064358    0.1029364    0.0949458
95240316    0.1675703    0.2252395
37049621    0.1162308    0.1976891
9084235    0.2844537    0.2827111
50648317    0.3646901    0.2957085
5062718    0.3932812    0.3236182
7548206    0.3996251    0.3721291
14387690    0.2061633    0.1574278
9084715    0.0584843    0.0388084
2931756    0.2538077    0.2821802
87196024    0.1803782    0.1591223
61932785    0.2703631    0.2867482
62945318    0.1630607    0.1189634
7918026    0.0989480    0.1340227
5648371    0.2782824    0.2780212
81294637    0.2323228    0.1251329
2384019    0.2573606    0.3011740
2739650    0.1539570    0.1918860
3204167    0.3540025    0.2711798
56489170    0.3309727    0.4277672
9518437    0.1673752    0.2329331
5160827    0.1363529    0.1796350
2845369    0.2818527    0.2477440
32450971    0.1140205    0.1203783
67435291    0.3115513    0.3329629
4265083    0.3106906    0.2208291
79631548    0.1812138    0.1768318
67905128    0.1698469    0.1745855
46879352    0.1105719    0.0891400
2487590    0.1245996    0.1197794
4327501    0.2126635    0.1834605
47098521    0.1130693    0.1324042
1320567    0.2311754    0.2894561
68427591    0.0416545    0.0792709
40326571    0.2393876    0.3045592
23705914    0.1015233    0.1188850
35280617    -0.0191183    0.0156999
23045176    0.3178396    0.2537034
82139740    0.3176008    0.3491963
67239801    0.1973108    0.1768406
51398260    0.1249023    0.1405265
2643098    0.2184954    0.2393010
94715302    0.3625983    0.3673368
2361549    0.1515017    0.1828845
85320746    0.3344432    0.3907967
2018563    0.3960066    0.4136567
32508179    0.0563334    0.0690618
56920873    0.2995450    0.3460358
4768210    0.6686979    0.4916527
2869347    0.3789614    0.3524984
3741296    0.0530962    0.1092193
2045968    0.1103608    0.1490853
6039182    0.2504354    0.3566376
4637091    0.4661794    0.5071177
2158347    0.3815083    0.1802867
31286905    0.1618569    0.2033775
4693502    0.1955602    0.1261366
9618250    0.1745989    0.2053911
19436725    0.1565862    0.1729939
42368795    0.4455477    0.4127055
18952376    0.0941340    0.1809556
98016472    0.1913138    0.1747994
5693807    0.1703150    0.2369018
7905641    0.2707025    0.3290317
34012568    0.4028562    0.4251540
7803256    0.3907403    0.3462583
3296450    0.5973707    0.4842548
3015264    0.2364364    0.1538181
83265941    0.1260843    0.1499234
89231046    0.0701274    0.0572843
9317254    0.3729283    0.4155890
70264158    0.1874085    0.1422026
6748193    0.2073776    0.2182984
65483790    0.0322079    0.0574801
6138297    0.0625853    0.0642496
81439706    0.1262791    0.0490481
43780952    0.3129933    0.2080772
41085739    0.2158497    0.1388029
2317805    0.4805482    0.4155673
59387142    0.2924146    0.3103566
16375284    0.2126535    0.1809112
3582067    0.3364838    0.3517534
52948361    0.0420176    0.0406852
81437256    0.3754057    0.2948253
2836405    0.2381882    0.2456601
16504783    0.2812308    0.3024535
87563140    0.2003200    0.2031091
12064358    0.1449998    0.1464844
39720486    0.2953125    0.2440137
69578014    0.2654074    0.2847993
15780629    0.4336775    0.3071354
12904576    0.3852948    0.3642887
