18952376    0.0941340    0.1131373
10693257    0.3052177    0.2822804
47098521    0.1130693    0.1792526
32156478    0.0373923    0.1017729
27845619    0.2513606    0.2385260
78691503    0.3143425    0.4174247
80163975    -0.0812560    0.0026761
92057831    0.1228388    0.1909416
35842190    0.0440798    0.0560348
81294637    0.2323228    0.2189293
69538402    0.4654601    0.4781425
62941037    0.3422488    0.4527238
70264158    0.1874085    0.1581944
20694735    0.0069220    0.0095410
75684932    0.2416156    0.2058567
30975426    0.2825031    0.3988276
59481307    0.1335299    0.1029774
94528706    0.1321287    0.1191497
68293104    0.0358413    0.1180643
45726190    0.1449229    0.1292011
96138204    0.1449491    0.1388992
31286905    0.1618569    0.1638803
34189275    0.0542352    0.1708898
42936180    0.4175026    0.4182288
71465098    0.3067145    0.2624060
65374182    0.0248284    0.0571095
50648317    0.3646901    0.4201510
39720486    0.2953125    0.3420811
92165478    0.3181673    0.3703767
38960417    0.0926794    0.1180507
57129046    0.0741950    0.0918303
23705914    0.1015233    0.1320644
63175049    0.2735692    0.2728178
98016472    0.1913138    0.1817256
81439706    0.1262791    0.0706603
61784935    0.0502294    0.1729778
67409258    0.3510112    0.3279256
72153046    0.0292038    0.0481711
12458390    0.1245855    0.1347695
41253670    0.2920886    0.2503311
78351290    0.2346316    0.2468120
34982675    0.0478840    0.0448851
93507642    0.2040192    0.3133557
71453068    0.0661260    0.1059525
54789260    0.0388761    0.1740053
50129364    0.3502489    0.3169954
35897402    0.4143970    0.4545058
21064358    0.1029364    0.1022445
35280617    -0.0191183    0.0850696
67381945    0.1065278    0.1086946
50836291    0.1281155    0.1274524
59387142    0.2924146    0.2438900
71305486    0.5131515    0.4990545
25976038    0.2738430    0.2191179
72015384    0.5095192    0.4547731
38702645    0.1698794    0.2734472
82609473    -0.0309462    0.0194284
50987241    0.2942135    0.4296488
85397462    0.1461277    0.2292155
16504783    0.2812308    0.2782114
87563140    0.2003200    0.1612077
12064358    0.1449998    0.1580871
20419573    0.2637484    0.2618501
32450971    0.1140205    0.1073742
23074169    0.4747303    0.3665003
42368795    0.4455477    0.5204482
16094873    0.0280620    0.1505390
16375284    0.2126535    0.2511421
32875906    0.3579376    0.3882249
17042638    0.1411405    0.2074095
51398260    0.1249023    0.1617557
34105672    0.1870527    0.1860781
12086359    0.0064457    0.0568204
27159836    0.0332070    0.0261947
23045176    0.3178396    0.3018959
24501987    0.1447957    0.2153077
98526013    0.1456753    0.1789283
57043269    0.2307362    0.1636040
43790281    0.0475672    0.1338955
50619347    0.3196470    0.4217187
72803641    0.0189457    -0.0230413
85320746    0.3344432    0.3776393
86192507    0.0664135    0.0292312
43065218    0.2726136    0.2275533
83429561    0.2568101    0.2789153
31879054    0.3563824    0.3092862
95240316    0.1675703    0.2168347
61792438    0.2751650    0.2987142
25986740    0.1667644    0.1795436
12904576    0.3852948    0.4397283
10392748    0.1246251    0.0415802
30694825    0.0365880    0.0987960
93270846    0.3896023    0.4088113
39186520    0.1250224    0.1905487
34012568    0.4028562    0.4309399
93481752    0.2718664    0.2117080
62157849    0.1091794    0.0956607
74920568    0.0942004    0.0848837
41085739    0.2158497    0.1506651
83764925    0.1711960    0.1277943
71403958    0.3880658    0.3834553
83197206    0.2185750    0.2407050
68427591    0.0416545    0.1969142
81437256    0.3754057    0.3209464
26408915    0.1213319    0.1841521
47812905    0.1007904    0.1316330
71248596    0.0827905    0.1133350
95267031    0.1225485    0.1239140
31254760    0.4422659    0.4504440
81693024    0.1615259    0.2655067
87196024    0.1803782    0.1813972
56140738    0.3249323    0.3603568
62897034    0.1620364    0.1492412
72150386    -0.0355079    0.0586497
20519736    0.2078745    0.2308474
89604375    0.5544792    0.5420647
54879302    0.2807025    0.2900128
23750186    0.1395542    0.0982937
59230168    0.1671241    0.2014018
13085762    0.3273837    0.4405958
58319420    0.0758413    0.0286047
85902746    0.2217552    0.2846155
64213980    0.0801635    0.1076167
46879352    0.1105719    0.1500036
67239801    0.1973108    0.2522294
19743065    0.0593324    0.1073298
56920873    0.2995450    0.3540435
10378294    0.3021635    0.2970715
12304586    0.2230351    0.2571462
97428650    0.1566038    0.1275862
43860715    0.0869390    0.1530000
27156309    0.1905536    0.2434372
19483527    0.1787383    0.2756591
43780952    0.3129933    0.3252551
13658924    0.0792403    0.0998420
62945318    0.1630607    0.1776907
46752830    0.5220824    0.4031878
56893071    0.1657909    0.1470565
97408251    0.0528856    0.1176467
94130527    0.1603314    0.2170334
