9321840    0.4420901    0.3327782
9267581    0.1851758    0.2366854
7483150    0.3565000    0.3610743
5140362    0.3208159    0.3626986
6039182    0.2504354    0.3461443
5294037    0.3698771    0.3911372
8927605    0.1242698    0.1119932
1932047    0.1806909    0.1748539
6342708    0.0867694    0.0447285
6315928    0.2469237    0.3096308
3014689    0.2795749    0.2845533
4063285    0.2597609    0.2612068
2836405    0.2381882    0.2811261
5123968    0.5559287    0.5180395
8597263    0.1450746    0.2266491
2568307    0.2370991    0.1705844
2498173    0.3937241    0.3879554
2541903    0.3190446    0.4106680
3041965    0.4253836    0.3988529
3582067    0.3364838    0.3094319
4165972    0.2014961    0.2122464
1098653    0.2683512    0.2588032
3296450    0.5973707    0.6288456
4352098    0.3358923    0.3863487
9180765    0.1868605    0.1918877
7160483    0.4047953    0.3492287
5267094    0.2599849    0.2639767
6748193    0.2073776    0.2259830
5183609    0.5404390    0.3712551
5902371    0.2322153    0.2388257
9605831    0.1809202    0.1513328
3204167    0.3540025    0.3248154
7190582    0.5212715    0.5127628
7348562    0.3256060    0.2920736
2361549    0.1515017    0.1545317
3061874    0.2808881    0.2674605
4265083    0.3106906    0.3384047
8512390    0.3917661    0.3635792
5196087    0.4362904    0.3452925
8317509    0.1872364    0.1144617
7243896    0.3525857    0.2976090
6175483    0.4677562    0.4548216
4768210    0.6686979    0.6050501
2739650    0.1539570    0.2186182
9840216    0.0807284    0.0119507
2845369    0.2818527    0.2987850
9461730    0.1967047    0.1909024
4857263    0.3738794    0.3163509
9467830    -0.0446479    0.0314596
9720165    0.4198961    0.3827447
7985463    0.1468814    0.1533747
3149850    0.0295857    0.0492893
2081546    0.4467185    0.4012554
6594182    0.0526440    0.1400148
7905641    0.2707025    0.3008521
3514269    0.2860579    0.2703640
9381746    0.2999753    0.3215128
2096537    0.5723276    0.5709672
9603748    0.2451397    0.2271766
8613947    0.2891041    0.2677209
1260374    0.0731026    0.0057441
5160827    0.1363529    0.1390328
9518642    0.5007111    0.5876638
9084235    0.2844537    0.2635505
7126859    0.0000346    0.0130018
1790246    0.2481418    0.2634845
2453071    0.2434675    0.2125119
9618250    0.1745989    0.2435562
6902314    0.1831756    0.2225046
1804532    0.1433767    0.0201595
4203176    0.0868008    0.1439629
4267580    0.4071005    0.3827001
1320567    0.2311754    0.1908866
7932580    0.4682114    0.4822302
1923504    0.4565430    0.4095795
7130825    0.2484626    0.1274346
6530821    0.3380645    0.3291222
6930741    0.1099527    0.1520128
2384019    0.2573606    0.2746497
8521307    0.3988584    0.3325531
5469827    0.0416673    0.0155667
5062718    0.3932812    0.3729646
5762910    0.2062399    0.3209269
9084715    0.0584843    0.0934884
3092751    0.0439309    0.1263573
1069425    0.5509495    0.5789294
6283704    0.0842864    0.0625589
3645207    0.1910296    0.3093945
4327501    0.2126635    0.2279893
8315042    0.3440053    0.2617162
4127693    0.3656554    0.2308100
2931756    0.2538077    0.2920878
3740286    0.4547719    0.5326383
7918026    0.0989480    0.1495787
9354761    0.1451593    0.1216424
4328571    0.3664831    0.3455632
8054917    0.3262745    0.3821805
1743698    0.3903206    0.3157982
1735482    0.1225054    -0.0186858
4960875    0.1032987    0.1321435
6025847    0.3156327    0.2633644
6083594    0.4033448    0.4422215
6807539    0.3188515    0.3250538
9317528    0.2727551    0.1867226
3786905    0.2339949    0.1699256
5714096    0.3797141    0.3575116
9546732    0.3262210    0.3094788
5894621    0.2282716    0.1760752
8653417    0.1287219    0.1930838
9157643    0.4749572    0.4806346
7819360    0.3202660    0.4176350
3891520    0.3327236    0.2693719
2643098    0.2184954    0.2713491
3469512    0.2516770    0.1949764
7063891    0.3753386    0.3352954
3250478    0.0873304    0.0991801
8605217    0.2345106    0.2278945
1365094    0.2127880    0.2318240
9518437    0.1673752    0.1553627
4932856    0.2126629    0.2158093
2645180    0.2137118    0.2749009
5178439    0.3721354    0.5174680
2673845    0.5641396    0.5644136
4976231    0.4576726    0.4452175
9245670    0.3915895    0.4303268
6138297    0.0625853    0.1665846
5693807    0.1703150    0.2623915
6271834    0.0263550    0.0668302
4987650    0.2964038    0.3350372
2819470    0.3080540    0.3334688
8397402    -0.0295911    -0.0089521
8290476    0.2635870    0.2565849
7369148    0.4514948    0.5941135
5648371    0.2782824    0.2240960
7803256    0.3907403    0.4441003
2317805    0.4805482    0.5640743
6278590    0.0292114    0.0476924
1279568    -0.0397060    0.0063647
5891230    0.2276907    0.2039717
7521463    0.3398980    0.3361643
