8597263    0.1450746    0.2040491
7803256    0.3907403    0.2979973
4309715    0.1303742    0.1648408
6491783    0.2638982    0.1191828
2198367    0.0754390    0.1349134
9840216    0.0807284    0.0421722
9576032    0.5069458    0.4603877
1735482    0.1225054    0.0193127
4127693    0.3656554    0.3781233
3892147    0.0673109    0.1020696
5714096    0.3797141    0.2873835
5738926    0.3573479    0.3208466
3056417    0.3964929    0.2326428
5718692    0.1730530    0.1820869
3612974    0.1838014    0.2595788
2643098    0.2184954    0.2267160
6138297    0.0625853    0.0822892
9157643    0.4749572    0.3645840
1790246    0.2481418    0.3085613
9461730    0.1967047    0.1837502
2836405    0.2381882    0.3067499
9546732    0.3262210    0.2130814
1804532    0.1433767    0.1039651
6175483    0.4677562    0.4766455
5902371    0.2322153    0.1646495
9467830    -0.0446479    -0.1537578
7348562    0.3256060    0.2365333
7160483    0.4047953    0.3403647
3092751    0.0439309    0.0928752
5294037    0.3698771    0.3153651
9084715    0.0584843    -0.0774791
5749680    0.1812531    0.1735074
1694783    0.0640252    0.1027425
1279568    -0.0397060    0.0536165
2361549    0.1515017    0.2108307
6283704    0.0842864    0.1671344
7905641    0.2707025    0.1671625
5123968    0.5559287    0.3905387
2739650    0.1539570    0.2015936
1260374    0.0731026    0.0859971
1895642    0.3019776    0.2889166
2498173    0.3937241    0.3538926
7804269    0.1723401    0.1487505
1932047    0.1806909    0.2184943
3645207    0.1910296    0.1191421
5187042    0.1334780    0.0197673
6594182    0.0526440    0.0950854
3250478    0.0873304    0.0603522
9765234    0.3451286    0.3499095
4867502    0.3658697    0.3716153
3254689    0.3482216    0.2661330
9607438    0.1222324    0.1810223
5160827    0.1363529    0.1101995
5814072    0.1933573    0.1877158
7985463    0.1468814    0.1111057
4063285    0.2597609    0.2062614
8397402    -0.0295911    -0.0240941
7369148    0.4514948    0.4396093
5762910    0.2062399    0.1750636
2568307    0.2370991    0.2806432
2045968    0.1103608    0.0765108
1340285    0.1161054    0.1145076
9354761    0.1451593    0.1638747
8521307    0.3988584    0.2005000
7190582    0.5212715    0.3557433
5372069    0.3426059    0.1825107
3514269    0.2860579    0.2659417
9380175    0.2946367    0.1872217
9720165    0.4198961    0.2958014
6278590    0.0292114    0.1226903
4528069    0.1329296    0.0892515
5308146    0.4128936    0.3511224
5693807    0.1703150    0.2257846
7243896    0.3525857    0.3500264
8054917    0.3262745    0.2232085
8512390    0.3917661    0.3160536
7063891    0.3753386    0.3990926
8613947    0.2891041    0.1761081
6271834    0.0263550    -0.0240288
2453071    0.2434675    0.1276228
4637091    0.4661794    0.3067061
5170386    0.0831770    0.0430804
4265083    0.3106906    0.2381688
8290476    0.2635870    0.2359370
3215784    0.0695981    0.0722608
2043178    0.4086680    0.3330782
6423907    0.2354790    0.1582169
6902314    0.1831756    0.1855200
5267094    0.2599849    0.3362668
3280951    0.0553783    0.0942240
1059674    0.2535736    0.2008597
3740286    0.4547719    0.3333362
2384019    0.2573606    0.2560850
5469827    0.0416673    -0.0086910
9182473    0.1916796    0.2062336
2941375    0.1039866    0.1136687
4327501    0.2126635    0.2240075
5894621    0.2282716    0.1900456
3627410    0.1778646    0.1986501
4165972    0.2014961    0.1855548
9603748    0.2451397    0.2454738
4306815    0.5216363    0.3784611
6930741    0.1099527    0.1513489
9731406    0.1191694    0.1346538
5196087    0.4362904    0.4794779
6543129    0.4651338    0.3144805
6752138    0.1926357    0.0978331
1923504    0.4565430    0.3384419
1365094    0.2127880    0.1448992
2096537    0.5723276    0.2659101
9317254    0.3729283    0.2835335
2760143    0.3529654    0.2405920
5197243    0.5915708    0.3751481
3578406    0.1215780    0.1382979
6530821    0.3380645    0.2489785
8605217    0.2345106    0.1119066
4987650    0.2964038    0.2284210
8410523    0.3938945    0.3767708
1320567    0.2311754    0.2912068
9583261    0.3440669    0.4322426
5683192    0.4733342    0.4149843
3041965    0.4253836    0.3768456
4203176    0.0868008    0.1126622
9518642    0.5007111    0.5384451
9138254    0.2920520    0.1867130
7130825    0.2484626    0.1363477
2487590    0.1245996    0.1319280
4807153    0.1503095    0.1389678
2819470    0.3080540    0.2791766
4932856    0.2126629    0.2008800
4165230    0.0664882    0.1501513
4976231    0.4576726    0.2812648
4328571    0.3664831    0.2837168
1743698    0.3903206    0.3366496
2514308    0.3364096    0.3302131
3264017    0.1892763    0.2216341
2869347    0.3789614    0.3013310
4123795    -0.0081841    0.0391528
9321840    0.4420901    0.4941859
9605831    0.1809202    0.1755118
