96138204    0.1449491    0.1443989
98016472    0.1913138    0.1866283
38702645    0.1698794    0.1460576
25986740    0.1667644    0.1379522
97183264    0.3591365    0.4163062
61932785    0.2703631    0.1924364
40236598    0.1331878    0.0522376
65374182    0.0248284    0.0250529
72803641    0.0189457    0.0333807
20456318    0.0361747    0.1196657
12458390    0.1245855    0.1436050
23750186    0.1395542    0.1413024
21064358    0.1029364    0.0784348
48270965    -0.0273596    0.0167681
65483790    0.0322079    0.0848329
83764925    0.1711960    0.1824518
24035867    0.2180151    0.1927605
57043269    0.2307362    0.2215472
16943087    0.1024783    0.1794181
35280617    -0.0191183    0.0760131
34012568    0.4028562    0.3420779
46752830    0.5220824    0.6317512
50619347    0.3196470    0.3766287
18967543    0.2637843    0.3056609
10857693    0.2848121    0.3104109
70251698    0.3058280    0.2506531
83265941    0.1260843    0.1695835
43972106    0.3626580    0.4060703
81693024    0.1615259    0.2792170
58029641    0.1638877    0.1989735
56893071    0.1657909    0.1916197
71403958    0.3880658    0.4108929
72015384    0.5095192    0.3372722
81439706    0.1262791    0.0180885
93608745    0.2518492    0.2302936
84135296    0.0717320    0.0757753
19743065    0.0593324    0.0997878
43790281    0.0475672    0.0795450
59806341    0.3732070    0.3253742
12086359    0.0064457    0.0493716
10392748    0.1246251    0.0955263
37049621    0.1162308    0.0870068
13658924    0.0792403    0.1262857
34105672    0.1870527    0.2138209
32468591    0.2064951    0.2489981
69538402    0.4654601    0.3206934
74920568    0.0942004    0.1306244
43065218    0.2726136    0.2317272
18952376    0.0941340    0.0586898
64213980    0.0801635    0.1061062
12374650    0.1772530    0.1130111
37068241    0.4272806    0.3888974
41267093    0.0940958    0.1549655
81294637    0.2323228    0.2061804
75684932    0.2416156    0.2409745
84036972    0.2046254    0.0953618
40568932    0.1124073    0.1595359
57129046    0.0741950    -0.0044886
10693257    0.3052177    0.4432319
67198240    0.4920497    0.4130966
67851930    0.1565579    0.1199442
34982675    0.0478840    0.0810318
40596718    0.1890510    0.2052397
79324150    0.1327389    0.1727971
54789260    0.0388761    0.1058529
65790324    0.0046216    0.0759585
14387690    0.2061633    0.2841589
32714856    0.3173793    0.2533408
78510264    0.0811135    0.1168329
71248596    0.0827905    0.0920212
75149062    0.1247694    0.2125394
85397462    0.1461277    0.2262975
89604375    0.5544792    0.5616559
40326571    0.2393876    0.2320022
62157849    0.1091794    0.0966138
17596823    0.0303843    0.0702611
42936180    0.4175026    0.3925484
94528706    0.1321287    0.2066656
45726190    0.1449229    0.1057830
58346072    0.3937567    0.4778642
58319420    0.0758413    0.0921154
67905128    0.1698469    0.2013799
86192507    0.0664135    0.0975003
37419068    0.1121111    0.0779537
85320746    0.3344432    0.2752364
15780629    0.4336775    0.2674341
61487350    0.1231352    0.1650174
61792438    0.2751650    0.1687475
12304586    0.2230351    0.2265811
43206985    0.1951650    0.2158738
39720486    0.2953125    0.3358014
81437256    0.3754057    0.3785595
67409258    0.3510112    0.3704200
30694825    0.0365880    0.0960740
47812905    0.1007904    0.0868086
41085739    0.2158497    0.1294329
95308671    0.2649733    0.3762943
59230168    0.1671241    0.1088703
31254760    0.4422659    0.4341886
32508179    0.0563334    0.1239765
18325407    0.3715184    0.3268354
80163975    -0.0812560    -0.0261232
38960417    0.0926794    0.1400944
97428650    0.1566038    0.1242630
50942871    0.0802008    0.0792767
71465098    0.3067145    0.3647118
82139740    0.3176008    0.3284547
71204863    0.2342260    0.2686101
31879054    0.3563824    0.4115559
61927503    0.0583740    0.0732571
62945318    0.1630607    0.1342219
95063127    0.3365001    0.2756478
82769514    0.1071274    0.1036373
35842190    0.0440798    0.0440850
67239801    0.1973108    0.1967468
63175049    0.2735692    0.3005536
45068793    0.0582267    0.1016762
43208516    0.2005489    0.2435916
23045176    0.3178396    0.1965037
60897513    0.1301192    0.1415426
82354971    0.0228063    0.0844210
16504783    0.2812308    0.3309450
74920653    0.4227876    0.5105832
79648230    0.2436525    0.3080911
71453068    0.0661260    0.1183091
83197206    0.2185750    0.2474637
78351290    0.2346316    0.1935657
20694735    0.0069220    0.1152781
59481307    0.1335299    0.0815467
16375284    0.2126535    0.1971810
94185602    0.0684437    0.0892969
97408251    0.0528856    0.0629290
68427591    0.0416545    0.0467655
56489170    0.3309727    0.2185714
92057831    0.1228388    0.1723826
87904612    0.1259729    0.1160708
32156478    0.0373923    0.0835604
17042638    0.1411405    0.1636303
50836291    0.1281155    0.0865936
31286905    0.1618569    0.1028840
