94185602    0.0684437    0.1115654
39720486    0.2953125    0.3558684
81437256    0.3754057    0.3231674
12904576    0.3852948    0.3986033
20519736    0.2078745    0.1983230
16958274    0.0291058    0.1404570
89231046    0.0701274    0.1165731
17596823    0.0303843    0.0803836
34209168    0.1613672    0.1987619
10378294    0.3021635    0.3440628
34105672    0.1870527    0.1115654
61487350    0.1231352    0.1499289
65349018    0.3772913    0.2482288
92057831    0.1228388    0.1115654
61784935    0.0502294    0.1037420
43780952    0.3129933    0.2237527
93608745    0.2518492    0.1785971
49670328    0.1332543    0.1520993
71305486    0.5131515    0.4208845
45068793    0.0582267    0.1115654
93507642    0.2040192    0.2293596
50836291    0.1281155    0.1132820
76415208    0.0900140    0.1119521
34189275    0.0542352    0.1115654
68293104    0.0358413    0.0195497
30694825    0.0365880    0.1115654
35280617    -0.0191183    0.1115654
37068241    0.4272806    0.3225676
71204863    0.2342260    0.2125441
10392748    0.1246251    0.0877804
65483790    0.0322079    0.1115654
95240316    0.1675703    0.1786520
85320746    0.3344432    0.2501306
43860715    0.0869390    0.1115654
87904612    0.1259729    0.1127906
13085762    0.3273837    0.2856063
42368795    0.4455477    0.3489404
48270965    -0.0273596    0.1115654
60573841    0.0080028    0.1085226
50942871    0.0802008    0.0882929
54789260    0.0388761    0.1088570
27845619    0.2513606    0.3199802
70843926    0.2776558    0.3294084
82354971    0.0228063    0.1129927
35897402    0.4143970    0.3769485
42936180    0.4175026    0.3665396
85902746    0.2217552    0.3133762
79648230    0.2436525    0.2234743
83197206    0.2185750    0.2191838
20419573    0.2637484    0.2177206
20456318    0.0361747    0.0602973
50619347    0.3196470    0.2501600
82609473    -0.0309462    0.1115654
94715302    0.3625983    0.3966326
56893071    0.1657909    0.1321133
19483527    0.1787383    0.1724419
31286905    0.1618569    0.1498768
31254760    0.4422659    0.3544439
56140738    0.3249323    0.4025147
67381945    0.1065278    0.1115654
65374182    0.0248284    0.1115654
72153046    0.0292038    0.1115654
40236598    0.1331878    0.1828281
69578014    0.2654074    0.1904608
81693024    0.1615259    0.2626902
91052873    0.1417432    0.1115654
34012568    0.4028562    0.3946152
24501987    0.1447957    0.1407619
78510264    0.0811135    0.1006663
79324150    0.1327389    0.1115654
59481307    0.1335299    0.1115654
67409258    0.3510112    0.2857994
59230168    0.1671241    0.1115654
36509124    0.1029860    0.1290521
43206985    0.1951650    0.1354049
94528706    0.1321287    0.1178930
39062841    0.0944830    0.1439642
43972106    0.3626580    0.3015772
16943087    0.1024783    0.1273700
40596718    0.1890510    0.2207615
25976038    0.2738430    0.2463391
32508179    0.0563334    0.1126492
97408251    0.0528856    0.1115654
56920873    0.2995450    0.2581030
74920653    0.4227876    0.5773804
59806341    0.3732070    0.3068133
50129364    0.3502489    0.3698510
75149062    0.1247694    0.1115654
98526013    0.1456753    0.1727181
18967543    0.2637843    0.2525451
54879302    0.2807025    0.4043900
19436725    0.1565862    0.1115654
80163975    -0.0812560    0.0185926
38702645    0.1698794    0.2757587
97428650    0.1566038    0.1599099
81439706    0.1262791    0.0687465
67198240    0.4920497    0.4558147
32468591    0.2064951    0.2796837
52634817    0.2849960    0.1920957
72150386    -0.0355079    0.1115654
94130527    0.1603314    0.1623891
57043269    0.2307362    0.2640878
50648317    0.3646901    0.3950049
47098521    0.1130693    0.1000396
23074169    0.4747303    0.3725665
39186520    0.1250224    0.1424581
10693257    0.3052177    0.3212588
31879054    0.3563824    0.2370139
16375284    0.2126535    0.4125832
32450971    0.1140205    0.1514632
40568932    0.1124073    0.1224860
32714856    0.3173793    0.4006715
96302148    0.2372141    0.1938260
32875906    0.3579376    0.4275021
79631548    0.1812138    0.1125867
83429561    0.2568101    0.2641727
82139740    0.3176008    0.2939782
67851930    0.1565579    0.1513606
82769514    0.1071274    0.1115654
65790324    0.0046216    0.1115654
26408915    0.1213319    0.1151926
95308671    0.2649733    0.2543119
45628709    0.1130647    0.1115654
23705914    0.1015233    0.1173278
69538402    0.4654601    0.3697718
70264158    0.1874085    0.1683993
81294637    0.2323228    0.2228513
67905128    0.1698469    0.0784960
34982675    0.0478840    0.1096599
71465098    0.3067145    0.3279131
87932541    0.1275321    0.0707583
24035867    0.2180151    0.2078504
78351290    0.2346316    0.1965141
95267031    0.1225485    0.1080338
23045176    0.3178396    0.2310585
23750186    0.1395542    0.1039223
18325407    0.3715184    0.4407045
17042638    0.1411405    0.2459391
16094873    0.0280620    0.1089350
89604375    0.5544792    0.9365925
